Thu Jun 29 14:40:36 2023 - INFO  - start to run testcase:oe_test_astraceroute_01.
Thu Jun 29 14:41:58 2023 - ERROR - The case exit by code 11.
Thu Jun 29 14:41:58 2023 - INFO  - End to run testcase:oe_test_astraceroute_01.
Thu Jun 29 14:41:59 2023 - INFO  - A total of 1 use cases were executed, with 0 successes and 1 failures.
Thu Jun 29 14:41:59 2023 - INFO  - start to run testcase:oe_test_astraceroute_02.
Thu Jun 29 14:43:36 2023 - ERROR - The case exit by code 12.
Thu Jun 29 14:43:36 2023 - INFO  - End to run testcase:oe_test_astraceroute_02.
Thu Jun 29 14:43:36 2023 - INFO  - A total of 1 use cases were executed, with 0 successes and 1 failures.
Thu Jun 29 14:43:36 2023 - INFO  - start to run testcase:oe_test_astraceroute_03.
Thu Jun 29 15:04:20 2023 - ERROR - The case exit by code 4.
Thu Jun 29 15:04:21 2023 - INFO  - End to run testcase:oe_test_astraceroute_03.
Thu Jun 29 15:04:21 2023 - INFO  - A total of 1 use cases were executed, with 0 successes and 1 failures.
Thu Jun 29 15:04:21 2023 - INFO  - start to run testcase:oe_test_astraceroute_04.
Thu Jun 29 15:06:10 2023 - ERROR - The case exit by code 14.
Thu Jun 29 15:06:10 2023 - INFO  - End to run testcase:oe_test_astraceroute_04.
Thu Jun 29 15:06:10 2023 - INFO  - A total of 1 use cases were executed, with 0 successes and 1 failures.
Thu Jun 29 15:06:11 2023 - INFO  - start to run testcase:oe_test_astraceroute_05.
Thu Jun 29 15:22:10 2023 - ERROR - The case exit by code 8.
Thu Jun 29 15:22:10 2023 - INFO  - End to run testcase:oe_test_astraceroute_05.
Thu Jun 29 15:22:10 2023 - INFO  - A total of 1 use cases were executed, with 0 successes and 1 failures.
Thu Jun 29 15:22:10 2023 - INFO  - start to run testcase:oe_test_bpfc.
Thu Jun 29 15:23:17 2023 - INFO  - The case exit by code 0.
Thu Jun 29 15:23:17 2023 - INFO  - End to run testcase:oe_test_bpfc.
Thu Jun 29 15:23:17 2023 - INFO  - A total of 1 use cases were executed, with 1 successes and 0 failures.
Thu Jun 29 15:23:17 2023 - INFO  - start to run testcase:oe_test_curvetun_common.
Thu Jun 29 15:23:56 2023 - INFO  - The case exit by code 0.
Thu Jun 29 15:23:56 2023 - INFO  - End to run testcase:oe_test_curvetun_common.
Thu Jun 29 15:23:56 2023 - INFO  - A total of 1 use cases were executed, with 1 successes and 0 failures.
Thu Jun 29 15:23:56 2023 - INFO  - start to run testcase:oe_test_flowtop_01.
Thu Jun 29 15:24:32 2023 - INFO  - The case exit by code 0.
Thu Jun 29 15:24:32 2023 - INFO  - End to run testcase:oe_test_flowtop_01.
Thu Jun 29 15:24:32 2023 - INFO  - A total of 1 use cases were executed, with 1 successes and 0 failures.
Thu Jun 29 15:24:32 2023 - INFO  - start to run testcase:oe_test_ifpps_01.
Thu Jun 29 15:25:38 2023 - ERROR - The case exit by code 8.
Thu Jun 29 15:25:38 2023 - INFO  - End to run testcase:oe_test_ifpps_01.
Thu Jun 29 15:25:38 2023 - INFO  - A total of 1 use cases were executed, with 0 successes and 1 failures.
Thu Jun 29 15:25:38 2023 - INFO  - start to run testcase:oe_test_ifpps_02.
Thu Jun 29 15:26:39 2023 - ERROR - The case exit by code 10.
Thu Jun 29 15:26:39 2023 - INFO  - End to run testcase:oe_test_ifpps_02.
Thu Jun 29 15:26:39 2023 - INFO  - A total of 1 use cases were executed, with 0 successes and 1 failures.
Thu Jun 29 15:26:39 2023 - INFO  - start to run testcase:oe_test_netsniff_ng_01.
pgrep: pattern that searches for process name longer than 15 characters will result in zero matches
Try `pgrep -f' option to match against the complete command line.
Thu Jun 29 15:56:39 2023 - WARN  - The case execution timeout.
Thu Jun 29 15:56:39 2023 - ERROR - The case exit by code 143.
Thu Jun 29 15:56:39 2023 - INFO  - End to run testcase:oe_test_netsniff_ng_01.
Thu Jun 29 15:56:39 2023 - INFO  - A total of 1 use cases were executed, with 0 successes and 1 failures.
Thu Jun 29 15:56:39 2023 - INFO  - start to run testcase:oe_test_netsniff_ng_02.
pgrep: pattern that searches for process name longer than 15 characters will result in zero matches
Try `pgrep -f' option to match against the complete command line.
Thu Jun 29 16:26:39 2023 - WARN  - The case execution timeout.
Thu Jun 29 16:26:39 2023 - ERROR - The case exit by code 143.
Thu Jun 29 16:26:39 2023 - INFO  - End to run testcase:oe_test_netsniff_ng_02.
Thu Jun 29 16:26:39 2023 - INFO  - A total of 1 use cases were executed, with 0 successes and 1 failures.
Thu Jun 29 16:26:39 2023 - INFO  - start to run testcase:oe_test_netsniff_ng_03.
pgrep: pattern that searches for process name longer than 15 characters will result in zero matches
Try `pgrep -f' option to match against the complete command line.
Thu Jun 29 16:56:39 2023 - WARN  - The case execution timeout.
Thu Jun 29 16:56:40 2023 - ERROR - The case exit by code 143.
Thu Jun 29 16:56:40 2023 - INFO  - End to run testcase:oe_test_netsniff_ng_03.
Thu Jun 29 16:56:40 2023 - INFO  - A total of 1 use cases were executed, with 0 successes and 1 failures.
Thu Jun 29 16:56:40 2023 - INFO  - start to run testcase:oe_test_netsniff_ng_04.
pgrep: pattern that searches for process name longer than 15 characters will result in zero matches
Try `pgrep -f' option to match against the complete command line.
Thu Jun 29 17:26:40 2023 - WARN  - The case execution timeout.
Thu Jun 29 17:26:40 2023 - ERROR - The case exit by code 143.
Thu Jun 29 17:26:40 2023 - INFO  - End to run testcase:oe_test_netsniff_ng_04.
Thu Jun 29 17:26:40 2023 - INFO  - A total of 1 use cases were executed, with 0 successes and 1 failures.
Thu Jun 29 17:26:40 2023 - INFO  - start to run testcase:oe_test_trafgen_01.
pgrep: pattern that searches for process name longer than 15 characters will result in zero matches
Try `pgrep -f' option to match against the complete command line.
Thu Jun 29 17:56:40 2023 - WARN  - The case execution timeout.
Thu Jun 29 17:56:40 2023 - ERROR - The case exit by code 143.
Thu Jun 29 17:56:40 2023 - INFO  - End to run testcase:oe_test_trafgen_01.
Thu Jun 29 17:56:40 2023 - INFO  - A total of 1 use cases were executed, with 0 successes and 1 failures.
Thu Jun 29 17:56:40 2023 - INFO  - start to run testcase:oe_test_trafgen_02.
pgrep: pattern that searches for process name longer than 15 characters will result in zero matches
Try `pgrep -f' option to match against the complete command line.
Thu Jun 29 18:26:40 2023 - WARN  - The case execution timeout.
Thu Jun 29 18:26:40 2023 - ERROR - The case exit by code 143.
Thu Jun 29 18:26:40 2023 - INFO  - End to run testcase:oe_test_trafgen_02.
Thu Jun 29 18:26:40 2023 - INFO  - A total of 1 use cases were executed, with 0 successes and 1 failures.
Thu Jun 29 18:26:41 2023 - INFO  - start to run testcase:oe_test_trafgen_03.
Thu Jun 29 18:26:42 2023 - INFO  - The case exit by code 0.
Thu Jun 29 18:26:42 2023 - INFO  - End to run testcase:oe_test_trafgen_03.
Thu Jun 29 18:26:42 2023 - INFO  - A total of 1 use cases were executed, with 1 successes and 0 failures.
