Tue Aug  8 10:01:04 2023 - INFO  - start to run testcase:oe_test_binutils_objcopy.
Tue Aug  8 10:01:25 2023 - INFO  - The case exit by code 0.
Tue Aug  8 10:01:26 2023 - INFO  - End to run testcase:oe_test_binutils_objcopy.
Tue Aug  8 10:01:26 2023 - INFO  - A total of 1 use cases were executed, with 1 successes and 0 failures.
Tue Aug  8 10:01:29 2023 - INFO  - start to run testcase:oe_test_binutils_size.
Tue Aug  8 10:01:46 2023 - INFO  - The case exit by code 0.
Tue Aug  8 10:01:46 2023 - INFO  - End to run testcase:oe_test_binutils_size.
Tue Aug  8 10:01:47 2023 - INFO  - A total of 1 use cases were executed, with 1 successes and 0 failures.
Tue Aug  8 10:01:50 2023 - INFO  - start to run testcase:oe_test_binutils_strip.
Tue Aug  8 10:02:05 2023 - INFO  - The case exit by code 0.
Tue Aug  8 10:02:06 2023 - INFO  - End to run testcase:oe_test_binutils_strip.
Tue Aug  8 10:02:06 2023 - INFO  - A total of 1 use cases were executed, with 1 successes and 0 failures.
Tue Aug  8 10:02:09 2023 - INFO  - start to run testcase:oe_test_binutils_addr2line.
Tue Aug  8 10:02:25 2023 - INFO  - The case exit by code 0.
Tue Aug  8 10:02:25 2023 - INFO  - End to run testcase:oe_test_binutils_addr2line.
Tue Aug  8 10:02:26 2023 - INFO  - A total of 1 use cases were executed, with 1 successes and 0 failures.
Tue Aug  8 10:02:29 2023 - INFO  - start to run testcase:oe_test_binutils_ar.
Tue Aug  8 10:02:45 2023 - INFO  - The case exit by code 0.
Tue Aug  8 10:02:45 2023 - INFO  - End to run testcase:oe_test_binutils_ar.
Tue Aug  8 10:02:46 2023 - INFO  - A total of 1 use cases were executed, with 1 successes and 0 failures.
Tue Aug  8 10:02:49 2023 - INFO  - start to run testcase:oe_test_binutils_nm.
Tue Aug  8 10:03:05 2023 - INFO  - The case exit by code 0.
Tue Aug  8 10:03:06 2023 - INFO  - End to run testcase:oe_test_binutils_nm.
Tue Aug  8 10:03:06 2023 - INFO  - A total of 1 use cases were executed, with 1 successes and 0 failures.
Tue Aug  8 10:03:09 2023 - INFO  - start to run testcase:oe_test_binutils_objdump.
Tue Aug  8 10:03:25 2023 - INFO  - The case exit by code 0.
Tue Aug  8 10:03:26 2023 - INFO  - End to run testcase:oe_test_binutils_objdump.
Tue Aug  8 10:03:26 2023 - INFO  - A total of 1 use cases were executed, with 1 successes and 0 failures.
Tue Aug  8 10:03:29 2023 - INFO  - start to run testcase:oe_test_binutils_readelf.
Tue Aug  8 10:03:45 2023 - INFO  - The case exit by code 0.
Tue Aug  8 10:03:46 2023 - INFO  - End to run testcase:oe_test_binutils_readelf.
Tue Aug  8 10:03:46 2023 - INFO  - A total of 1 use cases were executed, with 1 successes and 0 failures.
