Wed May 24 21:46:07 2023 - INFO  - start to run testcase:oe_test_openssh_cipher.
Wed May 24 21:46:47 2023 - ERROR - The case exit by code 2.
Wed May 24 21:46:48 2023 - INFO  - End to run testcase:oe_test_openssh_cipher.
Wed May 24 21:46:48 2023 - INFO  - A total of 1 use cases were executed, with 0 successes and 1 failures.
Wed May 24 21:46:51 2023 - INFO  - start to run testcase:oe_test_service_sshd.
Wed May 24 21:47:29 2023 - INFO  - The case exit by code 0.
Wed May 24 21:47:30 2023 - INFO  - End to run testcase:oe_test_service_sshd.
Wed May 24 21:47:31 2023 - INFO  - A total of 1 use cases were executed, with 1 successes and 0 failures.
Wed May 24 21:47:34 2023 - INFO  - start to run testcase:oe_test_socket_sshd.
Wed May 24 21:47:40 2023 - INFO  - The case exit by code 0.
Wed May 24 21:47:40 2023 - INFO  - End to run testcase:oe_test_socket_sshd.
Wed May 24 21:47:41 2023 - INFO  - A total of 1 use cases were executed, with 1 successes and 0 failures.
Wed May 24 21:47:44 2023 - INFO  - start to run testcase:oe_test_target_sshd-keygen.
Wed May 24 21:48:08 2023 - INFO  - The case exit by code 0.
Wed May 24 21:48:08 2023 - INFO  - End to run testcase:oe_test_target_sshd-keygen.
Wed May 24 21:48:09 2023 - INFO  - A total of 1 use cases were executed, with 1 successes and 0 failures.
Wed May 24 21:48:12 2023 - INFO  - start to run testcase:oe_test_start_ssh.
Wed May 24 21:48:24 2023 - INFO  - The case exit by code 0.
Wed May 24 21:48:25 2023 - INFO  - End to run testcase:oe_test_start_ssh.
Wed May 24 21:48:25 2023 - INFO  - A total of 1 use cases were executed, with 1 successes and 0 failures.
Wed May 24 21:48:28 2023 - INFO  - start to run testcase:oe_test_sec_ssh.
Wed May 24 21:49:42 2023 - ERROR - The case exit by code 4.
Wed May 24 21:49:43 2023 - INFO  - End to run testcase:oe_test_sec_ssh.
Wed May 24 21:49:43 2023 - INFO  - A total of 1 use cases were executed, with 0 successes and 1 failures.
Wed May 24 21:49:47 2023 - INFO  - start to run testcase:oe_test_sec_jump_login.
Wed May 24 21:49:54 2023 - ERROR - The case exit by code 2.
Wed May 24 21:49:54 2023 - INFO  - End to run testcase:oe_test_sec_jump_login.
Wed May 24 21:49:55 2023 - INFO  - A total of 1 use cases were executed, with 0 successes and 1 failures.
