Thu Jun 29 14:28:09 2023 - INFO  - start to run testcase:oe_test_libguestfish_guestunmount.
Thu Jun 29 14:35:10 2023 - ERROR - The case exit by code 4.
Thu Jun 29 14:35:10 2023 - INFO  - End to run testcase:oe_test_libguestfish_guestunmount.
Thu Jun 29 14:35:10 2023 - INFO  - A total of 1 use cases were executed, with 0 successes and 1 failures.
Thu Jun 29 14:35:10 2023 - INFO  - start to run testcase:oe_test_libguestfs_guestfish_01.
Thu Jun 29 14:36:06 2023 - ERROR - The case exit by code 6.
Thu Jun 29 14:36:06 2023 - INFO  - End to run testcase:oe_test_libguestfs_guestfish_01.
Thu Jun 29 14:36:06 2023 - INFO  - A total of 1 use cases were executed, with 0 successes and 1 failures.
Thu Jun 29 14:36:06 2023 - INFO  - start to run testcase:oe_test_libguestfs_guestfish_02.
Thu Jun 29 14:40:17 2023 - INFO  - The case exit by code 0.
Thu Jun 29 14:40:17 2023 - INFO  - End to run testcase:oe_test_libguestfs_guestfish_02.
Thu Jun 29 14:40:17 2023 - INFO  - A total of 1 use cases were executed, with 1 successes and 0 failures.
Thu Jun 29 14:40:17 2023 - INFO  - start to run testcase:oe_test_libguestfs_guestfish_03.
Thu Jun 29 14:41:56 2023 - ERROR - The case exit by code 8.
Thu Jun 29 14:41:56 2023 - INFO  - End to run testcase:oe_test_libguestfs_guestfish_03.
Thu Jun 29 14:41:56 2023 - INFO  - A total of 1 use cases were executed, with 0 successes and 1 failures.
Thu Jun 29 14:41:57 2023 - INFO  - start to run testcase:oe_test_libguestfs_guestmount_01.
Thu Jun 29 14:47:12 2023 - ERROR - The case exit by code 7.
Thu Jun 29 14:47:12 2023 - INFO  - End to run testcase:oe_test_libguestfs_guestmount_01.
Thu Jun 29 14:47:12 2023 - INFO  - A total of 1 use cases were executed, with 0 successes and 1 failures.
Thu Jun 29 14:47:12 2023 - INFO  - start to run testcase:oe_test_libguestfs_guestmount_02.
Thu Jun 29 14:53:22 2023 - ERROR - The case exit by code 8.
Thu Jun 29 14:53:22 2023 - INFO  - End to run testcase:oe_test_libguestfs_guestmount_02.
Thu Jun 29 14:53:22 2023 - INFO  - A total of 1 use cases were executed, with 0 successes and 1 failures.
Thu Jun 29 14:53:22 2023 - INFO  - start to run testcase:oe_test_libguestfs_guestmount_03.
Thu Jun 29 14:55:45 2023 - ERROR - The case exit by code 2.
Thu Jun 29 14:55:45 2023 - INFO  - End to run testcase:oe_test_libguestfs_guestmount_03.
Thu Jun 29 14:55:45 2023 - INFO  - A total of 1 use cases were executed, with 0 successes and 1 failures.
Thu Jun 29 14:55:45 2023 - INFO  - start to run testcase:oe_test_libguestfs_libguestfs-boot-analysis.
Thu Jun 29 14:56:53 2023 - ERROR - The case exit by code 6.
Thu Jun 29 14:56:53 2023 - INFO  - End to run testcase:oe_test_libguestfs_libguestfs-boot-analysis.
Thu Jun 29 14:56:53 2023 - INFO  - A total of 1 use cases were executed, with 0 successes and 1 failures.
Thu Jun 29 14:56:54 2023 - INFO  - start to run testcase:oe_test_libguestfs_libguestfs-boot-benchmark.
Thu Jun 29 14:58:29 2023 - ERROR - The case exit by code 4.
Thu Jun 29 14:58:29 2023 - INFO  - End to run testcase:oe_test_libguestfs_libguestfs-boot-benchmark.
Thu Jun 29 14:58:30 2023 - INFO  - A total of 1 use cases were executed, with 0 successes and 1 failures.
Thu Jun 29 14:58:30 2023 - INFO  - start to run testcase:oe_test_libguestfs_libguestfs-test-tool.
Thu Jun 29 15:00:20 2023 - INFO  - The case exit by code 0.
Thu Jun 29 15:00:20 2023 - INFO  - End to run testcase:oe_test_libguestfs_libguestfs-test-tool.
Thu Jun 29 15:00:20 2023 - INFO  - A total of 1 use cases were executed, with 1 successes and 0 failures.
Thu Jun 29 15:00:20 2023 - INFO  - start to run testcase:oe_test_libguestfs_virt-alignment-scan.
Thu Jun 29 15:02:05 2023 - ERROR - The case exit by code 10.
Thu Jun 29 15:02:05 2023 - INFO  - End to run testcase:oe_test_libguestfs_virt-alignment-scan.
Thu Jun 29 15:02:05 2023 - INFO  - A total of 1 use cases were executed, with 0 successes and 1 failures.
Thu Jun 29 15:02:06 2023 - INFO  - start to run testcase:oe_test_libguestfs_virt-builder.
Thu Jun 29 15:03:11 2023 - ERROR - The case exit by code 1.
Thu Jun 29 15:03:11 2023 - INFO  - End to run testcase:oe_test_libguestfs_virt-builder.
Thu Jun 29 15:03:11 2023 - INFO  - A total of 1 use cases were executed, with 0 successes and 1 failures.
Thu Jun 29 15:03:11 2023 - INFO  - start to run testcase:oe_test_libguestfs_virt-cat.
Thu Jun 29 15:04:59 2023 - ERROR - The case exit by code 10.
Thu Jun 29 15:04:59 2023 - INFO  - End to run testcase:oe_test_libguestfs_virt-cat.
Thu Jun 29 15:04:59 2023 - INFO  - A total of 1 use cases were executed, with 0 successes and 1 failures.
Thu Jun 29 15:04:59 2023 - INFO  - start to run testcase:oe_test_libguestfs_virt-copy-in.
Thu Jun 29 15:06:16 2023 - ERROR - The case exit by code 2.
Thu Jun 29 15:06:16 2023 - INFO  - End to run testcase:oe_test_libguestfs_virt-copy-in.
Thu Jun 29 15:06:16 2023 - INFO  - A total of 1 use cases were executed, with 0 successes and 1 failures.
Thu Jun 29 15:06:16 2023 - INFO  - start to run testcase:oe_test_libguestfs_virt-copy-out.
Thu Jun 29 15:07:47 2023 - ERROR - The case exit by code 2.
Thu Jun 29 15:07:47 2023 - INFO  - End to run testcase:oe_test_libguestfs_virt-copy-out.
Thu Jun 29 15:07:47 2023 - INFO  - A total of 1 use cases were executed, with 0 successes and 1 failures.
Thu Jun 29 15:07:47 2023 - INFO  - start to run testcase:oe_test_libguestfs_virt-customize.
Thu Jun 29 15:09:41 2023 - ERROR - The case exit by code 1.
Thu Jun 29 15:09:41 2023 - INFO  - End to run testcase:oe_test_libguestfs_virt-customize.
Thu Jun 29 15:09:41 2023 - INFO  - A total of 1 use cases were executed, with 0 successes and 1 failures.
Thu Jun 29 15:09:41 2023 - INFO  - start to run testcase:oe_test_libguestfs_virt-df_01.
Thu Jun 29 15:09:59 2023 - ERROR - The case exit by code 9.
Thu Jun 29 15:10:00 2023 - INFO  - End to run testcase:oe_test_libguestfs_virt-df_01.
Thu Jun 29 15:10:00 2023 - INFO  - A total of 1 use cases were executed, with 0 successes and 1 failures.
Thu Jun 29 15:10:00 2023 - INFO  - start to run testcase:oe_test_libguestfs_virt-df_02.
Thu Jun 29 15:10:41 2023 - ERROR - The case exit by code 4.
Thu Jun 29 15:10:41 2023 - INFO  - End to run testcase:oe_test_libguestfs_virt-df_02.
Thu Jun 29 15:10:42 2023 - INFO  - A total of 1 use cases were executed, with 0 successes and 1 failures.
Thu Jun 29 15:10:42 2023 - INFO  - start to run testcase:oe_test_libguestfs_virt-dib.
Thu Jun 29 15:10:43 2023 - ERROR - The case exit by code 1.
Thu Jun 29 15:10:43 2023 - INFO  - End to run testcase:oe_test_libguestfs_virt-dib.
Thu Jun 29 15:10:43 2023 - INFO  - A total of 1 use cases were executed, with 0 successes and 1 failures.
Thu Jun 29 15:10:43 2023 - INFO  - start to run testcase:oe_test_libguestfs_virt-diff_01.
Thu Jun 29 15:11:46 2023 - ERROR - The case exit by code 8.
Thu Jun 29 15:11:46 2023 - INFO  - End to run testcase:oe_test_libguestfs_virt-diff_01.
Thu Jun 29 15:11:46 2023 - INFO  - A total of 1 use cases were executed, with 0 successes and 1 failures.
Thu Jun 29 15:11:47 2023 - INFO  - start to run testcase:oe_test_libguestfs_virt-diff_02.
Thu Jun 29 15:12:25 2023 - ERROR - The case exit by code 8.
Thu Jun 29 15:12:25 2023 - INFO  - End to run testcase:oe_test_libguestfs_virt-diff_02.
Thu Jun 29 15:12:25 2023 - INFO  - A total of 1 use cases were executed, with 0 successes and 1 failures.
Thu Jun 29 15:12:25 2023 - INFO  - start to run testcase:oe_test_libguestfs_virt-diff_03.
Thu Jun 29 15:13:31 2023 - ERROR - The case exit by code 6.
Thu Jun 29 15:13:31 2023 - INFO  - End to run testcase:oe_test_libguestfs_virt-diff_03.
Thu Jun 29 15:13:31 2023 - INFO  - A total of 1 use cases were executed, with 0 successes and 1 failures.
Thu Jun 29 15:13:31 2023 - INFO  - start to run testcase:oe_test_libguestfs_virt-filesystems_01.
Thu Jun 29 15:13:51 2023 - ERROR - The case exit by code 10.
Thu Jun 29 15:13:51 2023 - INFO  - End to run testcase:oe_test_libguestfs_virt-filesystems_01.
Thu Jun 29 15:13:51 2023 - INFO  - A total of 1 use cases were executed, with 0 successes and 1 failures.
Thu Jun 29 15:13:51 2023 - INFO  - start to run testcase:oe_test_libguestfs_virt-filesystems_02.
Thu Jun 29 15:14:35 2023 - ERROR - The case exit by code 9.
Thu Jun 29 15:14:35 2023 - INFO  - End to run testcase:oe_test_libguestfs_virt-filesystems_02.
Thu Jun 29 15:14:35 2023 - INFO  - A total of 1 use cases were executed, with 0 successes and 1 failures.
Thu Jun 29 15:14:35 2023 - INFO  - start to run testcase:oe_test_libguestfs_virt-filesystems_03.
Thu Jun 29 15:14:45 2023 - ERROR - The case exit by code 3.
Thu Jun 29 15:14:45 2023 - INFO  - End to run testcase:oe_test_libguestfs_virt-filesystems_03.
Thu Jun 29 15:14:45 2023 - INFO  - A total of 1 use cases were executed, with 0 successes and 1 failures.
Thu Jun 29 15:14:45 2023 - INFO  - start to run testcase:oe_test_libguestfs_virt-format.
Thu Jun 29 15:15:26 2023 - ERROR - The case exit by code 11.
Thu Jun 29 15:15:26 2023 - INFO  - End to run testcase:oe_test_libguestfs_virt-format.
Thu Jun 29 15:15:26 2023 - INFO  - A total of 1 use cases were executed, with 0 successes and 1 failures.
Thu Jun 29 15:15:26 2023 - INFO  - start to run testcase:oe_test_libguestfs_virt-get-kernel_01.
Thu Jun 29 15:15:38 2023 - ERROR - The case exit by code 7.
Thu Jun 29 15:15:38 2023 - INFO  - End to run testcase:oe_test_libguestfs_virt-get-kernel_01.
Thu Jun 29 15:15:38 2023 - INFO  - A total of 1 use cases were executed, with 0 successes and 1 failures.
Thu Jun 29 15:15:38 2023 - INFO  - start to run testcase:oe_test_libguestfs_virt-get-kernel_02.
Thu Jun 29 15:16:18 2023 - ERROR - The case exit by code 7.
Thu Jun 29 15:16:18 2023 - INFO  - End to run testcase:oe_test_libguestfs_virt-get-kernel_02.
Thu Jun 29 15:16:18 2023 - INFO  - A total of 1 use cases were executed, with 0 successes and 1 failures.
Thu Jun 29 15:16:18 2023 - INFO  - start to run testcase:oe_test_libguestfs_virt-index-validate.
Thu Jun 29 15:16:19 2023 - ERROR - The case exit by code 1.
Thu Jun 29 15:16:19 2023 - INFO  - End to run testcase:oe_test_libguestfs_virt-index-validate.
Thu Jun 29 15:16:19 2023 - INFO  - A total of 1 use cases were executed, with 0 successes and 1 failures.
Thu Jun 29 15:16:20 2023 - INFO  - start to run testcase:oe_test_libguestfs_virt-inspector_01.
Thu Jun 29 15:16:30 2023 - ERROR - The case exit by code 4.
Thu Jun 29 15:16:30 2023 - INFO  - End to run testcase:oe_test_libguestfs_virt-inspector_01.
Thu Jun 29 15:16:30 2023 - INFO  - A total of 1 use cases were executed, with 0 successes and 1 failures.
Thu Jun 29 15:16:30 2023 - INFO  - start to run testcase:oe_test_libguestfs_virt-inspector_02.
Thu Jun 29 15:17:41 2023 - ERROR - The case exit by code 10.
Thu Jun 29 15:17:41 2023 - INFO  - End to run testcase:oe_test_libguestfs_virt-inspector_02.
Thu Jun 29 15:17:41 2023 - INFO  - A total of 1 use cases were executed, with 0 successes and 1 failures.
Thu Jun 29 15:17:41 2023 - INFO  - start to run testcase:oe_test_libguestfs_virt-log.
Thu Jun 29 15:18:21 2023 - ERROR - The case exit by code 11.
Thu Jun 29 15:18:21 2023 - INFO  - End to run testcase:oe_test_libguestfs_virt-log.
Thu Jun 29 15:18:21 2023 - INFO  - A total of 1 use cases were executed, with 0 successes and 1 failures.
Thu Jun 29 15:18:21 2023 - INFO  - start to run testcase:oe_test_libguestfs_virt-ls_01.
Thu Jun 29 15:19:00 2023 - ERROR - The case exit by code 6.
Thu Jun 29 15:19:00 2023 - INFO  - End to run testcase:oe_test_libguestfs_virt-ls_01.
Thu Jun 29 15:19:00 2023 - INFO  - A total of 1 use cases were executed, with 0 successes and 1 failures.
Thu Jun 29 15:19:00 2023 - INFO  - start to run testcase:oe_test_libguestfs_virt-ls_02.
Thu Jun 29 15:20:11 2023 - ERROR - The case exit by code 7.
Thu Jun 29 15:20:11 2023 - INFO  - End to run testcase:oe_test_libguestfs_virt-ls_02.
Thu Jun 29 15:20:11 2023 - INFO  - A total of 1 use cases were executed, with 0 successes and 1 failures.
Thu Jun 29 15:20:11 2023 - INFO  - start to run testcase:oe_test_libguestfs_virt-make-fs.
Thu Jun 29 15:20:53 2023 - ERROR - The case exit by code 10.
Thu Jun 29 15:20:53 2023 - INFO  - End to run testcase:oe_test_libguestfs_virt-make-fs.
Thu Jun 29 15:20:53 2023 - INFO  - A total of 1 use cases were executed, with 0 successes and 1 failures.
Thu Jun 29 15:20:53 2023 - INFO  - start to run testcase:oe_test_libguestfs_virt-p2v-make-disk.
Thu Jun 29 15:20:54 2023 - ERROR - The case exit by code 2.
Thu Jun 29 15:20:54 2023 - INFO  - End to run testcase:oe_test_libguestfs_virt-p2v-make-disk.
Thu Jun 29 15:20:54 2023 - INFO  - A total of 1 use cases were executed, with 0 successes and 1 failures.
Thu Jun 29 15:20:54 2023 - INFO  - start to run testcase:oe_test_libguestfs_virt-p2v-make-kickstart.
Thu Jun 29 15:20:55 2023 - ERROR - The case exit by code 3.
Thu Jun 29 15:20:55 2023 - INFO  - End to run testcase:oe_test_libguestfs_virt-p2v-make-kickstart.
Thu Jun 29 15:20:55 2023 - INFO  - A total of 1 use cases were executed, with 0 successes and 1 failures.
Thu Jun 29 15:20:55 2023 - INFO  - start to run testcase:oe_test_libguestfs_virt-p2v-make-kiwi.
Thu Jun 29 15:20:57 2023 - ERROR - The case exit by code 2.
Thu Jun 29 15:20:57 2023 - INFO  - End to run testcase:oe_test_libguestfs_virt-p2v-make-kiwi.
Thu Jun 29 15:20:57 2023 - INFO  - A total of 1 use cases were executed, with 0 successes and 1 failures.
Thu Jun 29 15:20:57 2023 - INFO  - start to run testcase:oe_test_libguestfs_virt-resize_01.
Thu Jun 29 15:21:11 2023 - ERROR - The case exit by code 10.
Thu Jun 29 15:21:11 2023 - INFO  - End to run testcase:oe_test_libguestfs_virt-resize_01.
Thu Jun 29 15:21:11 2023 - INFO  - A total of 1 use cases were executed, with 0 successes and 1 failures.
Thu Jun 29 15:21:11 2023 - INFO  - start to run testcase:oe_test_libguestfs_virt-resize_02.
Thu Jun 29 15:22:01 2023 - ERROR - The case exit by code 10.
Thu Jun 29 15:22:01 2023 - INFO  - End to run testcase:oe_test_libguestfs_virt-resize_02.
Thu Jun 29 15:22:01 2023 - INFO  - A total of 1 use cases were executed, with 0 successes and 1 failures.
Thu Jun 29 15:22:01 2023 - INFO  - start to run testcase:oe_test_libguestfs_virt-resize_03.
Thu Jun 29 15:22:52 2023 - ERROR - The case exit by code 3.
Thu Jun 29 15:22:52 2023 - INFO  - End to run testcase:oe_test_libguestfs_virt-resize_03.
Thu Jun 29 15:22:52 2023 - INFO  - A total of 1 use cases were executed, with 0 successes and 1 failures.
Thu Jun 29 15:22:52 2023 - INFO  - start to run testcase:oe_test_libguestfs_virt-sparsify.
Thu Jun 29 15:22:54 2023 - ERROR - The case exit by code 2.
Thu Jun 29 15:22:54 2023 - INFO  - End to run testcase:oe_test_libguestfs_virt-sparsify.
Thu Jun 29 15:22:54 2023 - INFO  - A total of 1 use cases were executed, with 0 successes and 1 failures.
Thu Jun 29 15:22:54 2023 - INFO  - start to run testcase:oe_test_libguestfs_virt-sysprep_01.
Thu Jun 29 15:23:53 2023 - ERROR - The case exit by code 10.
Thu Jun 29 15:23:53 2023 - INFO  - End to run testcase:oe_test_libguestfs_virt-sysprep_01.
Thu Jun 29 15:23:53 2023 - INFO  - A total of 1 use cases were executed, with 0 successes and 1 failures.
Thu Jun 29 15:23:53 2023 - INFO  - start to run testcase:oe_test_libguestfs_virt-sysprep_02.
Thu Jun 29 15:24:51 2023 - ERROR - The case exit by code 9.
Thu Jun 29 15:24:51 2023 - INFO  - End to run testcase:oe_test_libguestfs_virt-sysprep_02.
Thu Jun 29 15:24:51 2023 - INFO  - A total of 1 use cases were executed, with 0 successes and 1 failures.
Thu Jun 29 15:24:51 2023 - INFO  - start to run testcase:oe_test_libguestfs_virt-sysprep_03.
Thu Jun 29 15:25:42 2023 - ERROR - The case exit by code 10.
Thu Jun 29 15:25:42 2023 - INFO  - End to run testcase:oe_test_libguestfs_virt-sysprep_03.
Thu Jun 29 15:25:42 2023 - INFO  - A total of 1 use cases were executed, with 0 successes and 1 failures.
Thu Jun 29 15:25:42 2023 - INFO  - start to run testcase:oe_test_libguestfs_virt-sysprep_04.
Thu Jun 29 15:26:35 2023 - ERROR - The case exit by code 10.
Thu Jun 29 15:26:35 2023 - INFO  - End to run testcase:oe_test_libguestfs_virt-sysprep_04.
Thu Jun 29 15:26:35 2023 - INFO  - A total of 1 use cases were executed, with 0 successes and 1 failures.
Thu Jun 29 15:26:35 2023 - INFO  - start to run testcase:oe_test_libguestfs_virt-sysprep_05.
Thu Jun 29 15:27:24 2023 - ERROR - The case exit by code 6.
Thu Jun 29 15:27:24 2023 - INFO  - End to run testcase:oe_test_libguestfs_virt-sysprep_05.
Thu Jun 29 15:27:24 2023 - INFO  - A total of 1 use cases were executed, with 0 successes and 1 failures.
Thu Jun 29 15:27:24 2023 - INFO  - start to run testcase:oe_test_libguestfs_virt-tar-in.
Thu Jun 29 15:27:57 2023 - ERROR - The case exit by code 4.
Thu Jun 29 15:27:57 2023 - INFO  - End to run testcase:oe_test_libguestfs_virt-tar-in.
Thu Jun 29 15:27:57 2023 - INFO  - A total of 1 use cases were executed, with 0 successes and 1 failures.
Thu Jun 29 15:27:57 2023 - INFO  - start to run testcase:oe_test_libguestfs_virt-tar-out.
Thu Jun 29 15:28:48 2023 - ERROR - The case exit by code 4.
Thu Jun 29 15:28:48 2023 - INFO  - End to run testcase:oe_test_libguestfs_virt-tar-out.
Thu Jun 29 15:28:48 2023 - INFO  - A total of 1 use cases were executed, with 0 successes and 1 failures.
Thu Jun 29 15:28:49 2023 - INFO  - start to run testcase:oe_test_libguestfs_virt-v2v.
Thu Jun 29 15:28:50 2023 - ERROR - The case exit by code 1.
Thu Jun 29 15:28:50 2023 - INFO  - End to run testcase:oe_test_libguestfs_virt-v2v.
Thu Jun 29 15:28:50 2023 - INFO  - A total of 1 use cases were executed, with 0 successes and 1 failures.
Thu Jun 29 15:28:50 2023 - INFO  - start to run testcase:oe_test_libguestfs_virt-v2v-copy-to-local.
Thu Jun 29 15:28:51 2023 - ERROR - The case exit by code 2.
Thu Jun 29 15:28:51 2023 - INFO  - End to run testcase:oe_test_libguestfs_virt-v2v-copy-to-local.
Thu Jun 29 15:28:51 2023 - INFO  - A total of 1 use cases were executed, with 0 successes and 1 failures.
Thu Jun 29 15:28:51 2023 - INFO  - start to run testcase:oe_test_libguestfs_virt-win-reg.
Thu Jun 29 15:28:52 2023 - ERROR - The case exit by code 1.
Thu Jun 29 15:28:52 2023 - INFO  - End to run testcase:oe_test_libguestfs_virt-win-reg.
Thu Jun 29 15:28:52 2023 - INFO  - A total of 1 use cases were executed, with 0 successes and 1 failures.
