Tue Aug  8 10:33:35 2023 - INFO  - start to run testcase:oe_test_mtx_loaderinfo.
Tue Aug  8 10:33:35 2023 - INFO  - start to run testcase:oe_test_mtx_loaderinfo.
Tue Aug  8 10:35:02 2023 - ERROR - The case exit by code 3.
Tue Aug  8 10:35:03 2023 - INFO  - End to run testcase:oe_test_mtx_loaderinfo.
Tue Aug  8 10:35:04 2023 - INFO  - A total of 1 use cases were executed, with 0 successes and 1 failures.
Tue Aug  8 10:35:05 2023 - ERROR - The case exit by code 3.
Tue Aug  8 10:35:06 2023 - INFO  - End to run testcase:oe_test_mtx_loaderinfo.
Tue Aug  8 10:35:07 2023 - INFO  - A total of 1 use cases were executed, with 0 successes and 1 failures.
Tue Aug  8 10:35:08 2023 - INFO  - start to run testcase:oe_test_mtx_tapeinfo.
Tue Aug  8 10:35:10 2023 - INFO  - start to run testcase:oe_test_mtx_tapeinfo.
Tue Aug  8 10:36:26 2023 - ERROR - The case exit by code 3.
Tue Aug  8 10:36:27 2023 - INFO  - End to run testcase:oe_test_mtx_tapeinfo.
Tue Aug  8 10:36:27 2023 - INFO  - A total of 1 use cases were executed, with 0 successes and 1 failures.
Tue Aug  8 10:36:31 2023 - INFO  - start to run testcase:oe_test_mtx_mtx.
Tue Aug  8 10:36:40 2023 - ERROR - The case exit by code 3.
Tue Aug  8 10:36:41 2023 - INFO  - End to run testcase:oe_test_mtx_tapeinfo.
Tue Aug  8 10:36:42 2023 - INFO  - A total of 1 use cases were executed, with 0 successes and 1 failures.
Tue Aug  8 10:36:45 2023 - INFO  - start to run testcase:oe_test_mtx_mtx.
Tue Aug  8 10:38:09 2023 - ERROR - The case exit by code 12.
Tue Aug  8 10:38:09 2023 - INFO  - End to run testcase:oe_test_mtx_mtx.
Tue Aug  8 10:38:10 2023 - INFO  - A total of 1 use cases were executed, with 0 successes and 1 failures.
Tue Aug  8 10:38:11 2023 - ERROR - The case exit by code 12.
Tue Aug  8 10:38:12 2023 - INFO  - End to run testcase:oe_test_mtx_mtx.
Tue Aug  8 10:38:12 2023 - INFO  - A total of 1 use cases were executed, with 0 successes and 1 failures.
Tue Aug  8 10:38:13 2023 - INFO  - start to run testcase:oe_test_mtx_scsieject.
Tue Aug  8 10:38:15 2023 - INFO  - start to run testcase:oe_test_mtx_scsieject.
Tue Aug  8 10:39:33 2023 - ERROR - The case exit by code 5.
Tue Aug  8 10:39:34 2023 - INFO  - End to run testcase:oe_test_mtx_scsieject.
Tue Aug  8 10:39:34 2023 - INFO  - A total of 1 use cases were executed, with 0 successes and 1 failures.
Tue Aug  8 10:39:37 2023 - INFO  - start to run testcase:oe_test_mtx_scsitape.
Tue Aug  8 10:39:47 2023 - ERROR - The case exit by code 5.
Tue Aug  8 10:39:48 2023 - INFO  - End to run testcase:oe_test_mtx_scsieject.
Tue Aug  8 10:39:49 2023 - INFO  - A total of 1 use cases were executed, with 0 successes and 1 failures.
Tue Aug  8 10:39:52 2023 - INFO  - start to run testcase:oe_test_mtx_scsitape.
Tue Aug  8 10:41:07 2023 - ERROR - The case exit by code 10.
Tue Aug  8 10:41:07 2023 - INFO  - End to run testcase:oe_test_mtx_scsitape.
Tue Aug  8 10:41:08 2023 - INFO  - A total of 1 use cases were executed, with 0 successes and 1 failures.
