Tue Aug  8 10:47:55 2023 - INFO  - start to run testcase:oe_test_osinfo-detect.
Tue Aug  8 10:47:55 2023 - INFO  - start to run testcase:oe_test_osinfo-detect.
Tue Aug  8 10:50:21 2023 - ERROR - The case exit by code 1.
Tue Aug  8 10:50:22 2023 - INFO  - End to run testcase:oe_test_osinfo-detect.
Tue Aug  8 10:50:22 2023 - INFO  - A total of 1 use cases were executed, with 0 successes and 1 failures.
Tue Aug  8 10:50:25 2023 - INFO  - start to run testcase:oe_test_osinfo-install-script.
Tue Aug  8 10:50:31 2023 - ERROR - The case exit by code 1.
Tue Aug  8 10:50:31 2023 - INFO  - End to run testcase:oe_test_osinfo-detect.
Tue Aug  8 10:50:32 2023 - INFO  - A total of 1 use cases were executed, with 0 successes and 1 failures.
Tue Aug  8 10:50:35 2023 - INFO  - start to run testcase:oe_test_osinfo-install-script.
Tue Aug  8 10:51:54 2023 - ERROR - The case exit by code 2.
Tue Aug  8 10:51:55 2023 - INFO  - End to run testcase:oe_test_osinfo-install-script.
Tue Aug  8 10:51:55 2023 - INFO  - A total of 1 use cases were executed, with 0 successes and 1 failures.
Tue Aug  8 10:51:59 2023 - INFO  - start to run testcase:oe_test_osinfo-query.
Tue Aug  8 10:52:04 2023 - INFO  - The case exit by code 0.
Tue Aug  8 10:52:04 2023 - INFO  - End to run testcase:oe_test_osinfo-install-script.
Tue Aug  8 10:52:05 2023 - INFO  - A total of 1 use cases were executed, with 1 successes and 0 failures.
Tue Aug  8 10:52:08 2023 - INFO  - start to run testcase:oe_test_osinfo-query.
Tue Aug  8 10:53:41 2023 - INFO  - The case exit by code 0.
Tue Aug  8 10:53:41 2023 - INFO  - End to run testcase:oe_test_osinfo-query.
Tue Aug  8 10:53:42 2023 - INFO  - A total of 1 use cases were executed, with 1 successes and 0 failures.
Tue Aug  8 10:53:45 2023 - INFO  - start to run testcase:oe_test_osinfo-db-import.
Tue Aug  8 10:53:52 2023 - INFO  - The case exit by code 0.
Tue Aug  8 10:53:53 2023 - INFO  - End to run testcase:oe_test_osinfo-query.
Tue Aug  8 10:53:53 2023 - INFO  - A total of 1 use cases were executed, with 1 successes and 0 failures.
Tue Aug  8 10:53:56 2023 - INFO  - start to run testcase:oe_test_osinfo-db-import.
Tue Aug  8 10:54:56 2023 - ERROR - The case exit by code 1.
Tue Aug  8 10:54:57 2023 - INFO  - End to run testcase:oe_test_osinfo-db-import.
Tue Aug  8 10:54:57 2023 - INFO  - A total of 1 use cases were executed, with 0 successes and 1 failures.
