Thu May 25 21:19:36 2023 - INFO  - start to run testcase:oe_test_OpenEXR_cmd.
Thu May 25 21:22:34 2023 - INFO  - The case exit by code 0.
Thu May 25 21:22:35 2023 - INFO  - End to run testcase:oe_test_OpenEXR_cmd.
Thu May 25 21:22:35 2023 - INFO  - A total of 1 use cases were executed, with 1 successes and 0 failures.
Thu May 25 21:22:38 2023 - INFO  - start to run testcase:oe_test_OpenEXR_exrenvmap_exrmakepreview.
Thu May 25 21:24:47 2023 - INFO  - The case exit by code 0.
Thu May 25 21:24:48 2023 - INFO  - End to run testcase:oe_test_OpenEXR_exrenvmap_exrmakepreview.
Thu May 25 21:24:48 2023 - INFO  - A total of 1 use cases were executed, with 1 successes and 0 failures.
Thu May 25 21:24:51 2023 - INFO  - start to run testcase:oe_test_OpenEXR_exrenvmap.
Thu May 25 21:32:50 2023 - INFO  - The case exit by code 0.
Thu May 25 21:32:51 2023 - INFO  - End to run testcase:oe_test_OpenEXR_exrenvmap.
Thu May 25 21:32:51 2023 - INFO  - A total of 1 use cases were executed, with 1 successes and 0 failures.
Thu May 25 21:32:54 2023 - INFO  - start to run testcase:oe_test_OpenEXR_exrmaketiled.
Thu May 25 21:33:15 2023 - INFO  - The case exit by code 0.
Thu May 25 21:33:16 2023 - INFO  - End to run testcase:oe_test_OpenEXR_exrmaketiled.
Thu May 25 21:33:16 2023 - INFO  - A total of 1 use cases were executed, with 1 successes and 0 failures.
Thu May 25 21:33:20 2023 - INFO  - start to run testcase:oe_test_OpenEXR_exrstdattr_01.
Thu May 25 21:33:35 2023 - INFO  - The case exit by code 0.
Thu May 25 21:33:36 2023 - INFO  - End to run testcase:oe_test_OpenEXR_exrstdattr_01.
Thu May 25 21:33:37 2023 - INFO  - A total of 1 use cases were executed, with 1 successes and 0 failures.
Thu May 25 21:33:40 2023 - INFO  - start to run testcase:oe_test_OpenEXR_exrstdattr_02.
Thu May 25 21:33:55 2023 - INFO  - The case exit by code 0.
Thu May 25 21:33:56 2023 - INFO  - End to run testcase:oe_test_OpenEXR_exrstdattr_02.
Thu May 25 21:33:57 2023 - INFO  - A total of 1 use cases were executed, with 1 successes and 0 failures.
Thu May 25 21:34:00 2023 - INFO  - start to run testcase:oe_test_OpenEXR_exrstdattr_03.
Thu May 25 21:34:15 2023 - INFO  - The case exit by code 0.
Thu May 25 21:34:16 2023 - INFO  - End to run testcase:oe_test_OpenEXR_exrstdattr_03.
Thu May 25 21:34:16 2023 - INFO  - A total of 1 use cases were executed, with 1 successes and 0 failures.
