Thu Jun 22 15:43:02 2023 - INFO  - start to run testcase:oe_test_libguestfish_guestunmount.
Thu Jun 22 15:43:53 2023 - ERROR - The case exit by code 6.
Thu Jun 22 15:43:54 2023 - INFO  - End to run testcase:oe_test_libguestfish_guestunmount.
Thu Jun 22 15:43:54 2023 - INFO  - A total of 1 use cases were executed, with 0 successes and 1 failures.
Thu Jun 22 15:43:57 2023 - INFO  - start to run testcase:oe_test_libguestfs_guestfish_01.
Thu Jun 22 15:44:41 2023 - ERROR - The case exit by code 9.
Thu Jun 22 15:44:42 2023 - INFO  - End to run testcase:oe_test_libguestfs_guestfish_01.
Thu Jun 22 15:44:43 2023 - INFO  - A total of 1 use cases were executed, with 0 successes and 1 failures.
Thu Jun 22 15:44:45 2023 - INFO  - start to run testcase:oe_test_libguestfs_guestfish_02.
Thu Jun 22 15:45:26 2023 - ERROR - The case exit by code 6.
Thu Jun 22 15:45:27 2023 - INFO  - End to run testcase:oe_test_libguestfs_guestfish_02.
Thu Jun 22 15:45:27 2023 - INFO  - A total of 1 use cases were executed, with 0 successes and 1 failures.
Thu Jun 22 15:45:30 2023 - INFO  - start to run testcase:oe_test_libguestfs_guestfish_03.
Thu Jun 22 15:46:14 2023 - ERROR - The case exit by code 9.
Thu Jun 22 15:46:15 2023 - INFO  - End to run testcase:oe_test_libguestfs_guestfish_03.
Thu Jun 22 15:46:15 2023 - INFO  - A total of 1 use cases were executed, with 0 successes and 1 failures.
Thu Jun 22 15:46:18 2023 - INFO  - start to run testcase:oe_test_libguestfs_guestmount_01.
Thu Jun 22 15:47:00 2023 - ERROR - The case exit by code 9.
Thu Jun 22 15:47:00 2023 - INFO  - End to run testcase:oe_test_libguestfs_guestmount_01.
Thu Jun 22 15:47:01 2023 - INFO  - A total of 1 use cases were executed, with 0 successes and 1 failures.
Thu Jun 22 15:47:04 2023 - INFO  - start to run testcase:oe_test_libguestfs_guestmount_02.
Thu Jun 22 15:47:48 2023 - ERROR - The case exit by code 8.
Thu Jun 22 15:47:49 2023 - INFO  - End to run testcase:oe_test_libguestfs_guestmount_02.
Thu Jun 22 15:47:50 2023 - INFO  - A total of 1 use cases were executed, with 0 successes and 1 failures.
Thu Jun 22 15:47:52 2023 - INFO  - start to run testcase:oe_test_libguestfs_guestmount_03.
Thu Jun 22 15:48:31 2023 - ERROR - The case exit by code 3.
Thu Jun 22 15:48:32 2023 - INFO  - End to run testcase:oe_test_libguestfs_guestmount_03.
Thu Jun 22 15:48:32 2023 - INFO  - A total of 1 use cases were executed, with 0 successes and 1 failures.
Thu Jun 22 15:48:35 2023 - INFO  - start to run testcase:oe_test_libguestfs_libguestfs-boot-analysis.
Thu Jun 22 15:49:17 2023 - ERROR - The case exit by code 6.
Thu Jun 22 15:49:17 2023 - INFO  - End to run testcase:oe_test_libguestfs_libguestfs-boot-analysis.
Thu Jun 22 15:49:18 2023 - INFO  - A total of 1 use cases were executed, with 0 successes and 1 failures.
Thu Jun 22 15:49:21 2023 - INFO  - start to run testcase:oe_test_libguestfs_libguestfs-boot-benchmark.
Thu Jun 22 15:50:00 2023 - ERROR - The case exit by code 4.
Thu Jun 22 15:50:00 2023 - INFO  - End to run testcase:oe_test_libguestfs_libguestfs-boot-benchmark.
Thu Jun 22 15:50:01 2023 - INFO  - A total of 1 use cases were executed, with 0 successes and 1 failures.
Thu Jun 22 15:50:04 2023 - INFO  - start to run testcase:oe_test_libguestfs_libguestfs-test-tool.
Thu Jun 22 15:50:42 2023 - ERROR - The case exit by code 3.
Thu Jun 22 15:50:42 2023 - INFO  - End to run testcase:oe_test_libguestfs_libguestfs-test-tool.
Thu Jun 22 15:50:43 2023 - INFO  - A total of 1 use cases were executed, with 0 successes and 1 failures.
Thu Jun 22 15:50:46 2023 - INFO  - start to run testcase:oe_test_libguestfs_virt-alignment-scan.
Thu Jun 22 15:51:31 2023 - ERROR - The case exit by code 10.
Thu Jun 22 15:51:32 2023 - INFO  - End to run testcase:oe_test_libguestfs_virt-alignment-scan.
Thu Jun 22 15:51:33 2023 - INFO  - A total of 1 use cases were executed, with 0 successes and 1 failures.
Thu Jun 22 15:51:35 2023 - INFO  - start to run testcase:oe_test_libguestfs_virt-builder.
Thu Jun 22 15:56:38 2023 - ERROR - The case exit by code 1.
Thu Jun 22 15:56:38 2023 - INFO  - End to run testcase:oe_test_libguestfs_virt-builder.
Thu Jun 22 15:56:39 2023 - INFO  - A total of 1 use cases were executed, with 0 successes and 1 failures.
Thu Jun 22 15:56:41 2023 - INFO  - start to run testcase:oe_test_libguestfs_virt-cat.
Thu Jun 22 15:57:33 2023 - ERROR - The case exit by code 10.
Thu Jun 22 15:57:34 2023 - INFO  - End to run testcase:oe_test_libguestfs_virt-cat.
Thu Jun 22 15:57:34 2023 - INFO  - A total of 1 use cases were executed, with 0 successes and 1 failures.
Thu Jun 22 15:57:37 2023 - INFO  - start to run testcase:oe_test_libguestfs_virt-copy-in.
Thu Jun 22 15:58:17 2023 - ERROR - The case exit by code 2.
Thu Jun 22 15:58:18 2023 - INFO  - End to run testcase:oe_test_libguestfs_virt-copy-in.
Thu Jun 22 15:58:19 2023 - INFO  - A total of 1 use cases were executed, with 0 successes and 1 failures.
Thu Jun 22 15:58:21 2023 - INFO  - start to run testcase:oe_test_libguestfs_virt-copy-out.
Thu Jun 22 15:59:07 2023 - ERROR - The case exit by code 2.
Thu Jun 22 15:59:08 2023 - INFO  - End to run testcase:oe_test_libguestfs_virt-copy-out.
Thu Jun 22 15:59:08 2023 - INFO  - A total of 1 use cases were executed, with 0 successes and 1 failures.
Thu Jun 22 15:59:11 2023 - INFO  - start to run testcase:oe_test_libguestfs_virt-customize.
Thu Jun 22 15:59:31 2023 - ERROR - The case exit by code 1.
Thu Jun 22 15:59:32 2023 - INFO  - End to run testcase:oe_test_libguestfs_virt-customize.
Thu Jun 22 15:59:32 2023 - INFO  - A total of 1 use cases were executed, with 0 successes and 1 failures.
Thu Jun 22 15:59:35 2023 - INFO  - start to run testcase:oe_test_libguestfs_virt-df_01.
Thu Jun 22 16:00:22 2023 - ERROR - The case exit by code 9.
Thu Jun 22 16:00:23 2023 - INFO  - End to run testcase:oe_test_libguestfs_virt-df_01.
Thu Jun 22 16:00:23 2023 - INFO  - A total of 1 use cases were executed, with 0 successes and 1 failures.
Thu Jun 22 16:00:26 2023 - INFO  - start to run testcase:oe_test_libguestfs_virt-df_02.
Thu Jun 22 16:01:08 2023 - ERROR - The case exit by code 4.
Thu Jun 22 16:01:08 2023 - INFO  - End to run testcase:oe_test_libguestfs_virt-df_02.
Thu Jun 22 16:01:09 2023 - INFO  - A total of 1 use cases were executed, with 0 successes and 1 failures.
Thu Jun 22 16:01:11 2023 - INFO  - start to run testcase:oe_test_libguestfs_virt-dib.
Thu Jun 22 16:01:31 2023 - ERROR - The case exit by code 1.
Thu Jun 22 16:01:32 2023 - INFO  - End to run testcase:oe_test_libguestfs_virt-dib.
Thu Jun 22 16:01:32 2023 - INFO  - A total of 1 use cases were executed, with 0 successes and 1 failures.
Thu Jun 22 16:01:35 2023 - INFO  - start to run testcase:oe_test_libguestfs_virt-diff_01.
Thu Jun 22 16:02:22 2023 - ERROR - The case exit by code 8.
Thu Jun 22 16:02:23 2023 - INFO  - End to run testcase:oe_test_libguestfs_virt-diff_01.
Thu Jun 22 16:02:23 2023 - INFO  - A total of 1 use cases were executed, with 0 successes and 1 failures.
Thu Jun 22 16:02:26 2023 - INFO  - start to run testcase:oe_test_libguestfs_virt-diff_02.
Thu Jun 22 16:03:13 2023 - ERROR - The case exit by code 8.
Thu Jun 22 16:03:13 2023 - INFO  - End to run testcase:oe_test_libguestfs_virt-diff_02.
Thu Jun 22 16:03:14 2023 - INFO  - A total of 1 use cases were executed, with 0 successes and 1 failures.
Thu Jun 22 16:03:17 2023 - INFO  - start to run testcase:oe_test_libguestfs_virt-diff_03.
Thu Jun 22 16:04:01 2023 - ERROR - The case exit by code 6.
Thu Jun 22 16:04:02 2023 - INFO  - End to run testcase:oe_test_libguestfs_virt-diff_03.
Thu Jun 22 16:04:02 2023 - INFO  - A total of 1 use cases were executed, with 0 successes and 1 failures.
Thu Jun 22 16:04:05 2023 - INFO  - start to run testcase:oe_test_libguestfs_virt-filesystems_01.
Thu Jun 22 16:04:53 2023 - ERROR - The case exit by code 10.
Thu Jun 22 16:04:54 2023 - INFO  - End to run testcase:oe_test_libguestfs_virt-filesystems_01.
Thu Jun 22 16:04:55 2023 - INFO  - A total of 1 use cases were executed, with 0 successes and 1 failures.
Thu Jun 22 16:04:57 2023 - INFO  - start to run testcase:oe_test_libguestfs_virt-filesystems_02.
Thu Jun 22 16:05:50 2023 - ERROR - The case exit by code 9.
Thu Jun 22 16:05:51 2023 - INFO  - End to run testcase:oe_test_libguestfs_virt-filesystems_02.
Thu Jun 22 16:05:51 2023 - INFO  - A total of 1 use cases were executed, with 0 successes and 1 failures.
Thu Jun 22 16:05:54 2023 - INFO  - start to run testcase:oe_test_libguestfs_virt-filesystems_03.
Thu Jun 22 16:06:34 2023 - ERROR - The case exit by code 3.
Thu Jun 22 16:06:35 2023 - INFO  - End to run testcase:oe_test_libguestfs_virt-filesystems_03.
Thu Jun 22 16:06:35 2023 - INFO  - A total of 1 use cases were executed, with 0 successes and 1 failures.
Thu Jun 22 16:06:38 2023 - INFO  - start to run testcase:oe_test_libguestfs_virt-format.
Thu Jun 22 16:07:27 2023 - ERROR - The case exit by code 11.
Thu Jun 22 16:07:28 2023 - INFO  - End to run testcase:oe_test_libguestfs_virt-format.
Thu Jun 22 16:07:28 2023 - INFO  - A total of 1 use cases were executed, with 0 successes and 1 failures.
Thu Jun 22 16:07:31 2023 - INFO  - start to run testcase:oe_test_libguestfs_virt-get-kernel_01.
Thu Jun 22 16:08:13 2023 - ERROR - The case exit by code 7.
Thu Jun 22 16:08:14 2023 - INFO  - End to run testcase:oe_test_libguestfs_virt-get-kernel_01.
Thu Jun 22 16:08:14 2023 - INFO  - A total of 1 use cases were executed, with 0 successes and 1 failures.
Thu Jun 22 16:08:17 2023 - INFO  - start to run testcase:oe_test_libguestfs_virt-get-kernel_02.
Thu Jun 22 16:08:58 2023 - ERROR - The case exit by code 7.
Thu Jun 22 16:08:59 2023 - INFO  - End to run testcase:oe_test_libguestfs_virt-get-kernel_02.
Thu Jun 22 16:08:59 2023 - INFO  - A total of 1 use cases were executed, with 0 successes and 1 failures.
Thu Jun 22 16:09:02 2023 - INFO  - start to run testcase:oe_test_libguestfs_virt-index-validate.
Thu Jun 22 16:09:18 2023 - ERROR - The case exit by code 1.
Thu Jun 22 16:09:18 2023 - INFO  - End to run testcase:oe_test_libguestfs_virt-index-validate.
Thu Jun 22 16:09:19 2023 - INFO  - A total of 1 use cases were executed, with 0 successes and 1 failures.
Thu Jun 22 16:09:21 2023 - INFO  - start to run testcase:oe_test_libguestfs_virt-inspector_01.
Thu Jun 22 16:09:59 2023 - ERROR - The case exit by code 4.
Thu Jun 22 16:10:00 2023 - INFO  - End to run testcase:oe_test_libguestfs_virt-inspector_01.
Thu Jun 22 16:10:00 2023 - INFO  - A total of 1 use cases were executed, with 0 successes and 1 failures.
Thu Jun 22 16:10:03 2023 - INFO  - start to run testcase:oe_test_libguestfs_virt-inspector_02.
Thu Jun 22 16:10:48 2023 - ERROR - The case exit by code 10.
Thu Jun 22 16:10:48 2023 - INFO  - End to run testcase:oe_test_libguestfs_virt-inspector_02.
Thu Jun 22 16:10:49 2023 - INFO  - A total of 1 use cases were executed, with 0 successes and 1 failures.
Thu Jun 22 16:10:51 2023 - INFO  - start to run testcase:oe_test_libguestfs_virt-log.
Thu Jun 22 16:11:37 2023 - ERROR - The case exit by code 11.
Thu Jun 22 16:11:37 2023 - INFO  - End to run testcase:oe_test_libguestfs_virt-log.
Thu Jun 22 16:11:38 2023 - INFO  - A total of 1 use cases were executed, with 0 successes and 1 failures.
Thu Jun 22 16:11:40 2023 - INFO  - start to run testcase:oe_test_libguestfs_virt-ls_01.
Thu Jun 22 16:12:22 2023 - ERROR - The case exit by code 6.
Thu Jun 22 16:12:23 2023 - INFO  - End to run testcase:oe_test_libguestfs_virt-ls_01.
Thu Jun 22 16:12:23 2023 - INFO  - A total of 1 use cases were executed, with 0 successes and 1 failures.
Thu Jun 22 16:12:26 2023 - INFO  - start to run testcase:oe_test_libguestfs_virt-ls_02.
Thu Jun 22 16:13:08 2023 - ERROR - The case exit by code 7.
Thu Jun 22 16:13:09 2023 - INFO  - End to run testcase:oe_test_libguestfs_virt-ls_02.
Thu Jun 22 16:13:09 2023 - INFO  - A total of 1 use cases were executed, with 0 successes and 1 failures.
Thu Jun 22 16:13:12 2023 - INFO  - start to run testcase:oe_test_libguestfs_virt-make-fs.
Thu Jun 22 16:13:56 2023 - ERROR - The case exit by code 10.
Thu Jun 22 16:13:57 2023 - INFO  - End to run testcase:oe_test_libguestfs_virt-make-fs.
Thu Jun 22 16:13:57 2023 - INFO  - A total of 1 use cases were executed, with 0 successes and 1 failures.
Thu Jun 22 16:14:00 2023 - INFO  - start to run testcase:oe_test_libguestfs_virt-p2v-make-disk.
Thu Jun 22 16:14:17 2023 - ERROR - The case exit by code 2.
Thu Jun 22 16:14:17 2023 - INFO  - End to run testcase:oe_test_libguestfs_virt-p2v-make-disk.
Thu Jun 22 16:14:18 2023 - INFO  - A total of 1 use cases were executed, with 0 successes and 1 failures.
Thu Jun 22 16:14:20 2023 - INFO  - start to run testcase:oe_test_libguestfs_virt-p2v-make-kickstart.
Thu Jun 22 16:14:38 2023 - ERROR - The case exit by code 3.
Thu Jun 22 16:14:39 2023 - INFO  - End to run testcase:oe_test_libguestfs_virt-p2v-make-kickstart.
Thu Jun 22 16:14:39 2023 - INFO  - A total of 1 use cases were executed, with 0 successes and 1 failures.
Thu Jun 22 16:14:42 2023 - INFO  - start to run testcase:oe_test_libguestfs_virt-p2v-make-kiwi.
Thu Jun 22 16:14:59 2023 - ERROR - The case exit by code 2.
Thu Jun 22 16:15:00 2023 - INFO  - End to run testcase:oe_test_libguestfs_virt-p2v-make-kiwi.
Thu Jun 22 16:15:00 2023 - INFO  - A total of 1 use cases were executed, with 0 successes and 1 failures.
Thu Jun 22 16:15:03 2023 - INFO  - start to run testcase:oe_test_libguestfs_virt-resize_01.
Thu Jun 22 16:15:47 2023 - ERROR - The case exit by code 10.
Thu Jun 22 16:15:47 2023 - INFO  - End to run testcase:oe_test_libguestfs_virt-resize_01.
Thu Jun 22 16:15:48 2023 - INFO  - A total of 1 use cases were executed, with 0 successes and 1 failures.
Thu Jun 22 16:15:50 2023 - INFO  - start to run testcase:oe_test_libguestfs_virt-resize_02.
Thu Jun 22 16:16:39 2023 - ERROR - The case exit by code 10.
Thu Jun 22 16:16:39 2023 - INFO  - End to run testcase:oe_test_libguestfs_virt-resize_02.
Thu Jun 22 16:16:40 2023 - INFO  - A total of 1 use cases were executed, with 0 successes and 1 failures.
Thu Jun 22 16:16:42 2023 - INFO  - start to run testcase:oe_test_libguestfs_virt-resize_03.
Thu Jun 22 16:17:19 2023 - ERROR - The case exit by code 3.
Thu Jun 22 16:17:20 2023 - INFO  - End to run testcase:oe_test_libguestfs_virt-resize_03.
Thu Jun 22 16:17:21 2023 - INFO  - A total of 1 use cases were executed, with 0 successes and 1 failures.
Thu Jun 22 16:17:23 2023 - INFO  - start to run testcase:oe_test_libguestfs_virt-sparsify.
Thu Jun 22 16:17:40 2023 - ERROR - The case exit by code 2.
Thu Jun 22 16:17:41 2023 - INFO  - End to run testcase:oe_test_libguestfs_virt-sparsify.
Thu Jun 22 16:17:41 2023 - INFO  - A total of 1 use cases were executed, with 0 successes and 1 failures.
Thu Jun 22 16:17:44 2023 - INFO  - start to run testcase:oe_test_libguestfs_virt-sysprep_01.
Thu Jun 22 16:18:28 2023 - ERROR - The case exit by code 10.
Thu Jun 22 16:18:29 2023 - INFO  - End to run testcase:oe_test_libguestfs_virt-sysprep_01.
Thu Jun 22 16:18:30 2023 - INFO  - A total of 1 use cases were executed, with 0 successes and 1 failures.
Thu Jun 22 16:18:32 2023 - INFO  - start to run testcase:oe_test_libguestfs_virt-sysprep_02.
Thu Jun 22 16:22:48 2023 - ERROR - The case exit by code 9.
Thu Jun 22 16:22:49 2023 - INFO  - End to run testcase:oe_test_libguestfs_virt-sysprep_02.
Thu Jun 22 16:22:49 2023 - INFO  - A total of 1 use cases were executed, with 0 successes and 1 failures.
Thu Jun 22 16:22:52 2023 - INFO  - start to run testcase:oe_test_libguestfs_virt-sysprep_03.
Thu Jun 22 16:23:41 2023 - ERROR - The case exit by code 10.
Thu Jun 22 16:23:42 2023 - INFO  - End to run testcase:oe_test_libguestfs_virt-sysprep_03.
Thu Jun 22 16:23:42 2023 - INFO  - A total of 1 use cases were executed, with 0 successes and 1 failures.
Thu Jun 22 16:23:45 2023 - INFO  - start to run testcase:oe_test_libguestfs_virt-sysprep_04.
Thu Jun 22 16:24:34 2023 - ERROR - The case exit by code 10.
Thu Jun 22 16:24:34 2023 - INFO  - End to run testcase:oe_test_libguestfs_virt-sysprep_04.
Thu Jun 22 16:24:35 2023 - INFO  - A total of 1 use cases were executed, with 0 successes and 1 failures.
Thu Jun 22 16:24:38 2023 - INFO  - start to run testcase:oe_test_libguestfs_virt-sysprep_05.
Thu Jun 22 16:25:19 2023 - ERROR - The case exit by code 6.
Thu Jun 22 16:25:20 2023 - INFO  - End to run testcase:oe_test_libguestfs_virt-sysprep_05.
Thu Jun 22 16:25:20 2023 - INFO  - A total of 1 use cases were executed, with 0 successes and 1 failures.
Thu Jun 22 16:25:23 2023 - INFO  - start to run testcase:oe_test_libguestfs_virt-tar-in.
Thu Jun 22 16:26:46 2023 - ERROR - The case exit by code 4.
Thu Jun 22 16:26:47 2023 - INFO  - End to run testcase:oe_test_libguestfs_virt-tar-in.
Thu Jun 22 16:26:47 2023 - INFO  - A total of 1 use cases were executed, with 0 successes and 1 failures.
Thu Jun 22 16:26:50 2023 - INFO  - start to run testcase:oe_test_libguestfs_virt-tar-out.
Thu Jun 22 16:28:09 2023 - ERROR - The case exit by code 4.
Thu Jun 22 16:28:09 2023 - INFO  - End to run testcase:oe_test_libguestfs_virt-tar-out.
Thu Jun 22 16:28:10 2023 - INFO  - A total of 1 use cases were executed, with 0 successes and 1 failures.
Thu Jun 22 16:28:12 2023 - INFO  - start to run testcase:oe_test_libguestfs_virt-v2v.
Thu Jun 22 16:28:29 2023 - ERROR - The case exit by code 1.
Thu Jun 22 16:28:29 2023 - INFO  - End to run testcase:oe_test_libguestfs_virt-v2v.
Thu Jun 22 16:28:30 2023 - INFO  - A total of 1 use cases were executed, with 0 successes and 1 failures.
Thu Jun 22 16:28:32 2023 - INFO  - start to run testcase:oe_test_libguestfs_virt-v2v-copy-to-local.
Thu Jun 22 16:28:50 2023 - ERROR - The case exit by code 2.
Thu Jun 22 16:28:51 2023 - INFO  - End to run testcase:oe_test_libguestfs_virt-v2v-copy-to-local.
Thu Jun 22 16:28:51 2023 - INFO  - A total of 1 use cases were executed, with 0 successes and 1 failures.
Thu Jun 22 16:28:54 2023 - INFO  - start to run testcase:oe_test_libguestfs_virt-win-reg.
Thu Jun 22 16:29:11 2023 - ERROR - The case exit by code 1.
Thu Jun 22 16:29:12 2023 - INFO  - End to run testcase:oe_test_libguestfs_virt-win-reg.
Thu Jun 22 16:29:12 2023 - INFO  - A total of 1 use cases were executed, with 0 successes and 1 failures.
