Thu Jun 22 17:43:34 2023 - INFO  - start to run testcase:oe_test_rustc_01.
Thu Jun 22 17:44:39 2023 - ERROR - The case exit by code 35.
Thu Jun 22 17:44:39 2023 - INFO  - End to run testcase:oe_test_rustc_01.
Thu Jun 22 17:44:40 2023 - INFO  - A total of 1 use cases were executed, with 0 successes and 1 failures.
Thu Jun 22 17:44:42 2023 - INFO  - start to run testcase:oe_test_rustc_02.
Thu Jun 22 17:45:32 2023 - ERROR - The case exit by code 27.
Thu Jun 22 17:45:33 2023 - INFO  - End to run testcase:oe_test_rustc_02.
Thu Jun 22 17:45:33 2023 - INFO  - A total of 1 use cases were executed, with 0 successes and 1 failures.
Thu Jun 22 17:45:35 2023 - INFO  - start to run testcase:oe_test_rustc_03.
Thu Jun 22 17:46:16 2023 - ERROR - The case exit by code 12.
Thu Jun 22 17:46:17 2023 - INFO  - End to run testcase:oe_test_rustc_03.
Thu Jun 22 17:46:18 2023 - INFO  - A total of 1 use cases were executed, with 0 successes and 1 failures.
Thu Jun 22 17:46:20 2023 - INFO  - start to run testcase:oe_test_rustdoc.
Thu Jun 22 17:47:03 2023 - ERROR - The case exit by code 21.
Thu Jun 22 17:47:03 2023 - INFO  - End to run testcase:oe_test_rustdoc.
Thu Jun 22 17:47:04 2023 - INFO  - A total of 1 use cases were executed, with 0 successes and 1 failures.
Thu Jun 22 17:47:06 2023 - INFO  - start to run testcase:oe_test_cargo_01.
Thu Jun 22 17:47:42 2023 - ERROR - The case exit by code 1.
Thu Jun 22 17:47:42 2023 - INFO  - End to run testcase:oe_test_cargo_01.
Thu Jun 22 17:47:43 2023 - INFO  - A total of 1 use cases were executed, with 0 successes and 1 failures.
Thu Jun 22 17:47:45 2023 - INFO  - start to run testcase:oe_test_cargo_02.
Thu Jun 22 17:48:33 2023 - ERROR - The case exit by code 13.
Thu Jun 22 17:48:33 2023 - INFO  - End to run testcase:oe_test_cargo_02.
Thu Jun 22 17:48:34 2023 - INFO  - A total of 1 use cases were executed, with 0 successes and 1 failures.
Thu Jun 22 17:48:36 2023 - INFO  - start to run testcase:oe_test_clippy.
Thu Jun 22 17:49:07 2023 - ERROR - The case exit by code 1.
Thu Jun 22 17:49:07 2023 - INFO  - End to run testcase:oe_test_clippy.
Thu Jun 22 17:49:08 2023 - INFO  - A total of 1 use cases were executed, with 0 successes and 1 failures.
Thu Jun 22 17:49:10 2023 - INFO  - start to run testcase:oe_test_rustfmt.
Thu Jun 22 17:49:52 2023 - ERROR - The case exit by code 10.
Thu Jun 22 17:49:53 2023 - INFO  - End to run testcase:oe_test_rustfmt.
Thu Jun 22 17:49:53 2023 - INFO  - A total of 1 use cases were executed, with 0 successes and 1 failures.
