Tue Aug  8 10:05:30 2023 - INFO  - start to run testcase:oe_test_sanlock_base_01.
Tue Aug  8 10:07:19 2023 - INFO  - The case exit by code 0.
Tue Aug  8 10:07:20 2023 - INFO  - End to run testcase:oe_test_sanlock_base_01.
Tue Aug  8 10:07:20 2023 - INFO  - A total of 1 use cases were executed, with 1 successes and 0 failures.
Tue Aug  8 10:07:23 2023 - INFO  - start to run testcase:oe_test_sanlock_base_02.
Tue Aug  8 10:08:51 2023 - INFO  - The case exit by code 0.
Tue Aug  8 10:08:51 2023 - INFO  - End to run testcase:oe_test_sanlock_base_02.
Tue Aug  8 10:08:52 2023 - INFO  - A total of 1 use cases were executed, with 1 successes and 0 failures.
Tue Aug  8 10:08:54 2023 - INFO  - start to run testcase:oe_test_sanlock_base_03.
Tue Aug  8 10:10:19 2023 - INFO  - The case exit by code 0.
Tue Aug  8 10:10:20 2023 - INFO  - End to run testcase:oe_test_sanlock_base_03.
Tue Aug  8 10:10:20 2023 - INFO  - A total of 1 use cases were executed, with 1 successes and 0 failures.
Tue Aug  8 10:10:22 2023 - INFO  - start to run testcase:oe_test_sanlock_base_04.
Tue Aug  8 10:11:38 2023 - INFO  - The case exit by code 0.
Tue Aug  8 10:11:39 2023 - INFO  - End to run testcase:oe_test_sanlock_base_04.
Tue Aug  8 10:11:39 2023 - INFO  - A total of 1 use cases were executed, with 1 successes and 0 failures.
Tue Aug  8 10:11:42 2023 - INFO  - start to run testcase:oe_test_sanlock_wdmd.
Tue Aug  8 10:12:57 2023 - INFO  - The case exit by code 0.
Tue Aug  8 10:12:57 2023 - INFO  - End to run testcase:oe_test_sanlock_wdmd.
Tue Aug  8 10:12:58 2023 - INFO  - A total of 1 use cases were executed, with 1 successes and 0 failures.
Tue Aug  8 10:13:00 2023 - INFO  - start to run testcase:oe_test_sanlock_sanlk-reset_01.
Tue Aug  8 10:14:46 2023 - INFO  - The case exit by code 0.
Tue Aug  8 10:14:47 2023 - INFO  - End to run testcase:oe_test_sanlock_sanlk-reset_01.
Tue Aug  8 10:14:47 2023 - INFO  - A total of 1 use cases were executed, with 1 successes and 0 failures.
Tue Aug  8 10:14:50 2023 - INFO  - start to run testcase:oe_test_sanlock_sanlk-reset_02.
Tue Aug  8 10:16:56 2023 - INFO  - The case exit by code 0.
Tue Aug  8 10:16:56 2023 - INFO  - End to run testcase:oe_test_sanlock_sanlk-reset_02.
Tue Aug  8 10:16:57 2023 - INFO  - A total of 1 use cases were executed, with 1 successes and 0 failures.
Tue Aug  8 10:16:59 2023 - INFO  - start to run testcase:oe_test_sanlock_sanlk_resetd.
Tue Aug  8 10:18:34 2023 - INFO  - The case exit by code 0.
Tue Aug  8 10:18:35 2023 - INFO  - End to run testcase:oe_test_sanlock_sanlk_resetd.
Tue Aug  8 10:18:35 2023 - INFO  - A total of 1 use cases were executed, with 1 successes and 0 failures.
