Tue Aug  8 11:13:47 2023 - INFO  - start to run testcase:oe_test_service_dbus.
Tue Aug  8 11:13:47 2023 - INFO  - start to run testcase:oe_test_service_dbus.
Tue Aug  8 11:13:47 2023 - INFO  - start to run testcase:oe_test_service_dbus.
Tue Aug  8 11:14:25 2023 - INFO  - The case exit by code 0.
Tue Aug  8 11:14:25 2023 - INFO  - The case exit by code 0.
Tue Aug  8 11:14:25 2023 - INFO  - The case exit by code 0.
Tue Aug  8 11:14:25 2023 - INFO  - End to run testcase:oe_test_service_dbus.
Tue Aug  8 11:14:25 2023 - INFO  - End to run testcase:oe_test_service_dbus.
Tue Aug  8 11:14:25 2023 - INFO  - End to run testcase:oe_test_service_dbus.
Tue Aug  8 11:14:26 2023 - INFO  - A total of 1 use cases were executed, with 1 successes and 0 failures.
Tue Aug  8 11:14:26 2023 - INFO  - A total of 1 use cases were executed, with 1 successes and 0 failures.
Tue Aug  8 11:14:26 2023 - INFO  - A total of 1 use cases were executed, with 1 successes and 0 failures.
Tue Aug  8 11:14:29 2023 - INFO  - start to run testcase:oe_test_socket_dbus.
Tue Aug  8 11:14:29 2023 - INFO  - start to run testcase:oe_test_socket_dbus.
Tue Aug  8 11:14:29 2023 - INFO  - start to run testcase:oe_test_socket_dbus.
Tue Aug  8 11:14:53 2023 - INFO  - The case exit by code 0.
Tue Aug  8 11:14:53 2023 - INFO  - The case exit by code 0.
Tue Aug  8 11:14:54 2023 - INFO  - End to run testcase:oe_test_socket_dbus.
Tue Aug  8 11:14:54 2023 - INFO  - End to run testcase:oe_test_socket_dbus.
Tue Aug  8 11:14:54 2023 - INFO  - A total of 1 use cases were executed, with 1 successes and 0 failures.
Tue Aug  8 11:14:54 2023 - INFO  - A total of 1 use cases were executed, with 1 successes and 0 failures.
Tue Aug  8 11:14:55 2023 - ERROR - The case exit by code 2.
Tue Aug  8 11:14:56 2023 - INFO  - End to run testcase:oe_test_socket_dbus.
Tue Aug  8 11:14:57 2023 - INFO  - A total of 1 use cases were executed, with 0 successes and 1 failures.
