Thu Jun 22 15:47:17 2023 - INFO  - start to run testcase:oe_test_hwloc_base_hwloc-info_01.
Thu Jun 22 15:48:18 2023 - INFO  - The case exit by code 0.
Thu Jun 22 15:48:19 2023 - INFO  - End to run testcase:oe_test_hwloc_base_hwloc-info_01.
Thu Jun 22 15:48:19 2023 - INFO  - A total of 1 use cases were executed, with 1 successes and 0 failures.
Thu Jun 22 15:48:22 2023 - INFO  - start to run testcase:oe_test_hwloc_base_hwloc-info_02.
Thu Jun 22 15:49:11 2023 - INFO  - The case exit by code 0.
Thu Jun 22 15:49:12 2023 - INFO  - End to run testcase:oe_test_hwloc_base_hwloc-info_02.
Thu Jun 22 15:49:12 2023 - INFO  - A total of 1 use cases were executed, with 1 successes and 0 failures.
Thu Jun 22 15:49:15 2023 - INFO  - start to run testcase:oe_test_hwloc_base_hwloc-info_03.
Thu Jun 22 15:50:04 2023 - INFO  - The case exit by code 0.
Thu Jun 22 15:50:04 2023 - INFO  - End to run testcase:oe_test_hwloc_base_hwloc-info_03.
Thu Jun 22 15:50:05 2023 - INFO  - A total of 1 use cases were executed, with 1 successes and 0 failures.
Thu Jun 22 15:50:07 2023 - INFO  - start to run testcase:oe_test_hwloc_base_hwloc-info_04.
Thu Jun 22 15:50:57 2023 - INFO  - The case exit by code 0.
Thu Jun 22 15:50:57 2023 - INFO  - End to run testcase:oe_test_hwloc_base_hwloc-info_04.
Thu Jun 22 15:50:58 2023 - INFO  - A total of 1 use cases were executed, with 1 successes and 0 failures.
Thu Jun 22 15:51:01 2023 - INFO  - start to run testcase:oe_test_hwloc_base_hwloc-ps_01.
Thu Jun 22 15:51:50 2023 - INFO  - The case exit by code 0.
Thu Jun 22 15:51:51 2023 - INFO  - End to run testcase:oe_test_hwloc_base_hwloc-ps_01.
Thu Jun 22 15:51:51 2023 - INFO  - A total of 1 use cases were executed, with 1 successes and 0 failures.
Thu Jun 22 15:51:54 2023 - INFO  - start to run testcase:oe_test_hwloc_base_hwloc-ps_02.
Thu Jun 22 15:52:43 2023 - INFO  - The case exit by code 0.
Thu Jun 22 15:52:43 2023 - INFO  - End to run testcase:oe_test_hwloc_base_hwloc-ps_02.
Thu Jun 22 15:52:44 2023 - INFO  - A total of 1 use cases were executed, with 1 successes and 0 failures.
Thu Jun 22 15:52:47 2023 - INFO  - start to run testcase:oe_test_hwloc_base_hwloc-compress-dir.
Thu Jun 22 15:53:37 2023 - INFO  - The case exit by code 0.
Thu Jun 22 15:53:38 2023 - INFO  - End to run testcase:oe_test_hwloc_base_hwloc-compress-dir.
Thu Jun 22 15:53:39 2023 - INFO  - A total of 1 use cases were executed, with 1 successes and 0 failures.
Thu Jun 22 15:53:41 2023 - INFO  - start to run testcase:oe_test_hwloc_base_hwloc-distrib_01.
Thu Jun 22 15:54:30 2023 - INFO  - The case exit by code 0.
Thu Jun 22 15:54:31 2023 - INFO  - End to run testcase:oe_test_hwloc_base_hwloc-distrib_01.
Thu Jun 22 15:54:32 2023 - INFO  - A total of 1 use cases were executed, with 1 successes and 0 failures.
Thu Jun 22 15:54:34 2023 - INFO  - start to run testcase:oe_test_hwloc_base_hwloc-distrib_02.
Thu Jun 22 15:55:25 2023 - INFO  - The case exit by code 0.
Thu Jun 22 15:55:25 2023 - INFO  - End to run testcase:oe_test_hwloc_base_hwloc-distrib_02.
Thu Jun 22 15:55:26 2023 - INFO  - A total of 1 use cases were executed, with 1 successes and 0 failures.
Thu Jun 22 15:55:28 2023 - INFO  - start to run testcase:oe_test_hwloc_base_hwloc-bind_01.
Thu Jun 22 15:56:19 2023 - INFO  - The case exit by code 0.
Thu Jun 22 15:56:19 2023 - INFO  - End to run testcase:oe_test_hwloc_base_hwloc-bind_01.
Thu Jun 22 15:56:20 2023 - INFO  - A total of 1 use cases were executed, with 1 successes and 0 failures.
Thu Jun 22 15:56:22 2023 - INFO  - start to run testcase:oe_test_hwloc_base_hwloc-bind_02.
Thu Jun 22 15:57:12 2023 - INFO  - The case exit by code 0.
Thu Jun 22 15:57:13 2023 - INFO  - End to run testcase:oe_test_hwloc_base_hwloc-bind_02.
Thu Jun 22 15:57:13 2023 - INFO  - A total of 1 use cases were executed, with 1 successes and 0 failures.
Thu Jun 22 15:57:16 2023 - INFO  - start to run testcase:oe_test_hwloc_base_hwloc-bind_03.
Thu Jun 22 15:58:05 2023 - INFO  - The case exit by code 0.
Thu Jun 22 15:58:06 2023 - INFO  - End to run testcase:oe_test_hwloc_base_hwloc-bind_03.
Thu Jun 22 15:58:06 2023 - INFO  - A total of 1 use cases were executed, with 1 successes and 0 failures.
Thu Jun 22 15:58:09 2023 - INFO  - start to run testcase:oe_test_hwloc_base_lstopo-no-graphics_01.
Thu Jun 22 15:58:58 2023 - INFO  - The case exit by code 0.
Thu Jun 22 15:58:59 2023 - INFO  - End to run testcase:oe_test_hwloc_base_lstopo-no-graphics_01.
Thu Jun 22 15:58:59 2023 - INFO  - A total of 1 use cases were executed, with 1 successes and 0 failures.
Thu Jun 22 15:59:02 2023 - INFO  - start to run testcase:oe_test_hwloc_base_lstopo-no-graphics_02.
Thu Jun 22 15:59:52 2023 - INFO  - The case exit by code 0.
Thu Jun 22 15:59:52 2023 - INFO  - End to run testcase:oe_test_hwloc_base_lstopo-no-graphics_02.
Thu Jun 22 15:59:53 2023 - INFO  - A total of 1 use cases were executed, with 1 successes and 0 failures.
Thu Jun 22 15:59:55 2023 - INFO  - start to run testcase:oe_test_hwloc_base_lstopo-no-graphics_03.
Thu Jun 22 16:00:46 2023 - INFO  - The case exit by code 0.
Thu Jun 22 16:00:46 2023 - INFO  - End to run testcase:oe_test_hwloc_base_lstopo-no-graphics_03.
Thu Jun 22 16:00:47 2023 - INFO  - A total of 1 use cases were executed, with 1 successes and 0 failures.
Thu Jun 22 16:00:49 2023 - INFO  - start to run testcase:oe_test_hwloc_base_lstopo-no-graphics_04.
Thu Jun 22 16:01:39 2023 - INFO  - The case exit by code 0.
Thu Jun 22 16:01:40 2023 - INFO  - End to run testcase:oe_test_hwloc_base_lstopo-no-graphics_04.
Thu Jun 22 16:01:40 2023 - INFO  - A total of 1 use cases were executed, with 1 successes and 0 failures.
Thu Jun 22 16:01:43 2023 - INFO  - start to run testcase:oe_test_hwloc_base_lstopo-no-graphics_05.
Thu Jun 22 16:02:31 2023 - INFO  - The case exit by code 0.
Thu Jun 22 16:02:32 2023 - INFO  - End to run testcase:oe_test_hwloc_base_lstopo-no-graphics_05.
Thu Jun 22 16:02:32 2023 - INFO  - A total of 1 use cases were executed, with 1 successes and 0 failures.
Thu Jun 22 16:02:35 2023 - INFO  - start to run testcase:oe_test_hwloc_base_lstopo_01.
Thu Jun 22 16:03:24 2023 - INFO  - The case exit by code 0.
Thu Jun 22 16:03:24 2023 - INFO  - End to run testcase:oe_test_hwloc_base_lstopo_01.
Thu Jun 22 16:03:25 2023 - INFO  - A total of 1 use cases were executed, with 1 successes and 0 failures.
Thu Jun 22 16:03:27 2023 - INFO  - start to run testcase:oe_test_hwloc_base_lstopo_02.
Thu Jun 22 16:04:18 2023 - INFO  - The case exit by code 0.
Thu Jun 22 16:04:19 2023 - INFO  - End to run testcase:oe_test_hwloc_base_lstopo_02.
Thu Jun 22 16:04:20 2023 - INFO  - A total of 1 use cases were executed, with 1 successes and 0 failures.
Thu Jun 22 16:04:22 2023 - INFO  - start to run testcase:oe_test_hwloc_base_lstopo_03.
Thu Jun 22 16:05:12 2023 - INFO  - The case exit by code 0.
Thu Jun 22 16:05:12 2023 - INFO  - End to run testcase:oe_test_hwloc_base_lstopo_03.
Thu Jun 22 16:05:13 2023 - INFO  - A total of 1 use cases were executed, with 1 successes and 0 failures.
Thu Jun 22 16:05:16 2023 - INFO  - start to run testcase:oe_test_hwloc_base_lstopo_04.
Thu Jun 22 16:06:10 2023 - INFO  - The case exit by code 0.
Thu Jun 22 16:06:10 2023 - INFO  - End to run testcase:oe_test_hwloc_base_lstopo_04.
Thu Jun 22 16:06:11 2023 - INFO  - A total of 1 use cases were executed, with 1 successes and 0 failures.
Thu Jun 22 16:06:14 2023 - INFO  - start to run testcase:oe_test_hwloc_base_lstopo_05.
Thu Jun 22 16:07:03 2023 - INFO  - The case exit by code 0.
Thu Jun 22 16:07:04 2023 - INFO  - End to run testcase:oe_test_hwloc_base_lstopo_05.
Thu Jun 22 16:07:05 2023 - INFO  - A total of 1 use cases were executed, with 1 successes and 0 failures.
Thu Jun 22 16:07:07 2023 - INFO  - start to run testcase:oe_test_hwloc_base_hwloc-calc_01.
Thu Jun 22 16:07:54 2023 - INFO  - The case exit by code 0.
Thu Jun 22 16:07:55 2023 - INFO  - End to run testcase:oe_test_hwloc_base_hwloc-calc_01.
Thu Jun 22 16:07:55 2023 - INFO  - A total of 1 use cases were executed, with 1 successes and 0 failures.
Thu Jun 22 16:07:58 2023 - INFO  - start to run testcase:oe_test_hwloc_base_hwloc-calc_02.
Thu Jun 22 16:08:43 2023 - INFO  - The case exit by code 0.
Thu Jun 22 16:08:44 2023 - INFO  - End to run testcase:oe_test_hwloc_base_hwloc-calc_02.
Thu Jun 22 16:08:44 2023 - INFO  - A total of 1 use cases were executed, with 1 successes and 0 failures.
Thu Jun 22 16:08:47 2023 - INFO  - start to run testcase:oe_test_hwloc_base_hwloc-calc_03.
Thu Jun 22 16:09:31 2023 - INFO  - The case exit by code 0.
Thu Jun 22 16:09:32 2023 - INFO  - End to run testcase:oe_test_hwloc_base_hwloc-calc_03.
Thu Jun 22 16:09:32 2023 - INFO  - A total of 1 use cases were executed, with 1 successes and 0 failures.
Thu Jun 22 16:09:35 2023 - INFO  - start to run testcase:oe_test_hwloc_base_hwloc-calc_04.
Thu Jun 22 16:10:20 2023 - INFO  - The case exit by code 0.
Thu Jun 22 16:10:20 2023 - INFO  - End to run testcase:oe_test_hwloc_base_hwloc-calc_04.
Thu Jun 22 16:10:21 2023 - INFO  - A total of 1 use cases were executed, with 1 successes and 0 failures.
Thu Jun 22 16:10:23 2023 - INFO  - start to run testcase:oe_test_hwloc_base_hwloc-annotate.
Thu Jun 22 16:11:08 2023 - INFO  - The case exit by code 0.
Thu Jun 22 16:11:09 2023 - INFO  - End to run testcase:oe_test_hwloc_base_hwloc-annotate.
Thu Jun 22 16:11:10 2023 - INFO  - A total of 1 use cases were executed, with 1 successes and 0 failures.
Thu Jun 22 16:11:12 2023 - INFO  - start to run testcase:oe_test_hwloc_base_hwloc-ls_01.
Thu Jun 22 16:11:59 2023 - ERROR - The case exit by code 1.
Thu Jun 22 16:12:00 2023 - INFO  - End to run testcase:oe_test_hwloc_base_hwloc-ls_01.
Thu Jun 22 16:12:00 2023 - INFO  - A total of 1 use cases were executed, with 0 successes and 1 failures.
Thu Jun 22 16:12:03 2023 - INFO  - start to run testcase:oe_test_hwloc_base_hwloc-ls_02.
Thu Jun 22 16:12:52 2023 - ERROR - The case exit by code 3.
Thu Jun 22 16:12:53 2023 - INFO  - End to run testcase:oe_test_hwloc_base_hwloc-ls_02.
Thu Jun 22 16:12:53 2023 - INFO  - A total of 1 use cases were executed, with 0 successes and 1 failures.
Thu Jun 22 16:12:56 2023 - INFO  - start to run testcase:oe_test_hwloc_base_hwloc-ls_03.
Thu Jun 22 16:13:43 2023 - ERROR - The case exit by code 1.
Thu Jun 22 16:13:43 2023 - INFO  - End to run testcase:oe_test_hwloc_base_hwloc-ls_03.
Thu Jun 22 16:13:44 2023 - INFO  - A total of 1 use cases were executed, with 0 successes and 1 failures.
Thu Jun 22 16:13:46 2023 - INFO  - start to run testcase:oe_test_hwloc_base_hwloc-ls_04.
Thu Jun 22 16:14:35 2023 - ERROR - The case exit by code 2.
Thu Jun 22 16:14:35 2023 - INFO  - End to run testcase:oe_test_hwloc_base_hwloc-ls_04.
Thu Jun 22 16:14:36 2023 - INFO  - A total of 1 use cases were executed, with 0 successes and 1 failures.
Thu Jun 22 16:14:38 2023 - INFO  - start to run testcase:oe_test_hwloc_base_hwloc-ls_05.
Thu Jun 22 16:15:25 2023 - INFO  - The case exit by code 0.
Thu Jun 22 16:15:25 2023 - INFO  - End to run testcase:oe_test_hwloc_base_hwloc-ls_05.
Thu Jun 22 16:15:26 2023 - INFO  - A total of 1 use cases were executed, with 1 successes and 0 failures.
Thu Jun 22 16:15:28 2023 - INFO  - start to run testcase:oe_test_hwloc_base_others.
Thu Jun 22 16:17:41 2023 - INFO  - The case exit by code 0.
Thu Jun 22 16:17:42 2023 - INFO  - End to run testcase:oe_test_hwloc_base_others.
Thu Jun 22 16:17:42 2023 - INFO  - A total of 1 use cases were executed, with 1 successes and 0 failures.
Thu Jun 22 16:17:44 2023 - INFO  - start to run testcase:oe_test_hwloc_base_hwloc-patch.
Thu Jun 22 16:18:29 2023 - INFO  - The case exit by code 0.
Thu Jun 22 16:18:30 2023 - INFO  - End to run testcase:oe_test_hwloc_base_hwloc-patch.
Thu Jun 22 16:18:30 2023 - INFO  - A total of 1 use cases were executed, with 1 successes and 0 failures.
Thu Jun 22 16:18:33 2023 - INFO  - start to run testcase:oe_test_hwloc_2.7.1_hwloc-annotate.
Thu Jun 22 16:19:18 2023 - INFO  - The case exit by code 0.
Thu Jun 22 16:19:18 2023 - INFO  - End to run testcase:oe_test_hwloc_2.7.1_hwloc-annotate.
Thu Jun 22 16:19:19 2023 - INFO  - A total of 1 use cases were executed, with 1 successes and 0 failures.
Thu Jun 22 16:19:21 2023 - INFO  - start to run testcase:oe_test_hwloc_2.7.1_hwloc-bind.
Thu Jun 22 16:20:13 2023 - INFO  - The case exit by code 0.
Thu Jun 22 16:20:13 2023 - INFO  - End to run testcase:oe_test_hwloc_2.7.1_hwloc-bind.
Thu Jun 22 16:20:14 2023 - INFO  - A total of 1 use cases were executed, with 1 successes and 0 failures.
Thu Jun 22 16:20:16 2023 - INFO  - start to run testcase:oe_test_hwloc_2.7.1_hwloc-calc_01.
Thu Jun 22 16:21:08 2023 - INFO  - The case exit by code 0.
Thu Jun 22 16:21:08 2023 - INFO  - End to run testcase:oe_test_hwloc_2.7.1_hwloc-calc_01.
Thu Jun 22 16:21:09 2023 - INFO  - A total of 1 use cases were executed, with 1 successes and 0 failures.
Thu Jun 22 16:21:12 2023 - INFO  - start to run testcase:oe_test_hwloc_2.7.1_hwloc-calc_02.
Thu Jun 22 16:22:01 2023 - INFO  - The case exit by code 0.
Thu Jun 22 16:22:02 2023 - INFO  - End to run testcase:oe_test_hwloc_2.7.1_hwloc-calc_02.
Thu Jun 22 16:22:02 2023 - INFO  - A total of 1 use cases were executed, with 1 successes and 0 failures.
Thu Jun 22 16:22:05 2023 - INFO  - start to run testcase:oe_test_hwloc_2.7.1_hwloc-compress-dir.
Thu Jun 22 16:22:55 2023 - INFO  - The case exit by code 0.
Thu Jun 22 16:22:56 2023 - INFO  - End to run testcase:oe_test_hwloc_2.7.1_hwloc-compress-dir.
Thu Jun 22 16:22:56 2023 - INFO  - A total of 1 use cases were executed, with 1 successes and 0 failures.
Thu Jun 22 16:22:59 2023 - INFO  - start to run testcase:oe_test_hwloc_2.7.1_hwloc-distrib.
Thu Jun 22 16:23:48 2023 - INFO  - The case exit by code 0.
Thu Jun 22 16:23:48 2023 - INFO  - End to run testcase:oe_test_hwloc_2.7.1_hwloc-distrib.
Thu Jun 22 16:23:49 2023 - INFO  - A total of 1 use cases were executed, with 1 successes and 0 failures.
Thu Jun 22 16:23:51 2023 - INFO  - start to run testcase:oe_test_hwloc_2.7.1_hwloc-info.
Thu Jun 22 16:24:42 2023 - INFO  - The case exit by code 0.
Thu Jun 22 16:24:43 2023 - INFO  - End to run testcase:oe_test_hwloc_2.7.1_hwloc-info.
Thu Jun 22 16:24:43 2023 - INFO  - A total of 1 use cases were executed, with 1 successes and 0 failures.
Thu Jun 22 16:24:46 2023 - INFO  - start to run testcase:oe_test_hwloc_2.7.1_hwloc-ls_01.
Thu Jun 22 16:25:32 2023 - INFO  - The case exit by code 0.
Thu Jun 22 16:25:33 2023 - INFO  - End to run testcase:oe_test_hwloc_2.7.1_hwloc-ls_01.
Thu Jun 22 16:25:33 2023 - INFO  - A total of 1 use cases were executed, with 1 successes and 0 failures.
Thu Jun 22 16:25:36 2023 - INFO  - start to run testcase:oe_test_hwloc_2.7.1_others.
Thu Jun 22 16:26:25 2023 - INFO  - The case exit by code 0.
Thu Jun 22 16:26:26 2023 - INFO  - End to run testcase:oe_test_hwloc_2.7.1_others.
Thu Jun 22 16:26:26 2023 - INFO  - A total of 1 use cases were executed, with 1 successes and 0 failures.
Thu Jun 22 16:26:29 2023 - INFO  - start to run testcase:oe_test_hwloc_2.7.1_hwloc-ps.
Thu Jun 22 16:27:18 2023 - INFO  - The case exit by code 0.
Thu Jun 22 16:27:19 2023 - INFO  - End to run testcase:oe_test_hwloc_2.7.1_hwloc-ps.
Thu Jun 22 16:27:19 2023 - INFO  - A total of 1 use cases were executed, with 1 successes and 0 failures.
Thu Jun 22 16:27:22 2023 - INFO  - start to run testcase:oe_test_hwloc_2.7.1_lstopo_01.
Thu Jun 22 16:28:08 2023 - INFO  - The case exit by code 0.
Thu Jun 22 16:28:09 2023 - INFO  - End to run testcase:oe_test_hwloc_2.7.1_lstopo_01.
Thu Jun 22 16:28:09 2023 - INFO  - A total of 1 use cases were executed, with 1 successes and 0 failures.
Thu Jun 22 16:28:12 2023 - INFO  - start to run testcase:oe_test_hwloc_2.7.1_lstopo-no-graphics_01.
Thu Jun 22 16:28:58 2023 - INFO  - The case exit by code 0.
Thu Jun 22 16:28:59 2023 - INFO  - End to run testcase:oe_test_hwloc_2.7.1_lstopo-no-graphics_01.
Thu Jun 22 16:28:59 2023 - INFO  - A total of 1 use cases were executed, with 1 successes and 0 failures.
Thu Jun 22 16:29:02 2023 - INFO  - start to run testcase:oe_test_hwloc_2.7.1_hwloc-gather-topology.
Thu Jun 22 16:30:15 2023 - INFO  - The case exit by code 0.
Thu Jun 22 16:30:16 2023 - INFO  - End to run testcase:oe_test_hwloc_2.7.1_hwloc-gather-topology.
Thu Jun 22 16:30:16 2023 - INFO  - A total of 1 use cases were executed, with 1 successes and 0 failures.
