Thu Jun  8 13:02:43 2023 - INFO  - start to run testcase:oe_test_service_anaconda-direct.
Thu Jun  8 13:05:57 2023 - INFO  - The case exit by code 0.
Thu Jun  8 13:05:57 2023 - INFO  - End to run testcase:oe_test_service_anaconda-direct.
Thu Jun  8 13:05:57 2023 - INFO  - A total of 1 use cases were executed, with 1 successes and 0 failures.
Thu Jun  8 13:05:57 2023 - INFO  - start to run testcase:oe_test_service_anaconda-nm-config.
Thu Jun  8 13:06:04 2023 - INFO  - The case exit by code 0.
Thu Jun  8 13:06:04 2023 - INFO  - End to run testcase:oe_test_service_anaconda-nm-config.
Thu Jun  8 13:06:04 2023 - INFO  - A total of 1 use cases were executed, with 1 successes and 0 failures.
Thu Jun  8 13:06:04 2023 - INFO  - start to run testcase:oe_test_service_anaconda-noshell.
Thu Jun  8 13:06:09 2023 - INFO  - The case exit by code 0.
Thu Jun  8 13:06:09 2023 - INFO  - End to run testcase:oe_test_service_anaconda-noshell.
Thu Jun  8 13:06:09 2023 - INFO  - A total of 1 use cases were executed, with 1 successes and 0 failures.
Thu Jun  8 13:06:09 2023 - INFO  - start to run testcase:oe_test_service_anaconda-pre.
Thu Jun  8 13:06:18 2023 - INFO  - The case exit by code 0.
Thu Jun  8 13:06:18 2023 - INFO  - End to run testcase:oe_test_service_anaconda-pre.
Thu Jun  8 13:06:18 2023 - INFO  - A total of 1 use cases were executed, with 1 successes and 0 failures.
Thu Jun  8 13:06:18 2023 - INFO  - start to run testcase:oe_test_service_anaconda.
Thu Jun  8 13:06:23 2023 - INFO  - The case exit by code 0.
Thu Jun  8 13:06:23 2023 - INFO  - End to run testcase:oe_test_service_anaconda.
Thu Jun  8 13:06:23 2023 - INFO  - A total of 1 use cases were executed, with 1 successes and 0 failures.
Thu Jun  8 13:06:23 2023 - INFO  - start to run testcase:oe_test_service_anaconda-sshd.
Thu Jun  8 13:06:28 2023 - INFO  - The case exit by code 0.
Thu Jun  8 13:06:28 2023 - INFO  - End to run testcase:oe_test_service_anaconda-sshd.
Thu Jun  8 13:06:28 2023 - INFO  - A total of 1 use cases were executed, with 1 successes and 0 failures.
Thu Jun  8 13:06:28 2023 - INFO  - start to run testcase:oe_test_service_instperf.
Thu Jun  8 13:06:34 2023 - INFO  - The case exit by code 0.
Thu Jun  8 13:06:34 2023 - INFO  - End to run testcase:oe_test_service_instperf.
Thu Jun  8 13:06:34 2023 - INFO  - A total of 1 use cases were executed, with 1 successes and 0 failures.
Thu Jun  8 13:06:34 2023 - INFO  - start to run testcase:oe_test_service_zram.
Thu Jun  8 13:06:56 2023 - ERROR - The case exit by code 7.
Thu Jun  8 13:06:56 2023 - INFO  - End to run testcase:oe_test_service_zram.
Thu Jun  8 13:06:56 2023 - INFO  - A total of 1 use cases were executed, with 0 successes and 1 failures.
Thu Jun  8 13:06:56 2023 - INFO  - start to run testcase:oe_test_target_anaconda.
Thu Jun  8 13:07:00 2023 - INFO  - The case exit by code 0.
Thu Jun  8 13:07:01 2023 - INFO  - End to run testcase:oe_test_target_anaconda.
Thu Jun  8 13:07:01 2023 - INFO  - A total of 1 use cases were executed, with 1 successes and 0 failures.
Thu Jun  8 13:07:01 2023 - INFO  - start to run testcase:oe_test_service_anaconda-fips.
Thu Jun  8 13:07:35 2023 - INFO  - The case exit by code 0.
Thu Jun  8 13:07:35 2023 - INFO  - End to run testcase:oe_test_service_anaconda-fips.
Thu Jun  8 13:07:35 2023 - INFO  - A total of 1 use cases were executed, with 1 successes and 0 failures.
