Thu May 25 21:26:40 2023 - INFO  - start to run testcase:oe_test_service_abrtd.
Thu May 25 21:28:06 2023 - INFO  - The case exit by code 0.
Thu May 25 21:28:07 2023 - INFO  - End to run testcase:oe_test_service_abrtd.
Thu May 25 21:28:07 2023 - INFO  - A total of 1 use cases were executed, with 1 successes and 0 failures.
Thu May 25 21:28:10 2023 - INFO  - start to run testcase:oe_test_service_abrt-journal-core.
Thu May 25 21:29:32 2023 - INFO  - The case exit by code 0.
Thu May 25 21:29:33 2023 - INFO  - End to run testcase:oe_test_service_abrt-journal-core.
Thu May 25 21:29:34 2023 - INFO  - A total of 1 use cases were executed, with 1 successes and 0 failures.
Thu May 25 21:29:37 2023 - INFO  - start to run testcase:oe_test_service_abrt-oops.
Thu May 25 21:31:02 2023 - INFO  - The case exit by code 0.
Thu May 25 21:31:02 2023 - INFO  - End to run testcase:oe_test_service_abrt-oops.
Thu May 25 21:31:03 2023 - INFO  - A total of 1 use cases were executed, with 1 successes and 0 failures.
Thu May 25 21:31:06 2023 - INFO  - start to run testcase:oe_test_service_abrt-pstoreoops.
Thu May 25 21:32:11 2023 - INFO  - The case exit by code 0.
Thu May 25 21:32:12 2023 - INFO  - End to run testcase:oe_test_service_abrt-pstoreoops.
Thu May 25 21:32:12 2023 - INFO  - A total of 1 use cases were executed, with 1 successes and 0 failures.
Thu May 25 21:32:15 2023 - INFO  - start to run testcase:oe_test_service_abrt-upload-watch.
Thu May 25 21:33:41 2023 - INFO  - The case exit by code 0.
Thu May 25 21:33:41 2023 - INFO  - End to run testcase:oe_test_service_abrt-upload-watch.
Thu May 25 21:33:42 2023 - INFO  - A total of 1 use cases were executed, with 1 successes and 0 failures.
Thu May 25 21:33:45 2023 - INFO  - start to run testcase:oe_test_service_abrt-vmcore.
Thu May 25 21:35:32 2023 - INFO  - The case exit by code 0.
Thu May 25 21:35:33 2023 - INFO  - End to run testcase:oe_test_service_abrt-vmcore.
Thu May 25 21:35:33 2023 - INFO  - A total of 1 use cases were executed, with 1 successes and 0 failures.
Thu May 25 21:35:36 2023 - INFO  - start to run testcase:oe_test_service_abrt-xorg.
Thu May 25 21:36:58 2023 - INFO  - The case exit by code 0.
Thu May 25 21:36:58 2023 - INFO  - End to run testcase:oe_test_service_abrt-xorg.
Thu May 25 21:36:59 2023 - INFO  - A total of 1 use cases were executed, with 1 successes and 0 failures.
