Thu Jun  8 13:00:03 2023 - INFO  - start to run testcase:oe_test_service_atuned.
Thu Jun  8 13:00:22 2023 - ERROR - The case exit by code 6.
Thu Jun  8 13:00:22 2023 - INFO  - End to run testcase:oe_test_service_atuned.
Thu Jun  8 13:00:22 2023 - INFO  - A total of 1 use cases were executed, with 0 successes and 1 failures.
Thu Jun  8 13:00:23 2023 - INFO  - start to run testcase:oe_test_service_atune-engine.
Thu Jun  8 13:00:39 2023 - INFO  - The case exit by code 0.
Thu Jun  8 13:00:39 2023 - INFO  - End to run testcase:oe_test_service_atune-engine.
Thu Jun  8 13:00:39 2023 - INFO  - A total of 1 use cases were executed, with 1 successes and 0 failures.
Thu Jun  8 13:00:39 2023 - INFO  - start to run testcase:oe_test_service_atuned_01.
Thu Jun  8 13:00:44 2023 - ERROR - The case exit by code 47.
Thu Jun  8 13:00:44 2023 - INFO  - End to run testcase:oe_test_service_atuned_01.
Thu Jun  8 13:00:44 2023 - INFO  - A total of 1 use cases were executed, with 0 successes and 1 failures.
Thu Jun  8 13:00:44 2023 - INFO  - start to run testcase:oe_test_service_atuned_02.
Thu Jun  8 13:00:47 2023 - ERROR - The case exit by code 14.
Thu Jun  8 13:00:47 2023 - INFO  - End to run testcase:oe_test_service_atuned_02.
Thu Jun  8 13:00:47 2023 - INFO  - A total of 1 use cases were executed, with 0 successes and 1 failures.
Thu Jun  8 13:00:47 2023 - INFO  - start to run testcase:oe_test_service_atuned_03.
Thu Jun  8 13:00:50 2023 - ERROR - The case exit by code 28.
Thu Jun  8 13:00:50 2023 - INFO  - End to run testcase:oe_test_service_atuned_03.
Thu Jun  8 13:00:50 2023 - INFO  - A total of 1 use cases were executed, with 0 successes and 1 failures.
Thu Jun  8 13:00:50 2023 - INFO  - start to run testcase:oe_test_service_atuned_04.
Thu Jun  8 13:00:57 2023 - ERROR - The case exit by code 97.
Thu Jun  8 13:00:57 2023 - INFO  - End to run testcase:oe_test_service_atuned_04.
Thu Jun  8 13:00:57 2023 - INFO  - A total of 1 use cases were executed, with 0 successes and 1 failures.
Thu Jun  8 13:00:57 2023 - INFO  - start to run testcase:oe_test_service_atuned_05.
Thu Jun  8 13:00:59 2023 - ERROR - The case exit by code 1.
Thu Jun  8 13:00:59 2023 - INFO  - End to run testcase:oe_test_service_atuned_05.
Thu Jun  8 13:00:59 2023 - INFO  - A total of 1 use cases were executed, with 0 successes and 1 failures.
Thu Jun  8 13:00:59 2023 - INFO  - start to run testcase:oe_test_service_atuned_06.
Thu Jun  8 13:01:01 2023 - ERROR - The case exit by code 2.
Thu Jun  8 13:01:01 2023 - INFO  - End to run testcase:oe_test_service_atuned_06.
Thu Jun  8 13:01:01 2023 - INFO  - A total of 1 use cases were executed, with 0 successes and 1 failures.
Thu Jun  8 13:01:01 2023 - INFO  - start to run testcase:oe_test_service_atuned_07.
Thu Jun  8 13:01:03 2023 - ERROR - The case exit by code 5.
Thu Jun  8 13:01:03 2023 - INFO  - End to run testcase:oe_test_service_atuned_07.
Thu Jun  8 13:01:03 2023 - INFO  - A total of 1 use cases were executed, with 0 successes and 1 failures.
Thu Jun  8 13:01:04 2023 - INFO  - start to run testcase:oe_test_service_atuned_08.
Thu Jun  8 13:01:05 2023 - ERROR - The case exit by code 2.
Thu Jun  8 13:01:05 2023 - INFO  - End to run testcase:oe_test_service_atuned_08.
Thu Jun  8 13:01:05 2023 - INFO  - A total of 1 use cases were executed, with 0 successes and 1 failures.
Thu Jun  8 13:01:06 2023 - INFO  - start to run testcase:oe_test_service_atuned_09.
Thu Jun  8 13:01:12 2023 - ERROR - The case exit by code 95.
Thu Jun  8 13:01:12 2023 - INFO  - End to run testcase:oe_test_service_atuned_09.
Thu Jun  8 13:01:12 2023 - INFO  - A total of 1 use cases were executed, with 0 successes and 1 failures.
