Thu May 25 21:43:52 2023 - INFO  - start to run testcase:oe_test_ant_001.
Thu May 25 21:46:18 2023 - INFO  - The case exit by code 0.
Thu May 25 21:46:19 2023 - INFO  - End to run testcase:oe_test_ant_001.
Thu May 25 21:46:20 2023 - INFO  - A total of 1 use cases were executed, with 1 successes and 0 failures.
Thu May 25 21:46:23 2023 - INFO  - start to run testcase:oe_test_ant_002.
Thu May 25 21:49:17 2023 - ERROR - The case exit by code 2.
Thu May 25 21:49:18 2023 - INFO  - End to run testcase:oe_test_ant_002.
Thu May 25 21:49:19 2023 - INFO  - A total of 1 use cases were executed, with 0 successes and 1 failures.
Thu May 25 21:49:22 2023 - INFO  - start to run testcase:oe_test_ant_003.
Thu May 25 21:51:57 2023 - INFO  - The case exit by code 0.
Thu May 25 21:51:58 2023 - INFO  - End to run testcase:oe_test_ant_003.
Thu May 25 21:51:58 2023 - INFO  - A total of 1 use cases were executed, with 1 successes and 0 failures.
Thu May 25 21:52:01 2023 - INFO  - start to run testcase:oe_test_ant_004.
Thu May 25 21:55:42 2023 - INFO  - The case exit by code 0.
Thu May 25 21:55:43 2023 - INFO  - End to run testcase:oe_test_ant_004.
Thu May 25 21:55:44 2023 - INFO  - A total of 1 use cases were executed, with 1 successes and 0 failures.
Thu May 25 21:55:47 2023 - INFO  - start to run testcase:oe_test_ant_005.
Thu May 25 21:57:43 2023 - INFO  - The case exit by code 0.
Thu May 25 21:57:44 2023 - INFO  - End to run testcase:oe_test_ant_005.
Thu May 25 21:57:44 2023 - INFO  - A total of 1 use cases were executed, with 1 successes and 0 failures.
