Thu May 25 21:55:20 2023 - INFO  - start to run testcase:oe_test_dmesg_messages_log.
Thu May 25 21:55:25 2023 - ERROR - The case exit by code 1.
Thu May 25 21:55:26 2023 - INFO  - End to run testcase:oe_test_dmesg_messages_log.
Thu May 25 21:55:26 2023 - INFO  - A total of 1 use cases were executed, with 0 successes and 1 failures.
Thu May 25 21:55:30 2023 - INFO  - start to run testcase:oe_test_baseinfo.
Thu May 25 21:55:40 2023 - INFO  - The case exit by code 0.
Thu May 25 21:55:41 2023 - INFO  - End to run testcase:oe_test_baseinfo.
Thu May 25 21:55:41 2023 - INFO  - A total of 1 use cases were executed, with 1 successes and 0 failures.
Thu May 25 21:55:44 2023 - INFO  - start to run testcase:oe_test_cockpit.
Thu May 25 22:00:00 2023 - INFO  - The case exit by code 0.
Thu May 25 22:00:01 2023 - INFO  - End to run testcase:oe_test_cockpit.
Thu May 25 22:00:01 2023 - INFO  - A total of 1 use cases were executed, with 1 successes and 0 failures.
Thu May 25 22:00:05 2023 - INFO  - start to run testcase:oe_test_firewalld.
Thu May 25 22:00:15 2023 - ERROR - The case exit by code 4.
Thu May 25 22:00:16 2023 - INFO  - End to run testcase:oe_test_firewalld.
Thu May 25 22:00:16 2023 - INFO  - A total of 1 use cases were executed, with 0 successes and 1 failures.
Thu May 25 22:00:19 2023 - INFO  - start to run testcase:oe_test_partition.
Thu May 25 22:00:27 2023 - ERROR - The case exit by code 2.
Thu May 25 22:00:28 2023 - INFO  - End to run testcase:oe_test_partition.
Thu May 25 22:00:29 2023 - INFO  - A total of 1 use cases were executed, with 0 successes and 1 failures.
Thu May 25 22:00:32 2023 - INFO  - start to run testcase:oe_test_selinux.
Thu May 25 22:01:23 2023 - INFO  - The case exit by code 0.
Thu May 25 22:01:24 2023 - INFO  - End to run testcase:oe_test_selinux.
Thu May 25 22:01:24 2023 - INFO  - A total of 1 use cases were executed, with 1 successes and 0 failures.
Thu May 25 22:01:27 2023 - INFO  - start to run testcase:oe_test_system_level.
Thu May 25 22:02:04 2023 - INFO  - The case exit by code 0.
Thu May 25 22:02:05 2023 - INFO  - End to run testcase:oe_test_system_level.
Thu May 25 22:02:05 2023 - INFO  - A total of 1 use cases were executed, with 1 successes and 0 failures.
Thu May 25 22:02:08 2023 - INFO  - start to run testcase:oe_test_service.
Thu May 25 22:02:15 2023 - ERROR - The case exit by code 1.
Thu May 25 22:02:15 2023 - INFO  - End to run testcase:oe_test_service.
Thu May 25 22:02:16 2023 - INFO  - A total of 1 use cases were executed, with 0 successes and 1 failures.
Thu May 25 22:02:20 2023 - INFO  - start to run testcase:oe_test_ssh.
Thu May 25 22:02:46 2023 - INFO  - The case exit by code 0.
Thu May 25 22:02:47 2023 - INFO  - End to run testcase:oe_test_ssh.
Thu May 25 22:02:47 2023 - INFO  - A total of 1 use cases were executed, with 1 successes and 0 failures.
Thu May 25 22:02:51 2023 - INFO  - start to run testcase:oe_test_rpm_suffix_name.
Thu May 25 22:03:17 2023 - ERROR - The case exit by code 1.
Thu May 25 22:03:18 2023 - INFO  - End to run testcase:oe_test_rpm_suffix_name.
Thu May 25 22:03:18 2023 - INFO  - A total of 1 use cases were executed, with 0 successes and 1 failures.
Thu May 25 22:03:22 2023 - INFO  - start to run testcase:oe_test_OVS.
pgrep: pattern that searches for process name longer than 15 characters will result in zero matches
Try `pgrep -f' option to match against the complete command line.
Thu May 25 22:33:23 2023 - WARN  - The case execution timeout.
Thu May 25 22:33:24 2023 - ERROR - The case exit by code 143.
Thu May 25 22:33:24 2023 - INFO  - End to run testcase:oe_test_OVS.
Thu May 25 22:33:25 2023 - INFO  - A total of 1 use cases were executed, with 0 successes and 1 failures.
Thu May 25 22:33:29 2023 - INFO  - start to run testcase:oe_test_docker_cp_001.
Thu May 25 22:35:50 2023 - ERROR - The case exit by code 1.
Thu May 25 22:35:51 2023 - INFO  - End to run testcase:oe_test_docker_cp_001.
Thu May 25 22:35:51 2023 - INFO  - A total of 1 use cases were executed, with 0 successes and 1 failures.
Thu May 25 22:35:55 2023 - INFO  - start to run testcase:oe_test_docker_rename_pause_resume_001.
Thu May 25 22:38:01 2023 - ERROR - The case exit by code 1.
Thu May 25 22:38:02 2023 - INFO  - End to run testcase:oe_test_docker_rename_pause_resume_001.
Thu May 25 22:38:02 2023 - INFO  - A total of 1 use cases were executed, with 0 successes and 1 failures.
Thu May 25 22:38:06 2023 - INFO  - start to run testcase:oe_test_docker_search_info_001.
Thu May 25 22:40:21 2023 - ERROR - The case exit by code 1.
Thu May 25 22:40:22 2023 - INFO  - End to run testcase:oe_test_docker_search_info_001.
Thu May 25 22:40:22 2023 - INFO  - A total of 1 use cases were executed, with 0 successes and 1 failures.
Thu May 25 22:40:26 2023 - INFO  - start to run testcase:oe_test_docker_image_history_001.
Thu May 25 22:42:58 2023 - ERROR - The case exit by code 1.
Thu May 25 22:42:58 2023 - INFO  - End to run testcase:oe_test_docker_image_history_001.
Thu May 25 22:42:59 2023 - INFO  - A total of 1 use cases were executed, with 0 successes and 1 failures.
Thu May 25 22:43:02 2023 - INFO  - start to run testcase:oe_test_docker_commit_export_import_001.
Thu May 25 22:44:53 2023 - ERROR - The case exit by code 1.
Thu May 25 22:44:54 2023 - INFO  - End to run testcase:oe_test_docker_commit_export_import_001.
Thu May 25 22:44:54 2023 - INFO  - A total of 1 use cases were executed, with 0 successes and 1 failures.
Thu May 25 22:44:58 2023 - INFO  - start to run testcase:oe_test_docker_create_002.
Thu May 25 22:46:52 2023 - ERROR - The case exit by code 1.
Thu May 25 22:46:53 2023 - INFO  - End to run testcase:oe_test_docker_create_002.
Thu May 25 22:46:54 2023 - INFO  - A total of 1 use cases were executed, with 0 successes and 1 failures.
Thu May 25 22:46:57 2023 - INFO  - start to run testcase:oe_test_docker_attach_001.
Thu May 25 22:48:49 2023 - ERROR - The case exit by code 1.
Thu May 25 22:48:50 2023 - INFO  - End to run testcase:oe_test_docker_attach_001.
Thu May 25 22:48:51 2023 - INFO  - A total of 1 use cases were executed, with 0 successes and 1 failures.
Thu May 25 22:48:54 2023 - INFO  - start to run testcase:oe_test_docker_start_stop_delete_001.
Thu May 25 22:50:49 2023 - ERROR - The case exit by code 1.
Thu May 25 22:50:49 2023 - INFO  - End to run testcase:oe_test_docker_start_stop_delete_001.
Thu May 25 22:50:50 2023 - INFO  - A total of 1 use cases were executed, with 0 successes and 1 failures.
Thu May 25 22:50:53 2023 - INFO  - start to run testcase:oe_test_docker_tag_001.
Thu May 25 22:52:45 2023 - ERROR - The case exit by code 1.
Thu May 25 22:52:46 2023 - INFO  - End to run testcase:oe_test_docker_tag_001.
Thu May 25 22:52:46 2023 - INFO  - A total of 1 use cases were executed, with 0 successes and 1 failures.
Thu May 25 22:52:50 2023 - INFO  - start to run testcase:oe_test_docker_exec_cmd_001.
Thu May 25 22:54:43 2023 - ERROR - The case exit by code 1.
Thu May 25 22:54:44 2023 - INFO  - End to run testcase:oe_test_docker_exec_cmd_001.
Thu May 25 22:54:44 2023 - INFO  - A total of 1 use cases were executed, with 0 successes and 1 failures.
Thu May 25 22:54:48 2023 - INFO  - start to run testcase:oe_test_docker_create_003.
Thu May 25 22:56:41 2023 - ERROR - The case exit by code 1.
Thu May 25 22:56:42 2023 - INFO  - End to run testcase:oe_test_docker_create_003.
Thu May 25 22:56:42 2023 - INFO  - A total of 1 use cases were executed, with 0 successes and 1 failures.
Thu May 25 22:56:46 2023 - INFO  - start to run testcase:oe_test_docker_create_001.
Thu May 25 22:58:40 2023 - ERROR - The case exit by code 1.
Thu May 25 22:58:41 2023 - INFO  - End to run testcase:oe_test_docker_create_001.
Thu May 25 22:58:42 2023 - INFO  - A total of 1 use cases were executed, with 0 successes and 1 failures.
Thu May 25 22:58:45 2023 - INFO  - start to run testcase:oe_test_docker_save_load_001.
Thu May 25 23:00:40 2023 - ERROR - The case exit by code 1.
Thu May 25 23:00:40 2023 - INFO  - End to run testcase:oe_test_docker_save_load_001.
Thu May 25 23:00:41 2023 - INFO  - A total of 1 use cases were executed, with 0 successes and 1 failures.
Thu May 25 23:00:44 2023 - INFO  - start to run testcase:oe_test_docker_custom_image.
Thu May 25 23:00:46 2023 - ERROR - The case exit by code 255.
Thu May 25 23:30:49 2023 - INFO  - The case exit by code 0.
Thu May 25 23:30:50 2023 - INFO  - End to run testcase:oe_test_docker_custom_image.
Thu May 25 23:30:50 2023 - INFO  - A total of 1 use cases were executed, with 1 successes and 1 failures.
Thu May 25 23:30:54 2023 - INFO  - start to run testcase:oe_test_runc.
Thu May 25 23:31:57 2023 - INFO  - The case exit by code 0.
Thu May 25 23:31:58 2023 - INFO  - End to run testcase:oe_test_runc.
Thu May 25 23:31:59 2023 - INFO  - A total of 1 use cases were executed, with 1 successes and 0 failures.
Thu May 25 23:32:02 2023 - INFO  - start to run testcase:oe_test_iSula_query_state_001.
Thu May 25 23:33:18 2023 - ERROR - The case exit by code 1.
Thu May 25 23:33:18 2023 - INFO  - End to run testcase:oe_test_iSula_query_state_001.
Thu May 25 23:33:19 2023 - INFO  - A total of 1 use cases were executed, with 0 successes and 1 failures.
Thu May 25 23:33:22 2023 - INFO  - start to run testcase:oe_test_iSula_attach_rename_001.
Thu May 25 23:34:38 2023 - ERROR - The case exit by code 1.
Thu May 25 23:34:39 2023 - INFO  - End to run testcase:oe_test_iSula_attach_rename_001.
Thu May 25 23:34:39 2023 - INFO  - A total of 1 use cases were executed, with 0 successes and 1 failures.
Thu May 25 23:34:42 2023 - INFO  - start to run testcase:oe_test_iSula_export_001.
Thu May 25 23:35:59 2023 - ERROR - The case exit by code 1.
Thu May 25 23:35:59 2023 - INFO  - End to run testcase:oe_test_iSula_export_001.
Thu May 25 23:36:00 2023 - INFO  - A total of 1 use cases were executed, with 0 successes and 1 failures.
Thu May 25 23:36:03 2023 - INFO  - start to run testcase:oe_test_iSula_cp_001.
Thu May 25 23:37:20 2023 - ERROR - The case exit by code 1.
Thu May 25 23:37:20 2023 - INFO  - End to run testcase:oe_test_iSula_cp_001.
Thu May 25 23:37:21 2023 - INFO  - A total of 1 use cases were executed, with 0 successes and 1 failures.
Thu May 25 23:37:24 2023 - INFO  - start to run testcase:oe_test_iSula_create_start_001.
Thu May 25 23:38:41 2023 - ERROR - The case exit by code 1.
Thu May 25 23:38:42 2023 - INFO  - End to run testcase:oe_test_iSula_create_start_001.
Thu May 25 23:38:42 2023 - INFO  - A total of 1 use cases were executed, with 0 successes and 1 failures.
Thu May 25 23:38:46 2023 - INFO  - start to run testcase:oe_test_iSula_restart_stop_001.
Thu May 25 23:40:02 2023 - ERROR - The case exit by code 1.
Thu May 25 23:40:03 2023 - INFO  - End to run testcase:oe_test_iSula_restart_stop_001.
Thu May 25 23:40:03 2023 - INFO  - A total of 1 use cases were executed, with 0 successes and 1 failures.
Thu May 25 23:40:06 2023 - INFO  - start to run testcase:oe_test_iSula_search_info_001.
Thu May 25 23:41:23 2023 - ERROR - The case exit by code 1.
Thu May 25 23:41:23 2023 - INFO  - End to run testcase:oe_test_iSula_search_info_001.
Thu May 25 23:41:24 2023 - INFO  - A total of 1 use cases were executed, with 0 successes and 1 failures.
Thu May 25 23:41:27 2023 - INFO  - start to run testcase:oe_test_iSula_exec_cmd_001.
Thu May 25 23:42:47 2023 - ERROR - The case exit by code 1.
Thu May 25 23:42:48 2023 - INFO  - End to run testcase:oe_test_iSula_exec_cmd_001.
Thu May 25 23:42:48 2023 - INFO  - A total of 1 use cases were executed, with 0 successes and 1 failures.
Thu May 25 23:42:52 2023 - INFO  - start to run testcase:oe_test_iSula_install_deploy_001.
Thu May 25 23:44:09 2023 - INFO  - The case exit by code 0.
Thu May 25 23:44:10 2023 - INFO  - End to run testcase:oe_test_iSula_install_deploy_001.
Thu May 25 23:44:10 2023 - INFO  - A total of 1 use cases were executed, with 1 successes and 0 failures.
Thu May 25 23:44:13 2023 - INFO  - start to run testcase:oe_test_iSula_mkdir100_001.
Thu May 25 23:45:30 2023 - ERROR - The case exit by code 1.
Thu May 25 23:45:30 2023 - INFO  - End to run testcase:oe_test_iSula_mkdir100_001.
Thu May 25 23:45:31 2023 - INFO  - A total of 1 use cases were executed, with 0 successes and 1 failures.
Thu May 25 23:45:34 2023 - INFO  - start to run testcase:oe_test_iSula_pause_resume_001.
Thu May 25 23:46:52 2023 - ERROR - The case exit by code 1.
Thu May 25 23:46:53 2023 - INFO  - End to run testcase:oe_test_iSula_pause_resume_001.
Thu May 25 23:46:53 2023 - INFO  - A total of 1 use cases were executed, with 0 successes and 1 failures.
Thu May 25 23:46:57 2023 - INFO  - start to run testcase:oe_test_acl_001.
Thu May 25 23:47:04 2023 - INFO  - The case exit by code 0.
Thu May 25 23:47:05 2023 - INFO  - End to run testcase:oe_test_acl_001.
Thu May 25 23:47:05 2023 - INFO  - A total of 1 use cases were executed, with 1 successes and 0 failures.
Thu May 25 23:47:09 2023 - INFO  - start to run testcase:oe_test_basic_ssh_001.
Thu May 25 23:47:19 2023 - INFO  - The case exit by code 0.
Thu May 25 23:47:19 2023 - INFO  - End to run testcase:oe_test_basic_ssh_001.
Thu May 25 23:47:20 2023 - INFO  - A total of 1 use cases were executed, with 1 successes and 0 failures.
Thu May 25 23:47:23 2023 - INFO  - start to run testcase:oe_test_cat_001.
Thu May 25 23:47:31 2023 - ERROR - The case exit by code 2.
Thu May 25 23:47:31 2023 - INFO  - End to run testcase:oe_test_cat_001.
Thu May 25 23:47:32 2023 - INFO  - A total of 1 use cases were executed, with 0 successes and 1 failures.
Thu May 25 23:47:35 2023 - INFO  - start to run testcase:oe_test_cd_002.
Thu May 25 23:47:42 2023 - INFO  - The case exit by code 0.
Thu May 25 23:47:42 2023 - INFO  - End to run testcase:oe_test_cd_002.
Thu May 25 23:47:43 2023 - INFO  - A total of 1 use cases were executed, with 1 successes and 0 failures.
Thu May 25 23:47:46 2023 - INFO  - start to run testcase:oe_test_chattr.
Thu May 25 23:47:53 2023 - INFO  - The case exit by code 0.
Thu May 25 23:47:53 2023 - INFO  - End to run testcase:oe_test_chattr.
Thu May 25 23:47:54 2023 - INFO  - A total of 1 use cases were executed, with 1 successes and 0 failures.
Thu May 25 23:47:57 2023 - INFO  - start to run testcase:oe_test_chmod_001.
Thu May 25 23:48:04 2023 - INFO  - The case exit by code 0.
Thu May 25 23:48:05 2023 - INFO  - End to run testcase:oe_test_chmod_001.
Thu May 25 23:48:05 2023 - INFO  - A total of 1 use cases were executed, with 1 successes and 0 failures.
Thu May 25 23:48:08 2023 - INFO  - start to run testcase:oe_test_chown_001.
Thu May 25 23:48:16 2023 - INFO  - The case exit by code 0.
Thu May 25 23:48:17 2023 - INFO  - End to run testcase:oe_test_chown_001.
Thu May 25 23:48:17 2023 - INFO  - A total of 1 use cases were executed, with 1 successes and 0 failures.
Thu May 25 23:48:20 2023 - INFO  - start to run testcase:oe_test_cp_001.
Thu May 25 23:48:27 2023 - INFO  - The case exit by code 0.
Thu May 25 23:48:28 2023 - INFO  - End to run testcase:oe_test_cp_001.
Thu May 25 23:48:28 2023 - INFO  - A total of 1 use cases were executed, with 1 successes and 0 failures.
Thu May 25 23:48:31 2023 - INFO  - start to run testcase:oe_test_CPUinfo_001.
pgrep: pattern that searches for process name longer than 15 characters will result in zero matches
Try `pgrep -f' option to match against the complete command line.
Fri May 26 00:18:33 2023 - WARN  - The case execution timeout.
Fri May 26 00:18:34 2023 - ERROR - The case exit by code 143.
Fri May 26 00:18:34 2023 - INFO  - End to run testcase:oe_test_CPUinfo_001.
Fri May 26 00:18:35 2023 - INFO  - A total of 1 use cases were executed, with 0 successes and 1 failures.
Fri May 26 00:18:38 2023 - INFO  - start to run testcase:oe_test_criu.
Fri May 26 00:19:09 2023 - ERROR - The case exit by code 4.
Fri May 26 00:19:10 2023 - INFO  - End to run testcase:oe_test_criu.
Fri May 26 00:19:10 2023 - INFO  - A total of 1 use cases were executed, with 0 successes and 1 failures.
Fri May 26 00:19:14 2023 - INFO  - start to run testcase:oe_test_dateinfo_001.
Fri May 26 00:19:20 2023 - INFO  - The case exit by code 0.
Fri May 26 00:19:20 2023 - INFO  - End to run testcase:oe_test_dateinfo_001.
Fri May 26 00:19:21 2023 - INFO  - A total of 1 use cases were executed, with 1 successes and 0 failures.
Fri May 26 00:19:24 2023 - INFO  - start to run testcase:oe_test_dd_001.
Fri May 26 00:19:54 2023 - INFO  - The case exit by code 0.
Fri May 26 00:19:55 2023 - INFO  - End to run testcase:oe_test_dd_001.
Fri May 26 00:19:55 2023 - INFO  - A total of 1 use cases were executed, with 1 successes and 0 failures.
Fri May 26 00:19:58 2023 - INFO  - start to run testcase:oe_test_df.
Fri May 26 00:20:04 2023 - INFO  - The case exit by code 0.
Fri May 26 00:20:04 2023 - INFO  - End to run testcase:oe_test_df.
Fri May 26 00:20:05 2023 - INFO  - A total of 1 use cases were executed, with 1 successes and 0 failures.
Fri May 26 00:20:08 2023 - INFO  - start to run testcase:oe_test_file_001.
Fri May 26 00:20:33 2023 - INFO  - The case exit by code 0.
Fri May 26 00:20:34 2023 - INFO  - End to run testcase:oe_test_file_001.
Fri May 26 00:20:34 2023 - INFO  - A total of 1 use cases were executed, with 1 successes and 0 failures.
Fri May 26 00:20:38 2023 - INFO  - start to run testcase:oe_test_golang.
Fri May 26 00:23:48 2023 - INFO  - The case exit by code 0.
Fri May 26 00:23:49 2023 - INFO  - End to run testcase:oe_test_golang.
Fri May 26 00:23:49 2023 - INFO  - A total of 1 use cases were executed, with 1 successes and 0 failures.
Fri May 26 00:23:53 2023 - INFO  - start to run testcase:oe_test_grep_001.
Fri May 26 00:24:00 2023 - INFO  - The case exit by code 0.
Fri May 26 00:24:00 2023 - INFO  - End to run testcase:oe_test_grep_001.
Fri May 26 00:24:01 2023 - INFO  - A total of 1 use cases were executed, with 1 successes and 0 failures.
Fri May 26 00:24:04 2023 - INFO  - start to run testcase:oe_test_group_001.
Fri May 26 00:24:11 2023 - INFO  - The case exit by code 0.
Fri May 26 00:24:12 2023 - INFO  - End to run testcase:oe_test_group_001.
Fri May 26 00:24:12 2023 - INFO  - A total of 1 use cases were executed, with 1 successes and 0 failures.
Fri May 26 00:24:15 2023 - INFO  - start to run testcase:oe_test_group_002.
Fri May 26 00:24:23 2023 - INFO  - The case exit by code 0.
Fri May 26 00:24:24 2023 - INFO  - End to run testcase:oe_test_group_002.
Fri May 26 00:24:25 2023 - INFO  - A total of 1 use cases were executed, with 1 successes and 0 failures.
Fri May 26 00:24:28 2023 - INFO  - start to run testcase:oe_test_haproxy.
Fri May 26 00:25:21 2023 - INFO  - The case exit by code 0.
Fri May 26 00:25:22 2023 - INFO  - End to run testcase:oe_test_haproxy.
Fri May 26 00:25:22 2023 - INFO  - A total of 1 use cases were executed, with 1 successes and 0 failures.
Fri May 26 00:25:26 2023 - INFO  - start to run testcase:oe_test_hdparm.
Fri May 26 00:26:01 2023 - INFO  - The case exit by code 0.
Fri May 26 00:26:02 2023 - INFO  - End to run testcase:oe_test_hdparm.
Fri May 26 00:26:02 2023 - INFO  - A total of 1 use cases were executed, with 1 successes and 0 failures.
Fri May 26 00:26:06 2023 - INFO  - start to run testcase:oe_test_httpd.
Fri May 26 00:26:22 2023 - INFO  - The case exit by code 0.
Fri May 26 00:26:22 2023 - INFO  - End to run testcase:oe_test_httpd.
Fri May 26 00:26:23 2023 - INFO  - A total of 1 use cases were executed, with 1 successes and 0 failures.
Fri May 26 00:26:26 2023 - INFO  - start to run testcase:oe_test_iscsi.
Fri May 26 00:27:53 2023 - ERROR - The case exit by code 4.
Fri May 26 00:27:53 2023 - INFO  - End to run testcase:oe_test_iscsi.
Fri May 26 00:27:54 2023 - INFO  - A total of 1 use cases were executed, with 0 successes and 1 failures.
Fri May 26 00:27:58 2023 - INFO  - start to run testcase:oe_test_krb5.
Fri May 26 00:28:55 2023 - INFO  - The case exit by code 0.
Fri May 26 00:28:56 2023 - INFO  - End to run testcase:oe_test_krb5.
Fri May 26 00:28:56 2023 - INFO  - A total of 1 use cases were executed, with 1 successes and 0 failures.
Fri May 26 00:29:00 2023 - INFO  - start to run testcase:oe_test_ln_001.
Fri May 26 00:29:06 2023 - INFO  - The case exit by code 0.
Fri May 26 00:29:07 2023 - INFO  - End to run testcase:oe_test_ln_001.
Fri May 26 00:29:07 2023 - INFO  - A total of 1 use cases were executed, with 1 successes and 0 failures.
Fri May 26 00:29:10 2023 - INFO  - start to run testcase:oe_test_less_001.
Fri May 26 00:29:15 2023 - INFO  - The case exit by code 0.
Fri May 26 00:29:16 2023 - INFO  - End to run testcase:oe_test_less_001.
Fri May 26 00:29:16 2023 - INFO  - A total of 1 use cases were executed, with 1 successes and 0 failures.
Fri May 26 00:29:20 2023 - INFO  - start to run testcase:oe_test_localectl_001.
Fri May 26 00:29:27 2023 - INFO  - The case exit by code 0.
Fri May 26 00:29:27 2023 - INFO  - End to run testcase:oe_test_localectl_001.
Fri May 26 00:29:28 2023 - INFO  - A total of 1 use cases were executed, with 1 successes and 0 failures.
Fri May 26 00:29:31 2023 - INFO  - start to run testcase:oe_test_log_001.
Fri May 26 00:29:44 2023 - ERROR - The case exit by code 2.
Fri May 26 00:29:45 2023 - INFO  - End to run testcase:oe_test_log_001.
Fri May 26 00:29:45 2023 - INFO  - A total of 1 use cases were executed, with 0 successes and 1 failures.
Fri May 26 00:29:49 2023 - INFO  - start to run testcase:oe_test_logrotate_001.
Fri May 26 00:30:02 2023 - INFO  - The case exit by code 0.
Fri May 26 00:30:03 2023 - INFO  - End to run testcase:oe_test_logrotate_001.
Fri May 26 00:30:03 2023 - INFO  - A total of 1 use cases were executed, with 1 successes and 0 failures.
Fri May 26 00:30:06 2023 - INFO  - start to run testcase:oe_test_ls_001.
Fri May 26 00:30:13 2023 - INFO  - The case exit by code 0.
Fri May 26 00:30:14 2023 - INFO  - End to run testcase:oe_test_ls_001.
Fri May 26 00:30:14 2023 - INFO  - A total of 1 use cases were executed, with 1 successes and 0 failures.
Fri May 26 00:30:17 2023 - INFO  - start to run testcase:oe_test_lsscsi.
Fri May 26 00:30:53 2023 - INFO  - The case exit by code 0.
Fri May 26 00:30:53 2023 - INFO  - End to run testcase:oe_test_lsscsi.
Fri May 26 00:30:54 2023 - INFO  - A total of 1 use cases were executed, with 1 successes and 0 failures.
Fri May 26 00:30:57 2023 - INFO  - start to run testcase:oe_test_lzo.
Fri May 26 00:31:11 2023 - INFO  - The case exit by code 0.
Fri May 26 00:31:11 2023 - INFO  - End to run testcase:oe_test_lzo.
Fri May 26 00:31:12 2023 - INFO  - A total of 1 use cases were executed, with 1 successes and 0 failures.
Fri May 26 00:31:15 2023 - INFO  - start to run testcase:oe_test_MEMinfo_001.
Fri May 26 00:31:49 2023 - ERROR - The case exit by code 3.
Fri May 26 00:31:50 2023 - INFO  - End to run testcase:oe_test_MEMinfo_001.
Fri May 26 00:31:50 2023 - INFO  - A total of 1 use cases were executed, with 0 successes and 1 failures.
Fri May 26 00:31:53 2023 - INFO  - start to run testcase:oe_test_mkdir_001.
Fri May 26 00:32:00 2023 - INFO  - The case exit by code 0.
Fri May 26 00:32:00 2023 - INFO  - End to run testcase:oe_test_mkdir_001.
Fri May 26 00:32:01 2023 - INFO  - A total of 1 use cases were executed, with 1 successes and 0 failures.
Fri May 26 00:32:04 2023 - INFO  - start to run testcase:oe_test_mv_001.
Fri May 26 00:32:11 2023 - INFO  - The case exit by code 0.
Fri May 26 00:32:12 2023 - INFO  - End to run testcase:oe_test_mv_001.
Fri May 26 00:32:12 2023 - INFO  - A total of 1 use cases were executed, with 1 successes and 0 failures.
Fri May 26 00:32:15 2023 - INFO  - start to run testcase:oe_test_ndctl.
Fri May 26 00:32:29 2023 - INFO  - The case exit by code 0.
Fri May 26 00:32:30 2023 - INFO  - End to run testcase:oe_test_ndctl.
Fri May 26 00:32:30 2023 - INFO  - A total of 1 use cases were executed, with 1 successes and 0 failures.
Fri May 26 00:32:33 2023 - INFO  - start to run testcase:oe_test_network_001.
Fri May 26 00:32:52 2023 - ERROR - The case exit by code 3.
Fri May 26 00:32:52 2023 - INFO  - End to run testcase:oe_test_network_001.
Fri May 26 00:32:53 2023 - INFO  - A total of 1 use cases were executed, with 0 successes and 1 failures.
Fri May 26 00:32:56 2023 - INFO  - start to run testcase:oe_test_nfs.
Fri May 26 00:33:37 2023 - INFO  - The case exit by code 0.
Fri May 26 00:33:38 2023 - INFO  - End to run testcase:oe_test_nfs.
Fri May 26 00:33:38 2023 - INFO  - A total of 1 use cases were executed, with 1 successes and 0 failures.
Fri May 26 00:33:41 2023 - INFO  - start to run testcase:oe_test_numactl.
Fri May 26 00:34:28 2023 - ERROR - The case exit by code 2.
Fri May 26 00:34:29 2023 - INFO  - End to run testcase:oe_test_numactl.
Fri May 26 00:34:29 2023 - INFO  - A total of 1 use cases were executed, with 0 successes and 1 failures.
Fri May 26 00:34:33 2023 - INFO  - start to run testcase:oe_test_openssl.
Fri May 26 00:34:49 2023 - INFO  - The case exit by code 0.
Fri May 26 00:34:50 2023 - INFO  - End to run testcase:oe_test_openssl.
Fri May 26 00:34:50 2023 - INFO  - A total of 1 use cases were executed, with 1 successes and 0 failures.
Fri May 26 00:34:53 2023 - INFO  - start to run testcase:oe_test_pciutils.
Fri May 26 00:35:09 2023 - INFO  - The case exit by code 0.
Fri May 26 00:35:10 2023 - INFO  - End to run testcase:oe_test_pciutils.
Fri May 26 00:35:10 2023 - INFO  - A total of 1 use cases were executed, with 1 successes and 0 failures.
Fri May 26 00:35:13 2023 - INFO  - start to run testcase:oe_test_perf.
Fri May 26 00:36:00 2023 - ERROR - The case exit by code 2.
Fri May 26 00:36:01 2023 - INFO  - End to run testcase:oe_test_perf.
Fri May 26 00:36:01 2023 - INFO  - A total of 1 use cases were executed, with 0 successes and 1 failures.
Fri May 26 00:36:04 2023 - INFO  - start to run testcase:oe_test_pwd_001.
Fri May 26 00:36:12 2023 - ERROR - The case exit by code 1.
Fri May 26 00:36:12 2023 - INFO  - End to run testcase:oe_test_pwd_001.
Fri May 26 00:36:13 2023 - INFO  - A total of 1 use cases were executed, with 0 successes and 1 failures.
Fri May 26 00:36:16 2023 - INFO  - start to run testcase:oe_test_rmdir_001.
Fri May 26 00:36:23 2023 - INFO  - The case exit by code 0.
Fri May 26 00:36:23 2023 - INFO  - End to run testcase:oe_test_rmdir_001.
Fri May 26 00:36:24 2023 - INFO  - A total of 1 use cases were executed, with 1 successes and 0 failures.
Fri May 26 00:36:27 2023 - INFO  - start to run testcase:oe_test_rsync.
Fri May 26 00:37:16 2023 - INFO  - The case exit by code 0.
Fri May 26 00:37:17 2023 - INFO  - End to run testcase:oe_test_rsync.
Fri May 26 00:37:17 2023 - INFO  - A total of 1 use cases were executed, with 1 successes and 0 failures.
Fri May 26 00:37:21 2023 - INFO  - start to run testcase:oe_test_sevice_001.
Fri May 26 00:37:26 2023 - INFO  - The case exit by code 0.
Fri May 26 00:37:26 2023 - INFO  - End to run testcase:oe_test_sevice_001.
Fri May 26 00:37:27 2023 - INFO  - A total of 1 use cases were executed, with 1 successes and 0 failures.
Fri May 26 00:37:30 2023 - INFO  - start to run testcase:oe_test_sort.
Fri May 26 00:37:37 2023 - INFO  - The case exit by code 0.
Fri May 26 00:37:37 2023 - INFO  - End to run testcase:oe_test_sort.
Fri May 26 00:37:38 2023 - INFO  - A total of 1 use cases were executed, with 1 successes and 0 failures.
Fri May 26 00:37:41 2023 - INFO  - start to run testcase:oe_test_skopeo.
Fri May 26 00:44:32 2023 - ERROR - The case exit by code 1.
Fri May 26 00:44:33 2023 - INFO  - End to run testcase:oe_test_skopeo.
Fri May 26 00:44:33 2023 - INFO  - A total of 1 use cases were executed, with 0 successes and 1 failures.
Fri May 26 00:44:37 2023 - INFO  - start to run testcase:oe_test_syslog_dmesg_001.
Fri May 26 00:44:42 2023 - INFO  - The case exit by code 0.
Fri May 26 00:44:42 2023 - INFO  - End to run testcase:oe_test_syslog_dmesg_001.
Fri May 26 00:44:43 2023 - INFO  - A total of 1 use cases were executed, with 1 successes and 0 failures.
Fri May 26 00:44:46 2023 - INFO  - start to run testcase:oe_test_syslog_journalctl_001.
Fri May 26 00:44:52 2023 - INFO  - The case exit by code 0.
Fri May 26 00:44:52 2023 - INFO  - End to run testcase:oe_test_syslog_journalctl_001.
Fri May 26 00:44:53 2023 - INFO  - A total of 1 use cases were executed, with 1 successes and 0 failures.
Fri May 26 00:44:56 2023 - INFO  - start to run testcase:oe_test_syslog_journalctl_002.
Fri May 26 00:45:03 2023 - INFO  - The case exit by code 0.
Fri May 26 00:45:04 2023 - INFO  - End to run testcase:oe_test_syslog_journalctl_002.
Fri May 26 00:45:05 2023 - INFO  - A total of 1 use cases were executed, with 1 successes and 0 failures.
Fri May 26 00:45:08 2023 - INFO  - start to run testcase:oe_test_syslog_journald_001.
Fri May 26 00:45:15 2023 - INFO  - The case exit by code 0.
Fri May 26 00:45:16 2023 - INFO  - End to run testcase:oe_test_syslog_journald_001.
Fri May 26 00:45:16 2023 - INFO  - A total of 1 use cases were executed, with 1 successes and 0 failures.
Fri May 26 00:45:19 2023 - INFO  - start to run testcase:oe_test_syslog_logrotate_001.
Fri May 26 00:45:27 2023 - ERROR - The case exit by code 3.
Fri May 26 00:45:27 2023 - INFO  - End to run testcase:oe_test_syslog_logrotate_001.
Fri May 26 00:45:28 2023 - INFO  - A total of 1 use cases were executed, with 0 successes and 1 failures.
Fri May 26 00:45:31 2023 - INFO  - start to run testcase:oe_test_tar_001.
Fri May 26 00:45:45 2023 - INFO  - The case exit by code 0.
Fri May 26 00:45:45 2023 - INFO  - End to run testcase:oe_test_tar_001.
Fri May 26 00:45:46 2023 - INFO  - A total of 1 use cases were executed, with 1 successes and 0 failures.
Fri May 26 00:45:49 2023 - INFO  - start to run testcase:oe_test_touch_001.
Fri May 26 00:46:57 2023 - INFO  - The case exit by code 0.
Fri May 26 00:46:57 2023 - INFO  - End to run testcase:oe_test_touch_001.
Fri May 26 00:46:58 2023 - INFO  - A total of 1 use cases were executed, with 1 successes and 0 failures.
Fri May 26 00:47:01 2023 - INFO  - start to run testcase:oe_test_umask_001.
Fri May 26 00:47:06 2023 - INFO  - The case exit by code 0.
Fri May 26 00:47:07 2023 - INFO  - End to run testcase:oe_test_umask_001.
Fri May 26 00:47:08 2023 - INFO  - A total of 1 use cases were executed, with 1 successes and 0 failures.
Fri May 26 00:47:11 2023 - INFO  - start to run testcase:oe_test_user_001.
Fri May 26 00:47:20 2023 - INFO  - The case exit by code 0.
Fri May 26 00:47:20 2023 - INFO  - End to run testcase:oe_test_user_001.
Fri May 26 00:47:21 2023 - INFO  - A total of 1 use cases were executed, with 1 successes and 0 failures.
Fri May 26 00:47:24 2023 - INFO  - start to run testcase:oe_test_user_002.
Fri May 26 00:47:32 2023 - INFO  - The case exit by code 0.
Fri May 26 00:47:32 2023 - INFO  - End to run testcase:oe_test_user_002.
Fri May 26 00:47:33 2023 - INFO  - A total of 1 use cases were executed, with 1 successes and 0 failures.
Fri May 26 00:47:36 2023 - INFO  - start to run testcase:oe_test_user_003.
Fri May 26 00:47:44 2023 - INFO  - The case exit by code 0.
Fri May 26 00:47:45 2023 - INFO  - End to run testcase:oe_test_user_003.
Fri May 26 00:47:45 2023 - INFO  - A total of 1 use cases were executed, with 1 successes and 0 failures.
Fri May 26 00:47:48 2023 - INFO  - start to run testcase:oe_test_rm_001.
Fri May 26 00:47:53 2023 - INFO  - The case exit by code 0.
Fri May 26 00:47:54 2023 - INFO  - End to run testcase:oe_test_rm_001.
Fri May 26 00:47:54 2023 - INFO  - A total of 1 use cases were executed, with 1 successes and 0 failures.
Fri May 26 00:47:58 2023 - INFO  - start to run testcase:oe_test_which.
Fri May 26 00:48:04 2023 - INFO  - The case exit by code 0.
Fri May 26 00:48:04 2023 - INFO  - End to run testcase:oe_test_which.
Fri May 26 00:48:05 2023 - INFO  - A total of 1 use cases were executed, with 1 successes and 0 failures.
Fri May 26 00:48:08 2023 - INFO  - start to run testcase:oe_test_yumgroup_001.
Fri May 26 00:48:39 2023 - ERROR - The case exit by code 3.
Fri May 26 00:48:40 2023 - INFO  - End to run testcase:oe_test_yumgroup_001.
Fri May 26 00:48:40 2023 - INFO  - A total of 1 use cases were executed, with 0 successes and 1 failures.
Fri May 26 00:48:44 2023 - INFO  - start to run testcase:oe_test_mv_002.
Fri May 26 00:48:49 2023 - INFO  - The case exit by code 0.
Fri May 26 00:48:49 2023 - INFO  - End to run testcase:oe_test_mv_002.
Fri May 26 00:48:50 2023 - INFO  - A total of 1 use cases were executed, with 1 successes and 0 failures.
Fri May 26 00:48:53 2023 - INFO  - start to run testcase:oe_test_uname.
Fri May 26 00:48:58 2023 - INFO  - The case exit by code 0.
Fri May 26 00:48:59 2023 - INFO  - End to run testcase:oe_test_uname.
Fri May 26 00:48:59 2023 - INFO  - A total of 1 use cases were executed, with 1 successes and 0 failures.
Fri May 26 00:49:02 2023 - INFO  - start to run testcase:oe_test_wc.
Fri May 26 00:49:09 2023 - INFO  - The case exit by code 0.
Fri May 26 00:49:09 2023 - INFO  - End to run testcase:oe_test_wc.
Fri May 26 00:49:10 2023 - INFO  - A total of 1 use cases were executed, with 1 successes and 0 failures.
Fri May 26 00:49:13 2023 - INFO  - start to run testcase:oe_test_chroncy_001.
Fri May 26 00:49:59 2023 - INFO  - The case exit by code 0.
Fri May 26 00:49:59 2023 - INFO  - End to run testcase:oe_test_chroncy_001.
Fri May 26 00:50:00 2023 - INFO  - A total of 1 use cases were executed, with 1 successes and 0 failures.
Fri May 26 00:50:03 2023 - INFO  - start to run testcase:oe_test_diffstat_001.
Fri May 26 00:50:39 2023 - INFO  - The case exit by code 0.
Fri May 26 00:50:40 2023 - INFO  - End to run testcase:oe_test_diffstat_001.
Fri May 26 00:50:40 2023 - INFO  - A total of 1 use cases were executed, with 1 successes and 0 failures.
Fri May 26 00:50:43 2023 - INFO  - start to run testcase:oe_test_rollback.
Fri May 26 00:51:12 2023 - ERROR - The case exit by code 3.
Fri May 26 00:51:13 2023 - INFO  - End to run testcase:oe_test_rollback.
Fri May 26 00:51:13 2023 - INFO  - A total of 1 use cases were executed, with 0 successes and 1 failures.
Fri May 26 00:51:16 2023 - INFO  - start to run testcase:oe_test_gcc.
Fri May 26 00:51:27 2023 - INFO  - The case exit by code 0.
Fri May 26 00:51:27 2023 - INFO  - End to run testcase:oe_test_gcc.
Fri May 26 00:51:28 2023 - INFO  - A total of 1 use cases were executed, with 1 successes and 0 failures.
Fri May 26 00:51:31 2023 - INFO  - start to run testcase:oe_test_cmp.
Fri May 26 00:51:46 2023 - INFO  - The case exit by code 0.
Fri May 26 00:51:46 2023 - INFO  - End to run testcase:oe_test_cmp.
Fri May 26 00:51:47 2023 - INFO  - A total of 1 use cases were executed, with 1 successes and 0 failures.
Fri May 26 00:51:50 2023 - INFO  - start to run testcase:oe_test_umask_002.
Fri May 26 00:52:11 2023 - INFO  - The case exit by code 0.
Fri May 26 00:52:11 2023 - INFO  - End to run testcase:oe_test_umask_002.
Fri May 26 00:52:12 2023 - INFO  - A total of 1 use cases were executed, with 1 successes and 0 failures.
Fri May 26 00:52:15 2023 - INFO  - start to run testcase:oe_test_llvm.
Fri May 26 00:54:09 2023 - INFO  - The case exit by code 0.
Fri May 26 00:54:10 2023 - INFO  - End to run testcase:oe_test_llvm.
Fri May 26 00:54:11 2023 - INFO  - A total of 1 use cases were executed, with 1 successes and 0 failures.
Fri May 26 00:54:14 2023 - INFO  - start to run testcase:oe_test_acpid.
Fri May 26 00:54:58 2023 - INFO  - The case exit by code 0.
Fri May 26 00:54:58 2023 - INFO  - End to run testcase:oe_test_acpid.
Fri May 26 00:54:59 2023 - INFO  - A total of 1 use cases were executed, with 1 successes and 0 failures.
Fri May 26 00:55:02 2023 - INFO  - start to run testcase:oe_test_aide_compare_database.
Fri May 26 01:02:49 2023 - INFO  - The case exit by code 0.
Fri May 26 01:02:50 2023 - INFO  - End to run testcase:oe_test_aide_compare_database.
Fri May 26 01:02:51 2023 - INFO  - A total of 1 use cases were executed, with 1 successes and 0 failures.
Fri May 26 01:02:54 2023 - INFO  - start to run testcase:oe_test_aide_update_database.
Fri May 26 01:19:30 2023 - INFO  - The case exit by code 0.
Fri May 26 01:19:30 2023 - INFO  - End to run testcase:oe_test_aide_update_database.
Fri May 26 01:19:31 2023 - INFO  - A total of 1 use cases were executed, with 1 successes and 0 failures.
Fri May 26 01:19:34 2023 - INFO  - start to run testcase:oe_test_arping.
Fri May 26 01:19:43 2023 - ERROR - The case exit by code 2.
Fri May 26 01:19:44 2023 - INFO  - End to run testcase:oe_test_arping.
Fri May 26 01:19:44 2023 - INFO  - A total of 1 use cases were executed, with 0 successes and 1 failures.
Fri May 26 01:19:47 2023 - INFO  - start to run testcase:oe_test_atd.
Fri May 26 01:21:34 2023 - INFO  - The case exit by code 0.
Fri May 26 01:21:34 2023 - INFO  - End to run testcase:oe_test_atd.
Fri May 26 01:21:35 2023 - INFO  - A total of 1 use cases were executed, with 1 successes and 0 failures.
Fri May 26 01:21:38 2023 - INFO  - start to run testcase:oe_test_augeas_augtool.
Fri May 26 01:22:09 2023 - INFO  - The case exit by code 0.
Fri May 26 01:22:09 2023 - INFO  - End to run testcase:oe_test_augeas_augtool.
Fri May 26 01:22:10 2023 - INFO  - A total of 1 use cases were executed, with 1 successes and 0 failures.
Fri May 26 01:22:13 2023 - INFO  - start to run testcase:oe_test_bc.
Fri May 26 01:22:27 2023 - INFO  - The case exit by code 0.
Fri May 26 01:22:28 2023 - INFO  - End to run testcase:oe_test_bc.
Fri May 26 01:22:28 2023 - INFO  - A total of 1 use cases were executed, with 1 successes and 0 failures.
Fri May 26 01:22:31 2023 - INFO  - start to run testcase:oe_test_bridge-utils_01.
Fri May 26 01:23:09 2023 - INFO  - The case exit by code 0.
Fri May 26 01:23:10 2023 - INFO  - End to run testcase:oe_test_bridge-utils_01.
Fri May 26 01:23:10 2023 - INFO  - A total of 1 use cases were executed, with 1 successes and 0 failures.
Fri May 26 01:23:14 2023 - INFO  - start to run testcase:oe_test_chkconfig.
Fri May 26 01:23:21 2023 - INFO  - The case exit by code 0.
Fri May 26 01:23:22 2023 - INFO  - End to run testcase:oe_test_chkconfig.
Fri May 26 01:23:22 2023 - INFO  - A total of 1 use cases were executed, with 1 successes and 0 failures.
Fri May 26 01:23:25 2023 - INFO  - start to run testcase:oe_test_chrt.
Fri May 26 01:23:31 2023 - INFO  - The case exit by code 0.
Fri May 26 01:23:31 2023 - INFO  - End to run testcase:oe_test_chrt.
Fri May 26 01:23:32 2023 - INFO  - A total of 1 use cases were executed, with 1 successes and 0 failures.
Fri May 26 01:23:35 2023 - INFO  - start to run testcase:oe_test_cifsclient.
Fri May 26 01:24:47 2023 - INFO  - The case exit by code 0.
Fri May 26 01:24:48 2023 - INFO  - End to run testcase:oe_test_cifsclient.
Fri May 26 01:24:48 2023 - INFO  - A total of 1 use cases were executed, with 1 successes and 0 failures.
Fri May 26 01:24:52 2023 - INFO  - start to run testcase:oe_test_cpio.
Fri May 26 01:24:58 2023 - INFO  - The case exit by code 0.
Fri May 26 01:24:58 2023 - INFO  - End to run testcase:oe_test_cpio.
Fri May 26 01:24:59 2023 - INFO  - A total of 1 use cases were executed, with 1 successes and 0 failures.
