Thu May 25 21:32:55 2023 - INFO  - start to run testcase:oe_test_service_acpid.
Thu May 25 21:34:04 2023 - INFO  - The case exit by code 0.
Thu May 25 21:34:05 2023 - INFO  - End to run testcase:oe_test_service_acpid.
Thu May 25 21:34:05 2023 - INFO  - A total of 1 use cases were executed, with 1 successes and 0 failures.
Thu May 25 21:34:09 2023 - INFO  - start to run testcase:oe_test_socket_acpid.
Thu May 25 21:35:18 2023 - INFO  - The case exit by code 0.
Thu May 25 21:35:19 2023 - INFO  - End to run testcase:oe_test_socket_acpid.
Thu May 25 21:35:19 2023 - INFO  - A total of 1 use cases were executed, with 1 successes and 0 failures.
Thu May 25 21:35:22 2023 - INFO  - start to run testcase:oe_test_acpid_01.
Thu May 25 21:36:18 2023 - INFO  - The case exit by code 0.
Thu May 25 21:36:18 2023 - INFO  - End to run testcase:oe_test_acpid_01.
Thu May 25 21:36:19 2023 - INFO  - A total of 1 use cases were executed, with 1 successes and 0 failures.
Thu May 25 21:36:21 2023 - INFO  - start to run testcase:oe_test_acpid_02.
Thu May 25 21:37:17 2023 - INFO  - The case exit by code 0.
Thu May 25 21:37:17 2023 - INFO  - End to run testcase:oe_test_acpid_02.
Thu May 25 21:37:18 2023 - INFO  - A total of 1 use cases were executed, with 1 successes and 0 failures.
Thu May 25 21:37:21 2023 - INFO  - start to run testcase:oe_test_acpid_03.
Thu May 25 21:38:04 2023 - INFO  - The case exit by code 0.
Thu May 25 21:38:04 2023 - INFO  - End to run testcase:oe_test_acpid_03.
Thu May 25 21:38:05 2023 - INFO  - A total of 1 use cases were executed, with 1 successes and 0 failures.
