Thu Jun  8 13:00:02 2023 - INFO  - start to run testcase:oe_test_dmesg_messages_log.
Thu Jun  8 13:00:02 2023 - ERROR - The case exit by code 1.
Thu Jun  8 13:00:02 2023 - INFO  - End to run testcase:oe_test_dmesg_messages_log.
Thu Jun  8 13:00:02 2023 - INFO  - A total of 1 use cases were executed, with 0 successes and 1 failures.
Thu Jun  8 13:00:02 2023 - INFO  - start to run testcase:oe_test_baseinfo.
Thu Jun  8 13:00:04 2023 - INFO  - The case exit by code 0.
Thu Jun  8 13:00:04 2023 - INFO  - End to run testcase:oe_test_baseinfo.
Thu Jun  8 13:00:04 2023 - INFO  - A total of 1 use cases were executed, with 1 successes and 0 failures.
Thu Jun  8 13:00:04 2023 - INFO  - start to run testcase:oe_test_cockpit.
Thu Jun  8 13:02:26 2023 - INFO  - The case exit by code 0.
Thu Jun  8 13:02:26 2023 - INFO  - End to run testcase:oe_test_cockpit.
Thu Jun  8 13:02:26 2023 - INFO  - A total of 1 use cases were executed, with 1 successes and 0 failures.
Thu Jun  8 13:02:26 2023 - INFO  - start to run testcase:oe_test_firewalld.
Thu Jun  8 13:02:27 2023 - ERROR - The case exit by code 4.
Thu Jun  8 13:02:27 2023 - INFO  - End to run testcase:oe_test_firewalld.
Thu Jun  8 13:02:27 2023 - INFO  - A total of 1 use cases were executed, with 0 successes and 1 failures.
Thu Jun  8 13:02:27 2023 - INFO  - start to run testcase:oe_test_partition.
Thu Jun  8 13:02:28 2023 - ERROR - The case exit by code 2.
Thu Jun  8 13:02:28 2023 - INFO  - End to run testcase:oe_test_partition.
Thu Jun  8 13:02:28 2023 - INFO  - A total of 1 use cases were executed, with 0 successes and 1 failures.
Thu Jun  8 13:02:28 2023 - INFO  - start to run testcase:oe_test_selinux.
Thu Jun  8 13:03:04 2023 - INFO  - The case exit by code 0.
Thu Jun  8 13:03:04 2023 - INFO  - End to run testcase:oe_test_selinux.
Thu Jun  8 13:03:04 2023 - INFO  - A total of 1 use cases were executed, with 1 successes and 0 failures.
Thu Jun  8 13:03:04 2023 - INFO  - start to run testcase:oe_test_system_level.
Thu Jun  8 13:03:05 2023 - INFO  - The case exit by code 0.
Thu Jun  8 13:03:05 2023 - INFO  - End to run testcase:oe_test_system_level.
Thu Jun  8 13:03:05 2023 - INFO  - A total of 1 use cases were executed, with 1 successes and 0 failures.
Thu Jun  8 13:03:05 2023 - INFO  - start to run testcase:oe_test_service.
Thu Jun  8 13:03:06 2023 - INFO  - The case exit by code 0.
Thu Jun  8 13:03:06 2023 - INFO  - End to run testcase:oe_test_service.
Thu Jun  8 13:03:06 2023 - INFO  - A total of 1 use cases were executed, with 1 successes and 0 failures.
Thu Jun  8 13:03:06 2023 - INFO  - start to run testcase:oe_test_ssh.
Thu Jun  8 13:03:22 2023 - INFO  - The case exit by code 0.
Thu Jun  8 13:03:22 2023 - INFO  - End to run testcase:oe_test_ssh.
Thu Jun  8 13:03:22 2023 - INFO  - A total of 1 use cases were executed, with 1 successes and 0 failures.
Thu Jun  8 13:03:22 2023 - INFO  - start to run testcase:oe_test_rpm_suffix_name.
Thu Jun  8 13:03:24 2023 - INFO  - The case exit by code 0.
Thu Jun  8 13:03:24 2023 - INFO  - End to run testcase:oe_test_rpm_suffix_name.
Thu Jun  8 13:03:24 2023 - INFO  - A total of 1 use cases were executed, with 1 successes and 0 failures.
Thu Jun  8 13:03:24 2023 - INFO  - start to run testcase:oe_test_OVS.
Thu Jun  8 13:04:11 2023 - INFO  - The case exit by code 0.
Thu Jun  8 13:04:11 2023 - INFO  - End to run testcase:oe_test_OVS.
Thu Jun  8 13:04:11 2023 - INFO  - A total of 1 use cases were executed, with 1 successes and 0 failures.
Thu Jun  8 13:04:11 2023 - INFO  - start to run testcase:oe_test_docker_cp_001.
Thu Jun  8 13:06:29 2023 - INFO  - The case exit by code 0.
Thu Jun  8 13:06:29 2023 - INFO  - End to run testcase:oe_test_docker_cp_001.
Thu Jun  8 13:06:30 2023 - INFO  - A total of 1 use cases were executed, with 1 successes and 0 failures.
Thu Jun  8 13:06:30 2023 - INFO  - start to run testcase:oe_test_docker_rename_pause_resume_001.
Thu Jun  8 13:09:08 2023 - INFO  - The case exit by code 0.
Thu Jun  8 13:09:08 2023 - INFO  - End to run testcase:oe_test_docker_rename_pause_resume_001.
Thu Jun  8 13:09:08 2023 - INFO  - A total of 1 use cases were executed, with 1 successes and 0 failures.
Thu Jun  8 13:09:09 2023 - INFO  - start to run testcase:oe_test_docker_search_info_001.
Thu Jun  8 13:10:16 2023 - INFO  - The case exit by code 0.
Thu Jun  8 13:10:16 2023 - INFO  - End to run testcase:oe_test_docker_search_info_001.
Thu Jun  8 13:10:16 2023 - INFO  - A total of 1 use cases were executed, with 1 successes and 0 failures.
Thu Jun  8 13:10:16 2023 - INFO  - start to run testcase:oe_test_docker_image_history_001.
Thu Jun  8 13:11:59 2023 - INFO  - The case exit by code 0.
Thu Jun  8 13:11:59 2023 - INFO  - End to run testcase:oe_test_docker_image_history_001.
Thu Jun  8 13:11:59 2023 - INFO  - A total of 1 use cases were executed, with 1 successes and 0 failures.
Thu Jun  8 13:11:59 2023 - INFO  - start to run testcase:oe_test_docker_commit_export_import_001.
Thu Jun  8 13:13:03 2023 - INFO  - The case exit by code 0.
Thu Jun  8 13:13:03 2023 - INFO  - End to run testcase:oe_test_docker_commit_export_import_001.
Thu Jun  8 13:13:03 2023 - INFO  - A total of 1 use cases were executed, with 1 successes and 0 failures.
Thu Jun  8 13:13:03 2023 - INFO  - start to run testcase:oe_test_docker_create_002.
Thu Jun  8 13:13:30 2023 - INFO  - The case exit by code 0.
Thu Jun  8 13:13:30 2023 - INFO  - End to run testcase:oe_test_docker_create_002.
Thu Jun  8 13:13:30 2023 - INFO  - A total of 1 use cases were executed, with 1 successes and 0 failures.
Thu Jun  8 13:13:30 2023 - INFO  - start to run testcase:oe_test_docker_attach_001.
Thu Jun  8 13:16:31 2023 - INFO  - The case exit by code 0.
Thu Jun  8 13:16:31 2023 - INFO  - End to run testcase:oe_test_docker_attach_001.
Thu Jun  8 13:16:31 2023 - INFO  - A total of 1 use cases were executed, with 1 successes and 0 failures.
Thu Jun  8 13:16:31 2023 - INFO  - start to run testcase:oe_test_docker_start_stop_delete_001.
Thu Jun  8 13:17:45 2023 - INFO  - The case exit by code 0.
Thu Jun  8 13:17:45 2023 - INFO  - End to run testcase:oe_test_docker_start_stop_delete_001.
Thu Jun  8 13:17:45 2023 - INFO  - A total of 1 use cases were executed, with 1 successes and 0 failures.
Thu Jun  8 13:17:45 2023 - INFO  - start to run testcase:oe_test_docker_tag_001.
Thu Jun  8 13:19:05 2023 - INFO  - The case exit by code 0.
Thu Jun  8 13:19:05 2023 - INFO  - End to run testcase:oe_test_docker_tag_001.
Thu Jun  8 13:19:05 2023 - INFO  - A total of 1 use cases were executed, with 1 successes and 0 failures.
Thu Jun  8 13:19:05 2023 - INFO  - start to run testcase:oe_test_docker_exec_cmd_001.
Thu Jun  8 13:20:09 2023 - INFO  - The case exit by code 0.
Thu Jun  8 13:20:09 2023 - INFO  - End to run testcase:oe_test_docker_exec_cmd_001.
Thu Jun  8 13:20:09 2023 - INFO  - A total of 1 use cases were executed, with 1 successes and 0 failures.
Thu Jun  8 13:20:09 2023 - INFO  - start to run testcase:oe_test_docker_create_003.
Thu Jun  8 13:21:13 2023 - INFO  - The case exit by code 0.
Thu Jun  8 13:21:13 2023 - INFO  - End to run testcase:oe_test_docker_create_003.
Thu Jun  8 13:21:13 2023 - INFO  - A total of 1 use cases were executed, with 1 successes and 0 failures.
Thu Jun  8 13:21:13 2023 - INFO  - start to run testcase:oe_test_docker_create_001.
Thu Jun  8 13:22:04 2023 - INFO  - The case exit by code 0.
Thu Jun  8 13:22:04 2023 - INFO  - End to run testcase:oe_test_docker_create_001.
Thu Jun  8 13:22:04 2023 - INFO  - A total of 1 use cases were executed, with 1 successes and 0 failures.
Thu Jun  8 13:22:04 2023 - INFO  - start to run testcase:oe_test_docker_save_load_001.
Thu Jun  8 13:23:10 2023 - INFO  - The case exit by code 0.
Thu Jun  8 13:23:10 2023 - INFO  - End to run testcase:oe_test_docker_save_load_001.
Thu Jun  8 13:23:10 2023 - INFO  - A total of 1 use cases were executed, with 1 successes and 0 failures.
Thu Jun  8 13:23:10 2023 - INFO  - start to run testcase:oe_test_docker_custom_image.
Thu Jun  8 13:23:11 2023 - ERROR - The case exit by code 255.
Thu Jun  8 13:53:11 2023 - INFO  - The case exit by code 0.
Thu Jun  8 13:53:11 2023 - INFO  - End to run testcase:oe_test_docker_custom_image.
Thu Jun  8 13:53:11 2023 - INFO  - A total of 1 use cases were executed, with 1 successes and 1 failures.
Thu Jun  8 13:53:11 2023 - INFO  - start to run testcase:oe_test_runc.
Thu Jun  8 13:53:48 2023 - INFO  - The case exit by code 0.
Thu Jun  8 13:53:48 2023 - INFO  - End to run testcase:oe_test_runc.
Thu Jun  8 13:53:48 2023 - INFO  - A total of 1 use cases were executed, with 1 successes and 0 failures.
Thu Jun  8 13:53:48 2023 - INFO  - start to run testcase:oe_test_iSula_query_state_001.
Thu Jun  8 13:54:49 2023 - INFO  - The case exit by code 0.
Thu Jun  8 13:54:49 2023 - INFO  - End to run testcase:oe_test_iSula_query_state_001.
Thu Jun  8 13:54:49 2023 - INFO  - A total of 1 use cases were executed, with 1 successes and 0 failures.
Thu Jun  8 13:54:50 2023 - INFO  - start to run testcase:oe_test_iSula_attach_rename_001.
Thu Jun  8 13:55:34 2023 - INFO  - The case exit by code 0.
Thu Jun  8 13:55:34 2023 - INFO  - End to run testcase:oe_test_iSula_attach_rename_001.
Thu Jun  8 13:55:34 2023 - INFO  - A total of 1 use cases were executed, with 1 successes and 0 failures.
Thu Jun  8 13:55:34 2023 - INFO  - start to run testcase:oe_test_iSula_export_001.
Thu Jun  8 13:56:28 2023 - INFO  - The case exit by code 0.
Thu Jun  8 13:56:28 2023 - INFO  - End to run testcase:oe_test_iSula_export_001.
Thu Jun  8 13:56:28 2023 - INFO  - A total of 1 use cases were executed, with 1 successes and 0 failures.
Thu Jun  8 13:56:28 2023 - INFO  - start to run testcase:oe_test_iSula_cp_001.
Thu Jun  8 14:13:29 2023 - INFO  - The case exit by code 0.
Thu Jun  8 14:13:29 2023 - INFO  - End to run testcase:oe_test_iSula_cp_001.
Thu Jun  8 14:13:29 2023 - INFO  - A total of 1 use cases were executed, with 1 successes and 0 failures.
Thu Jun  8 14:13:29 2023 - INFO  - start to run testcase:oe_test_iSula_create_start_001.
Thu Jun  8 14:14:16 2023 - INFO  - The case exit by code 0.
Thu Jun  8 14:14:16 2023 - INFO  - End to run testcase:oe_test_iSula_create_start_001.
Thu Jun  8 14:14:16 2023 - INFO  - A total of 1 use cases were executed, with 1 successes and 0 failures.
Thu Jun  8 14:14:16 2023 - INFO  - start to run testcase:oe_test_iSula_restart_stop_001.
Thu Jun  8 14:15:20 2023 - INFO  - The case exit by code 0.
Thu Jun  8 14:15:20 2023 - INFO  - End to run testcase:oe_test_iSula_restart_stop_001.
Thu Jun  8 14:15:20 2023 - INFO  - A total of 1 use cases were executed, with 1 successes and 0 failures.
Thu Jun  8 14:15:21 2023 - INFO  - start to run testcase:oe_test_iSula_search_info_001.
Thu Jun  8 14:16:14 2023 - INFO  - The case exit by code 0.
Thu Jun  8 14:16:14 2023 - INFO  - End to run testcase:oe_test_iSula_search_info_001.
Thu Jun  8 14:16:14 2023 - INFO  - A total of 1 use cases were executed, with 1 successes and 0 failures.
Thu Jun  8 14:16:14 2023 - INFO  - start to run testcase:oe_test_iSula_exec_cmd_001.
Thu Jun  8 14:32:10 2023 - INFO  - The case exit by code 0.
Thu Jun  8 14:32:10 2023 - INFO  - End to run testcase:oe_test_iSula_exec_cmd_001.
Thu Jun  8 14:32:10 2023 - INFO  - A total of 1 use cases were executed, with 1 successes and 0 failures.
Thu Jun  8 14:32:10 2023 - INFO  - start to run testcase:oe_test_iSula_install_deploy_001.
Thu Jun  8 14:33:15 2023 - INFO  - The case exit by code 0.
Thu Jun  8 14:33:15 2023 - INFO  - End to run testcase:oe_test_iSula_install_deploy_001.
Thu Jun  8 14:33:15 2023 - INFO  - A total of 1 use cases were executed, with 1 successes and 0 failures.
Thu Jun  8 14:33:16 2023 - INFO  - start to run testcase:oe_test_iSula_mkdir100_001.
Thu Jun  8 14:35:16 2023 - INFO  - The case exit by code 0.
Thu Jun  8 14:35:16 2023 - INFO  - End to run testcase:oe_test_iSula_mkdir100_001.
Thu Jun  8 14:35:16 2023 - INFO  - A total of 1 use cases were executed, with 1 successes and 0 failures.
Thu Jun  8 14:35:16 2023 - INFO  - start to run testcase:oe_test_iSula_pause_resume_001.
Thu Jun  8 14:36:17 2023 - INFO  - The case exit by code 0.
Thu Jun  8 14:36:17 2023 - INFO  - End to run testcase:oe_test_iSula_pause_resume_001.
Thu Jun  8 14:36:17 2023 - INFO  - A total of 1 use cases were executed, with 1 successes and 0 failures.
Thu Jun  8 14:36:17 2023 - INFO  - start to run testcase:oe_test_acl_001.
Thu Jun  8 14:36:18 2023 - INFO  - The case exit by code 0.
Thu Jun  8 14:36:18 2023 - INFO  - End to run testcase:oe_test_acl_001.
Thu Jun  8 14:36:18 2023 - INFO  - A total of 1 use cases were executed, with 1 successes and 0 failures.
Thu Jun  8 14:36:18 2023 - INFO  - start to run testcase:oe_test_basic_ssh_001.
Thu Jun  8 14:36:19 2023 - INFO  - The case exit by code 0.
Thu Jun  8 14:36:19 2023 - INFO  - End to run testcase:oe_test_basic_ssh_001.
Thu Jun  8 14:36:19 2023 - INFO  - A total of 1 use cases were executed, with 1 successes and 0 failures.
Thu Jun  8 14:36:19 2023 - INFO  - start to run testcase:oe_test_cat_001.
Thu Jun  8 14:36:19 2023 - ERROR - The case exit by code 2.
Thu Jun  8 14:36:19 2023 - INFO  - End to run testcase:oe_test_cat_001.
Thu Jun  8 14:36:19 2023 - INFO  - A total of 1 use cases were executed, with 0 successes and 1 failures.
Thu Jun  8 14:36:19 2023 - INFO  - start to run testcase:oe_test_cd_002.
Thu Jun  8 14:36:20 2023 - INFO  - The case exit by code 0.
Thu Jun  8 14:36:20 2023 - INFO  - End to run testcase:oe_test_cd_002.
Thu Jun  8 14:36:20 2023 - INFO  - A total of 1 use cases were executed, with 1 successes and 0 failures.
Thu Jun  8 14:36:20 2023 - INFO  - start to run testcase:oe_test_chattr.
Thu Jun  8 14:36:20 2023 - INFO  - The case exit by code 0.
Thu Jun  8 14:36:21 2023 - INFO  - End to run testcase:oe_test_chattr.
Thu Jun  8 14:36:21 2023 - INFO  - A total of 1 use cases were executed, with 1 successes and 0 failures.
Thu Jun  8 14:36:21 2023 - INFO  - start to run testcase:oe_test_chmod_001.
Thu Jun  8 14:36:21 2023 - INFO  - The case exit by code 0.
Thu Jun  8 14:36:21 2023 - INFO  - End to run testcase:oe_test_chmod_001.
Thu Jun  8 14:36:21 2023 - INFO  - A total of 1 use cases were executed, with 1 successes and 0 failures.
Thu Jun  8 14:36:21 2023 - INFO  - start to run testcase:oe_test_chown_001.
Thu Jun  8 14:36:22 2023 - INFO  - The case exit by code 0.
Thu Jun  8 14:36:22 2023 - INFO  - End to run testcase:oe_test_chown_001.
Thu Jun  8 14:36:22 2023 - INFO  - A total of 1 use cases were executed, with 1 successes and 0 failures.
Thu Jun  8 14:36:22 2023 - INFO  - start to run testcase:oe_test_cp_001.
Thu Jun  8 14:36:22 2023 - INFO  - The case exit by code 0.
Thu Jun  8 14:36:22 2023 - INFO  - End to run testcase:oe_test_cp_001.
Thu Jun  8 14:36:22 2023 - INFO  - A total of 1 use cases were executed, with 1 successes and 0 failures.
Thu Jun  8 14:36:23 2023 - INFO  - start to run testcase:oe_test_CPUinfo_001.
Thu Jun  8 14:36:28 2023 - INFO  - The case exit by code 0.
Thu Jun  8 14:36:28 2023 - INFO  - End to run testcase:oe_test_CPUinfo_001.
Thu Jun  8 14:36:28 2023 - INFO  - A total of 1 use cases were executed, with 1 successes and 0 failures.
Thu Jun  8 14:36:28 2023 - INFO  - start to run testcase:oe_test_criu.
Thu Jun  8 14:37:32 2023 - INFO  - The case exit by code 0.
Thu Jun  8 14:37:32 2023 - INFO  - End to run testcase:oe_test_criu.
Thu Jun  8 14:37:32 2023 - INFO  - A total of 1 use cases were executed, with 1 successes and 0 failures.
Thu Jun  8 14:37:32 2023 - INFO  - start to run testcase:oe_test_dateinfo_001.
Thu Jun  8 14:37:32 2023 - INFO  - The case exit by code 0.
Thu Jun  8 14:37:32 2023 - INFO  - End to run testcase:oe_test_dateinfo_001.
Thu Jun  8 14:37:32 2023 - INFO  - A total of 1 use cases were executed, with 1 successes and 0 failures.
Thu Jun  8 14:37:32 2023 - INFO  - start to run testcase:oe_test_dd_001.
Thu Jun  8 14:37:34 2023 - INFO  - The case exit by code 0.
Thu Jun  8 14:37:34 2023 - INFO  - End to run testcase:oe_test_dd_001.
Thu Jun  8 14:37:34 2023 - INFO  - A total of 1 use cases were executed, with 1 successes and 0 failures.
Thu Jun  8 14:37:34 2023 - INFO  - start to run testcase:oe_test_df.
Thu Jun  8 14:37:35 2023 - ERROR - The case exit by code 1.
Thu Jun  8 14:37:35 2023 - INFO  - End to run testcase:oe_test_df.
Thu Jun  8 14:37:35 2023 - INFO  - A total of 1 use cases were executed, with 0 successes and 1 failures.
Thu Jun  8 14:37:35 2023 - INFO  - start to run testcase:oe_test_file_001.
Thu Jun  8 14:37:36 2023 - INFO  - The case exit by code 0.
Thu Jun  8 14:37:36 2023 - INFO  - End to run testcase:oe_test_file_001.
Thu Jun  8 14:37:36 2023 - INFO  - A total of 1 use cases were executed, with 1 successes and 0 failures.
Thu Jun  8 14:37:36 2023 - INFO  - start to run testcase:oe_test_golang.
Thu Jun  8 14:38:32 2023 - INFO  - The case exit by code 0.
Thu Jun  8 14:38:32 2023 - INFO  - End to run testcase:oe_test_golang.
Thu Jun  8 14:38:32 2023 - INFO  - A total of 1 use cases were executed, with 1 successes and 0 failures.
Thu Jun  8 14:38:32 2023 - INFO  - start to run testcase:oe_test_grep_001.
Thu Jun  8 14:38:33 2023 - INFO  - The case exit by code 0.
Thu Jun  8 14:38:33 2023 - INFO  - End to run testcase:oe_test_grep_001.
Thu Jun  8 14:38:33 2023 - INFO  - A total of 1 use cases were executed, with 1 successes and 0 failures.
Thu Jun  8 14:38:33 2023 - INFO  - start to run testcase:oe_test_group_001.
Thu Jun  8 14:38:33 2023 - INFO  - The case exit by code 0.
Thu Jun  8 14:38:33 2023 - INFO  - End to run testcase:oe_test_group_001.
Thu Jun  8 14:38:33 2023 - INFO  - A total of 1 use cases were executed, with 1 successes and 0 failures.
Thu Jun  8 14:38:34 2023 - INFO  - start to run testcase:oe_test_group_002.
Thu Jun  8 14:38:34 2023 - INFO  - The case exit by code 0.
Thu Jun  8 14:38:34 2023 - INFO  - End to run testcase:oe_test_group_002.
Thu Jun  8 14:38:34 2023 - INFO  - A total of 1 use cases were executed, with 1 successes and 0 failures.
Thu Jun  8 14:38:34 2023 - INFO  - start to run testcase:oe_test_haproxy.
Thu Jun  8 14:38:40 2023 - ERROR - The case exit by code 2.
Thu Jun  8 14:38:40 2023 - INFO  - End to run testcase:oe_test_haproxy.
Thu Jun  8 14:38:40 2023 - INFO  - A total of 1 use cases were executed, with 0 successes and 1 failures.
Thu Jun  8 14:38:40 2023 - INFO  - start to run testcase:oe_test_hdparm.
Thu Jun  8 14:38:43 2023 - INFO  - The case exit by code 0.
Thu Jun  8 14:38:43 2023 - INFO  - End to run testcase:oe_test_hdparm.
Thu Jun  8 14:38:43 2023 - INFO  - A total of 1 use cases were executed, with 1 successes and 0 failures.
Thu Jun  8 14:38:43 2023 - INFO  - start to run testcase:oe_test_httpd.
Thu Jun  8 14:39:17 2023 - INFO  - The case exit by code 0.
Thu Jun  8 14:39:17 2023 - INFO  - End to run testcase:oe_test_httpd.
Thu Jun  8 14:39:18 2023 - INFO  - A total of 1 use cases were executed, with 1 successes and 0 failures.
Thu Jun  8 14:39:18 2023 - INFO  - start to run testcase:oe_test_iscsi.
Thu Jun  8 14:39:28 2023 - INFO  - The case exit by code 0.
Thu Jun  8 14:39:28 2023 - INFO  - End to run testcase:oe_test_iscsi.
Thu Jun  8 14:39:29 2023 - INFO  - A total of 1 use cases were executed, with 1 successes and 0 failures.
Thu Jun  8 14:39:29 2023 - INFO  - start to run testcase:oe_test_krb5.
Thu Jun  8 14:39:33 2023 - INFO  - The case exit by code 0.
Thu Jun  8 14:39:33 2023 - INFO  - End to run testcase:oe_test_krb5.
Thu Jun  8 14:39:33 2023 - INFO  - A total of 1 use cases were executed, with 1 successes and 0 failures.
Thu Jun  8 14:39:33 2023 - INFO  - start to run testcase:oe_test_ln_001.
Thu Jun  8 14:39:33 2023 - INFO  - The case exit by code 0.
Thu Jun  8 14:39:33 2023 - INFO  - End to run testcase:oe_test_ln_001.
Thu Jun  8 14:39:33 2023 - INFO  - A total of 1 use cases were executed, with 1 successes and 0 failures.
Thu Jun  8 14:39:34 2023 - INFO  - start to run testcase:oe_test_less_001.
Thu Jun  8 14:39:34 2023 - INFO  - The case exit by code 0.
Thu Jun  8 14:39:34 2023 - INFO  - End to run testcase:oe_test_less_001.
Thu Jun  8 14:39:34 2023 - INFO  - A total of 1 use cases were executed, with 1 successes and 0 failures.
Thu Jun  8 14:39:34 2023 - INFO  - start to run testcase:oe_test_localectl_001.
Thu Jun  8 14:39:35 2023 - INFO  - The case exit by code 0.
Thu Jun  8 14:39:35 2023 - INFO  - End to run testcase:oe_test_localectl_001.
Thu Jun  8 14:39:35 2023 - INFO  - A total of 1 use cases were executed, with 1 successes and 0 failures.
Thu Jun  8 14:39:35 2023 - INFO  - start to run testcase:oe_test_log_001.
Thu Jun  8 14:39:40 2023 - INFO  - The case exit by code 0.
Thu Jun  8 14:39:40 2023 - INFO  - End to run testcase:oe_test_log_001.
Thu Jun  8 14:39:40 2023 - INFO  - A total of 1 use cases were executed, with 1 successes and 0 failures.
Thu Jun  8 14:39:41 2023 - INFO  - start to run testcase:oe_test_logrotate_001.
Thu Jun  8 14:39:41 2023 - INFO  - The case exit by code 0.
Thu Jun  8 14:39:41 2023 - INFO  - End to run testcase:oe_test_logrotate_001.
Thu Jun  8 14:39:41 2023 - INFO  - A total of 1 use cases were executed, with 1 successes and 0 failures.
Thu Jun  8 14:39:42 2023 - INFO  - start to run testcase:oe_test_ls_001.
Thu Jun  8 14:39:42 2023 - INFO  - The case exit by code 0.
Thu Jun  8 14:39:42 2023 - INFO  - End to run testcase:oe_test_ls_001.
Thu Jun  8 14:39:42 2023 - INFO  - A total of 1 use cases were executed, with 1 successes and 0 failures.
Thu Jun  8 14:39:42 2023 - INFO  - start to run testcase:oe_test_lsscsi.
Thu Jun  8 14:40:15 2023 - INFO  - The case exit by code 0.
Thu Jun  8 14:40:15 2023 - INFO  - End to run testcase:oe_test_lsscsi.
Thu Jun  8 14:40:15 2023 - INFO  - A total of 1 use cases were executed, with 1 successes and 0 failures.
Thu Jun  8 14:40:15 2023 - INFO  - start to run testcase:oe_test_lzo.
Thu Jun  8 14:40:18 2023 - INFO  - The case exit by code 0.
Thu Jun  8 14:40:18 2023 - INFO  - End to run testcase:oe_test_lzo.
Thu Jun  8 14:40:18 2023 - INFO  - A total of 1 use cases were executed, with 1 successes and 0 failures.
Thu Jun  8 14:40:18 2023 - INFO  - start to run testcase:oe_test_MEMinfo_001.
Thu Jun  8 14:40:24 2023 - INFO  - The case exit by code 0.
Thu Jun  8 14:40:24 2023 - INFO  - End to run testcase:oe_test_MEMinfo_001.
Thu Jun  8 14:40:24 2023 - INFO  - A total of 1 use cases were executed, with 1 successes and 0 failures.
Thu Jun  8 14:40:24 2023 - INFO  - start to run testcase:oe_test_mkdir_001.
Thu Jun  8 14:40:24 2023 - INFO  - The case exit by code 0.
Thu Jun  8 14:40:24 2023 - INFO  - End to run testcase:oe_test_mkdir_001.
Thu Jun  8 14:40:24 2023 - INFO  - A total of 1 use cases were executed, with 1 successes and 0 failures.
Thu Jun  8 14:40:24 2023 - INFO  - start to run testcase:oe_test_mv_001.
Thu Jun  8 14:40:25 2023 - INFO  - The case exit by code 0.
Thu Jun  8 14:40:25 2023 - INFO  - End to run testcase:oe_test_mv_001.
Thu Jun  8 14:40:25 2023 - INFO  - A total of 1 use cases were executed, with 1 successes and 0 failures.
Thu Jun  8 14:40:25 2023 - INFO  - start to run testcase:oe_test_ndctl.
Thu Jun  8 14:40:26 2023 - INFO  - The case exit by code 0.
Thu Jun  8 14:40:26 2023 - INFO  - End to run testcase:oe_test_ndctl.
Thu Jun  8 14:40:26 2023 - INFO  - A total of 1 use cases were executed, with 1 successes and 0 failures.
Thu Jun  8 14:40:26 2023 - INFO  - start to run testcase:oe_test_network_001.
Thu Jun  8 14:40:28 2023 - ERROR - The case exit by code 3.
Thu Jun  8 14:40:28 2023 - INFO  - End to run testcase:oe_test_network_001.
Thu Jun  8 14:40:28 2023 - INFO  - A total of 1 use cases were executed, with 0 successes and 1 failures.
Thu Jun  8 14:40:28 2023 - INFO  - start to run testcase:oe_test_nfs.
Thu Jun  8 14:41:04 2023 - INFO  - The case exit by code 0.
Thu Jun  8 14:41:04 2023 - INFO  - End to run testcase:oe_test_nfs.
Thu Jun  8 14:41:04 2023 - INFO  - A total of 1 use cases were executed, with 1 successes and 0 failures.
Thu Jun  8 14:41:04 2023 - INFO  - start to run testcase:oe_test_numactl.
Thu Jun  8 14:41:37 2023 - INFO  - The case exit by code 0.
Thu Jun  8 14:41:37 2023 - INFO  - End to run testcase:oe_test_numactl.
Thu Jun  8 14:41:37 2023 - INFO  - A total of 1 use cases were executed, with 1 successes and 0 failures.
Thu Jun  8 14:41:37 2023 - INFO  - start to run testcase:oe_test_openssl.
Thu Jun  8 14:41:38 2023 - INFO  - The case exit by code 0.
Thu Jun  8 14:41:38 2023 - INFO  - End to run testcase:oe_test_openssl.
Thu Jun  8 14:41:38 2023 - INFO  - A total of 1 use cases were executed, with 1 successes and 0 failures.
