Thu May 25 16:57:06 2023 - INFO  - start to run testcase:oe_test_who.
Thu May 25 16:57:13 2023 - ERROR - The case exit by code 2.
Thu May 25 16:57:13 2023 - INFO  - End to run testcase:oe_test_who.
Thu May 25 16:57:14 2023 - INFO  - A total of 1 use cases were executed, with 0 successes and 1 failures.
Thu May 25 16:57:17 2023 - INFO  - start to run testcase:oe_test_envsubst.
Thu May 25 16:57:28 2023 - ERROR - The case exit by code 3.
Thu May 25 16:57:28 2023 - INFO  - End to run testcase:oe_test_envsubst.
Thu May 25 16:57:29 2023 - INFO  - A total of 1 use cases were executed, with 0 successes and 1 failures.
Thu May 25 16:57:32 2023 - INFO  - start to run testcase:oe_test_expr.
Thu May 25 16:57:39 2023 - INFO  - The case exit by code 0.
Thu May 25 16:57:40 2023 - INFO  - End to run testcase:oe_test_expr.
Thu May 25 16:57:40 2023 - INFO  - A total of 1 use cases were executed, with 1 successes and 0 failures.
Thu May 25 16:57:43 2023 - INFO  - start to run testcase:oe_test_fold.
Thu May 25 16:57:50 2023 - INFO  - The case exit by code 0.
Thu May 25 16:57:51 2023 - INFO  - End to run testcase:oe_test_fold.
Thu May 25 16:57:51 2023 - INFO  - A total of 1 use cases were executed, with 1 successes and 0 failures.
Thu May 25 16:57:55 2023 - INFO  - start to run testcase:oe_test_comm.
Thu May 25 16:58:01 2023 - INFO  - The case exit by code 0.
Thu May 25 16:58:02 2023 - INFO  - End to run testcase:oe_test_comm.
Thu May 25 16:58:02 2023 - INFO  - A total of 1 use cases were executed, with 1 successes and 0 failures.
Thu May 25 16:58:06 2023 - INFO  - start to run testcase:oe_test_look.
Thu May 25 16:58:12 2023 - INFO  - The case exit by code 0.
Thu May 25 16:58:12 2023 - INFO  - End to run testcase:oe_test_look.
Thu May 25 16:58:13 2023 - INFO  - A total of 1 use cases were executed, with 1 successes and 0 failures.
Thu May 25 16:58:16 2023 - INFO  - start to run testcase:oe_test_whereis.
Thu May 25 16:58:24 2023 - ERROR - The case exit by code 1.
Thu May 25 16:58:25 2023 - INFO  - End to run testcase:oe_test_whereis.
Thu May 25 16:58:25 2023 - INFO  - A total of 1 use cases were executed, with 0 successes and 1 failures.
Thu May 25 16:58:28 2023 - INFO  - start to run testcase:oe_test_base32.
Thu May 25 16:58:35 2023 - INFO  - The case exit by code 0.
Thu May 25 16:58:35 2023 - INFO  - End to run testcase:oe_test_base32.
Thu May 25 16:58:36 2023 - INFO  - A total of 1 use cases were executed, with 1 successes and 0 failures.
Thu May 25 16:58:39 2023 - INFO  - start to run testcase:oe_test_catman.
Thu May 25 16:58:49 2023 - ERROR - The case exit by code 3.
Thu May 25 16:58:49 2023 - INFO  - End to run testcase:oe_test_catman.
Thu May 25 16:58:50 2023 - INFO  - A total of 1 use cases were executed, with 0 successes and 1 failures.
Thu May 25 16:58:53 2023 - INFO  - start to run testcase:oe_test_cal.
Thu May 25 16:59:00 2023 - INFO  - The case exit by code 0.
Thu May 25 16:59:00 2023 - INFO  - End to run testcase:oe_test_cal.
Thu May 25 16:59:01 2023 - INFO  - A total of 1 use cases were executed, with 1 successes and 0 failures.
Thu May 25 16:59:04 2023 - INFO  - start to run testcase:oe_test_autoscan.
Thu May 25 16:59:13 2023 - INFO  - The case exit by code 0.
Thu May 25 16:59:14 2023 - INFO  - End to run testcase:oe_test_autoscan.
Thu May 25 16:59:14 2023 - INFO  - A total of 1 use cases were executed, with 1 successes and 0 failures.
Thu May 25 16:59:18 2023 - INFO  - start to run testcase:oe_test_base64.
Thu May 25 16:59:24 2023 - INFO  - The case exit by code 0.
Thu May 25 16:59:25 2023 - INFO  - End to run testcase:oe_test_base64.
Thu May 25 16:59:25 2023 - INFO  - A total of 1 use cases were executed, with 1 successes and 0 failures.
Thu May 25 16:59:28 2023 - INFO  - start to run testcase:oe_test_sha256sum.
Thu May 25 16:59:33 2023 - INFO  - The case exit by code 0.
Thu May 25 16:59:34 2023 - INFO  - End to run testcase:oe_test_sha256sum.
Thu May 25 16:59:35 2023 - INFO  - A total of 1 use cases were executed, with 1 successes and 0 failures.
Thu May 25 16:59:38 2023 - INFO  - start to run testcase:oe_test_dmraid.
Thu May 25 17:00:22 2023 - ERROR - The case exit by code 2.
Thu May 25 17:00:22 2023 - INFO  - End to run testcase:oe_test_dmraid.
Thu May 25 17:00:23 2023 - INFO  - A total of 1 use cases were executed, with 0 successes and 1 failures.
Thu May 25 17:00:26 2023 - INFO  - start to run testcase:oe_test_c++.
Thu May 25 17:02:00 2023 - ERROR - The case exit by code 2.
Thu May 25 17:02:00 2023 - INFO  - End to run testcase:oe_test_c++.
Thu May 25 17:02:01 2023 - INFO  - A total of 1 use cases were executed, with 0 successes and 1 failures.
Thu May 25 17:02:04 2023 - INFO  - start to run testcase:oe_test_md5sum.
Thu May 25 17:02:11 2023 - INFO  - The case exit by code 0.
Thu May 25 17:02:11 2023 - INFO  - End to run testcase:oe_test_md5sum.
Thu May 25 17:02:12 2023 - INFO  - A total of 1 use cases were executed, with 1 successes and 0 failures.
Thu May 25 17:02:15 2023 - INFO  - start to run testcase:oe_test_tail.
Thu May 25 17:02:28 2023 - INFO  - The case exit by code 0.
Thu May 25 17:02:29 2023 - INFO  - End to run testcase:oe_test_tail.
Thu May 25 17:02:30 2023 - INFO  - A total of 1 use cases were executed, with 1 successes and 0 failures.
Thu May 25 17:02:33 2023 - INFO  - start to run testcase:oe_test_systool.
Thu May 25 17:03:07 2023 - INFO  - The case exit by code 0.
Thu May 25 17:03:07 2023 - INFO  - End to run testcase:oe_test_systool.
Thu May 25 17:03:08 2023 - INFO  - A total of 1 use cases were executed, with 1 successes and 0 failures.
Thu May 25 17:03:11 2023 - INFO  - start to run testcase:oe_test_awk.
Thu May 25 17:03:18 2023 - ERROR - The case exit by code 1.
Thu May 25 17:03:19 2023 - INFO  - End to run testcase:oe_test_awk.
Thu May 25 17:03:19 2023 - INFO  - A total of 1 use cases were executed, with 0 successes and 1 failures.
Thu May 25 17:03:22 2023 - INFO  - start to run testcase:oe_test_sdiff.
Thu May 25 17:03:35 2023 - INFO  - The case exit by code 0.
Thu May 25 17:03:36 2023 - INFO  - End to run testcase:oe_test_sdiff.
Thu May 25 17:03:36 2023 - INFO  - A total of 1 use cases were executed, with 1 successes and 0 failures.
Thu May 25 17:03:39 2023 - INFO  - start to run testcase:oe_test_diff3.
Thu May 25 17:03:53 2023 - INFO  - The case exit by code 0.
Thu May 25 17:03:53 2023 - INFO  - End to run testcase:oe_test_diff3.
Thu May 25 17:03:54 2023 - INFO  - A total of 1 use cases were executed, with 1 successes and 0 failures.
Thu May 25 17:03:57 2023 - INFO  - start to run testcase:oe_test_fuse.
Thu May 25 17:04:13 2023 - ERROR - The case exit by code 3.
Thu May 25 17:04:14 2023 - INFO  - End to run testcase:oe_test_fuse.
Thu May 25 17:04:15 2023 - INFO  - A total of 1 use cases were executed, with 0 successes and 1 failures.
Thu May 25 17:04:18 2023 - INFO  - start to run testcase:oe_test_zstd.
Thu May 25 17:04:31 2023 - INFO  - The case exit by code 0.
Thu May 25 17:04:32 2023 - INFO  - End to run testcase:oe_test_zstd.
Thu May 25 17:04:32 2023 - INFO  - A total of 1 use cases were executed, with 1 successes and 0 failures.
Thu May 25 17:04:35 2023 - INFO  - start to run testcase:oe_test_auditctl.
Thu May 25 17:04:46 2023 - ERROR - The case exit by code 4.
Thu May 25 17:04:46 2023 - INFO  - End to run testcase:oe_test_auditctl.
Thu May 25 17:04:47 2023 - INFO  - A total of 1 use cases were executed, with 0 successes and 1 failures.
Thu May 25 17:04:50 2023 - INFO  - start to run testcase:oe_test_accessdb.
Thu May 25 17:04:56 2023 - INFO  - The case exit by code 0.
Thu May 25 17:04:57 2023 - INFO  - End to run testcase:oe_test_accessdb.
Thu May 25 17:04:57 2023 - INFO  - A total of 1 use cases were executed, with 1 successes and 0 failures.
Thu May 25 17:05:00 2023 - INFO  - start to run testcase:oe_test_cksum.
Thu May 25 17:05:07 2023 - INFO  - The case exit by code 0.
Thu May 25 17:05:07 2023 - INFO  - End to run testcase:oe_test_cksum.
Thu May 25 17:05:08 2023 - INFO  - A total of 1 use cases were executed, with 1 successes and 0 failures.
Thu May 25 17:05:11 2023 - INFO  - start to run testcase:oe_test_paste.
Thu May 25 17:05:17 2023 - INFO  - The case exit by code 0.
Thu May 25 17:05:18 2023 - INFO  - End to run testcase:oe_test_paste.
Thu May 25 17:05:18 2023 - INFO  - A total of 1 use cases were executed, with 1 successes and 0 failures.
Thu May 25 17:05:22 2023 - INFO  - start to run testcase:oe_test_chgrp.
Thu May 25 17:05:28 2023 - INFO  - The case exit by code 0.
Thu May 25 17:05:29 2023 - INFO  - End to run testcase:oe_test_chgrp.
Thu May 25 17:05:29 2023 - INFO  - A total of 1 use cases were executed, with 1 successes and 0 failures.
Thu May 25 17:05:32 2023 - INFO  - start to run testcase:oe_test_cut.
Thu May 25 17:05:39 2023 - INFO  - The case exit by code 0.
Thu May 25 17:05:40 2023 - INFO  - End to run testcase:oe_test_cut.
Thu May 25 17:05:40 2023 - INFO  - A total of 1 use cases were executed, with 1 successes and 0 failures.
Thu May 25 17:05:43 2023 - INFO  - start to run testcase:oe_test_bsdcat.
Thu May 25 17:06:17 2023 - INFO  - The case exit by code 0.
Thu May 25 17:06:18 2023 - INFO  - End to run testcase:oe_test_bsdcat.
Thu May 25 17:06:18 2023 - INFO  - A total of 1 use cases were executed, with 1 successes and 0 failures.
Thu May 25 17:06:21 2023 - INFO  - start to run testcase:oe_test_b2sum.
Thu May 25 17:06:28 2023 - INFO  - The case exit by code 0.
Thu May 25 17:06:28 2023 - INFO  - End to run testcase:oe_test_b2sum.
Thu May 25 17:06:29 2023 - INFO  - A total of 1 use cases were executed, with 1 successes and 0 failures.
Thu May 25 17:06:32 2023 - INFO  - start to run testcase:oe_test_ulimit.
Thu May 25 17:06:38 2023 - INFO  - The case exit by code 0.
Thu May 25 17:06:39 2023 - INFO  - End to run testcase:oe_test_ulimit.
Thu May 25 17:06:39 2023 - INFO  - A total of 1 use cases were executed, with 1 successes and 0 failures.
Thu May 25 17:06:42 2023 - INFO  - start to run testcase:oe_test_versioninfo.
Thu May 25 17:06:47 2023 - INFO  - The case exit by code 0.
Thu May 25 17:06:48 2023 - INFO  - End to run testcase:oe_test_versioninfo.
Thu May 25 17:06:48 2023 - INFO  - A total of 1 use cases were executed, with 1 successes and 0 failures.
Thu May 25 17:06:51 2023 - INFO  - start to run testcase:oe_test_uname.
Thu May 25 17:06:56 2023 - ERROR - The case exit by code 1.
Thu May 25 17:06:57 2023 - INFO  - End to run testcase:oe_test_uname.
Thu May 25 17:06:57 2023 - INFO  - A total of 1 use cases were executed, with 0 successes and 1 failures.
Thu May 25 17:07:00 2023 - INFO  - start to run testcase:oe_test_timedatectl.
Thu May 25 17:07:05 2023 - INFO  - The case exit by code 0.
Thu May 25 17:07:05 2023 - INFO  - End to run testcase:oe_test_timedatectl.
Thu May 25 17:07:06 2023 - INFO  - A total of 1 use cases were executed, with 1 successes and 0 failures.
Thu May 25 17:07:09 2023 - INFO  - start to run testcase:oe_test_system_monitor_process.
Thu May 25 17:07:14 2023 - INFO  - The case exit by code 0.
Thu May 25 17:07:15 2023 - INFO  - End to run testcase:oe_test_system_monitor_process.
Thu May 25 17:07:15 2023 - INFO  - A total of 1 use cases were executed, with 1 successes and 0 failures.
Thu May 25 17:07:19 2023 - INFO  - start to run testcase:oe_test_system_log_view.
Thu May 25 17:07:31 2023 - ERROR - The case exit by code 1.
Thu May 25 17:07:32 2023 - INFO  - End to run testcase:oe_test_system_log_view.
Thu May 25 17:07:32 2023 - INFO  - A total of 1 use cases were executed, with 0 successes and 1 failures.
Thu May 25 17:07:36 2023 - INFO  - start to run testcase:oe_test_system_log_security.
Thu May 25 17:07:42 2023 - INFO  - The case exit by code 0.
Thu May 25 17:07:42 2023 - INFO  - End to run testcase:oe_test_system_log_security.
Thu May 25 17:07:43 2023 - INFO  - A total of 1 use cases were executed, with 1 successes and 0 failures.
Thu May 25 17:07:46 2023 - INFO  - start to run testcase:oe_test_system_log_recorded.
Thu May 25 17:07:54 2023 - ERROR - The case exit by code 3.
Thu May 25 17:07:55 2023 - INFO  - End to run testcase:oe_test_system_log_recorded.
Thu May 25 17:07:56 2023 - INFO  - A total of 1 use cases were executed, with 0 successes and 1 failures.
Thu May 25 17:07:59 2023 - INFO  - start to run testcase:oe_test_system_log_process.
Thu May 25 17:08:05 2023 - INFO  - The case exit by code 0.
Thu May 25 17:08:06 2023 - INFO  - End to run testcase:oe_test_system_log_process.
Thu May 25 17:08:06 2023 - INFO  - A total of 1 use cases were executed, with 1 successes and 0 failures.
Thu May 25 17:08:10 2023 - INFO  - start to run testcase:oe_test_system_log_dmesg.
Thu May 25 17:08:15 2023 - ERROR - The case exit by code 1.
Thu May 25 17:08:16 2023 - INFO  - End to run testcase:oe_test_system_log_dmesg.
Thu May 25 17:08:16 2023 - INFO  - A total of 1 use cases were executed, with 0 successes and 1 failures.
Thu May 25 17:08:20 2023 - INFO  - start to run testcase:oe_test_system_log_device.
Thu May 25 17:08:26 2023 - INFO  - The case exit by code 0.
Thu May 25 17:08:27 2023 - INFO  - End to run testcase:oe_test_system_log_device.
Thu May 25 17:08:27 2023 - INFO  - A total of 1 use cases were executed, with 1 successes and 0 failures.
Thu May 25 17:08:31 2023 - INFO  - start to run testcase:oe_test_system_log_basic.
Thu May 25 17:08:37 2023 - INFO  - The case exit by code 0.
Thu May 25 17:08:37 2023 - INFO  - End to run testcase:oe_test_system_log_basic.
Thu May 25 17:08:38 2023 - INFO  - A total of 1 use cases were executed, with 1 successes and 0 failures.
Thu May 25 17:08:41 2023 - INFO  - start to run testcase:oe_test_server_vsftpd_restart.
Thu May 25 17:12:43 2023 - INFO  - The case exit by code 0.
Thu May 25 17:12:44 2023 - INFO  - End to run testcase:oe_test_server_vsftpd_restart.
Thu May 25 17:12:44 2023 - INFO  - A total of 1 use cases were executed, with 1 successes and 0 failures.
Thu May 25 17:12:47 2023 - INFO  - start to run testcase:oe_test_server_squid_proxy.
Thu May 25 17:15:02 2023 - INFO  - The case exit by code 0.
Thu May 25 17:15:03 2023 - INFO  - End to run testcase:oe_test_server_squid_proxy.
Thu May 25 17:15:04 2023 - INFO  - A total of 1 use cases were executed, with 1 successes and 0 failures.
Thu May 25 17:15:06 2023 - INFO  - start to run testcase:oe_test_server_squid_ip.
Thu May 25 17:16:48 2023 - INFO  - The case exit by code 0.
Thu May 25 17:16:49 2023 - INFO  - End to run testcase:oe_test_server_squid_ip.
Thu May 25 17:16:49 2023 - INFO  - A total of 1 use cases were executed, with 1 successes and 0 failures.
Thu May 25 17:16:53 2023 - INFO  - start to run testcase:oe_test_server_squid_blacklist.
Thu May 25 17:18:57 2023 - ERROR - The case exit by code 1.
Thu May 25 17:18:58 2023 - INFO  - End to run testcase:oe_test_server_squid_blacklist.
Thu May 25 17:18:58 2023 - INFO  - A total of 1 use cases were executed, with 0 successes and 1 failures.
Thu May 25 17:19:02 2023 - INFO  - start to run testcase:oe_test_server_postgresql.
Thu May 25 17:20:12 2023 - INFO  - The case exit by code 0.
Thu May 25 17:20:12 2023 - INFO  - End to run testcase:oe_test_server_postgresql.
Thu May 25 17:20:13 2023 - INFO  - A total of 1 use cases were executed, with 1 successes and 0 failures.
Thu May 25 17:20:16 2023 - INFO  - start to run testcase:oe_test_server_openssh_verifykey.
Thu May 25 17:20:33 2023 - ERROR - The case exit by code 1.
Thu May 25 17:20:34 2023 - INFO  - End to run testcase:oe_test_server_openssh_verifykey.
Thu May 25 17:20:35 2023 - INFO  - A total of 1 use cases were executed, with 0 successes and 1 failures.
Thu May 25 17:20:38 2023 - INFO  - start to run testcase:oe_test_server_openssh_secure.
Thu May 25 17:21:50 2023 - INFO  - The case exit by code 0.
Thu May 25 17:21:50 2023 - INFO  - End to run testcase:oe_test_server_openssh_secure.
Thu May 25 17:21:51 2023 - INFO  - A total of 1 use cases were executed, with 1 successes and 0 failures.
Thu May 25 17:21:54 2023 - INFO  - start to run testcase:oe_test_server_openssh_restart.
Thu May 25 17:23:53 2023 - INFO  - The case exit by code 0.
Thu May 25 17:23:53 2023 - INFO  - End to run testcase:oe_test_server_openssh_restart.
Thu May 25 17:23:54 2023 - INFO  - A total of 1 use cases were executed, with 1 successes and 0 failures.
Thu May 25 17:23:57 2023 - INFO  - start to run testcase:oe_test_server_mysql.
Thu May 25 17:30:48 2023 - INFO  - The case exit by code 0.
Thu May 25 17:30:49 2023 - INFO  - End to run testcase:oe_test_server_mysql.
Thu May 25 17:30:49 2023 - INFO  - A total of 1 use cases were executed, with 1 successes and 0 failures.
Thu May 25 17:30:53 2023 - INFO  - start to run testcase:oe_test_server_mariadb_stop.
Thu May 25 17:35:06 2023 - INFO  - The case exit by code 0.
Thu May 25 17:35:07 2023 - INFO  - End to run testcase:oe_test_server_mariadb_stop.
Thu May 25 17:35:07 2023 - INFO  - A total of 1 use cases were executed, with 1 successes and 0 failures.
Thu May 25 17:35:11 2023 - INFO  - start to run testcase:oe_test_server_mariadb_onlinebackup.
Thu May 25 17:36:42 2023 - INFO  - The case exit by code 0.
Thu May 25 17:36:43 2023 - INFO  - End to run testcase:oe_test_server_mariadb_onlinebackup.
Thu May 25 17:36:43 2023 - INFO  - A total of 1 use cases were executed, with 1 successes and 0 failures.
Thu May 25 17:36:47 2023 - INFO  - start to run testcase:oe_test_server_mariadb_loadfile.
Thu May 25 17:38:26 2023 - INFO  - The case exit by code 0.
Thu May 25 17:38:26 2023 - INFO  - End to run testcase:oe_test_server_mariadb_loadfile.
Thu May 25 17:38:27 2023 - INFO  - A total of 1 use cases were executed, with 1 successes and 0 failures.
Thu May 25 17:38:30 2023 - INFO  - start to run testcase:oe_test_server_mariadb_dumpMulDB.
Thu May 25 17:40:01 2023 - INFO  - The case exit by code 0.
Thu May 25 17:40:02 2023 - INFO  - End to run testcase:oe_test_server_mariadb_dumpMulDB.
Thu May 25 17:40:03 2023 - INFO  - A total of 1 use cases were executed, with 1 successes and 0 failures.
Thu May 25 17:40:06 2023 - INFO  - start to run testcase:oe_test_server_mariadb_dump.
Thu May 25 17:41:35 2023 - INFO  - The case exit by code 0.
Thu May 25 17:41:36 2023 - INFO  - End to run testcase:oe_test_server_mariadb_dump.
Thu May 25 17:41:36 2023 - INFO  - A total of 1 use cases were executed, with 1 successes and 0 failures.
Thu May 25 17:41:39 2023 - INFO  - start to run testcase:oe_test_server_mariadb_copy.
Thu May 25 17:43:10 2023 - INFO  - The case exit by code 0.
Thu May 25 17:43:10 2023 - INFO  - End to run testcase:oe_test_server_mariadb_copy.
Thu May 25 17:43:11 2023 - INFO  - A total of 1 use cases were executed, with 1 successes and 0 failures.
Thu May 25 17:43:14 2023 - INFO  - start to run testcase:oe_test_server_mariadb_backuptable.
Thu May 25 17:44:59 2023 - INFO  - The case exit by code 0.
Thu May 25 17:44:59 2023 - INFO  - End to run testcase:oe_test_server_mariadb_backuptable.
Thu May 25 17:45:00 2023 - INFO  - A total of 1 use cases were executed, with 1 successes and 0 failures.
Thu May 25 17:45:03 2023 - INFO  - start to run testcase:oe_test_server_mariadb_backupDB.
Thu May 25 17:46:32 2023 - INFO  - The case exit by code 0.
Thu May 25 17:46:32 2023 - INFO  - End to run testcase:oe_test_server_mariadb_backupDB.
Thu May 25 17:46:33 2023 - INFO  - A total of 1 use cases were executed, with 1 successes and 0 failures.
Thu May 25 17:46:35 2023 - INFO  - start to run testcase:oe_test_server_mariadb_backup.
Thu May 25 17:48:05 2023 - INFO  - The case exit by code 0.
Thu May 25 17:48:05 2023 - INFO  - End to run testcase:oe_test_server_mariadb_backup.
Thu May 25 17:48:06 2023 - INFO  - A total of 1 use cases were executed, with 1 successes and 0 failures.
Thu May 25 17:48:09 2023 - INFO  - start to run testcase:oe_test_server_httpd_tls.
Thu May 25 17:49:37 2023 - INFO  - The case exit by code 0.
Thu May 25 17:49:38 2023 - INFO  - End to run testcase:oe_test_server_httpd_tls.
Thu May 25 17:49:38 2023 - INFO  - A total of 1 use cases were executed, with 1 successes and 0 failures.
Thu May 25 17:49:41 2023 - INFO  - start to run testcase:oe_test_server_httpd_restart.
Thu May 25 17:54:36 2023 - INFO  - The case exit by code 0.
Thu May 25 17:54:37 2023 - INFO  - End to run testcase:oe_test_server_httpd_restart.
Thu May 25 17:54:37 2023 - INFO  - A total of 1 use cases were executed, with 1 successes and 0 failures.
Thu May 25 17:54:40 2023 - INFO  - start to run testcase:oe_test_server_httpd_recover.
Thu May 25 17:55:59 2023 - INFO  - The case exit by code 0.
Thu May 25 17:56:00 2023 - INFO  - End to run testcase:oe_test_server_httpd_recover.
Thu May 25 17:56:00 2023 - INFO  - A total of 1 use cases were executed, with 1 successes and 0 failures.
Thu May 25 17:56:04 2023 - INFO  - start to run testcase:oe_test_server_httpd_port.
Thu May 25 17:57:12 2023 - INFO  - The case exit by code 0.
Thu May 25 17:57:13 2023 - INFO  - End to run testcase:oe_test_server_httpd_port.
Thu May 25 17:57:13 2023 - INFO  - A total of 1 use cases were executed, with 1 successes and 0 failures.
Thu May 25 17:57:17 2023 - INFO  - start to run testcase:oe_test_server_httpd_checkfirewall.
Thu May 25 17:57:43 2023 - INFO  - The case exit by code 0.
Thu May 25 17:57:44 2023 - INFO  - End to run testcase:oe_test_server_httpd_checkfirewall.
Thu May 25 17:57:44 2023 - INFO  - A total of 1 use cases were executed, with 1 successes and 0 failures.
Thu May 25 17:57:47 2023 - INFO  - start to run testcase:oe_test_server_git_install.
Thu May 25 17:58:02 2023 - INFO  - The case exit by code 0.
Thu May 25 17:58:03 2023 - INFO  - End to run testcase:oe_test_server_git_install.
Thu May 25 17:58:03 2023 - INFO  - A total of 1 use cases were executed, with 1 successes and 0 failures.
Thu May 25 17:58:06 2023 - INFO  - start to run testcase:oe_test_sos.
pgrep: pattern that searches for process name longer than 15 characters will result in zero matches
Try `pgrep -f' option to match against the complete command line.
Thu May 25 18:28:08 2023 - WARN  - The case execution timeout.
Thu May 25 18:28:08 2023 - ERROR - The case exit by code 143.
Thu May 25 18:28:09 2023 - INFO  - End to run testcase:oe_test_sos.
Thu May 25 18:28:09 2023 - INFO  - A total of 1 use cases were executed, with 0 successes and 1 failures.
Thu May 25 18:28:12 2023 - INFO  - start to run testcase:oe_test_power_powertop_startup.
Thu May 25 18:29:01 2023 - INFO  - The case exit by code 0.
Thu May 25 18:29:02 2023 - INFO  - End to run testcase:oe_test_power_powertop_startup.
Thu May 25 18:29:02 2023 - INFO  - A total of 1 use cases were executed, with 1 successes and 0 failures.
Thu May 25 18:29:05 2023 - INFO  - start to run testcase:oe_test_power_powertop_powerup.
Thu May 25 18:29:55 2023 - ERROR - The case exit by code 1.
Thu May 25 18:29:56 2023 - INFO  - End to run testcase:oe_test_power_powertop_powerup.
Thu May 25 18:29:56 2023 - INFO  - A total of 1 use cases were executed, with 0 successes and 1 failures.
Thu May 25 18:30:00 2023 - INFO  - start to run testcase:oe_test_power_powertop_calibrate.
Thu May 25 18:30:47 2023 - INFO  - The case exit by code 0.
Thu May 25 18:30:48 2023 - INFO  - End to run testcase:oe_test_power_powertop_calibrate.
Thu May 25 18:30:48 2023 - INFO  - A total of 1 use cases were executed, with 1 successes and 0 failures.
Thu May 25 18:30:51 2023 - INFO  - start to run testcase:oe_test_power_powertop2tuned_optimize.
Thu May 25 18:32:18 2023 - ERROR - The case exit by code 2.
Thu May 25 18:32:19 2023 - INFO  - End to run testcase:oe_test_power_powertop2tuned_optimize.
Thu May 25 18:32:19 2023 - INFO  - A total of 1 use cases were executed, with 0 successes and 1 failures.
Thu May 25 18:32:22 2023 - INFO  - start to run testcase:oe_test_power_output_HTML.
Thu May 25 18:33:30 2023 - INFO  - The case exit by code 0.
Thu May 25 18:33:30 2023 - INFO  - End to run testcase:oe_test_power_output_HTML.
Thu May 25 18:33:31 2023 - INFO  - A total of 1 use cases were executed, with 1 successes and 0 failures.
Thu May 25 18:33:34 2023 - INFO  - start to run testcase:oe_test_power_measurement_internal.
Thu May 25 18:34:23 2023 - ERROR - The case exit by code 1.
Thu May 25 18:34:24 2023 - INFO  - End to run testcase:oe_test_power_measurement_internal.
Thu May 25 18:34:24 2023 - INFO  - A total of 1 use cases were executed, with 0 successes and 1 failures.
Thu May 25 18:34:28 2023 - INFO  - start to run testcase:oe_test_performance_monitor_pcp.
Thu May 25 18:36:04 2023 - INFO  - The case exit by code 0.
Thu May 25 18:36:05 2023 - INFO  - End to run testcase:oe_test_performance_monitor_pcp.
Thu May 25 18:36:05 2023 - INFO  - A total of 1 use cases were executed, with 1 successes and 0 failures.
Thu May 25 18:36:08 2023 - INFO  - start to run testcase:oe_test_password_change.
Thu May 25 18:36:19 2023 - INFO  - The case exit by code 0.
Thu May 25 18:36:20 2023 - INFO  - End to run testcase:oe_test_password_change.
Thu May 25 18:36:20 2023 - INFO  - A total of 1 use cases were executed, with 1 successes and 0 failures.
Thu May 25 18:36:23 2023 - INFO  - start to run testcase:oe_test_password_blank.
Thu May 25 18:36:32 2023 - INFO  - The case exit by code 0.
Thu May 25 18:36:33 2023 - INFO  - End to run testcase:oe_test_password_blank.
Thu May 25 18:36:33 2023 - INFO  - A total of 1 use cases were executed, with 1 successes and 0 failures.
Thu May 25 18:36:36 2023 - INFO  - start to run testcase:oe_test_USBinfo.
Thu May 25 18:37:13 2023 - INFO  - The case exit by code 0.
Thu May 25 18:37:13 2023 - INFO  - End to run testcase:oe_test_USBinfo.
Thu May 25 18:37:14 2023 - INFO  - A total of 1 use cases were executed, with 1 successes and 0 failures.
Thu May 25 18:37:17 2023 - INFO  - start to run testcase:oe_test_ProcMgmt_vmstat.
Thu May 25 18:37:30 2023 - INFO  - The case exit by code 0.
Thu May 25 18:37:31 2023 - INFO  - End to run testcase:oe_test_ProcMgmt_vmstat.
Thu May 25 18:37:31 2023 - INFO  - A total of 1 use cases were executed, with 1 successes and 0 failures.
Thu May 25 18:37:34 2023 - INFO  - start to run testcase:oe_test_ProcMgmt_top.
Thu May 25 18:37:39 2023 - INFO  - The case exit by code 0.
Thu May 25 18:37:40 2023 - INFO  - End to run testcase:oe_test_ProcMgmt_top.
Thu May 25 18:37:40 2023 - INFO  - A total of 1 use cases were executed, with 1 successes and 0 failures.
Thu May 25 18:37:43 2023 - INFO  - start to run testcase:oe_test_ProcMgmt_start_kill.
Thu May 25 18:37:58 2023 - INFO  - The case exit by code 0.
Thu May 25 18:37:58 2023 - INFO  - End to run testcase:oe_test_ProcMgmt_start_kill.
Thu May 25 18:37:59 2023 - INFO  - A total of 1 use cases were executed, with 1 successes and 0 failures.
Thu May 25 18:38:02 2023 - INFO  - start to run testcase:oe_test_ProcMgmt_sar.
Thu May 25 18:39:32 2023 - INFO  - The case exit by code 0.
Thu May 25 18:39:33 2023 - INFO  - End to run testcase:oe_test_ProcMgmt_sar.
Thu May 25 18:39:33 2023 - INFO  - A total of 1 use cases were executed, with 1 successes and 0 failures.
Thu May 25 18:39:36 2023 - INFO  - start to run testcase:oe_test_ProcMgmt_ps.
Thu May 25 18:39:43 2023 - INFO  - The case exit by code 0.
Thu May 25 18:39:43 2023 - INFO  - End to run testcase:oe_test_ProcMgmt_ps.
Thu May 25 18:39:44 2023 - INFO  - A total of 1 use cases were executed, with 1 successes and 0 failures.
Thu May 25 18:39:47 2023 - INFO  - start to run testcase:oe_test_ProcMgmt_pgrep.
Thu May 25 18:39:52 2023 - INFO  - The case exit by code 0.
Thu May 25 18:39:53 2023 - INFO  - End to run testcase:oe_test_ProcMgmt_pgrep.
Thu May 25 18:39:53 2023 - INFO  - A total of 1 use cases were executed, with 1 successes and 0 failures.
Thu May 25 18:39:56 2023 - INFO  - start to run testcase:oe_test_ProcMgmt_iostat.
Thu May 25 18:40:42 2023 - INFO  - The case exit by code 0.
Thu May 25 18:40:43 2023 - INFO  - End to run testcase:oe_test_ProcMgmt_iostat.
Thu May 25 18:40:43 2023 - INFO  - A total of 1 use cases were executed, with 1 successes and 0 failures.
Thu May 25 18:40:46 2023 - INFO  - start to run testcase:oe_test_ProcMgmt_crontab_cronfile.
Thu May 25 18:41:50 2023 - INFO  - The case exit by code 0.
Thu May 25 18:41:50 2023 - INFO  - End to run testcase:oe_test_ProcMgmt_crontab_cronfile.
Thu May 25 18:41:51 2023 - INFO  - A total of 1 use cases were executed, with 1 successes and 0 failures.
Thu May 25 18:41:54 2023 - INFO  - start to run testcase:oe_test_ProcMgmt_crontab_cmd.
Thu May 25 18:42:57 2023 - INFO  - The case exit by code 0.
Thu May 25 18:42:57 2023 - INFO  - End to run testcase:oe_test_ProcMgmt_crontab_cmd.
Thu May 25 18:42:58 2023 - INFO  - A total of 1 use cases were executed, with 1 successes and 0 failures.
Thu May 25 18:43:01 2023 - INFO  - start to run testcase:oe_test_ProcMgmt_at.
Thu May 25 18:44:40 2023 - INFO  - The case exit by code 0.
Thu May 25 18:44:41 2023 - INFO  - End to run testcase:oe_test_ProcMgmt_at.
Thu May 25 18:44:41 2023 - INFO  - A total of 1 use cases were executed, with 1 successes and 0 failures.
Thu May 25 18:44:45 2023 - INFO  - start to run testcase:oe_test_disk_tuned_set.
Thu May 25 18:46:36 2023 - INFO  - The case exit by code 0.
Thu May 25 18:46:36 2023 - INFO  - End to run testcase:oe_test_disk_tuned_set.
Thu May 25 18:46:37 2023 - INFO  - A total of 1 use cases were executed, with 1 successes and 0 failures.
Thu May 25 18:46:40 2023 - INFO  - start to run testcase:oe_test_disk_schedule_specific.
Thu May 25 18:46:52 2023 - ERROR - The case exit by code 1.
Thu May 25 18:46:53 2023 - INFO  - End to run testcase:oe_test_disk_schedule_specific.
Thu May 25 18:46:53 2023 - INFO  - A total of 1 use cases were executed, with 0 successes and 1 failures.
Thu May 25 18:46:57 2023 - INFO  - start to run testcase:oe_test_disk_schedule_udev.
Thu May 25 18:47:14 2023 - INFO  - The case exit by code 0.
Thu May 25 18:47:15 2023 - INFO  - End to run testcase:oe_test_disk_schedule_udev.
Thu May 25 18:47:16 2023 - INFO  - A total of 1 use cases were executed, with 1 successes and 0 failures.
Thu May 25 18:47:19 2023 - INFO  - start to run testcase:oe_test_disk_tuned_new.
Thu May 25 18:49:00 2023 - INFO  - The case exit by code 0.
Thu May 25 18:49:01 2023 - INFO  - End to run testcase:oe_test_disk_tuned_new.
Thu May 25 18:49:01 2023 - INFO  - A total of 1 use cases were executed, with 1 successes and 0 failures.
Thu May 25 18:49:04 2023 - INFO  - start to run testcase:oe_test_disk_tuned_install.
Thu May 25 18:50:45 2023 - INFO  - The case exit by code 0.
Thu May 25 18:50:46 2023 - INFO  - End to run testcase:oe_test_disk_tuned_install.
Thu May 25 18:50:46 2023 - INFO  - A total of 1 use cases were executed, with 1 successes and 0 failures.
Thu May 25 18:50:49 2023 - INFO  - start to run testcase:oe_test_date.
Thu May 25 18:50:54 2023 - INFO  - The case exit by code 0.
Thu May 25 18:50:54 2023 - INFO  - End to run testcase:oe_test_date.
Thu May 25 18:50:55 2023 - INFO  - A total of 1 use cases were executed, with 1 successes and 0 failures.
Thu May 25 18:50:58 2023 - INFO  - start to run testcase:oe_test_cmd_su_user.
Thu May 25 18:51:11 2023 - INFO  - The case exit by code 0.
Thu May 25 18:51:11 2023 - INFO  - End to run testcase:oe_test_cmd_su_user.
Thu May 25 18:51:12 2023 - INFO  - A total of 1 use cases were executed, with 1 successes and 0 failures.
Thu May 25 18:51:15 2023 - INFO  - start to run testcase:oe_test_disk_tuned_modify.
Thu May 25 18:52:52 2023 - INFO  - The case exit by code 0.
Thu May 25 18:52:53 2023 - INFO  - End to run testcase:oe_test_disk_tuned_modify.
Thu May 25 18:52:53 2023 - INFO  - A total of 1 use cases were executed, with 1 successes and 0 failures.
Thu May 25 18:52:56 2023 - INFO  - start to run testcase:oe_test_disk_tuned_disable.
Thu May 25 18:54:30 2023 - INFO  - The case exit by code 0.
Thu May 25 18:54:30 2023 - INFO  - End to run testcase:oe_test_disk_tuned_disable.
Thu May 25 18:54:31 2023 - INFO  - A total of 1 use cases were executed, with 1 successes and 0 failures.
Thu May 25 18:54:34 2023 - INFO  - start to run testcase:oe_test_basic_create_group.
Thu May 25 18:54:40 2023 - INFO  - The case exit by code 0.
Thu May 25 18:54:41 2023 - INFO  - End to run testcase:oe_test_basic_create_group.
Thu May 25 18:54:42 2023 - INFO  - A total of 1 use cases were executed, with 1 successes and 0 failures.
Thu May 25 18:54:44 2023 - INFO  - start to run testcase:oe_test_basic_modify_group.
Thu May 25 18:54:52 2023 - INFO  - The case exit by code 0.
Thu May 25 18:54:53 2023 - INFO  - End to run testcase:oe_test_basic_modify_group.
Thu May 25 18:54:53 2023 - INFO  - A total of 1 use cases were executed, with 1 successes and 0 failures.
Thu May 25 18:54:57 2023 - INFO  - start to run testcase:oe_test_basic_modify_user.
Thu May 25 18:55:04 2023 - INFO  - The case exit by code 0.
Thu May 25 18:55:05 2023 - INFO  - End to run testcase:oe_test_basic_modify_user.
Thu May 25 18:55:05 2023 - INFO  - A total of 1 use cases were executed, with 1 successes and 0 failures.
Thu May 25 18:55:08 2023 - INFO  - start to run testcase:oe_test_chrony_chronyc_cmd.
Thu May 25 18:55:53 2023 - INFO  - The case exit by code 0.
Thu May 25 18:55:54 2023 - INFO  - End to run testcase:oe_test_chrony_chronyc_cmd.
Thu May 25 18:55:54 2023 - INFO  - A total of 1 use cases were executed, with 1 successes and 0 failures.
Thu May 25 18:55:57 2023 - INFO  - start to run testcase:oe_test_chrony_chronyc_hardwaretime.
Thu May 25 18:56:40 2023 - INFO  - The case exit by code 0.
Thu May 25 18:56:40 2023 - INFO  - End to run testcase:oe_test_chrony_chronyc_hardwaretime.
Thu May 25 18:56:41 2023 - INFO  - A total of 1 use cases were executed, with 1 successes and 0 failures.
Thu May 25 18:56:44 2023 - INFO  - start to run testcase:oe_test_chrony_chronyc_ntpstat.
Thu May 25 18:57:31 2023 - INFO  - The case exit by code 0.
Thu May 25 18:57:32 2023 - INFO  - End to run testcase:oe_test_chrony_chronyc_ntpstat.
Thu May 25 18:57:32 2023 - INFO  - A total of 1 use cases were executed, with 1 successes and 0 failures.
Thu May 25 18:57:35 2023 - INFO  - start to run testcase:oe_test_chrony_chronyd.
Thu May 25 18:58:19 2023 - INFO  - The case exit by code 0.
Thu May 25 18:58:19 2023 - INFO  - End to run testcase:oe_test_chrony_chronyd.
Thu May 25 18:58:20 2023 - INFO  - A total of 1 use cases were executed, with 1 successes and 0 failures.
Thu May 25 18:58:23 2023 - INFO  - start to run testcase:oe_test_chrony_Manuall.
Thu May 25 18:59:05 2023 - INFO  - The case exit by code 0.
Thu May 25 18:59:05 2023 - INFO  - End to run testcase:oe_test_chrony_Manuall.
Thu May 25 18:59:06 2023 - INFO  - A total of 1 use cases were executed, with 1 successes and 0 failures.
Thu May 25 18:59:09 2023 - INFO  - start to run testcase:oe_test_cmd_id.
Thu May 25 18:59:15 2023 - INFO  - The case exit by code 0.
Thu May 25 18:59:15 2023 - INFO  - End to run testcase:oe_test_cmd_id.
Thu May 25 18:59:16 2023 - INFO  - A total of 1 use cases were executed, with 1 successes and 0 failures.
Thu May 25 18:59:19 2023 - INFO  - start to run testcase:oe_test_cmd_sudo.
Thu May 25 18:59:28 2023 - INFO  - The case exit by code 0.
Thu May 25 18:59:29 2023 - INFO  - End to run testcase:oe_test_cmd_sudo.
Thu May 25 18:59:29 2023 - INFO  - A total of 1 use cases were executed, with 1 successes and 0 failures.
Thu May 25 18:59:32 2023 - INFO  - start to run testcase:oe_test_hwclock.
Thu May 25 18:59:37 2023 - INFO  - The case exit by code 0.
Thu May 25 18:59:37 2023 - INFO  - End to run testcase:oe_test_hwclock.
Thu May 25 18:59:38 2023 - INFO  - A total of 1 use cases were executed, with 1 successes and 0 failures.
Thu May 25 18:59:41 2023 - INFO  - start to run testcase:oe_test_IOaccess_500Mfile.
Thu May 25 19:16:42 2023 - INFO  - The case exit by code 0.
Thu May 25 19:16:43 2023 - INFO  - End to run testcase:oe_test_IOaccess_500Mfile.
Thu May 25 19:16:43 2023 - INFO  - A total of 1 use cases were executed, with 1 successes and 0 failures.
Thu May 25 19:16:46 2023 - INFO  - start to run testcase:oe_test_group_access.
Thu May 25 19:16:56 2023 - INFO  - The case exit by code 0.
Thu May 25 19:16:57 2023 - INFO  - End to run testcase:oe_test_group_access.
Thu May 25 19:16:57 2023 - INFO  - A total of 1 use cases were executed, with 1 successes and 0 failures.
Thu May 25 19:17:00 2023 - INFO  - start to run testcase:oe_test_kernel_sysctl.
Thu May 25 19:17:07 2023 - INFO  - The case exit by code 0.
Thu May 25 19:17:08 2023 - INFO  - End to run testcase:oe_test_kernel_sysctl.
Thu May 25 19:17:08 2023 - INFO  - A total of 1 use cases were executed, with 1 successes and 0 failures.
Thu May 25 19:17:11 2023 - INFO  - start to run testcase:oe_test_kernel_kdump.
Thu May 25 19:17:19 2023 - ERROR - The case exit by code 4.
Thu May 25 19:17:20 2023 - INFO  - End to run testcase:oe_test_kernel_kdump.
Thu May 25 19:17:20 2023 - INFO  - A total of 1 use cases were executed, with 0 successes and 1 failures.
Thu May 25 19:17:23 2023 - INFO  - start to run testcase:oe_test_IOaccess_100Mfile.
Thu May 25 19:21:00 2023 - INFO  - The case exit by code 0.
Thu May 25 19:21:01 2023 - INFO  - End to run testcase:oe_test_IOaccess_100Mfile.
Thu May 25 19:21:01 2023 - INFO  - A total of 1 use cases were executed, with 1 successes and 0 failures.
Thu May 25 19:21:04 2023 - INFO  - start to run testcase:oe_test_IOaccess_1Gfile.
pgrep: pattern that searches for process name longer than 15 characters will result in zero matches
Try `pgrep -f' option to match against the complete command line.
Thu May 25 19:51:06 2023 - WARN  - The case execution timeout.
Thu May 25 19:51:07 2023 - ERROR - The case exit by code 143.
Thu May 25 19:51:07 2023 - INFO  - End to run testcase:oe_test_IOaccess_1Gfile.
Thu May 25 19:51:08 2023 - INFO  - A total of 1 use cases were executed, with 0 successes and 1 failures.
Thu May 25 19:51:11 2023 - INFO  - start to run testcase:oe_test_kernel_module_operation.
Thu May 25 19:51:18 2023 - ERROR - The case exit by code 3.
Thu May 25 19:51:19 2023 - INFO  - End to run testcase:oe_test_kernel_module_operation.
Thu May 25 19:51:19 2023 - INFO  - A total of 1 use cases were executed, with 0 successes and 1 failures.
Thu May 25 19:51:23 2023 - INFO  - start to run testcase:oe_test_kernel_cgroup.
Thu May 25 19:51:29 2023 - INFO  - The case exit by code 0.
Thu May 25 19:51:30 2023 - INFO  - End to run testcase:oe_test_kernel_cgroup.
Thu May 25 19:51:30 2023 - INFO  - A total of 1 use cases were executed, with 1 successes and 0 failures.
Thu May 25 19:51:33 2023 - INFO  - start to run testcase:oe_test_home_directory.
Thu May 25 19:51:41 2023 - INFO  - The case exit by code 0.
Thu May 25 19:51:42 2023 - INFO  - End to run testcase:oe_test_home_directory.
Thu May 25 19:51:42 2023 - INFO  - A total of 1 use cases were executed, with 1 successes and 0 failures.
Thu May 25 19:51:45 2023 - INFO  - start to run testcase:oe_test_groupdel.
Thu May 25 19:51:52 2023 - INFO  - The case exit by code 0.
Thu May 25 19:51:52 2023 - INFO  - End to run testcase:oe_test_groupdel.
Thu May 25 19:51:53 2023 - INFO  - A total of 1 use cases were executed, with 1 successes and 0 failures.
Thu May 25 19:51:56 2023 - INFO  - start to run testcase:oe_test_localectl.
Thu May 25 19:52:03 2023 - INFO  - The case exit by code 0.
Thu May 25 19:52:04 2023 - INFO  - End to run testcase:oe_test_localectl.
Thu May 25 19:52:04 2023 - INFO  - A total of 1 use cases were executed, with 1 successes and 0 failures.
Thu May 25 19:52:07 2023 - INFO  - start to run testcase:oe_test_man.
Thu May 25 19:52:42 2023 - INFO  - The case exit by code 0.
Thu May 25 19:52:43 2023 - INFO  - End to run testcase:oe_test_man.
Thu May 25 19:52:43 2023 - INFO  - A total of 1 use cases were executed, with 1 successes and 0 failures.
Thu May 25 19:52:47 2023 - INFO  - start to run testcase:oe_test_nmcli_set_bond.
Thu May 25 19:53:01 2023 - ERROR - The case exit by code 5.
Thu May 25 19:53:01 2023 - INFO  - End to run testcase:oe_test_nmcli_set_bond.
Thu May 25 19:53:02 2023 - INFO  - A total of 1 use cases were executed, with 0 successes and 1 failures.
Thu May 25 19:53:05 2023 - INFO  - start to run testcase:oe_test_basic_UserMgmt_permission.
Thu May 25 19:53:24 2023 - INFO  - The case exit by code 0.
Thu May 25 19:53:24 2023 - INFO  - End to run testcase:oe_test_basic_UserMgmt_permission.
Thu May 25 19:53:25 2023 - INFO  - A total of 1 use cases were executed, with 1 successes and 0 failures.
Thu May 25 19:53:28 2023 - INFO  - start to run testcase:oe_test_system_monitor_share_total.
Thu May 25 19:53:33 2023 - ERROR - The case exit by code 1.
Thu May 25 19:53:34 2023 - INFO  - End to run testcase:oe_test_system_monitor_share_total.
Thu May 25 19:53:34 2023 - INFO  - A total of 1 use cases were executed, with 0 successes and 1 failures.
Thu May 25 19:53:38 2023 - INFO  - start to run testcase:oe_test_disk_graphics_card.
Thu May 25 19:54:15 2023 - ERROR - The case exit by code 4.
Thu May 25 19:54:16 2023 - INFO  - End to run testcase:oe_test_disk_graphics_card.
Thu May 25 19:54:16 2023 - INFO  - A total of 1 use cases were executed, with 0 successes and 1 failures.
Thu May 25 19:54:19 2023 - INFO  - start to run testcase:oe_test_nmcli_set_team.
Thu May 25 19:54:32 2023 - ERROR - The case exit by code 3.
Thu May 25 19:54:32 2023 - INFO  - End to run testcase:oe_test_nmcli_set_team.
Thu May 25 19:54:33 2023 - INFO  - A total of 1 use cases were executed, with 0 successes and 1 failures.
Thu May 25 19:54:36 2023 - INFO  - start to run testcase:oe_test_basic_set_account_expiration_time.
Thu May 25 19:54:44 2023 - INFO  - The case exit by code 0.
Thu May 25 19:54:44 2023 - INFO  - End to run testcase:oe_test_basic_set_account_expiration_time.
Thu May 25 19:54:45 2023 - INFO  - A total of 1 use cases were executed, with 1 successes and 0 failures.
Thu May 25 19:54:48 2023 - INFO  - start to run testcase:oe_test_basic_set_permissions.
Thu May 25 19:54:55 2023 - INFO  - The case exit by code 0.
Thu May 25 19:54:56 2023 - INFO  - End to run testcase:oe_test_basic_set_permissions.
Thu May 25 19:54:56 2023 - INFO  - A total of 1 use cases were executed, with 1 successes and 0 failures.
Thu May 25 19:54:59 2023 - INFO  - start to run testcase:oe_test_patch.
Thu May 25 19:55:12 2023 - INFO  - The case exit by code 0.
Thu May 25 19:55:13 2023 - INFO  - End to run testcase:oe_test_patch.
Thu May 25 19:55:13 2023 - INFO  - A total of 1 use cases were executed, with 1 successes and 0 failures.
Thu May 25 19:55:16 2023 - INFO  - start to run testcase:oe_test_exiv2.
Thu May 25 19:55:56 2023 - INFO  - The case exit by code 0.
Thu May 25 19:55:56 2023 - INFO  - End to run testcase:oe_test_exiv2.
Thu May 25 19:55:57 2023 - INFO  - A total of 1 use cases were executed, with 1 successes and 0 failures.
Thu May 25 19:56:00 2023 - INFO  - start to run testcase:oe_test_json-c.
Thu May 25 19:56:34 2023 - INFO  - The case exit by code 0.
Thu May 25 19:56:35 2023 - INFO  - End to run testcase:oe_test_json-c.
Thu May 25 19:56:35 2023 - INFO  - A total of 1 use cases were executed, with 1 successes and 0 failures.
Thu May 25 19:56:38 2023 - INFO  - start to run testcase:oe_test_whoami.
Thu May 25 19:56:43 2023 - INFO  - The case exit by code 0.
Thu May 25 19:56:44 2023 - INFO  - End to run testcase:oe_test_whoami.
Thu May 25 19:56:44 2023 - INFO  - A total of 1 use cases were executed, with 1 successes and 0 failures.
Thu May 25 19:56:47 2023 - INFO  - start to run testcase:oe_test_lz4.
Thu May 25 19:57:00 2023 - INFO  - The case exit by code 0.
Thu May 25 19:57:01 2023 - INFO  - End to run testcase:oe_test_lz4.
Thu May 25 19:57:02 2023 - INFO  - A total of 1 use cases were executed, with 1 successes and 0 failures.
Thu May 25 19:57:05 2023 - INFO  - start to run testcase:oe_test_zlib.
Thu May 25 19:57:40 2023 - ERROR - The case exit by code 2.
Thu May 25 19:57:41 2023 - INFO  - End to run testcase:oe_test_zlib.
Thu May 25 19:57:42 2023 - INFO  - A total of 1 use cases were executed, with 0 successes and 1 failures.
Thu May 25 19:57:45 2023 - INFO  - start to run testcase:oe_test_brotli.
Thu May 25 19:57:51 2023 - INFO  - The case exit by code 0.
Thu May 25 19:57:51 2023 - INFO  - End to run testcase:oe_test_brotli.
Thu May 25 19:57:52 2023 - INFO  - A total of 1 use cases were executed, with 1 successes and 0 failures.
Thu May 25 19:57:55 2023 - INFO  - start to run testcase:oe_test_net_mtr.
Thu May 25 20:00:14 2023 - ERROR - The case exit by code 1.
Thu May 25 20:00:15 2023 - INFO  - End to run testcase:oe_test_net_mtr.
Thu May 25 20:00:15 2023 - INFO  - A total of 1 use cases were executed, with 0 successes and 1 failures.
Thu May 25 20:00:18 2023 - INFO  - start to run testcase:oe_test_gsettings.
Thu May 25 20:00:25 2023 - INFO  - The case exit by code 0.
Thu May 25 20:00:25 2023 - INFO  - End to run testcase:oe_test_gsettings.
Thu May 25 20:00:26 2023 - INFO  - A total of 1 use cases were executed, with 1 successes and 0 failures.
Thu May 25 20:00:29 2023 - INFO  - start to run testcase:oe_test_pcre_use.
Thu May 25 20:00:57 2023 - INFO  - The case exit by code 0.
Thu May 25 20:00:58 2023 - INFO  - End to run testcase:oe_test_pcre_use.
Thu May 25 20:00:58 2023 - INFO  - A total of 1 use cases were executed, with 1 successes and 0 failures.
Thu May 25 20:01:01 2023 - INFO  - start to run testcase:oe_test_ACL_dir.
Thu May 25 20:01:18 2023 - INFO  - The case exit by code 0.
Thu May 25 20:01:19 2023 - INFO  - End to run testcase:oe_test_ACL_dir.
Thu May 25 20:01:19 2023 - INFO  - A total of 1 use cases were executed, with 1 successes and 0 failures.
Thu May 25 20:01:22 2023 - INFO  - start to run testcase:oe_test_du.
Thu May 25 20:01:28 2023 - INFO  - The case exit by code 0.
Thu May 25 20:01:29 2023 - INFO  - End to run testcase:oe_test_du.
Thu May 25 20:01:29 2023 - INFO  - A total of 1 use cases were executed, with 1 successes and 0 failures.
Thu May 25 20:01:32 2023 - INFO  - start to run testcase:oe_test_ar.
Thu May 25 20:01:39 2023 - INFO  - The case exit by code 0.
Thu May 25 20:01:39 2023 - INFO  - End to run testcase:oe_test_ar.
Thu May 25 20:01:40 2023 - INFO  - A total of 1 use cases were executed, with 1 successes and 0 failures.
Thu May 25 20:01:43 2023 - INFO  - start to run testcase:oe_test_vim.
Thu May 25 20:01:58 2023 - INFO  - The case exit by code 0.
Thu May 25 20:01:58 2023 - INFO  - End to run testcase:oe_test_vim.
Thu May 25 20:01:59 2023 - INFO  - A total of 1 use cases were executed, with 1 successes and 0 failures.
Thu May 25 20:02:02 2023 - INFO  - start to run testcase:oe_test_basename.
Thu May 25 20:02:07 2023 - INFO  - The case exit by code 0.
Thu May 25 20:02:07 2023 - INFO  - End to run testcase:oe_test_basename.
Thu May 25 20:02:08 2023 - INFO  - A total of 1 use cases were executed, with 1 successes and 0 failures.
Thu May 25 20:02:11 2023 - INFO  - start to run testcase:oe_test_groff.
Thu May 25 20:02:17 2023 - INFO  - The case exit by code 0.
Thu May 25 20:02:17 2023 - INFO  - End to run testcase:oe_test_groff.
Thu May 25 20:02:18 2023 - INFO  - A total of 1 use cases were executed, with 1 successes and 0 failures.
Thu May 25 20:02:21 2023 - INFO  - start to run testcase:oe_test_whatis.
Thu May 25 20:02:26 2023 - INFO  - The case exit by code 0.
Thu May 25 20:02:26 2023 - INFO  - End to run testcase:oe_test_whatis.
Thu May 25 20:02:27 2023 - INFO  - A total of 1 use cases were executed, with 1 successes and 0 failures.
Thu May 25 20:02:30 2023 - INFO  - start to run testcase:oe_test_auditc_01.
Thu May 25 20:02:35 2023 - INFO  - The case exit by code 0.
Thu May 25 20:02:36 2023 - INFO  - End to run testcase:oe_test_auditc_01.
Thu May 25 20:02:36 2023 - INFO  - A total of 1 use cases were executed, with 1 successes and 0 failures.
Thu May 25 20:02:39 2023 - INFO  - start to run testcase:oe_test_gmp.
Thu May 25 20:03:18 2023 - ERROR - The case exit by code 3.
Thu May 25 20:03:19 2023 - INFO  - End to run testcase:oe_test_gmp.
Thu May 25 20:03:19 2023 - INFO  - A total of 1 use cases were executed, with 0 successes and 1 failures.
Thu May 25 20:03:23 2023 - INFO  - start to run testcase:oe_test_libffi.
Thu May 25 20:03:59 2023 - ERROR - The case exit by code 3.
Thu May 25 20:03:59 2023 - INFO  - End to run testcase:oe_test_libffi.
Thu May 25 20:04:00 2023 - INFO  - A total of 1 use cases were executed, with 0 successes and 1 failures.
Thu May 25 20:04:03 2023 - INFO  - start to run testcase:oe_test_libunistring.
Thu May 25 20:04:37 2023 - INFO  - The case exit by code 0.
Thu May 25 20:04:37 2023 - INFO  - End to run testcase:oe_test_libunistring.
Thu May 25 20:04:38 2023 - INFO  - A total of 1 use cases were executed, with 1 successes and 0 failures.
Thu May 25 20:04:41 2023 - INFO  - start to run testcase:oe_test_shred.
Thu May 25 20:04:46 2023 - INFO  - The case exit by code 0.
Thu May 25 20:04:47 2023 - INFO  - End to run testcase:oe_test_shred.
Thu May 25 20:04:47 2023 - INFO  - A total of 1 use cases were executed, with 1 successes and 0 failures.
Thu May 25 20:04:50 2023 - INFO  - start to run testcase:oe_test_expect.
Thu May 25 20:05:05 2023 - ERROR - The case exit by code 1.
Thu May 25 20:05:05 2023 - INFO  - End to run testcase:oe_test_expect.
Thu May 25 20:05:06 2023 - INFO  - A total of 1 use cases were executed, with 0 successes and 1 failures.
Thu May 25 20:05:09 2023 - INFO  - start to run testcase:oe_test_xmlsec.
Thu May 25 20:06:28 2023 - ERROR - The case exit by code 2.
Thu May 25 20:06:29 2023 - INFO  - End to run testcase:oe_test_xmlsec.
Thu May 25 20:06:29 2023 - INFO  - A total of 1 use cases were executed, with 0 successes and 1 failures.
Thu May 25 20:06:33 2023 - INFO  - start to run testcase:oe_test_tcl.
Thu May 25 20:06:39 2023 - INFO  - The case exit by code 0.
Thu May 25 20:06:39 2023 - INFO  - End to run testcase:oe_test_tcl.
Thu May 25 20:06:40 2023 - INFO  - A total of 1 use cases were executed, with 1 successes and 0 failures.
Thu May 25 20:06:43 2023 - INFO  - start to run testcase:oe_test_disk_io_sched.
Thu May 25 20:06:53 2023 - ERROR - The case exit by code 1.
Thu May 25 20:06:53 2023 - INFO  - End to run testcase:oe_test_disk_io_sched.
Thu May 25 20:06:54 2023 - INFO  - A total of 1 use cases were executed, with 0 successes and 1 failures.
Thu May 25 20:06:57 2023 - INFO  - start to run testcase:oe_test_lsusb.
Thu May 25 20:07:34 2023 - INFO  - The case exit by code 0.
Thu May 25 20:07:34 2023 - INFO  - End to run testcase:oe_test_lsusb.
Thu May 25 20:07:35 2023 - INFO  - A total of 1 use cases were executed, with 1 successes and 0 failures.
Thu May 25 20:07:38 2023 - INFO  - start to run testcase:oe_test_lastb.
Thu May 25 20:07:44 2023 - ERROR - The case exit by code 1.
Thu May 25 20:07:44 2023 - INFO  - End to run testcase:oe_test_lastb.
Thu May 25 20:07:45 2023 - INFO  - A total of 1 use cases were executed, with 0 successes and 1 failures.
Thu May 25 20:07:48 2023 - INFO  - start to run testcase:oe_test_aureport.
pgrep: pattern that searches for process name longer than 15 characters will result in zero matches
Try `pgrep -f' option to match against the complete command line.
Thu May 25 20:37:50 2023 - WARN  - The case execution timeout.
Thu May 25 20:37:50 2023 - ERROR - The case exit by code 143.
Thu May 25 20:37:51 2023 - INFO  - End to run testcase:oe_test_aureport.
Thu May 25 20:37:51 2023 - INFO  - A total of 1 use cases were executed, with 0 successes and 1 failures.
Thu May 25 20:37:54 2023 - INFO  - start to run testcase:oe_test_chsh.
Thu May 25 20:38:29 2023 - ERROR - The case exit by code 2.
Thu May 25 20:38:30 2023 - INFO  - End to run testcase:oe_test_chsh.
Thu May 25 20:38:30 2023 - INFO  - A total of 1 use cases were executed, with 0 successes and 1 failures.
Thu May 25 20:38:34 2023 - INFO  - start to run testcase:oe_test_lua.
Thu May 25 20:38:39 2023 - INFO  - The case exit by code 0.
Thu May 25 20:38:39 2023 - INFO  - End to run testcase:oe_test_lua.
Thu May 25 20:38:40 2023 - INFO  - A total of 1 use cases were executed, with 1 successes and 0 failures.
Thu May 25 20:38:42 2023 - INFO  - start to run testcase:oe_test_server_fontconfig.
Thu May 25 20:38:48 2023 - INFO  - The case exit by code 0.
Thu May 25 20:38:48 2023 - INFO  - End to run testcase:oe_test_server_fontconfig.
Thu May 25 20:38:49 2023 - INFO  - A total of 1 use cases were executed, with 1 successes and 0 failures.
Thu May 25 20:38:52 2023 - INFO  - start to run testcase:oe_test_server_libtasn1.
Thu May 25 20:39:25 2023 - INFO  - The case exit by code 0.
Thu May 25 20:39:25 2023 - INFO  - End to run testcase:oe_test_server_libtasn1.
Thu May 25 20:39:26 2023 - INFO  - A total of 1 use cases were executed, with 1 successes and 0 failures.
Thu May 25 20:39:29 2023 - INFO  - start to run testcase:oe_test_count_gperftools_function.
Thu May 25 20:40:08 2023 - ERROR - The case exit by code 3.
Thu May 25 20:40:09 2023 - INFO  - End to run testcase:oe_test_count_gperftools_function.
Thu May 25 20:40:09 2023 - INFO  - A total of 1 use cases were executed, with 0 successes and 1 failures.
Thu May 25 20:40:12 2023 - INFO  - start to run testcase:oe_test_split.
Thu May 25 20:40:17 2023 - INFO  - The case exit by code 0.
Thu May 25 20:40:18 2023 - INFO  - End to run testcase:oe_test_split.
Thu May 25 20:40:18 2023 - INFO  - A total of 1 use cases were executed, with 1 successes and 0 failures.
Thu May 25 20:40:21 2023 - INFO  - start to run testcase:oe_test_popd_001.
Thu May 25 20:40:27 2023 - INFO  - The case exit by code 0.
Thu May 25 20:40:27 2023 - INFO  - End to run testcase:oe_test_popd_001.
Thu May 25 20:40:28 2023 - INFO  - A total of 1 use cases were executed, with 1 successes and 0 failures.
Thu May 25 20:40:31 2023 - INFO  - start to run testcase:oe_test_glibc.
Thu May 25 20:40:39 2023 - INFO  - The case exit by code 0.
Thu May 25 20:40:39 2023 - INFO  - End to run testcase:oe_test_glibc.
Thu May 25 20:40:40 2023 - INFO  - A total of 1 use cases were executed, with 1 successes and 0 failures.
Thu May 25 20:40:43 2023 - INFO  - start to run testcase:oe_test_cairo.
Thu May 25 20:45:41 2023 - INFO  - The case exit by code 0.
Thu May 25 20:45:42 2023 - INFO  - End to run testcase:oe_test_cairo.
Thu May 25 20:45:42 2023 - INFO  - A total of 1 use cases were executed, with 1 successes and 0 failures.
Thu May 25 20:45:45 2023 - INFO  - start to run testcase:oe_test_c_stat.
Thu May 25 20:45:53 2023 - INFO  - The case exit by code 0.
Thu May 25 20:45:54 2023 - INFO  - End to run testcase:oe_test_c_stat.
Thu May 25 20:45:55 2023 - INFO  - A total of 1 use cases were executed, with 1 successes and 0 failures.
Thu May 25 20:45:58 2023 - INFO  - start to run testcase:oe_test_chroot.
Thu May 25 20:46:22 2023 - INFO  - The case exit by code 0.
Thu May 25 20:46:22 2023 - INFO  - End to run testcase:oe_test_chroot.
Thu May 25 20:46:23 2023 - INFO  - A total of 1 use cases were executed, with 1 successes and 0 failures.
Thu May 25 20:46:26 2023 - INFO  - start to run testcase:oe_test_history.
Thu May 25 20:46:31 2023 - INFO  - The case exit by code 0.
Thu May 25 20:46:31 2023 - INFO  - End to run testcase:oe_test_history.
Thu May 25 20:46:32 2023 - INFO  - A total of 1 use cases were executed, with 1 successes and 0 failures.
Thu May 25 20:46:35 2023 - INFO  - start to run testcase:oe_test_virt-what.
Thu May 25 20:47:15 2023 - INFO  - The case exit by code 0.
Thu May 25 20:47:16 2023 - INFO  - End to run testcase:oe_test_virt-what.
Thu May 25 20:47:16 2023 - INFO  - A total of 1 use cases were executed, with 1 successes and 0 failures.
Thu May 25 20:47:19 2023 - INFO  - start to run testcase:oe_test_gcc_01.
Thu May 25 20:47:34 2023 - INFO  - The case exit by code 0.
Thu May 25 20:47:34 2023 - INFO  - End to run testcase:oe_test_gcc_01.
Thu May 25 20:47:35 2023 - INFO  - A total of 1 use cases were executed, with 1 successes and 0 failures.
Thu May 25 20:47:38 2023 - INFO  - start to run testcase:oe_test_locate_001.
Thu May 25 20:48:32 2023 - INFO  - The case exit by code 0.
Thu May 25 20:48:32 2023 - INFO  - End to run testcase:oe_test_locate_001.
Thu May 25 20:48:33 2023 - INFO  - A total of 1 use cases were executed, with 1 successes and 0 failures.
Thu May 25 20:48:36 2023 - INFO  - start to run testcase:oe_test_bzcmp.
Thu May 25 20:48:44 2023 - INFO  - The case exit by code 0.
Thu May 25 20:48:44 2023 - INFO  - End to run testcase:oe_test_bzcmp.
Thu May 25 20:48:45 2023 - INFO  - A total of 1 use cases were executed, with 1 successes and 0 failures.
Thu May 25 20:48:48 2023 - INFO  - start to run testcase:oe_test_unlink.
Thu May 25 20:48:54 2023 - INFO  - The case exit by code 0.
Thu May 25 20:48:55 2023 - INFO  - End to run testcase:oe_test_unlink.
Thu May 25 20:48:55 2023 - INFO  - A total of 1 use cases were executed, with 1 successes and 0 failures.
Thu May 25 20:48:58 2023 - INFO  - start to run testcase:oe_test_xzcmp.
Thu May 25 20:49:06 2023 - ERROR - The case exit by code 1.
Thu May 25 20:49:06 2023 - INFO  - End to run testcase:oe_test_xzcmp.
Thu May 25 20:49:07 2023 - INFO  - A total of 1 use cases were executed, with 0 successes and 1 failures.
Thu May 25 20:49:10 2023 - INFO  - start to run testcase:oe_test_zgrep.
Thu May 25 20:49:16 2023 - INFO  - The case exit by code 0.
Thu May 25 20:49:17 2023 - INFO  - End to run testcase:oe_test_zgrep.
Thu May 25 20:49:17 2023 - INFO  - A total of 1 use cases were executed, with 1 successes and 0 failures.
Thu May 25 20:49:20 2023 - INFO  - start to run testcase:oe_test_server_subversion.
Thu May 25 20:50:16 2023 - INFO  - The case exit by code 0.
Thu May 25 20:50:16 2023 - INFO  - End to run testcase:oe_test_server_subversion.
Thu May 25 20:50:17 2023 - INFO  - A total of 1 use cases were executed, with 1 successes and 0 failures.
