Thu Jun 29 14:34:07 2023 - INFO  - start to run testcase:oe_test_meson_0.54_meson_01.
Thu Jun 29 14:34:16 2023 - INFO  - The case exit by code 0.
Thu Jun 29 14:34:16 2023 - INFO  - End to run testcase:oe_test_meson_0.54_meson_01.
Thu Jun 29 14:34:16 2023 - INFO  - A total of 1 use cases were executed, with 1 successes and 0 failures.
Thu Jun 29 14:34:16 2023 - INFO  - start to run testcase:oe_test_meson_0.54_meson_02.
Thu Jun 29 14:34:22 2023 - INFO  - The case exit by code 0.
Thu Jun 29 14:34:22 2023 - INFO  - End to run testcase:oe_test_meson_0.54_meson_02.
Thu Jun 29 14:34:22 2023 - INFO  - A total of 1 use cases were executed, with 1 successes and 0 failures.
Thu Jun 29 14:34:22 2023 - INFO  - start to run testcase:oe_test_meson_0.54_meson_03.
Thu Jun 29 14:34:29 2023 - INFO  - The case exit by code 0.
Thu Jun 29 14:34:29 2023 - INFO  - End to run testcase:oe_test_meson_0.54_meson_03.
Thu Jun 29 14:34:29 2023 - INFO  - A total of 1 use cases were executed, with 1 successes and 0 failures.
Thu Jun 29 14:34:29 2023 - INFO  - start to run testcase:oe_test_meson_0.54_meson_04.
Thu Jun 29 14:35:05 2023 - INFO  - The case exit by code 0.
Thu Jun 29 14:35:05 2023 - INFO  - End to run testcase:oe_test_meson_0.54_meson_04.
Thu Jun 29 14:35:05 2023 - INFO  - A total of 1 use cases were executed, with 1 successes and 0 failures.
Thu Jun 29 14:35:05 2023 - INFO  - start to run testcase:oe_test_meson_0.54_meson_05.
Thu Jun 29 14:35:11 2023 - ERROR - The case exit by code 6.
Thu Jun 29 14:35:11 2023 - INFO  - End to run testcase:oe_test_meson_0.54_meson_05.
Thu Jun 29 14:35:11 2023 - INFO  - A total of 1 use cases were executed, with 0 successes and 1 failures.
Thu Jun 29 14:35:12 2023 - INFO  - start to run testcase:oe_test_meson_0.54_meson_06.
Thu Jun 29 14:35:47 2023 - ERROR - The case exit by code 3.
Thu Jun 29 14:35:47 2023 - INFO  - End to run testcase:oe_test_meson_0.54_meson_06.
Thu Jun 29 14:35:47 2023 - INFO  - A total of 1 use cases were executed, with 0 successes and 1 failures.
Thu Jun 29 14:35:47 2023 - INFO  - start to run testcase:oe_test_meson_0.54_meson_07.
Thu Jun 29 14:36:24 2023 - INFO  - The case exit by code 0.
Thu Jun 29 14:36:24 2023 - INFO  - End to run testcase:oe_test_meson_0.54_meson_07.
Thu Jun 29 14:36:24 2023 - INFO  - A total of 1 use cases were executed, with 1 successes and 0 failures.
Thu Jun 29 14:36:24 2023 - INFO  - start to run testcase:oe_test_meson_0.54_meson_08.
Thu Jun 29 14:36:59 2023 - INFO  - The case exit by code 0.
Thu Jun 29 14:36:59 2023 - INFO  - End to run testcase:oe_test_meson_0.54_meson_08.
Thu Jun 29 14:36:59 2023 - INFO  - A total of 1 use cases were executed, with 1 successes and 0 failures.
Thu Jun 29 14:36:59 2023 - INFO  - start to run testcase:oe_test_meson_0.54_meson_09.
Thu Jun 29 14:37:21 2023 - ERROR - The case exit by code 2.
Thu Jun 29 14:37:21 2023 - INFO  - End to run testcase:oe_test_meson_0.54_meson_09.
Thu Jun 29 14:37:21 2023 - INFO  - A total of 1 use cases were executed, with 0 successes and 1 failures.
Thu Jun 29 14:37:21 2023 - INFO  - start to run testcase:oe_test_meson_0.54_meson_10.
Thu Jun 29 14:37:56 2023 - ERROR - The case exit by code 4.
Thu Jun 29 14:37:56 2023 - INFO  - End to run testcase:oe_test_meson_0.54_meson_10.
Thu Jun 29 14:37:56 2023 - INFO  - A total of 1 use cases were executed, with 0 successes and 1 failures.
Thu Jun 29 14:37:56 2023 - INFO  - start to run testcase:oe_test_meson_0.54_meson_11.
Thu Jun 29 14:38:33 2023 - INFO  - The case exit by code 0.
Thu Jun 29 14:38:33 2023 - INFO  - End to run testcase:oe_test_meson_0.54_meson_11.
Thu Jun 29 14:38:33 2023 - INFO  - A total of 1 use cases were executed, with 1 successes and 0 failures.
Thu Jun 29 14:38:33 2023 - INFO  - start to run testcase:oe_test_meson_0.54_meson_12.
Thu Jun 29 14:38:38 2023 - ERROR - The case exit by code 1.
Thu Jun 29 14:38:38 2023 - INFO  - End to run testcase:oe_test_meson_0.54_meson_12.
Thu Jun 29 14:38:38 2023 - INFO  - A total of 1 use cases were executed, with 0 successes and 1 failures.
Thu Jun 29 14:38:38 2023 - INFO  - start to run testcase:oe_test_meson_0.54_meson_13.
Thu Jun 29 14:38:42 2023 - ERROR - The case exit by code 1.
Thu Jun 29 14:38:42 2023 - INFO  - End to run testcase:oe_test_meson_0.54_meson_13.
Thu Jun 29 14:38:42 2023 - INFO  - A total of 1 use cases were executed, with 0 successes and 1 failures.
Thu Jun 29 14:38:42 2023 - INFO  - start to run testcase:oe_test_meson_0.54_meson_14.
Thu Jun 29 14:38:46 2023 - INFO  - The case exit by code 0.
Thu Jun 29 14:38:46 2023 - INFO  - End to run testcase:oe_test_meson_0.54_meson_14.
Thu Jun 29 14:38:46 2023 - INFO  - A total of 1 use cases were executed, with 1 successes and 0 failures.
Thu Jun 29 14:38:46 2023 - INFO  - start to run testcase:oe_test_meson_0.54_meson_15.
Thu Jun 29 14:38:50 2023 - ERROR - The case exit by code 1.
Thu Jun 29 14:38:50 2023 - INFO  - End to run testcase:oe_test_meson_0.54_meson_15.
Thu Jun 29 14:38:50 2023 - INFO  - A total of 1 use cases were executed, with 0 successes and 1 failures.
Thu Jun 29 14:38:50 2023 - INFO  - start to run testcase:oe_test_meson_0.54_meson_16.
Thu Jun 29 14:38:53 2023 - INFO  - The case exit by code 0.
Thu Jun 29 14:38:53 2023 - INFO  - End to run testcase:oe_test_meson_0.54_meson_16.
Thu Jun 29 14:38:53 2023 - INFO  - A total of 1 use cases were executed, with 1 successes and 0 failures.
Thu Jun 29 14:38:53 2023 - INFO  - start to run testcase:oe_test_meson_0.54_meson_17.
Thu Jun 29 14:38:56 2023 - INFO  - The case exit by code 0.
Thu Jun 29 14:38:56 2023 - INFO  - End to run testcase:oe_test_meson_0.54_meson_17.
Thu Jun 29 14:38:56 2023 - INFO  - A total of 1 use cases were executed, with 1 successes and 0 failures.
Thu Jun 29 14:38:56 2023 - INFO  - start to run testcase:oe_test_meson_0.54_meson_18.
Thu Jun 29 14:39:04 2023 - ERROR - The case exit by code 1.
Thu Jun 29 14:39:04 2023 - INFO  - End to run testcase:oe_test_meson_0.54_meson_18.
Thu Jun 29 14:39:04 2023 - INFO  - A total of 1 use cases were executed, with 0 successes and 1 failures.
Thu Jun 29 14:39:04 2023 - INFO  - start to run testcase:oe_test_meson_0.54_meson_19.
Thu Jun 29 14:40:49 2023 - ERROR - The case exit by code 3.
Thu Jun 29 14:40:49 2023 - INFO  - End to run testcase:oe_test_meson_0.54_meson_19.
Thu Jun 29 14:40:49 2023 - INFO  - A total of 1 use cases were executed, with 0 successes and 1 failures.
Thu Jun 29 14:40:49 2023 - INFO  - start to run testcase:oe_test_meson_0.54_meson_20.
Thu Jun 29 15:04:15 2023 - ERROR - The case exit by code 1.
Thu Jun 29 15:04:15 2023 - INFO  - End to run testcase:oe_test_meson_0.54_meson_20.
Thu Jun 29 15:04:16 2023 - INFO  - A total of 1 use cases were executed, with 0 successes and 1 failures.
Thu Jun 29 15:04:16 2023 - INFO  - start to run testcase:oe_test_meson_0.54_meson_21.
Thu Jun 29 15:04:21 2023 - INFO  - The case exit by code 0.
Thu Jun 29 15:04:21 2023 - INFO  - End to run testcase:oe_test_meson_0.54_meson_21.
Thu Jun 29 15:04:21 2023 - INFO  - A total of 1 use cases were executed, with 1 successes and 0 failures.
Thu Jun 29 15:04:21 2023 - INFO  - start to run testcase:oe_test_meson_0.54_meson_22.
Thu Jun 29 15:04:24 2023 - INFO  - The case exit by code 0.
Thu Jun 29 15:04:24 2023 - INFO  - End to run testcase:oe_test_meson_0.54_meson_22.
Thu Jun 29 15:04:24 2023 - INFO  - A total of 1 use cases were executed, with 1 successes and 0 failures.
Thu Jun 29 15:04:24 2023 - INFO  - start to run testcase:oe_test_meson_0.54_meson_23.
Thu Jun 29 15:04:28 2023 - INFO  - The case exit by code 0.
Thu Jun 29 15:04:28 2023 - INFO  - End to run testcase:oe_test_meson_0.54_meson_23.
Thu Jun 29 15:04:28 2023 - INFO  - A total of 1 use cases were executed, with 1 successes and 0 failures.
Thu Jun 29 15:04:28 2023 - INFO  - start to run testcase:oe_test_meson_base_meson_wrap.
Thu Jun 29 15:04:33 2023 - INFO  - The case exit by code 0.
Thu Jun 29 15:04:33 2023 - INFO  - End to run testcase:oe_test_meson_base_meson_wrap.
Thu Jun 29 15:04:33 2023 - INFO  - A total of 1 use cases were executed, with 1 successes and 0 failures.
