Thu Jun 29 15:11:30 2023 - INFO  - start to run testcase:oe_test_rustc_01.
Thu Jun 29 15:13:32 2023 - INFO  - The case exit by code 0.
Thu Jun 29 15:13:32 2023 - INFO  - End to run testcase:oe_test_rustc_01.
Thu Jun 29 15:13:32 2023 - INFO  - A total of 1 use cases were executed, with 1 successes and 0 failures.
Thu Jun 29 15:13:32 2023 - INFO  - start to run testcase:oe_test_rustc_02.
Thu Jun 29 15:14:20 2023 - INFO  - The case exit by code 0.
Thu Jun 29 15:14:20 2023 - INFO  - End to run testcase:oe_test_rustc_02.
Thu Jun 29 15:14:20 2023 - INFO  - A total of 1 use cases were executed, with 1 successes and 0 failures.
Thu Jun 29 15:14:20 2023 - INFO  - start to run testcase:oe_test_rustc_03.
Thu Jun 29 15:15:05 2023 - INFO  - The case exit by code 0.
Thu Jun 29 15:15:05 2023 - INFO  - End to run testcase:oe_test_rustc_03.
Thu Jun 29 15:15:05 2023 - INFO  - A total of 1 use cases were executed, with 1 successes and 0 failures.
Thu Jun 29 15:15:05 2023 - INFO  - start to run testcase:oe_test_rustdoc.
Thu Jun 29 15:15:38 2023 - ERROR - The case exit by code 1.
Thu Jun 29 15:15:38 2023 - INFO  - End to run testcase:oe_test_rustdoc.
Thu Jun 29 15:15:38 2023 - INFO  - A total of 1 use cases were executed, with 0 successes and 1 failures.
Thu Jun 29 15:15:38 2023 - INFO  - start to run testcase:oe_test_cargo_01.
Thu Jun 29 15:16:57 2023 - ERROR - The case exit by code 1.
Thu Jun 29 15:16:57 2023 - INFO  - End to run testcase:oe_test_cargo_01.
Thu Jun 29 15:16:57 2023 - INFO  - A total of 1 use cases were executed, with 0 successes and 1 failures.
Thu Jun 29 15:16:57 2023 - INFO  - start to run testcase:oe_test_cargo_02.
Thu Jun 29 15:19:47 2023 - INFO  - The case exit by code 0.
Thu Jun 29 15:19:48 2023 - INFO  - End to run testcase:oe_test_cargo_02.
Thu Jun 29 15:19:48 2023 - INFO  - A total of 1 use cases were executed, with 1 successes and 0 failures.
Thu Jun 29 15:19:48 2023 - INFO  - start to run testcase:oe_test_clippy.
Thu Jun 29 15:20:09 2023 - INFO  - The case exit by code 0.
Thu Jun 29 15:20:09 2023 - INFO  - End to run testcase:oe_test_clippy.
Thu Jun 29 15:20:09 2023 - INFO  - A total of 1 use cases were executed, with 1 successes and 0 failures.
Thu Jun 29 15:20:09 2023 - INFO  - start to run testcase:oe_test_rustfmt.
Thu Jun 29 15:20:11 2023 - ERROR - The case exit by code 10.
Thu Jun 29 15:20:11 2023 - INFO  - End to run testcase:oe_test_rustfmt.
Thu Jun 29 15:20:11 2023 - INFO  - A total of 1 use cases were executed, with 0 successes and 1 failures.
