Thu May 25 22:02:54 2023 - INFO  - start to run testcase:oe_test_audit_monitor_file_access.
pgrep: pattern that searches for process name longer than 15 characters will result in zero matches
Try `pgrep -f' option to match against the complete command line.
Thu May 25 22:32:56 2023 - WARN  - The case execution timeout.
Thu May 25 22:32:56 2023 - ERROR - The case exit by code 143.
Thu May 25 22:32:57 2023 - INFO  - End to run testcase:oe_test_audit_monitor_file_access.
Thu May 25 22:32:58 2023 - INFO  - A total of 1 use cases were executed, with 0 successes and 1 failures.
Thu May 25 22:33:01 2023 - INFO  - start to run testcase:oe_test_audit_monitor_dictionary_access.
Thu May 25 22:33:13 2023 - ERROR - The case exit by code 4.
Thu May 25 22:33:13 2023 - INFO  - End to run testcase:oe_test_audit_monitor_dictionary_access.
Thu May 25 22:33:14 2023 - INFO  - A total of 1 use cases were executed, with 0 successes and 1 failures.
Thu May 25 22:33:17 2023 - INFO  - start to run testcase:oe_test_audit_monitor_system_use.
Thu May 25 22:33:31 2023 - ERROR - The case exit by code 4.
Thu May 25 22:33:32 2023 - INFO  - End to run testcase:oe_test_audit_monitor_system_use.
Thu May 25 22:33:33 2023 - INFO  - A total of 1 use cases were executed, with 0 successes and 1 failures.
Thu May 25 22:33:36 2023 - INFO  - start to run testcase:oe_test_audit_monitor_do_command.
Thu May 25 22:33:49 2023 - ERROR - The case exit by code 4.
Thu May 25 22:33:49 2023 - INFO  - End to run testcase:oe_test_audit_monitor_do_command.
Thu May 25 22:33:50 2023 - INFO  - A total of 1 use cases were executed, with 0 successes and 1 failures.
Thu May 25 22:33:53 2023 - INFO  - start to run testcase:oe_test_audit_monitor_security_event.
Thu May 25 22:34:17 2023 - INFO  - The case exit by code 0.
Thu May 25 22:34:18 2023 - INFO  - End to run testcase:oe_test_audit_monitor_security_event.
Thu May 25 22:34:18 2023 - INFO  - A total of 1 use cases were executed, with 1 successes and 0 failures.
Thu May 25 22:34:21 2023 - INFO  - start to run testcase:oe_test_audit_monitor_network_visit.
Thu May 25 22:34:31 2023 - ERROR - The case exit by code 2.
Thu May 25 22:34:32 2023 - INFO  - End to run testcase:oe_test_audit_monitor_network_visit.
Thu May 25 22:34:32 2023 - INFO  - A total of 1 use cases were executed, with 0 successes and 1 failures.
Thu May 25 22:34:36 2023 - INFO  - start to run testcase:oe_test_audit_track_designated_access.
Thu May 25 22:34:42 2023 - ERROR - The case exit by code 2.
Thu May 25 22:34:43 2023 - INFO  - End to run testcase:oe_test_audit_track_designated_access.
Thu May 25 22:34:44 2023 - INFO  - A total of 1 use cases were executed, with 0 successes and 1 failures.
Thu May 25 22:34:47 2023 - INFO  - start to run testcase:oe_test_audit_use_d_audit.
Thu May 25 22:34:56 2023 - ERROR - The case exit by code 4.
Thu May 25 22:34:57 2023 - INFO  - End to run testcase:oe_test_audit_use_d_audit.
Thu May 25 22:34:58 2023 - INFO  - A total of 1 use cases were executed, with 0 successes and 1 failures.
Thu May 25 22:35:01 2023 - INFO  - start to run testcase:oe_test_audit_use_w_audit.
Thu May 25 22:35:09 2023 - ERROR - The case exit by code 3.
Thu May 25 22:35:09 2023 - INFO  - End to run testcase:oe_test_audit_use_w_audit.
Thu May 25 22:35:10 2023 - INFO  - A total of 1 use cases were executed, with 0 successes and 1 failures.
Thu May 25 22:35:13 2023 - INFO  - start to run testcase:oe_test_audit_rule_contact_strategy.
Thu May 25 22:35:42 2023 - ERROR - The case exit by code 5.
Thu May 25 22:35:43 2023 - INFO  - End to run testcase:oe_test_audit_rule_contact_strategy.
Thu May 25 22:35:44 2023 - INFO  - A total of 1 use cases were executed, with 0 successes and 1 failures.
Thu May 25 22:35:47 2023 - INFO  - start to run testcase:oe_test_audit_rule_conflict_strategy.
Thu May 25 22:36:03 2023 - ERROR - The case exit by code 6.
Thu May 25 22:36:04 2023 - INFO  - End to run testcase:oe_test_audit_rule_conflict_strategy.
Thu May 25 22:36:04 2023 - INFO  - A total of 1 use cases were executed, with 0 successes and 1 failures.
Thu May 25 22:36:07 2023 - INFO  - start to run testcase:oe_test_audit_rule_fetch_from_rule.
Thu May 25 22:36:16 2023 - ERROR - The case exit by code 2.
Thu May 25 22:36:17 2023 - INFO  - End to run testcase:oe_test_audit_rule_fetch_from_rule.
Thu May 25 22:36:17 2023 - INFO  - A total of 1 use cases were executed, with 0 successes and 1 failures.
Thu May 25 22:36:21 2023 - INFO  - start to run testcase:oe_test_audit_fetch_file_in_order.
Thu May 25 22:37:03 2023 - ERROR - The case exit by code 3.
Thu May 25 22:37:04 2023 - INFO  - End to run testcase:oe_test_audit_fetch_file_in_order.
Thu May 25 22:37:04 2023 - INFO  - A total of 1 use cases were executed, with 0 successes and 1 failures.
Thu May 25 22:37:08 2023 - INFO  - start to run testcase:oe_test_audit_count_time.
Thu May 25 22:37:14 2023 - ERROR - The case exit by code 1.
Thu May 25 22:37:14 2023 - INFO  - End to run testcase:oe_test_audit_count_time.
Thu May 25 22:37:15 2023 - INFO  - A total of 1 use cases were executed, with 0 successes and 1 failures.
Thu May 25 22:37:18 2023 - INFO  - start to run testcase:oe_test_audit_count_number_of_event.
Thu May 25 22:37:25 2023 - ERROR - The case exit by code 2.
Thu May 25 22:37:26 2023 - INFO  - End to run testcase:oe_test_audit_count_number_of_event.
Thu May 25 22:37:26 2023 - INFO  - A total of 1 use cases were executed, with 0 successes and 1 failures.
Thu May 25 22:37:30 2023 - INFO  - start to run testcase:oe_test_audit_show_event_list.
Thu May 25 22:37:38 2023 - ERROR - The case exit by code 3.
Thu May 25 22:37:38 2023 - INFO  - End to run testcase:oe_test_audit_show_event_list.
Thu May 25 22:37:39 2023 - INFO  - A total of 1 use cases were executed, with 0 successes and 1 failures.
Thu May 25 22:37:42 2023 - INFO  - start to run testcase:oe_test_audit_user_build_connection.
Thu May 25 22:39:37 2023 - ERROR - The case exit by code 2.
Thu May 25 22:39:38 2023 - INFO  - End to run testcase:oe_test_audit_user_build_connection.
Thu May 25 22:39:39 2023 - INFO  - A total of 1 use cases were executed, with 0 successes and 1 failures.
Thu May 25 22:39:42 2023 - INFO  - start to run testcase:oe_test_audit_max_log_file_rotate.
Thu May 25 22:40:32 2023 - ERROR - The case exit by code 1.
Thu May 25 22:40:33 2023 - INFO  - End to run testcase:oe_test_audit_max_log_file_rotate.
Thu May 25 22:40:34 2023 - INFO  - A total of 1 use cases were executed, with 0 successes and 1 failures.
Thu May 25 22:40:37 2023 - INFO  - start to run testcase:oe_test_audit_max_log_file_ignore.
Thu May 25 22:47:59 2023 - ERROR - The case exit by code 1.
Thu May 25 22:47:59 2023 - INFO  - End to run testcase:oe_test_audit_max_log_file_ignore.
Thu May 25 22:48:00 2023 - INFO  - A total of 1 use cases were executed, with 0 successes and 1 failures.
Thu May 25 22:48:03 2023 - INFO  - start to run testcase:oe_test_audit_max_log_file_syslog.
Thu May 25 22:49:15 2023 - ERROR - The case exit by code 4.
Thu May 25 22:49:16 2023 - INFO  - End to run testcase:oe_test_audit_max_log_file_syslog.
Thu May 25 22:49:16 2023 - INFO  - A total of 1 use cases were executed, with 0 successes and 1 failures.
Thu May 25 22:49:19 2023 - INFO  - start to run testcase:oe_test_audit_max_log_file_suspend.
Thu May 25 22:50:30 2023 - ERROR - The case exit by code 3.
Thu May 25 22:50:31 2023 - INFO  - End to run testcase:oe_test_audit_max_log_file_suspend.
Thu May 25 22:50:31 2023 - INFO  - A total of 1 use cases were executed, with 0 successes and 1 failures.
Thu May 25 22:50:34 2023 - INFO  - start to run testcase:oe_test_audit_max_log_file_keep_logs.
Thu May 25 22:51:24 2023 - ERROR - The case exit by code 1.
Thu May 25 22:51:25 2023 - INFO  - End to run testcase:oe_test_audit_max_log_file_keep_logs.
Thu May 25 22:51:25 2023 - INFO  - A total of 1 use cases were executed, with 0 successes and 1 failures.
Thu May 25 22:51:28 2023 - INFO  - start to run testcase:oe_test_audit_available_disk_space.
Thu May 25 22:55:48 2023 - ERROR - The case exit by code 35.
Thu May 25 22:55:49 2023 - INFO  - End to run testcase:oe_test_audit_available_disk_space.
Thu May 25 22:55:49 2023 - INFO  - A total of 1 use cases were executed, with 0 successes and 1 failures.
Thu May 25 22:55:53 2023 - INFO  - start to run testcase:oe_test_inject_time_fault.
Thu May 25 22:57:05 2023 - ERROR - The case exit by code 1.
Thu May 25 22:57:06 2023 - INFO  - End to run testcase:oe_test_inject_time_fault.
Thu May 25 22:57:06 2023 - INFO  - A total of 1 use cases were executed, with 0 successes and 1 failures.
Thu May 25 22:57:10 2023 - INFO  - start to run testcase:oe_test_service_auditd.
Thu May 25 22:57:42 2023 - ERROR - The case exit by code 8.
Thu May 25 22:57:43 2023 - INFO  - End to run testcase:oe_test_service_auditd.
Thu May 25 22:57:43 2023 - INFO  - A total of 1 use cases were executed, with 0 successes and 1 failures.
Thu May 25 22:57:47 2023 - INFO  - start to run testcase:oe_test_audit_event_log.
Thu May 25 22:57:55 2023 - ERROR - The case exit by code 2.
Thu May 25 22:57:56 2023 - INFO  - End to run testcase:oe_test_audit_event_log.
Thu May 25 22:57:57 2023 - INFO  - A total of 1 use cases were executed, with 0 successes and 1 failures.
Thu May 25 22:58:00 2023 - INFO  - start to run testcase:oe_test_audit_other.
Thu May 25 22:58:14 2023 - ERROR - The case exit by code 8.
Thu May 25 22:58:14 2023 - INFO  - End to run testcase:oe_test_audit_other.
Thu May 25 22:58:15 2023 - INFO  - A total of 1 use cases were executed, with 0 successes and 1 failures.
Thu May 25 22:58:18 2023 - INFO  - start to run testcase:oe_test_start_audit.
Thu May 25 22:58:28 2023 - ERROR - The case exit by code 4.
Thu May 25 22:58:28 2023 - INFO  - End to run testcase:oe_test_start_audit.
Thu May 25 22:58:29 2023 - INFO  - A total of 1 use cases were executed, with 0 successes and 1 failures.
Thu May 25 22:58:32 2023 - INFO  - start to run testcase:oe_test_audit_ausearch.
Thu May 25 22:58:49 2023 - ERROR - The case exit by code 6.
Thu May 25 22:58:49 2023 - INFO  - End to run testcase:oe_test_audit_ausearch.
Thu May 25 22:58:50 2023 - INFO  - A total of 1 use cases were executed, with 0 successes and 1 failures.
Thu May 25 22:58:53 2023 - INFO  - start to run testcase:oe_test_aulastlog.
Thu May 25 22:59:15 2023 - ERROR - The case exit by code 4.
Thu May 25 22:59:16 2023 - INFO  - End to run testcase:oe_test_aulastlog.
Thu May 25 22:59:16 2023 - INFO  - A total of 1 use cases were executed, with 0 successes and 1 failures.
