Tue Aug  8 10:24:27 2023 - INFO  - start to run testcase:oe_test_service_glusterd.
Tue Aug  8 10:25:59 2023 - INFO  - The case exit by code 0.
Tue Aug  8 10:26:00 2023 - INFO  - End to run testcase:oe_test_service_glusterd.
Tue Aug  8 10:26:01 2023 - INFO  - A total of 1 use cases were executed, with 1 successes and 0 failures.
Tue Aug  8 10:26:04 2023 - INFO  - start to run testcase:oe_test_service_glustereventsd.
Tue Aug  8 10:27:56 2023 - INFO  - The case exit by code 0.
Tue Aug  8 10:27:56 2023 - INFO  - End to run testcase:oe_test_service_glustereventsd.
Tue Aug  8 10:27:57 2023 - INFO  - A total of 1 use cases were executed, with 1 successes and 0 failures.
Tue Aug  8 10:28:00 2023 - INFO  - start to run testcase:oe_test_service_glusterfsd.
Tue Aug  8 10:28:51 2023 - INFO  - The case exit by code 0.
Tue Aug  8 10:28:51 2023 - INFO  - End to run testcase:oe_test_service_glusterfsd.
Tue Aug  8 10:28:52 2023 - INFO  - A total of 1 use cases were executed, with 1 successes and 0 failures.
Tue Aug  8 10:28:55 2023 - INFO  - start to run testcase:oe_test_service_glusterfssharedstorage.
Tue Aug  8 10:30:14 2023 - INFO  - The case exit by code 0.
Tue Aug  8 10:30:15 2023 - INFO  - End to run testcase:oe_test_service_glusterfssharedstorage.
Tue Aug  8 10:30:15 2023 - INFO  - A total of 1 use cases were executed, with 1 successes and 0 failures.
Tue Aug  8 10:30:18 2023 - INFO  - start to run testcase:oe_test_service_gluster-ta-volume.
Tue Aug  8 10:31:49 2023 - INFO  - The case exit by code 0.
Tue Aug  8 10:31:50 2023 - INFO  - End to run testcase:oe_test_service_gluster-ta-volume.
Tue Aug  8 10:31:51 2023 - INFO  - A total of 1 use cases were executed, with 1 successes and 0 failures.
