Thu Jun 22 16:26:07 2023 - INFO  - start to run testcase:oe_test_astraceroute_01.
Thu Jun 22 16:29:05 2023 - ERROR - The case exit by code 11.
Thu Jun 22 16:29:06 2023 - INFO  - End to run testcase:oe_test_astraceroute_01.
Thu Jun 22 16:29:06 2023 - INFO  - A total of 1 use cases were executed, with 0 successes and 1 failures.
Thu Jun 22 16:29:09 2023 - INFO  - start to run testcase:oe_test_astraceroute_02.
Thu Jun 22 16:31:46 2023 - ERROR - The case exit by code 12.
Thu Jun 22 16:31:47 2023 - INFO  - End to run testcase:oe_test_astraceroute_02.
Thu Jun 22 16:31:47 2023 - INFO  - A total of 1 use cases were executed, with 0 successes and 1 failures.
Thu Jun 22 16:31:50 2023 - INFO  - start to run testcase:oe_test_astraceroute_03.
Thu Jun 22 16:54:29 2023 - ERROR - The case exit by code 4.
Thu Jun 22 16:54:30 2023 - INFO  - End to run testcase:oe_test_astraceroute_03.
Thu Jun 22 16:54:30 2023 - INFO  - A total of 1 use cases were executed, with 0 successes and 1 failures.
Thu Jun 22 16:54:33 2023 - INFO  - start to run testcase:oe_test_astraceroute_04.
Thu Jun 22 16:57:15 2023 - ERROR - The case exit by code 14.
Thu Jun 22 16:57:16 2023 - INFO  - End to run testcase:oe_test_astraceroute_04.
Thu Jun 22 16:57:16 2023 - INFO  - A total of 1 use cases were executed, with 0 successes and 1 failures.
Thu Jun 22 16:57:18 2023 - INFO  - start to run testcase:oe_test_astraceroute_05.
Thu Jun 22 17:15:44 2023 - ERROR - The case exit by code 8.
Thu Jun 22 17:15:45 2023 - INFO  - End to run testcase:oe_test_astraceroute_05.
Thu Jun 22 17:15:45 2023 - INFO  - A total of 1 use cases were executed, with 0 successes and 1 failures.
Thu Jun 22 17:15:48 2023 - INFO  - start to run testcase:oe_test_bpfc.
Thu Jun 22 17:17:33 2023 - INFO  - The case exit by code 0.
Thu Jun 22 17:17:33 2023 - INFO  - End to run testcase:oe_test_bpfc.
Thu Jun 22 17:17:34 2023 - INFO  - A total of 1 use cases were executed, with 1 successes and 0 failures.
Thu Jun 22 17:17:36 2023 - INFO  - start to run testcase:oe_test_curvetun_common.
Thu Jun 22 17:17:52 2023 - INFO  - The case exit by code 0.
Thu Jun 22 17:17:52 2023 - INFO  - End to run testcase:oe_test_curvetun_common.
Thu Jun 22 17:17:53 2023 - INFO  - A total of 1 use cases were executed, with 1 successes and 0 failures.
Thu Jun 22 17:17:55 2023 - INFO  - start to run testcase:oe_test_flowtop_01.
Thu Jun 22 17:18:10 2023 - INFO  - The case exit by code 0.
Thu Jun 22 17:18:10 2023 - INFO  - End to run testcase:oe_test_flowtop_01.
Thu Jun 22 17:18:11 2023 - INFO  - A total of 1 use cases were executed, with 1 successes and 0 failures.
Thu Jun 22 17:18:13 2023 - INFO  - start to run testcase:oe_test_ifpps_01.
Thu Jun 22 17:18:41 2023 - ERROR - The case exit by code 8.
Thu Jun 22 17:18:42 2023 - INFO  - End to run testcase:oe_test_ifpps_01.
Thu Jun 22 17:18:42 2023 - INFO  - A total of 1 use cases were executed, with 0 successes and 1 failures.
Thu Jun 22 17:18:45 2023 - INFO  - start to run testcase:oe_test_ifpps_02.
Thu Jun 22 17:19:15 2023 - ERROR - The case exit by code 10.
Thu Jun 22 17:19:15 2023 - INFO  - End to run testcase:oe_test_ifpps_02.
Thu Jun 22 17:19:16 2023 - INFO  - A total of 1 use cases were executed, with 0 successes and 1 failures.
Thu Jun 22 17:19:18 2023 - INFO  - start to run testcase:oe_test_netsniff_ng_01.
pgrep: pattern that searches for process name longer than 15 characters will result in zero matches
Try `pgrep -f' option to match against the complete command line.
Thu Jun 22 17:49:20 2023 - WARN  - The case execution timeout.
Thu Jun 22 17:49:20 2023 - ERROR - The case exit by code 143.
Thu Jun 22 17:49:21 2023 - INFO  - End to run testcase:oe_test_netsniff_ng_01.
Thu Jun 22 17:49:21 2023 - INFO  - A total of 1 use cases were executed, with 0 successes and 1 failures.
Thu Jun 22 17:49:24 2023 - INFO  - start to run testcase:oe_test_netsniff_ng_02.
pgrep: pattern that searches for process name longer than 15 characters will result in zero matches
Try `pgrep -f' option to match against the complete command line.
Thu Jun 22 18:19:26 2023 - WARN  - The case execution timeout.
Thu Jun 22 18:19:27 2023 - ERROR - The case exit by code 143.
Thu Jun 22 18:19:27 2023 - INFO  - End to run testcase:oe_test_netsniff_ng_02.
Thu Jun 22 18:19:28 2023 - INFO  - A total of 1 use cases were executed, with 0 successes and 1 failures.
Thu Jun 22 18:19:31 2023 - INFO  - start to run testcase:oe_test_netsniff_ng_03.
pgrep: pattern that searches for process name longer than 15 characters will result in zero matches
Try `pgrep -f' option to match against the complete command line.
Thu Jun 22 18:49:33 2023 - WARN  - The case execution timeout.
Thu Jun 22 18:49:33 2023 - ERROR - The case exit by code 143.
Thu Jun 22 18:49:34 2023 - INFO  - End to run testcase:oe_test_netsniff_ng_03.
Thu Jun 22 18:49:34 2023 - INFO  - A total of 1 use cases were executed, with 0 successes and 1 failures.
Thu Jun 22 18:49:37 2023 - INFO  - start to run testcase:oe_test_netsniff_ng_04.
pgrep: pattern that searches for process name longer than 15 characters will result in zero matches
Try `pgrep -f' option to match against the complete command line.
Thu Jun 22 19:19:38 2023 - WARN  - The case execution timeout.
Thu Jun 22 19:19:39 2023 - ERROR - The case exit by code 143.
Thu Jun 22 19:19:39 2023 - INFO  - End to run testcase:oe_test_netsniff_ng_04.
Thu Jun 22 19:19:40 2023 - INFO  - A total of 1 use cases were executed, with 0 successes and 1 failures.
Thu Jun 22 19:19:42 2023 - INFO  - start to run testcase:oe_test_trafgen_01.
pgrep: pattern that searches for process name longer than 15 characters will result in zero matches
Try `pgrep -f' option to match against the complete command line.
Thu Jun 22 19:49:43 2023 - WARN  - The case execution timeout.
Thu Jun 22 19:49:44 2023 - ERROR - The case exit by code 143.
Thu Jun 22 19:49:44 2023 - INFO  - End to run testcase:oe_test_trafgen_01.
Thu Jun 22 19:49:45 2023 - INFO  - A total of 1 use cases were executed, with 0 successes and 1 failures.
Thu Jun 22 19:49:47 2023 - INFO  - start to run testcase:oe_test_trafgen_02.
pgrep: pattern that searches for process name longer than 15 characters will result in zero matches
Try `pgrep -f' option to match against the complete command line.
Thu Jun 22 20:19:49 2023 - WARN  - The case execution timeout.
Thu Jun 22 20:19:49 2023 - ERROR - The case exit by code 143.
Thu Jun 22 20:19:50 2023 - INFO  - End to run testcase:oe_test_trafgen_02.
Thu Jun 22 20:19:50 2023 - INFO  - A total of 1 use cases were executed, with 0 successes and 1 failures.
Thu Jun 22 20:19:52 2023 - INFO  - start to run testcase:oe_test_trafgen_03.
Thu Jun 22 20:20:12 2023 - INFO  - The case exit by code 0.
Thu Jun 22 20:20:12 2023 - INFO  - End to run testcase:oe_test_trafgen_03.
Thu Jun 22 20:20:13 2023 - INFO  - A total of 1 use cases were executed, with 1 successes and 0 failures.
