Wed May 24 21:46:06 2023 - INFO  - start to run testcase:oe_test_who.
Wed May 24 21:46:12 2023 - ERROR - The case exit by code 2.
Wed May 24 21:46:13 2023 - INFO  - End to run testcase:oe_test_who.
Wed May 24 21:46:13 2023 - INFO  - A total of 1 use cases were executed, with 0 successes and 1 failures.
Wed May 24 21:46:18 2023 - INFO  - start to run testcase:oe_test_tail.
Wed May 24 21:46:33 2023 - INFO  - The case exit by code 0.
Wed May 24 21:46:33 2023 - INFO  - End to run testcase:oe_test_tail.
Wed May 24 21:46:34 2023 - INFO  - A total of 1 use cases were executed, with 1 successes and 0 failures.
Wed May 24 21:46:37 2023 - INFO  - start to run testcase:oe_test_systool.
Wed May 24 21:47:14 2023 - INFO  - The case exit by code 0.
Wed May 24 21:47:15 2023 - INFO  - End to run testcase:oe_test_systool.
Wed May 24 21:47:16 2023 - INFO  - A total of 1 use cases were executed, with 1 successes and 0 failures.
Wed May 24 21:47:19 2023 - INFO  - start to run testcase:oe_test_awk.
Wed May 24 21:47:27 2023 - ERROR - The case exit by code 1.
Wed May 24 21:47:27 2023 - INFO  - End to run testcase:oe_test_awk.
Wed May 24 21:47:28 2023 - INFO  - A total of 1 use cases were executed, with 0 successes and 1 failures.
Wed May 24 21:47:31 2023 - INFO  - start to run testcase:oe_test_sdiff.
Wed May 24 21:47:45 2023 - INFO  - The case exit by code 0.
Wed May 24 21:47:46 2023 - INFO  - End to run testcase:oe_test_sdiff.
Wed May 24 21:47:46 2023 - INFO  - A total of 1 use cases were executed, with 1 successes and 0 failures.
Wed May 24 21:47:49 2023 - INFO  - start to run testcase:oe_test_diff3.
Wed May 24 21:48:03 2023 - INFO  - The case exit by code 0.
Wed May 24 21:48:04 2023 - INFO  - End to run testcase:oe_test_diff3.
Wed May 24 21:48:04 2023 - INFO  - A total of 1 use cases were executed, with 1 successes and 0 failures.
Wed May 24 21:48:07 2023 - INFO  - start to run testcase:oe_test_fuse.
Wed May 24 21:48:25 2023 - ERROR - The case exit by code 3.
Wed May 24 21:48:26 2023 - INFO  - End to run testcase:oe_test_fuse.
Wed May 24 21:48:26 2023 - INFO  - A total of 1 use cases were executed, with 0 successes and 1 failures.
Wed May 24 21:48:29 2023 - INFO  - start to run testcase:oe_test_zstd.
Wed May 24 21:48:43 2023 - INFO  - The case exit by code 0.
Wed May 24 21:48:44 2023 - INFO  - End to run testcase:oe_test_zstd.
Wed May 24 21:48:44 2023 - INFO  - A total of 1 use cases were executed, with 1 successes and 0 failures.
Wed May 24 21:48:47 2023 - INFO  - start to run testcase:oe_test_auditctl.
Wed May 24 21:48:59 2023 - ERROR - The case exit by code 4.
Wed May 24 21:48:59 2023 - INFO  - End to run testcase:oe_test_auditctl.
Wed May 24 21:49:00 2023 - INFO  - A total of 1 use cases were executed, with 0 successes and 1 failures.
Wed May 24 21:49:03 2023 - INFO  - start to run testcase:oe_test_cksum.
Wed May 24 21:49:10 2023 - INFO  - The case exit by code 0.
Wed May 24 21:49:11 2023 - INFO  - End to run testcase:oe_test_cksum.
Wed May 24 21:49:11 2023 - INFO  - A total of 1 use cases were executed, with 1 successes and 0 failures.
Wed May 24 21:49:15 2023 - INFO  - start to run testcase:oe_test_paste.
Wed May 24 21:49:21 2023 - INFO  - The case exit by code 0.
Wed May 24 21:49:22 2023 - INFO  - End to run testcase:oe_test_paste.
Wed May 24 21:49:23 2023 - INFO  - A total of 1 use cases were executed, with 1 successes and 0 failures.
Wed May 24 21:49:26 2023 - INFO  - start to run testcase:oe_test_chgrp.
Wed May 24 21:49:33 2023 - INFO  - The case exit by code 0.
Wed May 24 21:49:33 2023 - INFO  - End to run testcase:oe_test_chgrp.
Wed May 24 21:49:34 2023 - INFO  - A total of 1 use cases were executed, with 1 successes and 0 failures.
Wed May 24 21:49:37 2023 - INFO  - start to run testcase:oe_test_cut.
Wed May 24 21:49:44 2023 - INFO  - The case exit by code 0.
Wed May 24 21:49:45 2023 - INFO  - End to run testcase:oe_test_cut.
Wed May 24 21:49:45 2023 - INFO  - A total of 1 use cases were executed, with 1 successes and 0 failures.
Wed May 24 21:49:48 2023 - INFO  - start to run testcase:oe_test_bsdcat.
Wed May 24 21:49:58 2023 - ERROR - The case exit by code 3.
Wed May 24 21:49:59 2023 - INFO  - End to run testcase:oe_test_bsdcat.
Wed May 24 21:49:59 2023 - INFO  - A total of 1 use cases were executed, with 0 successes and 1 failures.
Wed May 24 21:50:03 2023 - INFO  - start to run testcase:oe_test_b2sum.
Wed May 24 21:50:09 2023 - INFO  - The case exit by code 0.
Wed May 24 21:50:10 2023 - INFO  - End to run testcase:oe_test_b2sum.
Wed May 24 21:50:11 2023 - INFO  - A total of 1 use cases were executed, with 1 successes and 0 failures.
Wed May 24 21:50:14 2023 - INFO  - start to run testcase:oe_test_ulimit.
Wed May 24 21:50:21 2023 - INFO  - The case exit by code 0.
Wed May 24 21:50:21 2023 - INFO  - End to run testcase:oe_test_ulimit.
Wed May 24 21:50:22 2023 - INFO  - A total of 1 use cases were executed, with 1 successes and 0 failures.
Wed May 24 21:50:25 2023 - INFO  - start to run testcase:oe_test_versioninfo.
Wed May 24 21:50:30 2023 - INFO  - The case exit by code 0.
Wed May 24 21:50:31 2023 - INFO  - End to run testcase:oe_test_versioninfo.
Wed May 24 21:50:31 2023 - INFO  - A total of 1 use cases were executed, with 1 successes and 0 failures.
Wed May 24 21:50:34 2023 - INFO  - start to run testcase:oe_test_uname.
Wed May 24 21:50:40 2023 - INFO  - The case exit by code 0.
Wed May 24 21:50:40 2023 - INFO  - End to run testcase:oe_test_uname.
Wed May 24 21:50:41 2023 - INFO  - A total of 1 use cases were executed, with 1 successes and 0 failures.
Wed May 24 21:50:44 2023 - INFO  - start to run testcase:oe_test_timedatectl.
Wed May 24 21:50:48 2023 - INFO  - The case exit by code 0.
Wed May 24 21:50:48 2023 - INFO  - End to run testcase:oe_test_timedatectl.
Wed May 24 21:50:49 2023 - INFO  - A total of 1 use cases were executed, with 1 successes and 0 failures.
Wed May 24 21:50:52 2023 - INFO  - start to run testcase:oe_test_system_monitor_process.
Wed May 24 21:50:58 2023 - INFO  - The case exit by code 0.
Wed May 24 21:50:58 2023 - INFO  - End to run testcase:oe_test_system_monitor_process.
Wed May 24 21:50:59 2023 - INFO  - A total of 1 use cases were executed, with 1 successes and 0 failures.
Wed May 24 21:51:02 2023 - INFO  - start to run testcase:oe_test_system_log_view.
Wed May 24 21:51:43 2023 - INFO  - The case exit by code 0.
Wed May 24 21:51:43 2023 - INFO  - End to run testcase:oe_test_system_log_view.
Wed May 24 21:51:44 2023 - INFO  - A total of 1 use cases were executed, with 1 successes and 0 failures.
Wed May 24 21:51:46 2023 - INFO  - start to run testcase:oe_test_system_log_security.
Wed May 24 21:51:52 2023 - INFO  - The case exit by code 0.
Wed May 24 21:51:53 2023 - INFO  - End to run testcase:oe_test_system_log_security.
Wed May 24 21:51:54 2023 - INFO  - A total of 1 use cases were executed, with 1 successes and 0 failures.
Wed May 24 21:51:57 2023 - INFO  - start to run testcase:oe_test_system_log_recorded.
Wed May 24 21:52:04 2023 - ERROR - The case exit by code 3.
Wed May 24 21:52:05 2023 - INFO  - End to run testcase:oe_test_system_log_recorded.
Wed May 24 21:52:05 2023 - INFO  - A total of 1 use cases were executed, with 0 successes and 1 failures.
Wed May 24 21:52:08 2023 - INFO  - start to run testcase:oe_test_system_log_process.
Wed May 24 21:52:14 2023 - INFO  - The case exit by code 0.
Wed May 24 21:52:14 2023 - INFO  - End to run testcase:oe_test_system_log_process.
Wed May 24 21:52:15 2023 - INFO  - A total of 1 use cases were executed, with 1 successes and 0 failures.
Wed May 24 21:52:18 2023 - INFO  - start to run testcase:oe_test_system_log_dmesg.
Wed May 24 21:52:22 2023 - INFO  - The case exit by code 0.
Wed May 24 21:52:23 2023 - INFO  - End to run testcase:oe_test_system_log_dmesg.
Wed May 24 21:52:23 2023 - INFO  - A total of 1 use cases were executed, with 1 successes and 0 failures.
Wed May 24 21:52:27 2023 - INFO  - start to run testcase:oe_test_system_log_device.
Wed May 24 21:52:32 2023 - INFO  - The case exit by code 0.
Wed May 24 21:52:32 2023 - INFO  - End to run testcase:oe_test_system_log_device.
Wed May 24 21:52:33 2023 - INFO  - A total of 1 use cases were executed, with 1 successes and 0 failures.
Wed May 24 21:52:36 2023 - INFO  - start to run testcase:oe_test_system_log_basic.
Wed May 24 21:52:41 2023 - INFO  - The case exit by code 0.
Wed May 24 21:52:42 2023 - INFO  - End to run testcase:oe_test_system_log_basic.
Wed May 24 21:52:43 2023 - INFO  - A total of 1 use cases were executed, with 1 successes and 0 failures.
Wed May 24 21:52:46 2023 - INFO  - start to run testcase:oe_test_server_vsftpd_restart.
Wed May 24 21:56:41 2023 - INFO  - The case exit by code 0.
Wed May 24 21:56:41 2023 - INFO  - End to run testcase:oe_test_server_vsftpd_restart.
Wed May 24 21:56:42 2023 - INFO  - A total of 1 use cases were executed, with 1 successes and 0 failures.
Wed May 24 21:56:45 2023 - INFO  - start to run testcase:oe_test_server_squid_proxy.
Wed May 24 21:58:18 2023 - INFO  - The case exit by code 0.
Wed May 24 21:58:19 2023 - INFO  - End to run testcase:oe_test_server_squid_proxy.
Wed May 24 21:58:19 2023 - INFO  - A total of 1 use cases were executed, with 1 successes and 0 failures.
Wed May 24 21:58:22 2023 - INFO  - start to run testcase:oe_test_server_squid_ip.
Wed May 24 22:00:27 2023 - INFO  - The case exit by code 0.
Wed May 24 22:00:28 2023 - INFO  - End to run testcase:oe_test_server_squid_ip.
Wed May 24 22:00:29 2023 - INFO  - A total of 1 use cases were executed, with 1 successes and 0 failures.
Wed May 24 22:00:32 2023 - INFO  - start to run testcase:oe_test_server_squid_blacklist.
Wed May 24 22:02:05 2023 - ERROR - The case exit by code 1.
Wed May 24 22:02:06 2023 - INFO  - End to run testcase:oe_test_server_squid_blacklist.
Wed May 24 22:02:06 2023 - INFO  - A total of 1 use cases were executed, with 0 successes and 1 failures.
Wed May 24 22:02:10 2023 - INFO  - start to run testcase:oe_test_server_postgresql.
Wed May 24 22:03:23 2023 - INFO  - The case exit by code 0.
Wed May 24 22:03:24 2023 - INFO  - End to run testcase:oe_test_server_postgresql.
Wed May 24 22:03:24 2023 - INFO  - A total of 1 use cases were executed, with 1 successes and 0 failures.
Wed May 24 22:03:27 2023 - INFO  - start to run testcase:oe_test_server_openssh_verifykey.
Wed May 24 22:03:45 2023 - ERROR - The case exit by code 1.
Wed May 24 22:03:46 2023 - INFO  - End to run testcase:oe_test_server_openssh_verifykey.
Wed May 24 22:03:46 2023 - INFO  - A total of 1 use cases were executed, with 0 successes and 1 failures.
Wed May 24 22:03:50 2023 - INFO  - start to run testcase:oe_test_server_openssh_secure.
Wed May 24 22:05:01 2023 - INFO  - The case exit by code 0.
Wed May 24 22:05:02 2023 - INFO  - End to run testcase:oe_test_server_openssh_secure.
Wed May 24 22:05:02 2023 - INFO  - A total of 1 use cases were executed, with 1 successes and 0 failures.
Wed May 24 22:05:05 2023 - INFO  - start to run testcase:oe_test_server_openssh_restart.
Wed May 24 22:07:06 2023 - INFO  - The case exit by code 0.
Wed May 24 22:07:06 2023 - INFO  - End to run testcase:oe_test_server_openssh_restart.
Wed May 24 22:07:07 2023 - INFO  - A total of 1 use cases were executed, with 1 successes and 0 failures.
Wed May 24 22:07:10 2023 - INFO  - start to run testcase:oe_test_server_mysql.
Wed May 24 22:13:40 2023 - INFO  - The case exit by code 0.
Wed May 24 22:13:40 2023 - INFO  - End to run testcase:oe_test_server_mysql.
Wed May 24 22:13:41 2023 - INFO  - A total of 1 use cases were executed, with 1 successes and 0 failures.
Wed May 24 22:13:44 2023 - INFO  - start to run testcase:oe_test_server_mariadb_stop.
Wed May 24 22:18:02 2023 - INFO  - The case exit by code 0.
Wed May 24 22:18:02 2023 - INFO  - End to run testcase:oe_test_server_mariadb_stop.
Wed May 24 22:18:03 2023 - INFO  - A total of 1 use cases were executed, with 1 successes and 0 failures.
Wed May 24 22:18:06 2023 - INFO  - start to run testcase:oe_test_server_mariadb_onlinebackup.
Wed May 24 22:19:37 2023 - INFO  - The case exit by code 0.
Wed May 24 22:19:37 2023 - INFO  - End to run testcase:oe_test_server_mariadb_onlinebackup.
Wed May 24 22:19:38 2023 - INFO  - A total of 1 use cases were executed, with 1 successes and 0 failures.
Wed May 24 22:19:41 2023 - INFO  - start to run testcase:oe_test_server_mariadb_loadfile.
Wed May 24 22:22:08 2023 - INFO  - The case exit by code 0.
Wed May 24 22:22:08 2023 - INFO  - End to run testcase:oe_test_server_mariadb_loadfile.
Wed May 24 22:22:09 2023 - INFO  - A total of 1 use cases were executed, with 1 successes and 0 failures.
Wed May 24 22:22:12 2023 - INFO  - start to run testcase:oe_test_server_mariadb_dumpMulDB.
Wed May 24 22:24:16 2023 - INFO  - The case exit by code 0.
Wed May 24 22:24:16 2023 - INFO  - End to run testcase:oe_test_server_mariadb_dumpMulDB.
Wed May 24 22:24:17 2023 - INFO  - A total of 1 use cases were executed, with 1 successes and 0 failures.
Wed May 24 22:24:20 2023 - INFO  - start to run testcase:oe_test_server_mariadb_dump.
Wed May 24 22:26:00 2023 - INFO  - The case exit by code 0.
Wed May 24 22:26:00 2023 - INFO  - End to run testcase:oe_test_server_mariadb_dump.
Wed May 24 22:26:01 2023 - INFO  - A total of 1 use cases were executed, with 1 successes and 0 failures.
Wed May 24 22:26:04 2023 - INFO  - start to run testcase:oe_test_server_mariadb_copy.
Wed May 24 22:27:56 2023 - INFO  - The case exit by code 0.
Wed May 24 22:27:57 2023 - INFO  - End to run testcase:oe_test_server_mariadb_copy.
Wed May 24 22:27:57 2023 - INFO  - A total of 1 use cases were executed, with 1 successes and 0 failures.
Wed May 24 22:28:00 2023 - INFO  - start to run testcase:oe_test_server_mariadb_backuptable.
Wed May 24 22:29:33 2023 - INFO  - The case exit by code 0.
Wed May 24 22:29:34 2023 - INFO  - End to run testcase:oe_test_server_mariadb_backuptable.
Wed May 24 22:29:34 2023 - INFO  - A total of 1 use cases were executed, with 1 successes and 0 failures.
Wed May 24 22:29:37 2023 - INFO  - start to run testcase:oe_test_server_mariadb_backupDB.
Wed May 24 22:31:27 2023 - INFO  - The case exit by code 0.
Wed May 24 22:31:28 2023 - INFO  - End to run testcase:oe_test_server_mariadb_backupDB.
Wed May 24 22:31:28 2023 - INFO  - A total of 1 use cases were executed, with 1 successes and 0 failures.
Wed May 24 22:31:31 2023 - INFO  - start to run testcase:oe_test_server_mariadb_backup.
Wed May 24 22:33:25 2023 - INFO  - The case exit by code 0.
Wed May 24 22:33:26 2023 - INFO  - End to run testcase:oe_test_server_mariadb_backup.
Wed May 24 22:33:26 2023 - INFO  - A total of 1 use cases were executed, with 1 successes and 0 failures.
Wed May 24 22:33:29 2023 - INFO  - start to run testcase:oe_test_server_httpd_tls.
Wed May 24 22:34:40 2023 - INFO  - The case exit by code 0.
Wed May 24 22:34:40 2023 - INFO  - End to run testcase:oe_test_server_httpd_tls.
Wed May 24 22:34:41 2023 - INFO  - A total of 1 use cases were executed, with 1 successes and 0 failures.
Wed May 24 22:34:44 2023 - INFO  - start to run testcase:oe_test_server_httpd_restart.
Wed May 24 22:39:39 2023 - INFO  - The case exit by code 0.
Wed May 24 22:39:39 2023 - INFO  - End to run testcase:oe_test_server_httpd_restart.
Wed May 24 22:39:40 2023 - INFO  - A total of 1 use cases were executed, with 1 successes and 0 failures.
Wed May 24 22:39:43 2023 - INFO  - start to run testcase:oe_test_server_httpd_recover.
Wed May 24 22:41:04 2023 - INFO  - The case exit by code 0.
Wed May 24 22:41:04 2023 - INFO  - End to run testcase:oe_test_server_httpd_recover.
Wed May 24 22:41:05 2023 - INFO  - A total of 1 use cases were executed, with 1 successes and 0 failures.
Wed May 24 22:41:08 2023 - INFO  - start to run testcase:oe_test_server_httpd_port.
Wed May 24 22:42:19 2023 - INFO  - The case exit by code 0.
Wed May 24 22:42:20 2023 - INFO  - End to run testcase:oe_test_server_httpd_port.
Wed May 24 22:42:20 2023 - INFO  - A total of 1 use cases were executed, with 1 successes and 0 failures.
Wed May 24 22:42:23 2023 - INFO  - start to run testcase:oe_test_server_httpd_checkfirewall.
Wed May 24 22:42:50 2023 - INFO  - The case exit by code 0.
Wed May 24 22:42:51 2023 - INFO  - End to run testcase:oe_test_server_httpd_checkfirewall.
Wed May 24 22:42:51 2023 - INFO  - A total of 1 use cases were executed, with 1 successes and 0 failures.
Wed May 24 22:42:54 2023 - INFO  - start to run testcase:oe_test_server_git_install.
Wed May 24 22:43:09 2023 - INFO  - The case exit by code 0.
Wed May 24 22:43:09 2023 - INFO  - End to run testcase:oe_test_server_git_install.
Wed May 24 22:43:10 2023 - INFO  - A total of 1 use cases were executed, with 1 successes and 0 failures.
Wed May 24 22:43:13 2023 - INFO  - start to run testcase:oe_test_sos.
pgrep: pattern that searches for process name longer than 15 characters will result in zero matches
Try `pgrep -f' option to match against the complete command line.
Wed May 24 23:13:14 2023 - WARN  - The case execution timeout.
Wed May 24 23:13:15 2023 - ERROR - The case exit by code 143.
Wed May 24 23:13:15 2023 - INFO  - End to run testcase:oe_test_sos.
Wed May 24 23:13:16 2023 - INFO  - A total of 1 use cases were executed, with 0 successes and 1 failures.
Wed May 24 23:13:19 2023 - INFO  - start to run testcase:oe_test_power_powertop_startup.
Wed May 24 23:14:12 2023 - INFO  - The case exit by code 0.
Wed May 24 23:14:12 2023 - INFO  - End to run testcase:oe_test_power_powertop_startup.
Wed May 24 23:14:13 2023 - INFO  - A total of 1 use cases were executed, with 1 successes and 0 failures.
Wed May 24 23:14:16 2023 - INFO  - start to run testcase:oe_test_power_powertop_powerup.
Wed May 24 23:15:04 2023 - ERROR - The case exit by code 1.
Wed May 24 23:15:04 2023 - INFO  - End to run testcase:oe_test_power_powertop_powerup.
Wed May 24 23:15:05 2023 - INFO  - A total of 1 use cases were executed, with 0 successes and 1 failures.
Wed May 24 23:15:08 2023 - INFO  - start to run testcase:oe_test_power_powertop_calibrate.
Wed May 24 23:15:56 2023 - INFO  - The case exit by code 0.
Wed May 24 23:15:57 2023 - INFO  - End to run testcase:oe_test_power_powertop_calibrate.
Wed May 24 23:15:57 2023 - INFO  - A total of 1 use cases were executed, with 1 successes and 0 failures.
Wed May 24 23:16:00 2023 - INFO  - start to run testcase:oe_test_power_powertop2tuned_optimize.
Wed May 24 23:17:24 2023 - ERROR - The case exit by code 2.
Wed May 24 23:17:24 2023 - INFO  - End to run testcase:oe_test_power_powertop2tuned_optimize.
Wed May 24 23:17:25 2023 - INFO  - A total of 1 use cases were executed, with 0 successes and 1 failures.
Wed May 24 23:17:28 2023 - INFO  - start to run testcase:oe_test_power_output_HTML.
Wed May 24 23:18:34 2023 - INFO  - The case exit by code 0.
Wed May 24 23:18:35 2023 - INFO  - End to run testcase:oe_test_power_output_HTML.
Wed May 24 23:18:36 2023 - INFO  - A total of 1 use cases were executed, with 1 successes and 0 failures.
Wed May 24 23:18:38 2023 - INFO  - start to run testcase:oe_test_power_measurement_internal.
Wed May 24 23:19:32 2023 - ERROR - The case exit by code 1.
Wed May 24 23:19:33 2023 - INFO  - End to run testcase:oe_test_power_measurement_internal.
Wed May 24 23:19:33 2023 - INFO  - A total of 1 use cases were executed, with 0 successes and 1 failures.
Wed May 24 23:19:37 2023 - INFO  - start to run testcase:oe_test_performance_monitor_pcp.
Wed May 24 23:21:12 2023 - INFO  - The case exit by code 0.
Wed May 24 23:21:13 2023 - INFO  - End to run testcase:oe_test_performance_monitor_pcp.
Wed May 24 23:21:13 2023 - INFO  - A total of 1 use cases were executed, with 1 successes and 0 failures.
Wed May 24 23:21:16 2023 - INFO  - start to run testcase:oe_test_password_change.
Wed May 24 23:21:27 2023 - INFO  - The case exit by code 0.
Wed May 24 23:21:28 2023 - INFO  - End to run testcase:oe_test_password_change.
Wed May 24 23:21:28 2023 - INFO  - A total of 1 use cases were executed, with 1 successes and 0 failures.
Wed May 24 23:21:31 2023 - INFO  - start to run testcase:oe_test_password_blank.
Wed May 24 23:21:40 2023 - INFO  - The case exit by code 0.
Wed May 24 23:21:41 2023 - INFO  - End to run testcase:oe_test_password_blank.
Wed May 24 23:21:42 2023 - INFO  - A total of 1 use cases were executed, with 1 successes and 0 failures.
Wed May 24 23:21:45 2023 - INFO  - start to run testcase:oe_test_USBinfo.
Wed May 24 23:22:21 2023 - INFO  - The case exit by code 0.
Wed May 24 23:22:21 2023 - INFO  - End to run testcase:oe_test_USBinfo.
Wed May 24 23:22:22 2023 - INFO  - A total of 1 use cases were executed, with 1 successes and 0 failures.
Wed May 24 23:22:25 2023 - INFO  - start to run testcase:oe_test_ProcMgmt_vmstat.
Wed May 24 23:22:38 2023 - INFO  - The case exit by code 0.
Wed May 24 23:22:38 2023 - INFO  - End to run testcase:oe_test_ProcMgmt_vmstat.
Wed May 24 23:22:39 2023 - INFO  - A total of 1 use cases were executed, with 1 successes and 0 failures.
Wed May 24 23:22:42 2023 - INFO  - start to run testcase:oe_test_ProcMgmt_top.
Wed May 24 23:22:47 2023 - INFO  - The case exit by code 0.
Wed May 24 23:22:47 2023 - INFO  - End to run testcase:oe_test_ProcMgmt_top.
Wed May 24 23:22:48 2023 - INFO  - A total of 1 use cases were executed, with 1 successes and 0 failures.
Wed May 24 23:22:51 2023 - INFO  - start to run testcase:oe_test_ProcMgmt_start_kill.
Wed May 24 23:23:05 2023 - INFO  - The case exit by code 0.
Wed May 24 23:23:05 2023 - INFO  - End to run testcase:oe_test_ProcMgmt_start_kill.
Wed May 24 23:23:06 2023 - INFO  - A total of 1 use cases were executed, with 1 successes and 0 failures.
Wed May 24 23:23:09 2023 - INFO  - start to run testcase:oe_test_ProcMgmt_sar.
Wed May 24 23:24:40 2023 - INFO  - The case exit by code 0.
Wed May 24 23:24:41 2023 - INFO  - End to run testcase:oe_test_ProcMgmt_sar.
Wed May 24 23:24:41 2023 - INFO  - A total of 1 use cases were executed, with 1 successes and 0 failures.
Wed May 24 23:24:45 2023 - INFO  - start to run testcase:oe_test_ProcMgmt_ps.
Wed May 24 23:24:51 2023 - INFO  - The case exit by code 0.
Wed May 24 23:24:52 2023 - INFO  - End to run testcase:oe_test_ProcMgmt_ps.
Wed May 24 23:24:52 2023 - INFO  - A total of 1 use cases were executed, with 1 successes and 0 failures.
Wed May 24 23:24:55 2023 - INFO  - start to run testcase:oe_test_ProcMgmt_pgrep.
Wed May 24 23:25:01 2023 - INFO  - The case exit by code 0.
Wed May 24 23:25:01 2023 - INFO  - End to run testcase:oe_test_ProcMgmt_pgrep.
Wed May 24 23:25:02 2023 - INFO  - A total of 1 use cases were executed, with 1 successes and 0 failures.
Wed May 24 23:25:05 2023 - INFO  - start to run testcase:oe_test_ProcMgmt_iostat.
Wed May 24 23:25:51 2023 - INFO  - The case exit by code 0.
Wed May 24 23:25:52 2023 - INFO  - End to run testcase:oe_test_ProcMgmt_iostat.
Wed May 24 23:25:52 2023 - INFO  - A total of 1 use cases were executed, with 1 successes and 0 failures.
Wed May 24 23:25:55 2023 - INFO  - start to run testcase:oe_test_ProcMgmt_crontab_cronfile.
Wed May 24 23:26:58 2023 - INFO  - The case exit by code 0.
Wed May 24 23:26:58 2023 - INFO  - End to run testcase:oe_test_ProcMgmt_crontab_cronfile.
Wed May 24 23:26:59 2023 - INFO  - A total of 1 use cases were executed, with 1 successes and 0 failures.
Wed May 24 23:27:02 2023 - INFO  - start to run testcase:oe_test_ProcMgmt_crontab_cmd.
Wed May 24 23:28:05 2023 - ERROR - The case exit by code 1.
Wed May 24 23:28:05 2023 - INFO  - End to run testcase:oe_test_ProcMgmt_crontab_cmd.
Wed May 24 23:28:06 2023 - INFO  - A total of 1 use cases were executed, with 0 successes and 1 failures.
Wed May 24 23:28:09 2023 - INFO  - start to run testcase:oe_test_ProcMgmt_at.
Wed May 24 23:29:48 2023 - INFO  - The case exit by code 0.
Wed May 24 23:29:48 2023 - INFO  - End to run testcase:oe_test_ProcMgmt_at.
Wed May 24 23:29:49 2023 - INFO  - A total of 1 use cases were executed, with 1 successes and 0 failures.
Wed May 24 23:29:52 2023 - INFO  - start to run testcase:oe_test_disk_tuned_set.
Wed May 24 23:31:39 2023 - INFO  - The case exit by code 0.
Wed May 24 23:31:40 2023 - INFO  - End to run testcase:oe_test_disk_tuned_set.
Wed May 24 23:31:40 2023 - INFO  - A total of 1 use cases were executed, with 1 successes and 0 failures.
Wed May 24 23:31:44 2023 - INFO  - start to run testcase:oe_test_disk_schedule_specific.
Wed May 24 23:31:56 2023 - ERROR - The case exit by code 1.
Wed May 24 23:31:56 2023 - INFO  - End to run testcase:oe_test_disk_schedule_specific.
Wed May 24 23:31:57 2023 - INFO  - A total of 1 use cases were executed, with 0 successes and 1 failures.
Wed May 24 23:32:00 2023 - INFO  - start to run testcase:oe_test_disk_schedule_udev.
Wed May 24 23:32:18 2023 - ERROR - The case exit by code 1.
Wed May 24 23:32:19 2023 - INFO  - End to run testcase:oe_test_disk_schedule_udev.
Wed May 24 23:32:19 2023 - INFO  - A total of 1 use cases were executed, with 0 successes and 1 failures.
Wed May 24 23:32:22 2023 - INFO  - start to run testcase:oe_test_disk_tuned_new.
Wed May 24 23:34:03 2023 - INFO  - The case exit by code 0.
Wed May 24 23:34:04 2023 - INFO  - End to run testcase:oe_test_disk_tuned_new.
Wed May 24 23:34:04 2023 - INFO  - A total of 1 use cases were executed, with 1 successes and 0 failures.
Wed May 24 23:34:07 2023 - INFO  - start to run testcase:oe_test_disk_tuned_install.
Wed May 24 23:35:51 2023 - INFO  - The case exit by code 0.
Wed May 24 23:35:52 2023 - INFO  - End to run testcase:oe_test_disk_tuned_install.
Wed May 24 23:35:52 2023 - INFO  - A total of 1 use cases were executed, with 1 successes and 0 failures.
Wed May 24 23:35:55 2023 - INFO  - start to run testcase:oe_test_date.
Wed May 24 23:36:00 2023 - INFO  - The case exit by code 0.
Wed May 24 23:36:00 2023 - INFO  - End to run testcase:oe_test_date.
Wed May 24 23:36:01 2023 - INFO  - A total of 1 use cases were executed, with 1 successes and 0 failures.
Wed May 24 23:36:04 2023 - INFO  - start to run testcase:oe_test_cmd_su_user.
Wed May 24 23:36:17 2023 - INFO  - The case exit by code 0.
Wed May 24 23:36:17 2023 - INFO  - End to run testcase:oe_test_cmd_su_user.
Wed May 24 23:36:18 2023 - INFO  - A total of 1 use cases were executed, with 1 successes and 0 failures.
Wed May 24 23:36:21 2023 - INFO  - start to run testcase:oe_test_disk_tuned_modify.
Wed May 24 23:37:58 2023 - INFO  - The case exit by code 0.
Wed May 24 23:37:59 2023 - INFO  - End to run testcase:oe_test_disk_tuned_modify.
Wed May 24 23:37:59 2023 - INFO  - A total of 1 use cases were executed, with 1 successes and 0 failures.
Wed May 24 23:38:02 2023 - INFO  - start to run testcase:oe_test_disk_tuned_disable.
Wed May 24 23:39:42 2023 - INFO  - The case exit by code 0.
Wed May 24 23:39:43 2023 - INFO  - End to run testcase:oe_test_disk_tuned_disable.
Wed May 24 23:39:43 2023 - INFO  - A total of 1 use cases were executed, with 1 successes and 0 failures.
Wed May 24 23:39:46 2023 - INFO  - start to run testcase:oe_test_basic_create_group.
Wed May 24 23:39:52 2023 - INFO  - The case exit by code 0.
Wed May 24 23:39:53 2023 - INFO  - End to run testcase:oe_test_basic_create_group.
Wed May 24 23:39:53 2023 - INFO  - A total of 1 use cases were executed, with 1 successes and 0 failures.
Wed May 24 23:39:56 2023 - INFO  - start to run testcase:oe_test_basic_modify_group.
Wed May 24 23:40:04 2023 - INFO  - The case exit by code 0.
Wed May 24 23:40:05 2023 - INFO  - End to run testcase:oe_test_basic_modify_group.
Wed May 24 23:40:05 2023 - INFO  - A total of 1 use cases were executed, with 1 successes and 0 failures.
Wed May 24 23:40:08 2023 - INFO  - start to run testcase:oe_test_basic_modify_user.
Wed May 24 23:40:15 2023 - INFO  - The case exit by code 0.
Wed May 24 23:40:16 2023 - INFO  - End to run testcase:oe_test_basic_modify_user.
Wed May 24 23:40:16 2023 - INFO  - A total of 1 use cases were executed, with 1 successes and 0 failures.
Wed May 24 23:40:20 2023 - INFO  - start to run testcase:oe_test_chrony_chronyc_cmd.
Wed May 24 23:41:05 2023 - INFO  - The case exit by code 0.
Wed May 24 23:41:06 2023 - INFO  - End to run testcase:oe_test_chrony_chronyc_cmd.
Wed May 24 23:41:06 2023 - INFO  - A total of 1 use cases were executed, with 1 successes and 0 failures.
Wed May 24 23:41:09 2023 - INFO  - start to run testcase:oe_test_chrony_chronyc_hardwaretime.
Wed May 24 23:41:53 2023 - INFO  - The case exit by code 0.
Wed May 24 23:41:53 2023 - INFO  - End to run testcase:oe_test_chrony_chronyc_hardwaretime.
Wed May 24 23:41:54 2023 - INFO  - A total of 1 use cases were executed, with 1 successes and 0 failures.
Wed May 24 23:41:57 2023 - INFO  - start to run testcase:oe_test_chrony_chronyc_ntpstat.
Wed May 24 23:42:44 2023 - INFO  - The case exit by code 0.
Wed May 24 23:42:45 2023 - INFO  - End to run testcase:oe_test_chrony_chronyc_ntpstat.
Wed May 24 23:42:45 2023 - INFO  - A total of 1 use cases were executed, with 1 successes and 0 failures.
Wed May 24 23:42:48 2023 - INFO  - start to run testcase:oe_test_chrony_chronyd.
Wed May 24 23:43:32 2023 - INFO  - The case exit by code 0.
Wed May 24 23:43:33 2023 - INFO  - End to run testcase:oe_test_chrony_chronyd.
Wed May 24 23:43:33 2023 - INFO  - A total of 1 use cases were executed, with 1 successes and 0 failures.
Wed May 24 23:43:36 2023 - INFO  - start to run testcase:oe_test_chrony_Manuall.
Wed May 24 23:44:19 2023 - INFO  - The case exit by code 0.
Wed May 24 23:44:19 2023 - INFO  - End to run testcase:oe_test_chrony_Manuall.
Wed May 24 23:44:20 2023 - INFO  - A total of 1 use cases were executed, with 1 successes and 0 failures.
Wed May 24 23:44:23 2023 - INFO  - start to run testcase:oe_test_cmd_id.
Wed May 24 23:44:29 2023 - INFO  - The case exit by code 0.
Wed May 24 23:44:29 2023 - INFO  - End to run testcase:oe_test_cmd_id.
Wed May 24 23:44:30 2023 - INFO  - A total of 1 use cases were executed, with 1 successes and 0 failures.
Wed May 24 23:44:33 2023 - INFO  - start to run testcase:oe_test_cmd_sudo.
Wed May 24 23:44:42 2023 - INFO  - The case exit by code 0.
Wed May 24 23:44:43 2023 - INFO  - End to run testcase:oe_test_cmd_sudo.
Wed May 24 23:44:44 2023 - INFO  - A total of 1 use cases were executed, with 1 successes and 0 failures.
Wed May 24 23:44:46 2023 - INFO  - start to run testcase:oe_test_hwclock.
Wed May 24 23:44:51 2023 - INFO  - The case exit by code 0.
Wed May 24 23:44:51 2023 - INFO  - End to run testcase:oe_test_hwclock.
Wed May 24 23:44:52 2023 - INFO  - A total of 1 use cases were executed, with 1 successes and 0 failures.
Wed May 24 23:44:55 2023 - INFO  - start to run testcase:oe_test_IOaccess_500Mfile.
Thu May 25 00:01:55 2023 - INFO  - The case exit by code 0.
Thu May 25 00:01:56 2023 - INFO  - End to run testcase:oe_test_IOaccess_500Mfile.
Thu May 25 00:01:56 2023 - INFO  - A total of 1 use cases were executed, with 1 successes and 0 failures.
Thu May 25 00:01:59 2023 - INFO  - start to run testcase:oe_test_group_access.
Thu May 25 00:02:09 2023 - INFO  - The case exit by code 0.
Thu May 25 00:02:10 2023 - INFO  - End to run testcase:oe_test_group_access.
Thu May 25 00:02:10 2023 - INFO  - A total of 1 use cases were executed, with 1 successes and 0 failures.
Thu May 25 00:02:13 2023 - INFO  - start to run testcase:oe_test_kernel_sysctl.
Thu May 25 00:02:20 2023 - INFO  - The case exit by code 0.
Thu May 25 00:02:21 2023 - INFO  - End to run testcase:oe_test_kernel_sysctl.
Thu May 25 00:02:21 2023 - INFO  - A total of 1 use cases were executed, with 1 successes and 0 failures.
Thu May 25 00:02:24 2023 - INFO  - start to run testcase:oe_test_kernel_kdump.
Thu May 25 00:03:17 2023 - ERROR - The case exit by code 2.
Thu May 25 00:03:18 2023 - INFO  - End to run testcase:oe_test_kernel_kdump.
Thu May 25 00:03:19 2023 - INFO  - A total of 1 use cases were executed, with 0 successes and 1 failures.
Thu May 25 00:03:22 2023 - INFO  - start to run testcase:oe_test_IOaccess_100Mfile.
Thu May 25 00:07:00 2023 - INFO  - The case exit by code 0.
Thu May 25 00:07:00 2023 - INFO  - End to run testcase:oe_test_IOaccess_100Mfile.
Thu May 25 00:07:01 2023 - INFO  - A total of 1 use cases were executed, with 1 successes and 0 failures.
Thu May 25 00:07:04 2023 - INFO  - start to run testcase:oe_test_IOaccess_1Gfile.
pgrep: pattern that searches for process name longer than 15 characters will result in zero matches
Try `pgrep -f' option to match against the complete command line.
Thu May 25 00:37:05 2023 - WARN  - The case execution timeout.
Thu May 25 00:37:06 2023 - ERROR - The case exit by code 143.
Thu May 25 00:37:06 2023 - INFO  - End to run testcase:oe_test_IOaccess_1Gfile.
Thu May 25 00:37:07 2023 - INFO  - A total of 1 use cases were executed, with 0 successes and 1 failures.
Thu May 25 00:37:10 2023 - INFO  - start to run testcase:oe_test_kernel_module_operation.
Thu May 25 00:37:18 2023 - INFO  - The case exit by code 0.
Thu May 25 00:37:18 2023 - INFO  - End to run testcase:oe_test_kernel_module_operation.
Thu May 25 00:37:19 2023 - INFO  - A total of 1 use cases were executed, with 1 successes and 0 failures.
Thu May 25 00:37:22 2023 - INFO  - start to run testcase:oe_test_kernel_cgroup.
Thu May 25 00:37:29 2023 - INFO  - The case exit by code 0.
Thu May 25 00:37:29 2023 - INFO  - End to run testcase:oe_test_kernel_cgroup.
Thu May 25 00:37:30 2023 - INFO  - A total of 1 use cases were executed, with 1 successes and 0 failures.
Thu May 25 00:37:33 2023 - INFO  - start to run testcase:oe_test_home_directory.
Thu May 25 00:37:41 2023 - INFO  - The case exit by code 0.
Thu May 25 00:37:42 2023 - INFO  - End to run testcase:oe_test_home_directory.
Thu May 25 00:37:42 2023 - INFO  - A total of 1 use cases were executed, with 1 successes and 0 failures.
Thu May 25 00:37:45 2023 - INFO  - start to run testcase:oe_test_groupdel.
Thu May 25 00:37:51 2023 - INFO  - The case exit by code 0.
Thu May 25 00:37:52 2023 - INFO  - End to run testcase:oe_test_groupdel.
Thu May 25 00:37:52 2023 - INFO  - A total of 1 use cases were executed, with 1 successes and 0 failures.
Thu May 25 00:37:55 2023 - INFO  - start to run testcase:oe_test_localectl.
Thu May 25 00:38:03 2023 - INFO  - The case exit by code 0.
Thu May 25 00:38:04 2023 - INFO  - End to run testcase:oe_test_localectl.
Thu May 25 00:38:04 2023 - INFO  - A total of 1 use cases were executed, with 1 successes and 0 failures.
Thu May 25 00:38:07 2023 - INFO  - start to run testcase:oe_test_man.
Thu May 25 00:38:43 2023 - INFO  - The case exit by code 0.
Thu May 25 00:38:43 2023 - INFO  - End to run testcase:oe_test_man.
Thu May 25 00:38:44 2023 - INFO  - A total of 1 use cases were executed, with 1 successes and 0 failures.
Thu May 25 00:38:47 2023 - INFO  - start to run testcase:oe_test_nmcli_set_bond.
Thu May 25 00:39:01 2023 - ERROR - The case exit by code 5.
Thu May 25 00:39:02 2023 - INFO  - End to run testcase:oe_test_nmcli_set_bond.
Thu May 25 00:39:03 2023 - INFO  - A total of 1 use cases were executed, with 0 successes and 1 failures.
Thu May 25 00:39:06 2023 - INFO  - start to run testcase:oe_test_basic_UserMgmt_permission.
Thu May 25 00:39:26 2023 - INFO  - The case exit by code 0.
Thu May 25 00:39:27 2023 - INFO  - End to run testcase:oe_test_basic_UserMgmt_permission.
Thu May 25 00:39:28 2023 - INFO  - A total of 1 use cases were executed, with 1 successes and 0 failures.
Thu May 25 00:39:30 2023 - INFO  - start to run testcase:oe_test_system_monitor_share_total.
Thu May 25 00:39:36 2023 - ERROR - The case exit by code 1.
Thu May 25 00:39:37 2023 - INFO  - End to run testcase:oe_test_system_monitor_share_total.
Thu May 25 00:39:38 2023 - INFO  - A total of 1 use cases were executed, with 0 successes and 1 failures.
Thu May 25 00:39:41 2023 - INFO  - start to run testcase:oe_test_disk_graphics_card.
Thu May 25 00:40:29 2023 - ERROR - The case exit by code 4.
Thu May 25 00:40:29 2023 - INFO  - End to run testcase:oe_test_disk_graphics_card.
Thu May 25 00:40:30 2023 - INFO  - A total of 1 use cases were executed, with 0 successes and 1 failures.
Thu May 25 00:40:33 2023 - INFO  - start to run testcase:oe_test_nmcli_set_team.
Thu May 25 00:40:46 2023 - ERROR - The case exit by code 3.
Thu May 25 00:40:46 2023 - INFO  - End to run testcase:oe_test_nmcli_set_team.
Thu May 25 00:40:47 2023 - INFO  - A total of 1 use cases were executed, with 0 successes and 1 failures.
Thu May 25 00:40:50 2023 - INFO  - start to run testcase:oe_test_basic_set_account_expiration_time.
Thu May 25 00:40:58 2023 - ERROR - The case exit by code 1.
Thu May 25 00:40:59 2023 - INFO  - End to run testcase:oe_test_basic_set_account_expiration_time.
Thu May 25 00:40:59 2023 - INFO  - A total of 1 use cases were executed, with 0 successes and 1 failures.
Thu May 25 00:41:03 2023 - INFO  - start to run testcase:oe_test_basic_set_permissions.
Thu May 25 00:41:09 2023 - INFO  - The case exit by code 0.
Thu May 25 00:41:10 2023 - INFO  - End to run testcase:oe_test_basic_set_permissions.
Thu May 25 00:41:11 2023 - INFO  - A total of 1 use cases were executed, with 1 successes and 0 failures.
Thu May 25 00:41:14 2023 - INFO  - start to run testcase:oe_test_patch.
Thu May 25 00:41:27 2023 - INFO  - The case exit by code 0.
Thu May 25 00:41:27 2023 - INFO  - End to run testcase:oe_test_patch.
Thu May 25 00:41:28 2023 - INFO  - A total of 1 use cases were executed, with 1 successes and 0 failures.
Thu May 25 00:41:31 2023 - INFO  - start to run testcase:oe_test_exiv2.
Thu May 25 00:42:06 2023 - INFO  - The case exit by code 0.
Thu May 25 00:42:07 2023 - INFO  - End to run testcase:oe_test_exiv2.
Thu May 25 00:42:08 2023 - INFO  - A total of 1 use cases were executed, with 1 successes and 0 failures.
Thu May 25 00:42:10 2023 - INFO  - start to run testcase:oe_test_json-c.
Thu May 25 00:43:17 2023 - INFO  - The case exit by code 0.
Thu May 25 00:43:17 2023 - INFO  - End to run testcase:oe_test_json-c.
Thu May 25 00:43:18 2023 - INFO  - A total of 1 use cases were executed, with 1 successes and 0 failures.
Thu May 25 00:43:21 2023 - INFO  - start to run testcase:oe_test_whoami.
Thu May 25 00:43:25 2023 - INFO  - The case exit by code 0.
Thu May 25 00:43:26 2023 - INFO  - End to run testcase:oe_test_whoami.
Thu May 25 00:43:27 2023 - INFO  - A total of 1 use cases were executed, with 1 successes and 0 failures.
Thu May 25 00:43:30 2023 - INFO  - start to run testcase:oe_test_lz4.
Thu May 25 00:43:43 2023 - INFO  - The case exit by code 0.
Thu May 25 00:43:43 2023 - INFO  - End to run testcase:oe_test_lz4.
Thu May 25 00:43:44 2023 - INFO  - A total of 1 use cases were executed, with 1 successes and 0 failures.
Thu May 25 00:43:47 2023 - INFO  - start to run testcase:oe_test_zlib.
Thu May 25 00:44:22 2023 - ERROR - The case exit by code 2.
Thu May 25 00:44:23 2023 - INFO  - End to run testcase:oe_test_zlib.
Thu May 25 00:44:23 2023 - INFO  - A total of 1 use cases were executed, with 0 successes and 1 failures.
Thu May 25 00:44:26 2023 - INFO  - start to run testcase:oe_test_brotli.
Thu May 25 00:44:32 2023 - INFO  - The case exit by code 0.
Thu May 25 00:44:33 2023 - INFO  - End to run testcase:oe_test_brotli.
Thu May 25 00:44:33 2023 - INFO  - A total of 1 use cases were executed, with 1 successes and 0 failures.
Thu May 25 00:44:36 2023 - INFO  - start to run testcase:oe_test_ntp_set_date_time.
Thu May 25 00:46:06 2023 - ERROR - The case exit by code 1.
Thu May 25 00:46:07 2023 - INFO  - End to run testcase:oe_test_ntp_set_date_time.
Thu May 25 00:46:07 2023 - INFO  - A total of 1 use cases were executed, with 0 successes and 1 failures.
Thu May 25 00:46:10 2023 - INFO  - start to run testcase:oe_test_find_by_perm.
Thu May 25 00:46:17 2023 - INFO  - The case exit by code 0.
Thu May 25 00:46:18 2023 - INFO  - End to run testcase:oe_test_find_by_perm.
Thu May 25 00:46:18 2023 - INFO  - A total of 1 use cases were executed, with 1 successes and 0 failures.
Thu May 25 00:46:21 2023 - INFO  - start to run testcase:oe_test_more.
pgrep: pattern that searches for process name longer than 15 characters will result in zero matches
Try `pgrep -f' option to match against the complete command line.
Thu May 25 01:16:23 2023 - WARN  - The case execution timeout.
Thu May 25 01:16:23 2023 - ERROR - The case exit by code 143.
Thu May 25 01:16:24 2023 - INFO  - End to run testcase:oe_test_more.
Thu May 25 01:16:24 2023 - INFO  - A total of 1 use cases were executed, with 0 successes and 1 failures.
Thu May 25 01:16:27 2023 - INFO  - start to run testcase:oe_test_sed.
Thu May 25 01:16:34 2023 - INFO  - The case exit by code 0.
Thu May 25 01:16:35 2023 - INFO  - End to run testcase:oe_test_sed.
Thu May 25 01:16:35 2023 - INFO  - A total of 1 use cases were executed, with 1 successes and 0 failures.
Thu May 25 01:16:38 2023 - INFO  - start to run testcase:oe_test_updatedb.
Thu May 25 01:17:32 2023 - INFO  - The case exit by code 0.
Thu May 25 01:17:33 2023 - INFO  - End to run testcase:oe_test_updatedb.
Thu May 25 01:17:33 2023 - INFO  - A total of 1 use cases were executed, with 1 successes and 0 failures.
Thu May 25 01:17:36 2023 - INFO  - start to run testcase:oe_test_tee.
Thu May 25 01:17:41 2023 - INFO  - The case exit by code 0.
Thu May 25 01:17:42 2023 - INFO  - End to run testcase:oe_test_tee.
Thu May 25 01:17:42 2023 - INFO  - A total of 1 use cases were executed, with 1 successes and 0 failures.
Thu May 25 01:17:45 2023 - INFO  - start to run testcase:oe_test_dircolors.
Thu May 25 01:17:50 2023 - INFO  - The case exit by code 0.
Thu May 25 01:17:50 2023 - INFO  - End to run testcase:oe_test_dircolors.
Thu May 25 01:17:51 2023 - INFO  - A total of 1 use cases were executed, with 1 successes and 0 failures.
Thu May 25 01:17:54 2023 - INFO  - start to run testcase:oe_test_declare.
Thu May 25 01:17:59 2023 - INFO  - The case exit by code 0.
Thu May 25 01:17:59 2023 - INFO  - End to run testcase:oe_test_declare.
Thu May 25 01:18:00 2023 - INFO  - A total of 1 use cases were executed, with 1 successes and 0 failures.
Thu May 25 01:18:02 2023 - INFO  - start to run testcase:oe_test_enable.
Thu May 25 01:18:07 2023 - INFO  - The case exit by code 0.
Thu May 25 01:18:08 2023 - INFO  - End to run testcase:oe_test_enable.
Thu May 25 01:18:08 2023 - INFO  - A total of 1 use cases were executed, with 1 successes and 0 failures.
Thu May 25 01:18:11 2023 - INFO  - start to run testcase:oe_test_set.
Thu May 25 01:18:16 2023 - INFO  - The case exit by code 0.
Thu May 25 01:18:16 2023 - INFO  - End to run testcase:oe_test_set.
Thu May 25 01:18:17 2023 - INFO  - A total of 1 use cases were executed, with 1 successes and 0 failures.
Thu May 25 01:18:20 2023 - INFO  - start to run testcase:oe_test_logname.
Thu May 25 01:18:24 2023 - INFO  - The case exit by code 0.
Thu May 25 01:18:25 2023 - INFO  - End to run testcase:oe_test_logname.
Thu May 25 01:18:25 2023 - INFO  - A total of 1 use cases were executed, with 1 successes and 0 failures.
Thu May 25 01:18:28 2023 - INFO  - start to run testcase:oe_test_last.
Thu May 25 01:18:33 2023 - INFO  - The case exit by code 0.
Thu May 25 01:18:34 2023 - INFO  - End to run testcase:oe_test_last.
Thu May 25 01:18:34 2023 - INFO  - A total of 1 use cases were executed, with 1 successes and 0 failures.
Thu May 25 01:18:37 2023 - INFO  - start to run testcase:oe_test_lastb.
Thu May 25 01:18:42 2023 - INFO  - The case exit by code 0.
Thu May 25 01:18:42 2023 - INFO  - End to run testcase:oe_test_lastb.
Thu May 25 01:18:43 2023 - INFO  - A total of 1 use cases were executed, with 1 successes and 0 failures.
Thu May 25 01:18:45 2023 - INFO  - start to run testcase:oe_test_nice.
Thu May 25 01:18:50 2023 - INFO  - The case exit by code 0.
Thu May 25 01:18:51 2023 - INFO  - End to run testcase:oe_test_nice.
Thu May 25 01:18:51 2023 - INFO  - A total of 1 use cases were executed, with 1 successes and 0 failures.
Thu May 25 01:18:54 2023 - INFO  - start to run testcase:oe_test_renice.
Thu May 25 01:18:59 2023 - INFO  - The case exit by code 0.
Thu May 25 01:19:00 2023 - INFO  - End to run testcase:oe_test_renice.
Thu May 25 01:19:00 2023 - INFO  - A total of 1 use cases were executed, with 1 successes and 0 failures.
Thu May 25 01:19:03 2023 - INFO  - start to run testcase:oe_test_w.
Thu May 25 01:19:08 2023 - INFO  - The case exit by code 0.
Thu May 25 01:19:08 2023 - INFO  - End to run testcase:oe_test_w.
Thu May 25 01:19:09 2023 - INFO  - A total of 1 use cases were executed, with 1 successes and 0 failures.
Thu May 25 01:19:12 2023 - INFO  - start to run testcase:oe_test_ar.
Thu May 25 01:19:18 2023 - INFO  - The case exit by code 0.
Thu May 25 01:19:19 2023 - INFO  - End to run testcase:oe_test_ar.
Thu May 25 01:19:19 2023 - INFO  - A total of 1 use cases were executed, with 1 successes and 0 failures.
Thu May 25 01:19:22 2023 - INFO  - start to run testcase:oe_test_split.
Thu May 25 01:19:29 2023 - INFO  - The case exit by code 0.
Thu May 25 01:19:29 2023 - INFO  - End to run testcase:oe_test_split.
Thu May 25 01:19:30 2023 - INFO  - A total of 1 use cases were executed, with 1 successes and 0 failures.
Thu May 25 01:19:33 2023 - INFO  - start to run testcase:oe_test_file_002.
Thu May 25 01:19:38 2023 - INFO  - The case exit by code 0.
Thu May 25 01:19:39 2023 - INFO  - End to run testcase:oe_test_file_002.
Thu May 25 01:19:39 2023 - INFO  - A total of 1 use cases were executed, with 1 successes and 0 failures.
Thu May 25 01:19:42 2023 - INFO  - start to run testcase:oe_test_colrm.
Thu May 25 01:19:47 2023 - INFO  - The case exit by code 0.
Thu May 25 01:19:48 2023 - INFO  - End to run testcase:oe_test_colrm.
Thu May 25 01:19:48 2023 - INFO  - A total of 1 use cases were executed, with 1 successes and 0 failures.
Thu May 25 01:19:51 2023 - INFO  - start to run testcase:oe_test_cat_002.
Thu May 25 01:19:56 2023 - INFO  - The case exit by code 0.
Thu May 25 01:19:57 2023 - INFO  - End to run testcase:oe_test_cat_002.
Thu May 25 01:19:58 2023 - INFO  - A total of 1 use cases were executed, with 1 successes and 0 failures.
Thu May 25 01:20:01 2023 - INFO  - start to run testcase:oe_test_csplit.
Thu May 25 01:20:07 2023 - INFO  - The case exit by code 0.
Thu May 25 01:20:08 2023 - INFO  - End to run testcase:oe_test_csplit.
Thu May 25 01:20:08 2023 - INFO  - A total of 1 use cases were executed, with 1 successes and 0 failures.
Thu May 25 01:20:11 2023 - INFO  - start to run testcase:oe_test_ed.
Thu May 25 01:20:44 2023 - INFO  - The case exit by code 0.
Thu May 25 01:20:45 2023 - INFO  - End to run testcase:oe_test_ed.
Thu May 25 01:20:45 2023 - INFO  - A total of 1 use cases were executed, with 1 successes and 0 failures.
Thu May 25 01:20:48 2023 - INFO  - start to run testcase:oe_test_look.
Thu May 25 01:20:53 2023 - INFO  - The case exit by code 0.
Thu May 25 01:20:54 2023 - INFO  - End to run testcase:oe_test_look.
Thu May 25 01:20:54 2023 - INFO  - A total of 1 use cases were executed, with 1 successes and 0 failures.
Thu May 25 01:20:57 2023 - INFO  - start to run testcase:oe_test_grep_002.
Thu May 25 01:21:04 2023 - INFO  - The case exit by code 0.
Thu May 25 01:21:04 2023 - INFO  - End to run testcase:oe_test_grep_002.
Thu May 25 01:21:05 2023 - INFO  - A total of 1 use cases were executed, with 1 successes and 0 failures.
Thu May 25 01:21:08 2023 - INFO  - start to run testcase:oe_test_sort_001.
Thu May 25 01:21:14 2023 - INFO  - The case exit by code 0.
Thu May 25 01:21:15 2023 - INFO  - End to run testcase:oe_test_sort_001.
Thu May 25 01:21:15 2023 - INFO  - A total of 1 use cases were executed, with 1 successes and 0 failures.
Thu May 25 01:21:18 2023 - INFO  - start to run testcase:oe_test_expr.
Thu May 25 01:21:23 2023 - INFO  - The case exit by code 0.
Thu May 25 01:21:24 2023 - INFO  - End to run testcase:oe_test_expr.
Thu May 25 01:21:24 2023 - INFO  - A total of 1 use cases were executed, with 1 successes and 0 failures.
Thu May 25 01:21:27 2023 - INFO  - start to run testcase:oe_test_uniq.
Thu May 25 01:21:33 2023 - INFO  - The case exit by code 0.
Thu May 25 01:21:34 2023 - INFO  - End to run testcase:oe_test_uniq.
Thu May 25 01:21:34 2023 - INFO  - A total of 1 use cases were executed, with 1 successes and 0 failures.
Thu May 25 01:21:37 2023 - INFO  - start to run testcase:oe_test_dir.
Thu May 25 01:21:42 2023 - INFO  - The case exit by code 0.
Thu May 25 01:21:43 2023 - INFO  - End to run testcase:oe_test_dir.
Thu May 25 01:21:43 2023 - INFO  - A total of 1 use cases were executed, with 1 successes and 0 failures.
Thu May 25 01:21:46 2023 - INFO  - start to run testcase:oe_test_sfdisk.
Thu May 25 01:21:51 2023 - INFO  - The case exit by code 0.
Thu May 25 01:21:51 2023 - INFO  - End to run testcase:oe_test_sfdisk.
Thu May 25 01:21:52 2023 - INFO  - A total of 1 use cases were executed, with 1 successes and 0 failures.
Thu May 25 01:21:55 2023 - INFO  - start to run testcase:oe_test_fsck.
Thu May 25 01:22:09 2023 - INFO  - The case exit by code 0.
Thu May 25 01:22:09 2023 - INFO  - End to run testcase:oe_test_fsck.
Thu May 25 01:22:10 2023 - INFO  - A total of 1 use cases were executed, with 1 successes and 0 failures.
Thu May 25 01:22:13 2023 - INFO  - start to run testcase:oe_test_badblocks.
Thu May 25 01:23:50 2023 - INFO  - The case exit by code 0.
Thu May 25 01:23:50 2023 - INFO  - End to run testcase:oe_test_badblocks.
Thu May 25 01:23:51 2023 - INFO  - A total of 1 use cases were executed, with 1 successes and 0 failures.
Thu May 25 01:23:54 2023 - INFO  - start to run testcase:oe_test_basic_package.
Thu May 25 01:24:01 2023 - INFO  - The case exit by code 0.
Thu May 25 01:24:01 2023 - INFO  - End to run testcase:oe_test_basic_package.
Thu May 25 01:24:02 2023 - INFO  - A total of 1 use cases were executed, with 1 successes and 0 failures.
Thu May 25 01:24:05 2023 - INFO  - start to run testcase:oe_test_net_mtr.
Thu May 25 01:26:27 2023 - ERROR - The case exit by code 1.
Thu May 25 01:26:27 2023 - INFO  - End to run testcase:oe_test_net_mtr.
Thu May 25 01:26:28 2023 - INFO  - A total of 1 use cases were executed, with 0 successes and 1 failures.
Thu May 25 01:26:31 2023 - INFO  - start to run testcase:oe_test_gsettings.
Thu May 25 01:26:37 2023 - INFO  - The case exit by code 0.
Thu May 25 01:26:38 2023 - INFO  - End to run testcase:oe_test_gsettings.
Thu May 25 01:26:38 2023 - INFO  - A total of 1 use cases were executed, with 1 successes and 0 failures.
Thu May 25 01:26:41 2023 - INFO  - start to run testcase:oe_test_pcre_use.
Thu May 25 01:27:11 2023 - INFO  - The case exit by code 0.
Thu May 25 01:27:11 2023 - INFO  - End to run testcase:oe_test_pcre_use.
Thu May 25 01:27:12 2023 - INFO  - A total of 1 use cases were executed, with 1 successes and 0 failures.
Thu May 25 01:27:15 2023 - INFO  - start to run testcase:oe_test_ACL_dir.
Thu May 25 01:27:32 2023 - INFO  - The case exit by code 0.
Thu May 25 01:27:33 2023 - INFO  - End to run testcase:oe_test_ACL_dir.
Thu May 25 01:27:33 2023 - INFO  - A total of 1 use cases were executed, with 1 successes and 0 failures.
Thu May 25 01:27:36 2023 - INFO  - start to run testcase:oe_test_du.
Thu May 25 01:27:44 2023 - ERROR - The case exit by code 1.
Thu May 25 01:27:44 2023 - INFO  - End to run testcase:oe_test_du.
Thu May 25 01:27:45 2023 - INFO  - A total of 1 use cases were executed, with 0 successes and 1 failures.
Thu May 25 01:27:48 2023 - INFO  - start to run testcase:oe_test_vim.
Thu May 25 01:28:02 2023 - INFO  - The case exit by code 0.
Thu May 25 01:28:03 2023 - INFO  - End to run testcase:oe_test_vim.
Thu May 25 01:28:03 2023 - INFO  - A total of 1 use cases were executed, with 1 successes and 0 failures.
Thu May 25 01:28:06 2023 - INFO  - start to run testcase:oe_test_basename.
Thu May 25 01:28:11 2023 - INFO  - The case exit by code 0.
Thu May 25 01:28:11 2023 - INFO  - End to run testcase:oe_test_basename.
Thu May 25 01:28:12 2023 - INFO  - A total of 1 use cases were executed, with 1 successes and 0 failures.
Thu May 25 01:28:15 2023 - INFO  - start to run testcase:oe_test_groff.
Thu May 25 01:28:20 2023 - INFO  - The case exit by code 0.
Thu May 25 01:28:21 2023 - INFO  - End to run testcase:oe_test_groff.
Thu May 25 01:28:21 2023 - INFO  - A total of 1 use cases were executed, with 1 successes and 0 failures.
Thu May 25 01:28:25 2023 - INFO  - start to run testcase:oe_test_whatis.
Thu May 25 01:28:30 2023 - ERROR - The case exit by code 1.
Thu May 25 01:28:31 2023 - INFO  - End to run testcase:oe_test_whatis.
Thu May 25 01:28:31 2023 - INFO  - A total of 1 use cases were executed, with 0 successes and 1 failures.
Thu May 25 01:28:34 2023 - INFO  - start to run testcase:oe_test_auditc_01.
Thu May 25 01:28:36 2023 - ERROR - The case exit by code 255.
Thu May 25 01:58:38 2023 - INFO  - The case exit by code 0.
Thu May 25 01:58:39 2023 - INFO  - End to run testcase:oe_test_auditc_01.
Thu May 25 01:58:39 2023 - INFO  - A total of 1 use cases were executed, with 1 successes and 1 failures.
Thu May 25 01:58:42 2023 - INFO  - start to run testcase:oe_test_gmp.
Thu May 25 01:58:44 2023 - ERROR - The case exit by code 255.
Thu May 25 02:28:46 2023 - INFO  - The case exit by code 0.
Thu May 25 02:28:47 2023 - INFO  - End to run testcase:oe_test_gmp.
Thu May 25 02:28:47 2023 - INFO  - A total of 1 use cases were executed, with 1 successes and 1 failures.
Thu May 25 02:28:50 2023 - INFO  - start to run testcase:oe_test_libffi.
Thu May 25 02:28:52 2023 - ERROR - The case exit by code 255.
Thu May 25 02:58:54 2023 - INFO  - The case exit by code 0.
Thu May 25 02:58:55 2023 - INFO  - End to run testcase:oe_test_libffi.
Thu May 25 02:58:55 2023 - INFO  - A total of 1 use cases were executed, with 1 successes and 1 failures.
Thu May 25 02:58:58 2023 - INFO  - start to run testcase:oe_test_libunistring.
Thu May 25 02:58:59 2023 - ERROR - The case exit by code 255.
Thu May 25 02:59:02 2023 - ERROR - The case exit by code 127.
Thu May 25 02:59:03 2023 - INFO  - End to run testcase:oe_test_libunistring.
Thu May 25 02:59:03 2023 - INFO  - A total of 1 use cases were executed, with 0 successes and 2 failures.
Thu May 25 02:59:06 2023 - INFO  - start to run testcase:oe_test_shred.
Thu May 25 02:59:07 2023 - ERROR - The case exit by code 255.
Thu May 25 03:29:10 2023 - INFO  - The case exit by code 0.
Thu May 25 03:29:11 2023 - INFO  - End to run testcase:oe_test_shred.
Thu May 25 03:29:11 2023 - INFO  - A total of 1 use cases were executed, with 1 successes and 1 failures.
Thu May 25 03:29:14 2023 - INFO  - start to run testcase:oe_test_expect.
Thu May 25 03:29:15 2023 - ERROR - The case exit by code 255.
Thu May 25 03:59:18 2023 - INFO  - The case exit by code 0.
Thu May 25 03:59:18 2023 - INFO  - End to run testcase:oe_test_expect.
Thu May 25 03:59:19 2023 - INFO  - A total of 1 use cases were executed, with 1 successes and 1 failures.
Thu May 25 03:59:22 2023 - INFO  - start to run testcase:oe_test_xmlsec.
Thu May 25 03:59:23 2023 - ERROR - The case exit by code 255.
Thu May 25 04:29:26 2023 - INFO  - The case exit by code 0.
Thu May 25 04:29:26 2023 - INFO  - End to run testcase:oe_test_xmlsec.
Thu May 25 04:29:27 2023 - INFO  - A total of 1 use cases were executed, with 1 successes and 1 failures.
Thu May 25 04:29:30 2023 - INFO  - start to run testcase:oe_test_tcl.
Thu May 25 04:29:31 2023 - ERROR - The case exit by code 255.
Thu May 25 04:59:34 2023 - INFO  - The case exit by code 0.
Thu May 25 04:59:34 2023 - INFO  - End to run testcase:oe_test_tcl.
Thu May 25 04:59:35 2023 - INFO  - A total of 1 use cases were executed, with 1 successes and 1 failures.
Thu May 25 04:59:38 2023 - INFO  - start to run testcase:oe_test_disk_io_sched.
Thu May 25 04:59:39 2023 - ERROR - The case exit by code 255.
Thu May 25 05:29:42 2023 - INFO  - The case exit by code 0.
Thu May 25 05:29:42 2023 - INFO  - End to run testcase:oe_test_disk_io_sched.
Thu May 25 05:29:43 2023 - INFO  - A total of 1 use cases were executed, with 1 successes and 1 failures.
