Tue Aug  8 10:20:06 2023 - INFO  - start to run testcase:oe_test_service_NetworkManager-dispatcher.
Tue Aug  8 10:20:32 2023 - INFO  - The case exit by code 0.
Tue Aug  8 10:20:32 2023 - INFO  - End to run testcase:oe_test_service_NetworkManager-dispatcher.
Tue Aug  8 10:20:33 2023 - INFO  - A total of 1 use cases were executed, with 1 successes and 0 failures.
Tue Aug  8 10:20:35 2023 - INFO  - start to run testcase:oe_test_service_NetworkManager.
Tue Aug  8 10:21:08 2023 - INFO  - The case exit by code 0.
Tue Aug  8 10:21:08 2023 - INFO  - End to run testcase:oe_test_service_NetworkManager.
Tue Aug  8 10:21:09 2023 - INFO  - A total of 1 use cases were executed, with 1 successes and 0 failures.
Tue Aug  8 10:21:11 2023 - INFO  - start to run testcase:oe_test_service_NetworkManager-wait-online.
Tue Aug  8 10:21:38 2023 - INFO  - The case exit by code 0.
Tue Aug  8 10:21:38 2023 - INFO  - End to run testcase:oe_test_service_NetworkManager-wait-online.
Tue Aug  8 10:21:39 2023 - INFO  - A total of 1 use cases were executed, with 1 successes and 0 failures.
Tue Aug  8 10:21:41 2023 - INFO  - start to run testcase:oe_test_service_nm-cloud-setup.
Tue Aug  8 10:21:52 2023 - INFO  - The case exit by code 0.
Tue Aug  8 10:21:53 2023 - INFO  - End to run testcase:oe_test_service_nm-cloud-setup.
Tue Aug  8 10:21:53 2023 - INFO  - A total of 1 use cases were executed, with 1 successes and 0 failures.
Tue Aug  8 10:21:56 2023 - INFO  - start to run testcase:oe_test_libnetfilter_conntrack.
Tue Aug  8 10:22:45 2023 - INFO  - The case exit by code 0.
Tue Aug  8 10:22:46 2023 - INFO  - End to run testcase:oe_test_libnetfilter_conntrack.
Tue Aug  8 10:22:46 2023 - INFO  - A total of 1 use cases were executed, with 1 successes and 0 failures.
