Thu May 25 21:37:48 2023 - INFO  - start to run testcase:oe_test_service_anaconda-direct.
Thu May 25 21:39:43 2023 - INFO  - The case exit by code 0.
Thu May 25 21:39:44 2023 - INFO  - End to run testcase:oe_test_service_anaconda-direct.
Thu May 25 21:39:44 2023 - INFO  - A total of 1 use cases were executed, with 1 successes and 0 failures.
Thu May 25 21:39:47 2023 - INFO  - start to run testcase:oe_test_service_anaconda-nm-config.
Thu May 25 21:40:02 2023 - INFO  - The case exit by code 0.
Thu May 25 21:40:03 2023 - INFO  - End to run testcase:oe_test_service_anaconda-nm-config.
Thu May 25 21:40:03 2023 - INFO  - A total of 1 use cases were executed, with 1 successes and 0 failures.
Thu May 25 21:40:06 2023 - INFO  - start to run testcase:oe_test_service_anaconda-noshell.
Thu May 25 21:40:21 2023 - INFO  - The case exit by code 0.
Thu May 25 21:40:21 2023 - INFO  - End to run testcase:oe_test_service_anaconda-noshell.
Thu May 25 21:40:22 2023 - INFO  - A total of 1 use cases were executed, with 1 successes and 0 failures.
Thu May 25 21:40:25 2023 - INFO  - start to run testcase:oe_test_service_anaconda-pre.
Thu May 25 21:40:40 2023 - INFO  - The case exit by code 0.
Thu May 25 21:40:41 2023 - INFO  - End to run testcase:oe_test_service_anaconda-pre.
Thu May 25 21:40:42 2023 - INFO  - A total of 1 use cases were executed, with 1 successes and 0 failures.
Thu May 25 21:40:45 2023 - INFO  - start to run testcase:oe_test_service_anaconda.
Thu May 25 21:41:00 2023 - INFO  - The case exit by code 0.
Thu May 25 21:41:01 2023 - INFO  - End to run testcase:oe_test_service_anaconda.
Thu May 25 21:41:01 2023 - INFO  - A total of 1 use cases were executed, with 1 successes and 0 failures.
Thu May 25 21:41:04 2023 - INFO  - start to run testcase:oe_test_service_anaconda-sshd.
Thu May 25 21:41:20 2023 - INFO  - The case exit by code 0.
Thu May 25 21:41:21 2023 - INFO  - End to run testcase:oe_test_service_anaconda-sshd.
Thu May 25 21:41:21 2023 - INFO  - A total of 1 use cases were executed, with 1 successes and 0 failures.
Thu May 25 21:41:25 2023 - INFO  - start to run testcase:oe_test_service_instperf.
Thu May 25 21:41:40 2023 - INFO  - The case exit by code 0.
Thu May 25 21:41:40 2023 - INFO  - End to run testcase:oe_test_service_instperf.
Thu May 25 21:41:41 2023 - INFO  - A total of 1 use cases were executed, with 1 successes and 0 failures.
Thu May 25 21:41:44 2023 - INFO  - start to run testcase:oe_test_service_zram.
Thu May 25 21:42:24 2023 - ERROR - The case exit by code 7.
Thu May 25 21:42:25 2023 - INFO  - End to run testcase:oe_test_service_zram.
Thu May 25 21:42:26 2023 - INFO  - A total of 1 use cases were executed, with 0 successes and 1 failures.
Thu May 25 21:42:29 2023 - INFO  - start to run testcase:oe_test_target_anaconda.
Thu May 25 21:42:43 2023 - INFO  - The case exit by code 0.
Thu May 25 21:42:43 2023 - INFO  - End to run testcase:oe_test_target_anaconda.
Thu May 25 21:42:44 2023 - INFO  - A total of 1 use cases were executed, with 1 successes and 0 failures.
Thu May 25 21:42:47 2023 - INFO  - start to run testcase:oe_test_service_anaconda-fips.
Thu May 25 21:43:02 2023 - INFO  - The case exit by code 0.
Thu May 25 21:43:03 2023 - INFO  - End to run testcase:oe_test_service_anaconda-fips.
Thu May 25 21:43:03 2023 - INFO  - A total of 1 use cases were executed, with 1 successes and 0 failures.
