Tue Aug  8 09:49:52 2023 - INFO  - start to run testcase:oe_test_acl_add_write_permissions.
Tue Aug  8 09:50:02 2023 - INFO  - The case exit by code 0.
Tue Aug  8 09:50:03 2023 - INFO  - End to run testcase:oe_test_acl_add_write_permissions.
Tue Aug  8 09:50:03 2023 - INFO  - A total of 1 use cases were executed, with 1 successes and 0 failures.
Tue Aug  8 09:50:06 2023 - INFO  - start to run testcase:oe_test_acl_change_mask.
Tue Aug  8 09:50:19 2023 - INFO  - The case exit by code 0.
Tue Aug  8 09:50:20 2023 - INFO  - End to run testcase:oe_test_acl_change_mask.
Tue Aug  8 09:50:20 2023 - INFO  - A total of 1 use cases were executed, with 1 successes and 0 failures.
Tue Aug  8 09:50:23 2023 - INFO  - start to run testcase:oe_test_acl_check_create.
Tue Aug  8 09:50:30 2023 - INFO  - The case exit by code 0.
Tue Aug  8 09:50:31 2023 - INFO  - End to run testcase:oe_test_acl_check_create.
Tue Aug  8 09:50:31 2023 - INFO  - A total of 1 use cases were executed, with 1 successes and 0 failures.
Tue Aug  8 09:50:34 2023 - INFO  - start to run testcase:oe_test_acl_defaulr_rule.
Tue Aug  8 09:50:42 2023 - INFO  - The case exit by code 0.
Tue Aug  8 09:50:42 2023 - INFO  - End to run testcase:oe_test_acl_defaulr_rule.
Tue Aug  8 09:50:43 2023 - INFO  - A total of 1 use cases were executed, with 1 successes and 0 failures.
Tue Aug  8 09:50:46 2023 - INFO  - start to run testcase:oe_test_acl_only_root_permission.
Tue Aug  8 09:51:03 2023 - INFO  - The case exit by code 0.
Tue Aug  8 09:51:04 2023 - INFO  - End to run testcase:oe_test_acl_only_root_permission.
Tue Aug  8 09:51:04 2023 - INFO  - A total of 1 use cases were executed, with 1 successes and 0 failures.
Tue Aug  8 09:51:07 2023 - INFO  - start to run testcase:oe_test_acl_chacl.
Tue Aug  8 09:51:25 2023 - INFO  - The case exit by code 0.
Tue Aug  8 09:51:25 2023 - INFO  - End to run testcase:oe_test_acl_chacl.
Tue Aug  8 09:51:26 2023 - INFO  - A total of 1 use cases were executed, with 1 successes and 0 failures.
Tue Aug  8 09:51:29 2023 - INFO  - start to run testcase:oe_test_acl_getfacl.
Tue Aug  8 09:51:45 2023 - INFO  - The case exit by code 0.
Tue Aug  8 09:51:46 2023 - INFO  - End to run testcase:oe_test_acl_getfacl.
Tue Aug  8 09:51:46 2023 - INFO  - A total of 1 use cases were executed, with 1 successes and 0 failures.
Tue Aug  8 09:51:49 2023 - INFO  - start to run testcase:oe_test_acl_setfacl.
Tue Aug  8 09:52:07 2023 - INFO  - The case exit by code 0.
Tue Aug  8 09:52:07 2023 - INFO  - End to run testcase:oe_test_acl_setfacl.
Tue Aug  8 09:52:08 2023 - INFO  - A total of 1 use cases were executed, with 1 successes and 0 failures.
Tue Aug  8 09:52:11 2023 - INFO  - start to run testcase:oe_test_access_providepam.
Tue Aug  8 09:52:18 2023 - ERROR - The case exit by code 1.
Tue Aug  8 09:52:18 2023 - INFO  - End to run testcase:oe_test_access_providepam.
Tue Aug  8 09:52:19 2023 - INFO  - A total of 1 use cases were executed, with 0 successes and 1 failures.
Tue Aug  8 09:52:22 2023 - INFO  - start to run testcase:oe_test_acl_file.
Tue Aug  8 09:52:47 2023 - INFO  - The case exit by code 0.
Tue Aug  8 09:52:48 2023 - INFO  - End to run testcase:oe_test_acl_file.
Tue Aug  8 09:52:48 2023 - INFO  - A total of 1 use cases were executed, with 1 successes and 0 failures.
Tue Aug  8 09:52:51 2023 - INFO  - start to run testcase:oe_test_acl_default_kernel_setting.
Tue Aug  8 09:52:56 2023 - INFO  - The case exit by code 0.
Tue Aug  8 09:52:57 2023 - INFO  - End to run testcase:oe_test_acl_default_kernel_setting.
Tue Aug  8 09:52:57 2023 - INFO  - A total of 1 use cases were executed, with 1 successes and 0 failures.
Tue Aug  8 09:53:00 2023 - INFO  - start to run testcase:oe_test_acl_backup_recovery.
Tue Aug  8 09:53:07 2023 - INFO  - The case exit by code 0.
Tue Aug  8 09:53:08 2023 - INFO  - End to run testcase:oe_test_acl_backup_recovery.
Tue Aug  8 09:53:08 2023 - INFO  - A total of 1 use cases were executed, with 1 successes and 0 failures.
Tue Aug  8 09:53:11 2023 - INFO  - start to run testcase:oe_test_acl_delete_acl.
Tue Aug  8 09:53:18 2023 - INFO  - The case exit by code 0.
Tue Aug  8 09:53:19 2023 - INFO  - End to run testcase:oe_test_acl_delete_acl.
Tue Aug  8 09:53:19 2023 - INFO  - A total of 1 use cases were executed, with 1 successes and 0 failures.
Tue Aug  8 09:53:22 2023 - INFO  - start to run testcase:oe_test_acl_dir_write.
Tue Aug  8 09:53:51 2023 - INFO  - The case exit by code 0.
Tue Aug  8 09:53:51 2023 - INFO  - End to run testcase:oe_test_acl_dir_write.
Tue Aug  8 09:53:52 2023 - INFO  - A total of 1 use cases were executed, with 1 successes and 0 failures.
Tue Aug  8 09:53:55 2023 - INFO  - start to run testcase:oe_test_acl_dir_read.
Tue Aug  8 09:54:27 2023 - INFO  - The case exit by code 0.
Tue Aug  8 09:54:27 2023 - INFO  - End to run testcase:oe_test_acl_dir_read.
Tue Aug  8 09:54:28 2023 - INFO  - A total of 1 use cases were executed, with 1 successes and 0 failures.
