Tue Aug  8 20:25:28 2023 - INFO  - start to run testcase:oe_test_openscap_01.
Tue Aug  8 20:38:43 2023 - INFO  - The case exit by code 0.
Tue Aug  8 20:38:44 2023 - INFO  - End to run testcase:oe_test_openscap_01.
Tue Aug  8 20:38:44 2023 - INFO  - A total of 1 use cases were executed, with 1 successes and 0 failures.
Tue Aug  8 20:38:47 2023 - INFO  - start to run testcase:oe_test_scanning_system.
Tue Aug  8 21:00:28 2023 - INFO  - The case exit by code 0.
Tue Aug  8 21:00:28 2023 - INFO  - End to run testcase:oe_test_scanning_system.
Tue Aug  8 21:00:29 2023 - INFO  - A total of 1 use cases were executed, with 1 successes and 0 failures.
Tue Aug  8 21:00:31 2023 - INFO  - start to run testcase:oe_test_scanning_remote_system.
Tue Aug  8 21:04:04 2023 - ERROR - The case exit by code 1.
Tue Aug  8 21:04:05 2023 - INFO  - End to run testcase:oe_test_scanning_remote_system.
Tue Aug  8 21:04:05 2023 - INFO  - A total of 1 use cases were executed, with 0 successes and 1 failures.
Tue Aug  8 21:04:08 2023 - INFO  - start to run testcase:oe_test_ensure_security_compliance.
Tue Aug  8 21:07:49 2023 - ERROR - The case exit by code 1.
Tue Aug  8 21:07:50 2023 - INFO  - End to run testcase:oe_test_ensure_security_compliance.
Tue Aug  8 21:07:50 2023 - INFO  - A total of 1 use cases were executed, with 0 successes and 1 failures.
Tue Aug  8 21:07:53 2023 - INFO  - start to run testcase:oe_test_assess_safety_compliance.
Tue Aug  8 21:13:14 2023 - ERROR - The case exit by code 1.
Tue Aug  8 21:13:14 2023 - INFO  - End to run testcase:oe_test_assess_safety_compliance.
Tue Aug  8 21:13:15 2023 - INFO  - A total of 1 use cases were executed, with 0 successes and 1 failures.
Tue Aug  8 21:13:17 2023 - INFO  - start to run testcase:oe_test_fix_anisible.
Tue Aug  8 21:17:20 2023 - INFO  - The case exit by code 0.
Tue Aug  8 21:17:20 2023 - INFO  - End to run testcase:oe_test_fix_anisible.
Tue Aug  8 21:17:21 2023 - INFO  - A total of 1 use cases were executed, with 1 successes and 0 failures.
Tue Aug  8 21:17:23 2023 - INFO  - start to run testcase:oe_test_service_oscap-remediate.
Tue Aug  8 21:18:30 2023 - INFO  - The case exit by code 0.
Tue Aug  8 21:18:30 2023 - INFO  - End to run testcase:oe_test_service_oscap-remediate.
Tue Aug  8 21:18:31 2023 - INFO  - A total of 1 use cases were executed, with 1 successes and 0 failures.
