Tue Aug  8 09:49:51 2023 - INFO  - start to run testcase:oe_test_patchutils_combinediff_01.
Tue Aug  8 09:50:42 2023 - ERROR - The case exit by code 2.
Tue Aug  8 09:50:42 2023 - INFO  - End to run testcase:oe_test_patchutils_combinediff_01.
Tue Aug  8 09:50:43 2023 - INFO  - A total of 1 use cases were executed, with 0 successes and 1 failures.
Tue Aug  8 09:50:46 2023 - INFO  - start to run testcase:oe_test_patchutils_combinediff_02.
Tue Aug  8 09:51:34 2023 - INFO  - The case exit by code 0.
Tue Aug  8 09:51:34 2023 - INFO  - End to run testcase:oe_test_patchutils_combinediff_02.
Tue Aug  8 09:51:35 2023 - INFO  - A total of 1 use cases were executed, with 1 successes and 0 failures.
Tue Aug  8 09:51:38 2023 - INFO  - start to run testcase:oe_test_patchutils_filterdiff_01.
Tue Aug  8 09:52:22 2023 - INFO  - The case exit by code 0.
Tue Aug  8 09:52:22 2023 - INFO  - End to run testcase:oe_test_patchutils_filterdiff_01.
Tue Aug  8 09:52:23 2023 - INFO  - A total of 1 use cases were executed, with 1 successes and 0 failures.
Tue Aug  8 09:52:26 2023 - INFO  - start to run testcase:oe_test_patchutils_filterdiff_02.
Tue Aug  8 09:53:08 2023 - INFO  - The case exit by code 0.
Tue Aug  8 09:53:09 2023 - INFO  - End to run testcase:oe_test_patchutils_filterdiff_02.
Tue Aug  8 09:53:09 2023 - INFO  - A total of 1 use cases were executed, with 1 successes and 0 failures.
Tue Aug  8 09:53:12 2023 - INFO  - start to run testcase:oe_test_patchutils_filterdiff_03.
Tue Aug  8 09:53:59 2023 - INFO  - The case exit by code 0.
Tue Aug  8 09:54:00 2023 - INFO  - End to run testcase:oe_test_patchutils_filterdiff_03.
Tue Aug  8 09:54:01 2023 - INFO  - A total of 1 use cases were executed, with 1 successes and 0 failures.
Tue Aug  8 09:54:04 2023 - INFO  - start to run testcase:oe_test_patchutils_flipdiff_01.
Tue Aug  8 09:54:48 2023 - ERROR - The case exit by code 2.
Tue Aug  8 09:54:49 2023 - INFO  - End to run testcase:oe_test_patchutils_flipdiff_01.
Tue Aug  8 09:54:49 2023 - INFO  - A total of 1 use cases were executed, with 0 successes and 1 failures.
Tue Aug  8 09:54:52 2023 - INFO  - start to run testcase:oe_test_patchutils_flipdiff_02.
Tue Aug  8 09:55:29 2023 - INFO  - The case exit by code 0.
Tue Aug  8 09:55:30 2023 - INFO  - End to run testcase:oe_test_patchutils_flipdiff_02.
Tue Aug  8 09:55:30 2023 - INFO  - A total of 1 use cases were executed, with 1 successes and 0 failures.
Tue Aug  8 09:55:33 2023 - INFO  - start to run testcase:oe_test_patchutils_grepdiff_01.
Tue Aug  8 09:56:14 2023 - INFO  - The case exit by code 0.
Tue Aug  8 09:56:15 2023 - INFO  - End to run testcase:oe_test_patchutils_grepdiff_01.
Tue Aug  8 09:56:16 2023 - INFO  - A total of 1 use cases were executed, with 1 successes and 0 failures.
Tue Aug  8 09:56:18 2023 - INFO  - start to run testcase:oe_test_patchutils_grepdiff_02.
Tue Aug  8 09:57:00 2023 - INFO  - The case exit by code 0.
Tue Aug  8 09:57:01 2023 - INFO  - End to run testcase:oe_test_patchutils_grepdiff_02.
Tue Aug  8 09:57:01 2023 - INFO  - A total of 1 use cases were executed, with 1 successes and 0 failures.
Tue Aug  8 09:57:04 2023 - INFO  - start to run testcase:oe_test_patchutils_grepdiff_03.
Tue Aug  8 09:57:46 2023 - INFO  - The case exit by code 0.
Tue Aug  8 09:57:46 2023 - INFO  - End to run testcase:oe_test_patchutils_grepdiff_03.
Tue Aug  8 09:57:47 2023 - INFO  - A total of 1 use cases were executed, with 1 successes and 0 failures.
Tue Aug  8 09:57:50 2023 - INFO  - start to run testcase:oe_test_patchutils_grepdiff_04.
Tue Aug  8 09:58:31 2023 - INFO  - The case exit by code 0.
Tue Aug  8 09:58:32 2023 - INFO  - End to run testcase:oe_test_patchutils_grepdiff_04.
Tue Aug  8 09:58:32 2023 - INFO  - A total of 1 use cases were executed, with 1 successes and 0 failures.
Tue Aug  8 09:58:35 2023 - INFO  - start to run testcase:oe_test_patchutils_interdiff_01.
Tue Aug  8 09:59:19 2023 - ERROR - The case exit by code 2.
Tue Aug  8 09:59:19 2023 - INFO  - End to run testcase:oe_test_patchutils_interdiff_01.
Tue Aug  8 09:59:20 2023 - INFO  - A total of 1 use cases were executed, with 0 successes and 1 failures.
Tue Aug  8 09:59:23 2023 - INFO  - start to run testcase:oe_test_patchutils_interdiff_02.
Tue Aug  8 10:00:08 2023 - INFO  - The case exit by code 0.
Tue Aug  8 10:00:08 2023 - INFO  - End to run testcase:oe_test_patchutils_interdiff_02.
Tue Aug  8 10:00:09 2023 - INFO  - A total of 1 use cases were executed, with 1 successes and 0 failures.
Tue Aug  8 10:00:11 2023 - INFO  - start to run testcase:oe_test_patchutils_lsdiff_01.
Tue Aug  8 10:00:52 2023 - INFO  - The case exit by code 0.
Tue Aug  8 10:00:53 2023 - INFO  - End to run testcase:oe_test_patchutils_lsdiff_01.
Tue Aug  8 10:00:53 2023 - INFO  - A total of 1 use cases were executed, with 1 successes and 0 failures.
Tue Aug  8 10:00:56 2023 - INFO  - start to run testcase:oe_test_patchutils_lsdiff_02.
Tue Aug  8 10:01:38 2023 - INFO  - The case exit by code 0.
Tue Aug  8 10:01:39 2023 - INFO  - End to run testcase:oe_test_patchutils_lsdiff_02.
Tue Aug  8 10:01:39 2023 - INFO  - A total of 1 use cases were executed, with 1 successes and 0 failures.
Tue Aug  8 10:01:42 2023 - INFO  - start to run testcase:oe_test_patchutils_lsdiff_03.
Tue Aug  8 10:02:23 2023 - INFO  - The case exit by code 0.
Tue Aug  8 10:02:24 2023 - INFO  - End to run testcase:oe_test_patchutils_lsdiff_03.
Tue Aug  8 10:02:24 2023 - INFO  - A total of 1 use cases were executed, with 1 successes and 0 failures.
Tue Aug  8 10:02:27 2023 - INFO  - start to run testcase:oe_test_patchutils_lsdiff_04.
Tue Aug  8 10:03:10 2023 - INFO  - The case exit by code 0.
Tue Aug  8 10:03:10 2023 - INFO  - End to run testcase:oe_test_patchutils_lsdiff_04.
Tue Aug  8 10:03:11 2023 - INFO  - A total of 1 use cases were executed, with 1 successes and 0 failures.
Tue Aug  8 10:03:14 2023 - INFO  - start to run testcase:oe_test_patchutils_splitdiff.
Tue Aug  8 10:03:56 2023 - INFO  - The case exit by code 0.
Tue Aug  8 10:03:56 2023 - INFO  - End to run testcase:oe_test_patchutils_splitdiff.
Tue Aug  8 10:03:57 2023 - INFO  - A total of 1 use cases were executed, with 1 successes and 0 failures.
