Thu Jun 22 16:31:55 2023 - INFO  - start to run testcase:oe_test_vpxenc_01.
Thu Jun 22 16:35:12 2023 - INFO  - The case exit by code 0.
Thu Jun 22 16:35:13 2023 - INFO  - End to run testcase:oe_test_vpxenc_01.
Thu Jun 22 16:35:13 2023 - INFO  - A total of 1 use cases were executed, with 1 successes and 0 failures.
Thu Jun 22 16:35:16 2023 - INFO  - start to run testcase:oe_test_vpxenc_02.
Thu Jun 22 16:38:56 2023 - INFO  - The case exit by code 0.
Thu Jun 22 16:38:57 2023 - INFO  - End to run testcase:oe_test_vpxenc_02.
Thu Jun 22 16:38:57 2023 - INFO  - A total of 1 use cases were executed, with 1 successes and 0 failures.
Thu Jun 22 16:39:00 2023 - INFO  - start to run testcase:oe_test_vpxenc_03.
Thu Jun 22 16:46:10 2023 - INFO  - The case exit by code 0.
Thu Jun 22 16:46:11 2023 - INFO  - End to run testcase:oe_test_vpxenc_03.
Thu Jun 22 16:46:11 2023 - INFO  - A total of 1 use cases were executed, with 1 successes and 0 failures.
Thu Jun 22 16:46:14 2023 - INFO  - start to run testcase:oe_test_vpxenc_04.
Thu Jun 22 16:49:42 2023 - INFO  - The case exit by code 0.
Thu Jun 22 16:49:43 2023 - INFO  - End to run testcase:oe_test_vpxenc_04.
Thu Jun 22 16:49:43 2023 - INFO  - A total of 1 use cases were executed, with 1 successes and 0 failures.
Thu Jun 22 16:49:46 2023 - INFO  - start to run testcase:oe_test_vpxenc_05.
Thu Jun 22 16:53:15 2023 - INFO  - The case exit by code 0.
Thu Jun 22 16:53:16 2023 - INFO  - End to run testcase:oe_test_vpxenc_05.
Thu Jun 22 16:53:16 2023 - INFO  - A total of 1 use cases were executed, with 1 successes and 0 failures.
Thu Jun 22 16:53:18 2023 - INFO  - start to run testcase:oe_test_vpxenc_06.
Thu Jun 22 16:54:36 2023 - INFO  - The case exit by code 0.
Thu Jun 22 16:54:37 2023 - INFO  - End to run testcase:oe_test_vpxenc_06.
Thu Jun 22 16:54:38 2023 - INFO  - A total of 1 use cases were executed, with 1 successes and 0 failures.
Thu Jun 22 16:54:40 2023 - INFO  - start to run testcase:oe_test_vpxdec_07.
Thu Jun 22 16:55:31 2023 - INFO  - The case exit by code 0.
Thu Jun 22 16:55:31 2023 - INFO  - End to run testcase:oe_test_vpxdec_07.
Thu Jun 22 16:55:32 2023 - INFO  - A total of 1 use cases were executed, with 1 successes and 0 failures.
Thu Jun 22 16:55:34 2023 - INFO  - start to run testcase:oe_test_vpxdec_08.
Thu Jun 22 16:56:18 2023 - INFO  - The case exit by code 0.
Thu Jun 22 16:56:19 2023 - INFO  - End to run testcase:oe_test_vpxdec_08.
Thu Jun 22 16:56:19 2023 - INFO  - A total of 1 use cases were executed, with 1 successes and 0 failures.
Thu Jun 22 16:56:22 2023 - INFO  - start to run testcase:oe_test_set_maps.
Thu Jun 22 16:57:05 2023 - INFO  - The case exit by code 0.
Thu Jun 22 16:57:06 2023 - INFO  - End to run testcase:oe_test_set_maps.
Thu Jun 22 16:57:06 2023 - INFO  - A total of 1 use cases were executed, with 1 successes and 0 failures.
Thu Jun 22 16:57:09 2023 - INFO  - start to run testcase:oe_test_decode_to_md5.
Thu Jun 22 16:58:36 2023 - INFO  - The case exit by code 0.
Thu Jun 22 16:58:37 2023 - INFO  - End to run testcase:oe_test_decode_to_md5.
Thu Jun 22 16:58:37 2023 - INFO  - A total of 1 use cases were executed, with 1 successes and 0 failures.
