Tue Aug  8 09:49:52 2023 - INFO  - start to run testcase:oe_test_service_plymouth-halt.
Tue Aug  8 09:51:44 2023 - INFO  - The case exit by code 0.
Tue Aug  8 09:51:44 2023 - INFO  - End to run testcase:oe_test_service_plymouth-halt.
Tue Aug  8 09:51:45 2023 - INFO  - A total of 1 use cases were executed, with 1 successes and 0 failures.
Tue Aug  8 09:51:48 2023 - INFO  - start to run testcase:oe_test_service_plymouth-kexec.
Tue Aug  8 09:53:35 2023 - INFO  - The case exit by code 0.
Tue Aug  8 09:53:35 2023 - INFO  - End to run testcase:oe_test_service_plymouth-kexec.
Tue Aug  8 09:53:36 2023 - INFO  - A total of 1 use cases were executed, with 1 successes and 0 failures.
Tue Aug  8 09:53:39 2023 - INFO  - start to run testcase:oe_test_service_plymouth-poweroff.
Tue Aug  8 09:55:24 2023 - INFO  - The case exit by code 0.
Tue Aug  8 09:55:24 2023 - INFO  - End to run testcase:oe_test_service_plymouth-poweroff.
Tue Aug  8 09:55:25 2023 - INFO  - A total of 1 use cases were executed, with 1 successes and 0 failures.
Tue Aug  8 09:55:27 2023 - INFO  - start to run testcase:oe_test_service_plymouth-quit.
Tue Aug  8 09:57:09 2023 - INFO  - The case exit by code 0.
Tue Aug  8 09:57:10 2023 - INFO  - End to run testcase:oe_test_service_plymouth-quit.
Tue Aug  8 09:57:11 2023 - INFO  - A total of 1 use cases were executed, with 1 successes and 0 failures.
Tue Aug  8 09:57:13 2023 - INFO  - start to run testcase:oe_test_service_plymouth-quit-wait.
Tue Aug  8 09:58:57 2023 - INFO  - The case exit by code 0.
Tue Aug  8 09:58:58 2023 - INFO  - End to run testcase:oe_test_service_plymouth-quit-wait.
Tue Aug  8 09:58:58 2023 - INFO  - A total of 1 use cases were executed, with 1 successes and 0 failures.
Tue Aug  8 09:59:01 2023 - INFO  - start to run testcase:oe_test_service_plymouth-read-write.
Tue Aug  8 10:00:40 2023 - INFO  - The case exit by code 0.
Tue Aug  8 10:00:41 2023 - INFO  - End to run testcase:oe_test_service_plymouth-read-write.
Tue Aug  8 10:00:41 2023 - INFO  - A total of 1 use cases were executed, with 1 successes and 0 failures.
Tue Aug  8 10:00:45 2023 - INFO  - start to run testcase:oe_test_service_plymouth-reboot.
Tue Aug  8 10:02:28 2023 - INFO  - The case exit by code 0.
Tue Aug  8 10:02:29 2023 - INFO  - End to run testcase:oe_test_service_plymouth-reboot.
Tue Aug  8 10:02:29 2023 - INFO  - A total of 1 use cases were executed, with 1 successes and 0 failures.
Tue Aug  8 10:02:32 2023 - INFO  - start to run testcase:oe_test_service_plymouth-start.
Tue Aug  8 10:04:15 2023 - INFO  - The case exit by code 0.
Tue Aug  8 10:04:16 2023 - INFO  - End to run testcase:oe_test_service_plymouth-start.
Tue Aug  8 10:04:16 2023 - INFO  - A total of 1 use cases were executed, with 1 successes and 0 failures.
Tue Aug  8 10:04:19 2023 - INFO  - start to run testcase:oe_test_service_plymouth-switch-root.
Tue Aug  8 10:05:53 2023 - INFO  - The case exit by code 0.
Tue Aug  8 10:05:54 2023 - INFO  - End to run testcase:oe_test_service_plymouth-switch-root.
Tue Aug  8 10:05:54 2023 - INFO  - A total of 1 use cases were executed, with 1 successes and 0 failures.
Tue Aug  8 10:05:57 2023 - INFO  - start to run testcase:oe_test_service_systemd-ask-password-plymouth.
Tue Aug  8 10:07:28 2023 - INFO  - The case exit by code 0.
Tue Aug  8 10:07:29 2023 - INFO  - End to run testcase:oe_test_service_systemd-ask-password-plymouth.
Tue Aug  8 10:07:29 2023 - INFO  - A total of 1 use cases were executed, with 1 successes and 0 failures.
Tue Aug  8 10:07:32 2023 - INFO  - start to run testcase:oe_test_service_plymouth-switch-root-initramfs.
Tue Aug  8 10:09:08 2023 - ERROR - The case exit by code 2.
Tue Aug  8 10:09:08 2023 - INFO  - End to run testcase:oe_test_service_plymouth-switch-root-initramfs.
Tue Aug  8 10:09:09 2023 - INFO  - A total of 1 use cases were executed, with 0 successes and 1 failures.
