Thu Jun 29 14:20:39 2023 - INFO  - start to run testcase:oe_test_birdcl_01.
Thu Jun 29 14:23:14 2023 - ERROR - The case exit by code 1.
Thu Jun 29 14:23:14 2023 - INFO  - End to run testcase:oe_test_birdcl_01.
Thu Jun 29 14:23:14 2023 - INFO  - A total of 1 use cases were executed, with 0 successes and 1 failures.
Thu Jun 29 14:23:14 2023 - INFO  - start to run testcase:oe_test_birdcl_02.
Thu Jun 29 14:23:47 2023 - INFO  - The case exit by code 0.
Thu Jun 29 14:23:47 2023 - INFO  - End to run testcase:oe_test_birdcl_02.
Thu Jun 29 14:23:47 2023 - INFO  - A total of 1 use cases were executed, with 1 successes and 0 failures.
Thu Jun 29 14:23:47 2023 - INFO  - start to run testcase:oe_test_birdcl_03.
Thu Jun 29 14:23:51 2023 - ERROR - The case exit by code 3.
Thu Jun 29 14:23:51 2023 - INFO  - End to run testcase:oe_test_birdcl_03.
Thu Jun 29 14:23:51 2023 - INFO  - A total of 1 use cases were executed, with 0 successes and 1 failures.
Thu Jun 29 14:23:51 2023 - INFO  - start to run testcase:oe_test_birdc_01.
Thu Jun 29 14:23:54 2023 - ERROR - The case exit by code 2.
Thu Jun 29 14:23:54 2023 - INFO  - End to run testcase:oe_test_birdc_01.
Thu Jun 29 14:23:54 2023 - INFO  - A total of 1 use cases were executed, with 0 successes and 1 failures.
Thu Jun 29 14:23:55 2023 - INFO  - start to run testcase:oe_test_birdc_02.
Thu Jun 29 14:23:58 2023 - INFO  - The case exit by code 0.
Thu Jun 29 14:23:58 2023 - INFO  - End to run testcase:oe_test_birdc_02.
Thu Jun 29 14:23:58 2023 - INFO  - A total of 1 use cases were executed, with 1 successes and 0 failures.
Thu Jun 29 14:23:58 2023 - INFO  - start to run testcase:oe_test_birdc_03.
Thu Jun 29 14:25:01 2023 - ERROR - The case exit by code 3.
Thu Jun 29 14:25:01 2023 - INFO  - End to run testcase:oe_test_birdc_03.
Thu Jun 29 14:25:01 2023 - INFO  - A total of 1 use cases were executed, with 0 successes and 1 failures.
Thu Jun 29 14:25:01 2023 - INFO  - start to run testcase:oe_test_bird_01.
Thu Jun 29 14:25:17 2023 - ERROR - The case exit by code 2.
Thu Jun 29 14:25:17 2023 - INFO  - End to run testcase:oe_test_bird_01.
Thu Jun 29 14:25:17 2023 - INFO  - A total of 1 use cases were executed, with 0 successes and 1 failures.
Thu Jun 29 14:25:18 2023 - INFO  - start to run testcase:oe_test_bird_02.
Thu Jun 29 14:25:27 2023 - ERROR - The case exit by code 1.
Thu Jun 29 14:25:27 2023 - INFO  - End to run testcase:oe_test_bird_02.
Thu Jun 29 14:25:27 2023 - INFO  - A total of 1 use cases were executed, with 0 successes and 1 failures.
Thu Jun 29 14:25:27 2023 - INFO  - start to run testcase:oe_test_service_bird.
Thu Jun 29 14:26:47 2023 - ERROR - The case exit by code 5.
Thu Jun 29 14:26:47 2023 - INFO  - End to run testcase:oe_test_service_bird.
Thu Jun 29 14:26:47 2023 - INFO  - A total of 1 use cases were executed, with 0 successes and 1 failures.
