Tue Aug  8 09:56:11 2023 - INFO  - start to run testcase:oe_test_libcap.
Tue Aug  8 09:56:20 2023 - INFO  - The case exit by code 0.
Tue Aug  8 09:56:20 2023 - INFO  - End to run testcase:oe_test_libcap.
Tue Aug  8 09:56:21 2023 - INFO  - A total of 1 use cases were executed, with 1 successes and 0 failures.
Tue Aug  8 09:56:23 2023 - INFO  - start to run testcase:oe_test_acl_ignore_dal_across.
Tue Aug  8 09:56:35 2023 - INFO  - The case exit by code 0.
Tue Aug  8 09:56:36 2023 - INFO  - End to run testcase:oe_test_acl_ignore_dal_across.
Tue Aug  8 09:56:36 2023 - INFO  - A total of 1 use cases were executed, with 1 successes and 0 failures.
Tue Aug  8 09:56:39 2023 - INFO  - start to run testcase:oe_test_acl_verwrite_previous_rules.
Tue Aug  8 09:56:44 2023 - INFO  - The case exit by code 0.
Tue Aug  8 09:56:44 2023 - INFO  - End to run testcase:oe_test_acl_verwrite_previous_rules.
Tue Aug  8 09:56:45 2023 - INFO  - A total of 1 use cases were executed, with 1 successes and 0 failures.
Tue Aug  8 09:56:47 2023 - INFO  - start to run testcase:oe_test_acl_allow_change_ownership.
Tue Aug  8 09:56:57 2023 - INFO  - The case exit by code 0.
Tue Aug  8 09:56:58 2023 - INFO  - End to run testcase:oe_test_acl_allow_change_ownership.
Tue Aug  8 09:56:59 2023 - INFO  - A total of 1 use cases were executed, with 1 successes and 0 failures.
Tue Aug  8 09:57:01 2023 - INFO  - start to run testcase:oe_test_acl_allow_change_nochange.
Tue Aug  8 09:57:16 2023 - INFO  - The case exit by code 0.
Tue Aug  8 09:57:16 2023 - INFO  - End to run testcase:oe_test_acl_allow_change_nochange.
Tue Aug  8 09:57:17 2023 - INFO  - A total of 1 use cases were executed, with 1 successes and 0 failures.
Tue Aug  8 09:57:20 2023 - INFO  - start to run testcase:oe_test_acl_send_kill_notbelong.
Tue Aug  8 09:57:34 2023 - INFO  - The case exit by code 0.
Tue Aug  8 09:57:34 2023 - INFO  - End to run testcase:oe_test_acl_send_kill_notbelong.
Tue Aug  8 09:57:35 2023 - INFO  - A total of 1 use cases were executed, with 1 successes and 0 failures.
Tue Aug  8 09:57:38 2023 - INFO  - start to run testcase:oe_test_acl_ordinary_users_setgid.
Tue Aug  8 09:57:53 2023 - INFO  - The case exit by code 0.
Tue Aug  8 09:57:54 2023 - INFO  - End to run testcase:oe_test_acl_ordinary_users_setgid.
Tue Aug  8 09:57:54 2023 - INFO  - A total of 1 use cases were executed, with 1 successes and 0 failures.
Tue Aug  8 09:57:57 2023 - INFO  - start to run testcase:oe_test_acl_bind_port.
Tue Aug  8 09:58:56 2023 - INFO  - The case exit by code 0.
Tue Aug  8 09:58:57 2023 - INFO  - End to run testcase:oe_test_acl_bind_port.
Tue Aug  8 09:58:57 2023 - INFO  - A total of 1 use cases were executed, with 1 successes and 0 failures.
Tue Aug  8 09:59:00 2023 - INFO  - start to run testcase:oe_test_acl_manage_net.
Tue Aug  8 09:59:18 2023 - INFO  - The case exit by code 0.
Tue Aug  8 09:59:19 2023 - INFO  - End to run testcase:oe_test_acl_manage_net.
Tue Aug  8 09:59:19 2023 - INFO  - A total of 1 use cases were executed, with 1 successes and 0 failures.
