Thu Jun 29 15:05:52 2023 - INFO  - start to run testcase:oe_test_rubygem-sdoc_sdoc-merge.
Thu Jun 29 15:07:00 2023 - ERROR - The case exit by code 4.
Thu Jun 29 15:07:00 2023 - INFO  - End to run testcase:oe_test_rubygem-sdoc_sdoc-merge.
Thu Jun 29 15:07:00 2023 - INFO  - A total of 1 use cases were executed, with 0 successes and 1 failures.
Thu Jun 29 15:07:00 2023 - INFO  - start to run testcase:oe_test_rubygem-sdoc_sdoc_01.
Thu Jun 29 15:07:45 2023 - ERROR - The case exit by code 5.
Thu Jun 29 15:07:45 2023 - INFO  - End to run testcase:oe_test_rubygem-sdoc_sdoc_01.
Thu Jun 29 15:07:45 2023 - INFO  - A total of 1 use cases were executed, with 0 successes and 1 failures.
Thu Jun 29 15:07:45 2023 - INFO  - start to run testcase:oe_test_rubygem-sdoc_sdoc_02.
Thu Jun 29 15:08:30 2023 - ERROR - The case exit by code 8.
Thu Jun 29 15:08:30 2023 - INFO  - End to run testcase:oe_test_rubygem-sdoc_sdoc_02.
Thu Jun 29 15:08:30 2023 - INFO  - A total of 1 use cases were executed, with 0 successes and 1 failures.
Thu Jun 29 15:08:30 2023 - INFO  - start to run testcase:oe_test_rubygem-sdoc_sdoc_03.
Thu Jun 29 15:09:15 2023 - ERROR - The case exit by code 11.
Thu Jun 29 15:09:15 2023 - INFO  - End to run testcase:oe_test_rubygem-sdoc_sdoc_03.
Thu Jun 29 15:09:15 2023 - INFO  - A total of 1 use cases were executed, with 0 successes and 1 failures.
Thu Jun 29 15:09:15 2023 - INFO  - start to run testcase:oe_test_rubygem-sdoc_sdoc_04.
Thu Jun 29 15:09:47 2023 - ERROR - The case exit by code 12.
Thu Jun 29 15:09:47 2023 - INFO  - End to run testcase:oe_test_rubygem-sdoc_sdoc_04.
Thu Jun 29 15:09:47 2023 - INFO  - A total of 1 use cases were executed, with 0 successes and 1 failures.
Thu Jun 29 15:09:47 2023 - INFO  - start to run testcase:oe_test_rubygem-sdoc_sdoc_05.
Thu Jun 29 15:10:04 2023 - ERROR - The case exit by code 15.
Thu Jun 29 15:10:04 2023 - INFO  - End to run testcase:oe_test_rubygem-sdoc_sdoc_05.
Thu Jun 29 15:10:04 2023 - INFO  - A total of 1 use cases were executed, with 0 successes and 1 failures.
Thu Jun 29 15:10:04 2023 - INFO  - start to run testcase:oe_test_rubygem-sdoc_sdoc_06.
Thu Jun 29 15:10:10 2023 - ERROR - The case exit by code 2.
Thu Jun 29 15:10:10 2023 - INFO  - End to run testcase:oe_test_rubygem-sdoc_sdoc_06.
Thu Jun 29 15:10:10 2023 - INFO  - A total of 1 use cases were executed, with 0 successes and 1 failures.
