Thu Jun 22 15:43:02 2023 - INFO  - start to run testcase:oe_test_meson_0.54_meson_01.
Thu Jun 22 15:45:47 2023 - INFO  - The case exit by code 0.
Thu Jun 22 15:45:47 2023 - INFO  - End to run testcase:oe_test_meson_0.54_meson_01.
Thu Jun 22 15:45:48 2023 - INFO  - A total of 1 use cases were executed, with 1 successes and 0 failures.
Thu Jun 22 15:45:50 2023 - INFO  - start to run testcase:oe_test_meson_0.54_meson_02.
Thu Jun 22 15:46:55 2023 - INFO  - The case exit by code 0.
Thu Jun 22 15:46:56 2023 - INFO  - End to run testcase:oe_test_meson_0.54_meson_02.
Thu Jun 22 15:46:56 2023 - INFO  - A total of 1 use cases were executed, with 1 successes and 0 failures.
Thu Jun 22 15:46:59 2023 - INFO  - start to run testcase:oe_test_meson_0.54_meson_03.
Thu Jun 22 15:48:09 2023 - INFO  - The case exit by code 0.
Thu Jun 22 15:48:10 2023 - INFO  - End to run testcase:oe_test_meson_0.54_meson_03.
Thu Jun 22 15:48:10 2023 - INFO  - A total of 1 use cases were executed, with 1 successes and 0 failures.
Thu Jun 22 15:48:13 2023 - INFO  - start to run testcase:oe_test_meson_0.54_meson_04.
Thu Jun 22 15:49:17 2023 - INFO  - The case exit by code 0.
Thu Jun 22 15:49:17 2023 - INFO  - End to run testcase:oe_test_meson_0.54_meson_04.
Thu Jun 22 15:49:18 2023 - INFO  - A total of 1 use cases were executed, with 1 successes and 0 failures.
Thu Jun 22 15:49:20 2023 - INFO  - start to run testcase:oe_test_meson_0.54_meson_05.
Thu Jun 22 15:50:17 2023 - ERROR - The case exit by code 6.
Thu Jun 22 15:50:18 2023 - INFO  - End to run testcase:oe_test_meson_0.54_meson_05.
Thu Jun 22 15:50:18 2023 - INFO  - A total of 1 use cases were executed, with 0 successes and 1 failures.
Thu Jun 22 15:50:21 2023 - INFO  - start to run testcase:oe_test_meson_0.54_meson_06.
Thu Jun 22 15:51:10 2023 - ERROR - The case exit by code 3.
Thu Jun 22 15:51:11 2023 - INFO  - End to run testcase:oe_test_meson_0.54_meson_06.
Thu Jun 22 15:51:11 2023 - INFO  - A total of 1 use cases were executed, with 0 successes and 1 failures.
Thu Jun 22 15:51:14 2023 - INFO  - start to run testcase:oe_test_meson_0.54_meson_07.
Thu Jun 22 15:52:46 2023 - INFO  - The case exit by code 0.
Thu Jun 22 15:52:46 2023 - INFO  - End to run testcase:oe_test_meson_0.54_meson_07.
Thu Jun 22 15:52:47 2023 - INFO  - A total of 1 use cases were executed, with 1 successes and 0 failures.
Thu Jun 22 15:52:49 2023 - INFO  - start to run testcase:oe_test_meson_0.54_meson_08.
Thu Jun 22 15:53:48 2023 - INFO  - The case exit by code 0.
Thu Jun 22 15:53:49 2023 - INFO  - End to run testcase:oe_test_meson_0.54_meson_08.
Thu Jun 22 15:53:49 2023 - INFO  - A total of 1 use cases were executed, with 1 successes and 0 failures.
Thu Jun 22 15:53:52 2023 - INFO  - start to run testcase:oe_test_meson_0.54_meson_09.
Thu Jun 22 15:54:44 2023 - ERROR - The case exit by code 2.
Thu Jun 22 15:54:44 2023 - INFO  - End to run testcase:oe_test_meson_0.54_meson_09.
Thu Jun 22 15:54:45 2023 - INFO  - A total of 1 use cases were executed, with 0 successes and 1 failures.
Thu Jun 22 15:54:48 2023 - INFO  - start to run testcase:oe_test_meson_0.54_meson_10.
Thu Jun 22 15:55:34 2023 - ERROR - The case exit by code 4.
Thu Jun 22 15:55:34 2023 - INFO  - End to run testcase:oe_test_meson_0.54_meson_10.
Thu Jun 22 15:55:35 2023 - INFO  - A total of 1 use cases were executed, with 0 successes and 1 failures.
Thu Jun 22 15:55:38 2023 - INFO  - start to run testcase:oe_test_meson_0.54_meson_11.
Thu Jun 22 15:56:23 2023 - INFO  - The case exit by code 0.
Thu Jun 22 15:56:23 2023 - INFO  - End to run testcase:oe_test_meson_0.54_meson_11.
Thu Jun 22 15:56:24 2023 - INFO  - A total of 1 use cases were executed, with 1 successes and 0 failures.
Thu Jun 22 15:56:26 2023 - INFO  - start to run testcase:oe_test_meson_0.54_meson_12.
Thu Jun 22 15:57:48 2023 - ERROR - The case exit by code 1.
Thu Jun 22 15:57:49 2023 - INFO  - End to run testcase:oe_test_meson_0.54_meson_12.
Thu Jun 22 15:57:49 2023 - INFO  - A total of 1 use cases were executed, with 0 successes and 1 failures.
Thu Jun 22 15:57:52 2023 - INFO  - start to run testcase:oe_test_meson_0.54_meson_13.
Thu Jun 22 15:59:05 2023 - ERROR - The case exit by code 1.
Thu Jun 22 15:59:06 2023 - INFO  - End to run testcase:oe_test_meson_0.54_meson_13.
Thu Jun 22 15:59:06 2023 - INFO  - A total of 1 use cases were executed, with 0 successes and 1 failures.
Thu Jun 22 15:59:09 2023 - INFO  - start to run testcase:oe_test_meson_0.54_meson_14.
Thu Jun 22 16:00:15 2023 - INFO  - The case exit by code 0.
Thu Jun 22 16:00:16 2023 - INFO  - End to run testcase:oe_test_meson_0.54_meson_14.
Thu Jun 22 16:00:17 2023 - INFO  - A total of 1 use cases were executed, with 1 successes and 0 failures.
Thu Jun 22 16:00:19 2023 - INFO  - start to run testcase:oe_test_meson_0.54_meson_15.
Thu Jun 22 16:01:32 2023 - ERROR - The case exit by code 1.
Thu Jun 22 16:01:33 2023 - INFO  - End to run testcase:oe_test_meson_0.54_meson_15.
Thu Jun 22 16:01:34 2023 - INFO  - A total of 1 use cases were executed, with 0 successes and 1 failures.
Thu Jun 22 16:01:36 2023 - INFO  - start to run testcase:oe_test_meson_0.54_meson_16.
Thu Jun 22 16:02:34 2023 - INFO  - The case exit by code 0.
Thu Jun 22 16:02:35 2023 - INFO  - End to run testcase:oe_test_meson_0.54_meson_16.
Thu Jun 22 16:02:36 2023 - INFO  - A total of 1 use cases were executed, with 1 successes and 0 failures.
Thu Jun 22 16:02:38 2023 - INFO  - start to run testcase:oe_test_meson_0.54_meson_17.
Thu Jun 22 16:03:20 2023 - INFO  - The case exit by code 0.
Thu Jun 22 16:03:20 2023 - INFO  - End to run testcase:oe_test_meson_0.54_meson_17.
Thu Jun 22 16:03:21 2023 - INFO  - A total of 1 use cases were executed, with 1 successes and 0 failures.
Thu Jun 22 16:03:23 2023 - INFO  - start to run testcase:oe_test_meson_0.54_meson_18.
Thu Jun 22 16:05:12 2023 - INFO  - The case exit by code 0.
Thu Jun 22 16:05:13 2023 - INFO  - End to run testcase:oe_test_meson_0.54_meson_18.
Thu Jun 22 16:05:13 2023 - INFO  - A total of 1 use cases were executed, with 1 successes and 0 failures.
Thu Jun 22 16:05:16 2023 - INFO  - start to run testcase:oe_test_meson_0.54_meson_19.
Thu Jun 22 16:07:14 2023 - INFO  - The case exit by code 0.
Thu Jun 22 16:07:15 2023 - INFO  - End to run testcase:oe_test_meson_0.54_meson_19.
Thu Jun 22 16:07:15 2023 - INFO  - A total of 1 use cases were executed, with 1 successes and 0 failures.
Thu Jun 22 16:07:18 2023 - INFO  - start to run testcase:oe_test_meson_0.54_meson_20.
Thu Jun 22 16:19:46 2023 - ERROR - The case exit by code 1.
Thu Jun 22 16:19:47 2023 - INFO  - End to run testcase:oe_test_meson_0.54_meson_20.
Thu Jun 22 16:19:48 2023 - INFO  - A total of 1 use cases were executed, with 0 successes and 1 failures.
Thu Jun 22 16:19:50 2023 - INFO  - start to run testcase:oe_test_meson_0.54_meson_21.
Thu Jun 22 16:20:57 2023 - INFO  - The case exit by code 0.
Thu Jun 22 16:20:58 2023 - INFO  - End to run testcase:oe_test_meson_0.54_meson_21.
Thu Jun 22 16:20:58 2023 - INFO  - A total of 1 use cases were executed, with 1 successes and 0 failures.
Thu Jun 22 16:21:01 2023 - INFO  - start to run testcase:oe_test_meson_0.54_meson_22.
Thu Jun 22 16:21:43 2023 - INFO  - The case exit by code 0.
Thu Jun 22 16:21:44 2023 - INFO  - End to run testcase:oe_test_meson_0.54_meson_22.
Thu Jun 22 16:21:44 2023 - INFO  - A total of 1 use cases were executed, with 1 successes and 0 failures.
Thu Jun 22 16:21:47 2023 - INFO  - start to run testcase:oe_test_meson_0.54_meson_23.
Thu Jun 22 16:22:55 2023 - INFO  - The case exit by code 0.
Thu Jun 22 16:22:55 2023 - INFO  - End to run testcase:oe_test_meson_0.54_meson_23.
Thu Jun 22 16:22:56 2023 - INFO  - A total of 1 use cases were executed, with 1 successes and 0 failures.
Thu Jun 22 16:22:59 2023 - INFO  - start to run testcase:oe_test_meson_base_meson_wrap.
Thu Jun 22 16:24:23 2023 - INFO  - The case exit by code 0.
Thu Jun 22 16:24:24 2023 - INFO  - End to run testcase:oe_test_meson_base_meson_wrap.
Thu Jun 22 16:24:24 2023 - INFO  - A total of 1 use cases were executed, with 1 successes and 0 failures.
