Thu Jun 22 17:10:54 2023 - INFO  - start to run testcase:oe_test_rubygem-sdoc_sdoc-merge.
Thu Jun 22 17:12:30 2023 - ERROR - The case exit by code 4.
Thu Jun 22 17:12:31 2023 - INFO  - End to run testcase:oe_test_rubygem-sdoc_sdoc-merge.
Thu Jun 22 17:12:31 2023 - INFO  - A total of 1 use cases were executed, with 0 successes and 1 failures.
Thu Jun 22 17:12:34 2023 - INFO  - start to run testcase:oe_test_rubygem-sdoc_sdoc_01.
Thu Jun 22 17:17:29 2023 - ERROR - The case exit by code 5.
Thu Jun 22 17:17:29 2023 - INFO  - End to run testcase:oe_test_rubygem-sdoc_sdoc_01.
Thu Jun 22 17:17:30 2023 - INFO  - A total of 1 use cases were executed, with 0 successes and 1 failures.
Thu Jun 22 17:17:32 2023 - INFO  - start to run testcase:oe_test_rubygem-sdoc_sdoc_02.
Thu Jun 22 17:23:13 2023 - ERROR - The case exit by code 8.
Thu Jun 22 17:23:13 2023 - INFO  - End to run testcase:oe_test_rubygem-sdoc_sdoc_02.
Thu Jun 22 17:23:14 2023 - INFO  - A total of 1 use cases were executed, with 0 successes and 1 failures.
Thu Jun 22 17:23:16 2023 - INFO  - start to run testcase:oe_test_rubygem-sdoc_sdoc_03.
Thu Jun 22 17:29:30 2023 - ERROR - The case exit by code 11.
Thu Jun 22 17:29:31 2023 - INFO  - End to run testcase:oe_test_rubygem-sdoc_sdoc_03.
Thu Jun 22 17:29:31 2023 - INFO  - A total of 1 use cases were executed, with 0 successes and 1 failures.
Thu Jun 22 17:29:34 2023 - INFO  - start to run testcase:oe_test_rubygem-sdoc_sdoc_04.
Thu Jun 22 17:34:42 2023 - ERROR - The case exit by code 12.
Thu Jun 22 17:34:42 2023 - INFO  - End to run testcase:oe_test_rubygem-sdoc_sdoc_04.
Thu Jun 22 17:34:43 2023 - INFO  - A total of 1 use cases were executed, with 0 successes and 1 failures.
Thu Jun 22 17:34:45 2023 - INFO  - start to run testcase:oe_test_rubygem-sdoc_sdoc_05.
Thu Jun 22 17:40:22 2023 - ERROR - The case exit by code 15.
Thu Jun 22 17:40:23 2023 - INFO  - End to run testcase:oe_test_rubygem-sdoc_sdoc_05.
Thu Jun 22 17:40:23 2023 - INFO  - A total of 1 use cases were executed, with 0 successes and 1 failures.
Thu Jun 22 17:40:25 2023 - INFO  - start to run testcase:oe_test_rubygem-sdoc_sdoc_06.
Thu Jun 22 17:41:55 2023 - ERROR - The case exit by code 2.
Thu Jun 22 17:41:56 2023 - INFO  - End to run testcase:oe_test_rubygem-sdoc_sdoc_06.
Thu Jun 22 17:41:56 2023 - INFO  - A total of 1 use cases were executed, with 0 successes and 1 failures.
