Thu Jun  8 13:19:42 2023 - INFO  - start to run testcase:oe_test_audit_monitor_file_access.
pgrep: pattern that searches for process name longer than 15 characters will result in zero matches
Try `pgrep -f' option to match against the complete command line.
Thu Jun  8 13:49:42 2023 - WARN  - The case execution timeout.
Thu Jun  8 13:49:42 2023 - ERROR - The case exit by code 143.
Thu Jun  8 13:49:42 2023 - INFO  - End to run testcase:oe_test_audit_monitor_file_access.
Thu Jun  8 13:49:42 2023 - INFO  - A total of 1 use cases were executed, with 0 successes and 1 failures.
Thu Jun  8 13:49:42 2023 - INFO  - start to run testcase:oe_test_audit_monitor_dictionary_access.
Thu Jun  8 13:49:44 2023 - ERROR - The case exit by code 4.
Thu Jun  8 13:49:44 2023 - INFO  - End to run testcase:oe_test_audit_monitor_dictionary_access.
Thu Jun  8 13:49:44 2023 - INFO  - A total of 1 use cases were executed, with 0 successes and 1 failures.
Thu Jun  8 13:49:44 2023 - INFO  - start to run testcase:oe_test_audit_monitor_system_use.
Thu Jun  8 13:49:45 2023 - ERROR - The case exit by code 4.
Thu Jun  8 13:49:45 2023 - INFO  - End to run testcase:oe_test_audit_monitor_system_use.
Thu Jun  8 13:49:45 2023 - INFO  - A total of 1 use cases were executed, with 0 successes and 1 failures.
Thu Jun  8 13:49:45 2023 - INFO  - start to run testcase:oe_test_audit_monitor_do_command.
Thu Jun  8 13:49:46 2023 - ERROR - The case exit by code 4.
Thu Jun  8 13:49:46 2023 - INFO  - End to run testcase:oe_test_audit_monitor_do_command.
Thu Jun  8 13:49:46 2023 - INFO  - A total of 1 use cases were executed, with 0 successes and 1 failures.
Thu Jun  8 13:49:46 2023 - INFO  - start to run testcase:oe_test_audit_monitor_security_event.
Thu Jun  8 13:50:02 2023 - INFO  - The case exit by code 0.
Thu Jun  8 13:50:02 2023 - INFO  - End to run testcase:oe_test_audit_monitor_security_event.
Thu Jun  8 13:50:02 2023 - INFO  - A total of 1 use cases were executed, with 1 successes and 0 failures.
Thu Jun  8 13:50:02 2023 - INFO  - start to run testcase:oe_test_audit_monitor_network_visit.
Thu Jun  8 13:50:03 2023 - ERROR - The case exit by code 2.
Thu Jun  8 13:50:03 2023 - INFO  - End to run testcase:oe_test_audit_monitor_network_visit.
Thu Jun  8 13:50:03 2023 - INFO  - A total of 1 use cases were executed, with 0 successes and 1 failures.
Thu Jun  8 13:50:03 2023 - INFO  - start to run testcase:oe_test_audit_track_designated_access.
Thu Jun  8 13:50:03 2023 - ERROR - The case exit by code 2.
Thu Jun  8 13:50:03 2023 - INFO  - End to run testcase:oe_test_audit_track_designated_access.
Thu Jun  8 13:50:03 2023 - INFO  - A total of 1 use cases were executed, with 0 successes and 1 failures.
Thu Jun  8 13:50:03 2023 - INFO  - start to run testcase:oe_test_audit_use_d_audit.
Thu Jun  8 13:50:04 2023 - ERROR - The case exit by code 4.
Thu Jun  8 13:50:04 2023 - INFO  - End to run testcase:oe_test_audit_use_d_audit.
Thu Jun  8 13:50:04 2023 - INFO  - A total of 1 use cases were executed, with 0 successes and 1 failures.
Thu Jun  8 13:50:04 2023 - INFO  - start to run testcase:oe_test_audit_use_w_audit.
Thu Jun  8 13:50:05 2023 - ERROR - The case exit by code 3.
Thu Jun  8 13:50:05 2023 - INFO  - End to run testcase:oe_test_audit_use_w_audit.
Thu Jun  8 13:50:05 2023 - INFO  - A total of 1 use cases were executed, with 0 successes and 1 failures.
Thu Jun  8 13:50:05 2023 - INFO  - start to run testcase:oe_test_audit_rule_contact_strategy.
Thu Jun  8 13:50:16 2023 - ERROR - The case exit by code 5.
Thu Jun  8 13:50:16 2023 - INFO  - End to run testcase:oe_test_audit_rule_contact_strategy.
Thu Jun  8 13:50:16 2023 - INFO  - A total of 1 use cases were executed, with 0 successes and 1 failures.
Thu Jun  8 13:50:16 2023 - INFO  - start to run testcase:oe_test_audit_rule_conflict_strategy.
Thu Jun  8 13:50:17 2023 - ERROR - The case exit by code 6.
Thu Jun  8 13:50:17 2023 - INFO  - End to run testcase:oe_test_audit_rule_conflict_strategy.
Thu Jun  8 13:50:17 2023 - INFO  - A total of 1 use cases were executed, with 0 successes and 1 failures.
Thu Jun  8 13:50:17 2023 - INFO  - start to run testcase:oe_test_audit_rule_fetch_from_rule.
Thu Jun  8 13:50:18 2023 - ERROR - The case exit by code 2.
Thu Jun  8 13:50:18 2023 - INFO  - End to run testcase:oe_test_audit_rule_fetch_from_rule.
Thu Jun  8 13:50:18 2023 - INFO  - A total of 1 use cases were executed, with 0 successes and 1 failures.
Thu Jun  8 13:50:18 2023 - INFO  - start to run testcase:oe_test_audit_fetch_file_in_order.
Thu Jun  8 13:50:24 2023 - ERROR - The case exit by code 3.
Thu Jun  8 13:50:24 2023 - INFO  - End to run testcase:oe_test_audit_fetch_file_in_order.
Thu Jun  8 13:50:24 2023 - INFO  - A total of 1 use cases were executed, with 0 successes and 1 failures.
Thu Jun  8 13:50:24 2023 - INFO  - start to run testcase:oe_test_audit_count_time.
Thu Jun  8 13:50:24 2023 - ERROR - The case exit by code 1.
Thu Jun  8 13:50:24 2023 - INFO  - End to run testcase:oe_test_audit_count_time.
Thu Jun  8 13:50:25 2023 - INFO  - A total of 1 use cases were executed, with 0 successes and 1 failures.
Thu Jun  8 13:50:25 2023 - INFO  - start to run testcase:oe_test_audit_count_number_of_event.
Thu Jun  8 13:50:25 2023 - ERROR - The case exit by code 2.
Thu Jun  8 13:50:25 2023 - INFO  - End to run testcase:oe_test_audit_count_number_of_event.
Thu Jun  8 13:50:25 2023 - INFO  - A total of 1 use cases were executed, with 0 successes and 1 failures.
Thu Jun  8 13:50:25 2023 - INFO  - start to run testcase:oe_test_audit_show_event_list.
Thu Jun  8 13:50:26 2023 - ERROR - The case exit by code 3.
Thu Jun  8 13:50:26 2023 - INFO  - End to run testcase:oe_test_audit_show_event_list.
Thu Jun  8 13:50:26 2023 - INFO  - A total of 1 use cases were executed, with 0 successes and 1 failures.
Thu Jun  8 13:50:26 2023 - INFO  - start to run testcase:oe_test_audit_user_build_connection.
Thu Jun  8 13:50:46 2023 - ERROR - The case exit by code 2.
Thu Jun  8 13:50:46 2023 - INFO  - End to run testcase:oe_test_audit_user_build_connection.
Thu Jun  8 13:50:46 2023 - INFO  - A total of 1 use cases were executed, with 0 successes and 1 failures.
Thu Jun  8 13:50:46 2023 - INFO  - start to run testcase:oe_test_audit_max_log_file_rotate.
Thu Jun  8 13:50:48 2023 - ERROR - The case exit by code 1.
Thu Jun  8 13:50:48 2023 - INFO  - End to run testcase:oe_test_audit_max_log_file_rotate.
Thu Jun  8 13:50:48 2023 - INFO  - A total of 1 use cases were executed, with 0 successes and 1 failures.
Thu Jun  8 13:50:48 2023 - INFO  - start to run testcase:oe_test_audit_max_log_file_ignore.
Thu Jun  8 13:51:00 2023 - ERROR - The case exit by code 1.
Thu Jun  8 13:51:00 2023 - INFO  - End to run testcase:oe_test_audit_max_log_file_ignore.
Thu Jun  8 13:51:00 2023 - INFO  - A total of 1 use cases were executed, with 0 successes and 1 failures.
Thu Jun  8 13:51:00 2023 - INFO  - start to run testcase:oe_test_audit_max_log_file_syslog.
Thu Jun  8 13:51:12 2023 - ERROR - The case exit by code 4.
Thu Jun  8 13:51:12 2023 - INFO  - End to run testcase:oe_test_audit_max_log_file_syslog.
Thu Jun  8 13:51:12 2023 - INFO  - A total of 1 use cases were executed, with 0 successes and 1 failures.
Thu Jun  8 13:51:13 2023 - INFO  - start to run testcase:oe_test_audit_max_log_file_suspend.
Thu Jun  8 13:51:25 2023 - ERROR - The case exit by code 3.
Thu Jun  8 13:51:25 2023 - INFO  - End to run testcase:oe_test_audit_max_log_file_suspend.
Thu Jun  8 13:51:25 2023 - INFO  - A total of 1 use cases were executed, with 0 successes and 1 failures.
Thu Jun  8 13:51:25 2023 - INFO  - start to run testcase:oe_test_audit_max_log_file_keep_logs.
Thu Jun  8 13:51:26 2023 - ERROR - The case exit by code 1.
Thu Jun  8 13:51:26 2023 - INFO  - End to run testcase:oe_test_audit_max_log_file_keep_logs.
Thu Jun  8 13:51:26 2023 - INFO  - A total of 1 use cases were executed, with 0 successes and 1 failures.
Thu Jun  8 13:51:27 2023 - INFO  - start to run testcase:oe_test_audit_available_disk_space.
Thu Jun  8 13:53:46 2023 - ERROR - The case exit by code 35.
Thu Jun  8 13:53:46 2023 - INFO  - End to run testcase:oe_test_audit_available_disk_space.
Thu Jun  8 13:53:46 2023 - INFO  - A total of 1 use cases were executed, with 0 successes and 1 failures.
Thu Jun  8 13:53:46 2023 - INFO  - start to run testcase:oe_test_inject_time_fault.
Sun Jun  8 13:53:59 2025 - ERROR - The case exit by code 1.
Sun Jun  8 13:53:59 2025 - INFO  - End to run testcase:oe_test_inject_time_fault.
Sun Jun  8 13:53:59 2025 - INFO  - A total of 1 use cases were executed, with 0 successes and 1 failures.
Sun Jun  8 13:53:59 2025 - INFO  - start to run testcase:oe_test_service_auditd.
Sun Jun  8 13:54:15 2025 - ERROR - The case exit by code 8.
Sun Jun  8 13:54:15 2025 - INFO  - End to run testcase:oe_test_service_auditd.
Sun Jun  8 13:54:15 2025 - INFO  - A total of 1 use cases were executed, with 0 successes and 1 failures.
Sun Jun  8 13:54:15 2025 - INFO  - start to run testcase:oe_test_audit_event_log.
Sun Jun  8 13:54:15 2025 - ERROR - The case exit by code 2.
Sun Jun  8 13:54:15 2025 - INFO  - End to run testcase:oe_test_audit_event_log.
Sun Jun  8 13:54:16 2025 - INFO  - A total of 1 use cases were executed, with 0 successes and 1 failures.
Sun Jun  8 13:54:16 2025 - INFO  - start to run testcase:oe_test_audit_other.
Sun Jun  8 13:54:16 2025 - ERROR - The case exit by code 8.
Sun Jun  8 13:54:16 2025 - INFO  - End to run testcase:oe_test_audit_other.
Sun Jun  8 13:54:16 2025 - INFO  - A total of 1 use cases were executed, with 0 successes and 1 failures.
Sun Jun  8 13:54:17 2025 - INFO  - start to run testcase:oe_test_start_audit.
Sun Jun  8 13:54:17 2025 - ERROR - The case exit by code 4.
Sun Jun  8 13:54:17 2025 - INFO  - End to run testcase:oe_test_start_audit.
Sun Jun  8 13:54:17 2025 - INFO  - A total of 1 use cases were executed, with 0 successes and 1 failures.
Sun Jun  8 13:54:17 2025 - INFO  - start to run testcase:oe_test_audit_ausearch.
Sun Jun  8 13:54:18 2025 - ERROR - The case exit by code 6.
Sun Jun  8 13:54:18 2025 - INFO  - End to run testcase:oe_test_audit_ausearch.
Sun Jun  8 13:54:18 2025 - INFO  - A total of 1 use cases were executed, with 0 successes and 1 failures.
Sun Jun  8 13:54:19 2025 - INFO  - start to run testcase:oe_test_aulastlog.
Sun Jun  8 13:54:30 2025 - ERROR - The case exit by code 4.
Sun Jun  8 13:54:30 2025 - INFO  - End to run testcase:oe_test_aulastlog.
Sun Jun  8 13:54:30 2025 - INFO  - A total of 1 use cases were executed, with 0 successes and 1 failures.
