Thu Jun 29 14:23:42 2023 - INFO  - start to run testcase:oe_test_hwloc_base_hwloc-info_01.
Thu Jun 29 14:24:44 2023 - INFO  - The case exit by code 0.
Thu Jun 29 14:24:44 2023 - INFO  - End to run testcase:oe_test_hwloc_base_hwloc-info_01.
Thu Jun 29 14:24:44 2023 - INFO  - A total of 1 use cases were executed, with 1 successes and 0 failures.
Thu Jun 29 14:24:44 2023 - INFO  - start to run testcase:oe_test_hwloc_base_hwloc-info_02.
Thu Jun 29 14:24:46 2023 - INFO  - The case exit by code 0.
Thu Jun 29 14:24:46 2023 - INFO  - End to run testcase:oe_test_hwloc_base_hwloc-info_02.
Thu Jun 29 14:24:46 2023 - INFO  - A total of 1 use cases were executed, with 1 successes and 0 failures.
Thu Jun 29 14:24:46 2023 - INFO  - start to run testcase:oe_test_hwloc_base_hwloc-info_03.
Thu Jun 29 14:24:47 2023 - INFO  - The case exit by code 0.
Thu Jun 29 14:24:47 2023 - INFO  - End to run testcase:oe_test_hwloc_base_hwloc-info_03.
Thu Jun 29 14:24:47 2023 - INFO  - A total of 1 use cases were executed, with 1 successes and 0 failures.
Thu Jun 29 14:24:47 2023 - INFO  - start to run testcase:oe_test_hwloc_base_hwloc-info_04.
Thu Jun 29 14:24:48 2023 - INFO  - The case exit by code 0.
Thu Jun 29 14:24:48 2023 - INFO  - End to run testcase:oe_test_hwloc_base_hwloc-info_04.
Thu Jun 29 14:24:48 2023 - INFO  - A total of 1 use cases were executed, with 1 successes and 0 failures.
Thu Jun 29 14:24:48 2023 - INFO  - start to run testcase:oe_test_hwloc_base_hwloc-ps_01.
Thu Jun 29 14:24:49 2023 - INFO  - The case exit by code 0.
Thu Jun 29 14:24:49 2023 - INFO  - End to run testcase:oe_test_hwloc_base_hwloc-ps_01.
Thu Jun 29 14:24:49 2023 - INFO  - A total of 1 use cases were executed, with 1 successes and 0 failures.
Thu Jun 29 14:24:49 2023 - INFO  - start to run testcase:oe_test_hwloc_base_hwloc-ps_02.
Thu Jun 29 14:24:50 2023 - INFO  - The case exit by code 0.
Thu Jun 29 14:24:50 2023 - INFO  - End to run testcase:oe_test_hwloc_base_hwloc-ps_02.
Thu Jun 29 14:24:50 2023 - INFO  - A total of 1 use cases were executed, with 1 successes and 0 failures.
Thu Jun 29 14:24:50 2023 - INFO  - start to run testcase:oe_test_hwloc_base_hwloc-compress-dir.
Thu Jun 29 14:24:51 2023 - INFO  - The case exit by code 0.
Thu Jun 29 14:24:51 2023 - INFO  - End to run testcase:oe_test_hwloc_base_hwloc-compress-dir.
Thu Jun 29 14:24:51 2023 - INFO  - A total of 1 use cases were executed, with 1 successes and 0 failures.
Thu Jun 29 14:24:51 2023 - INFO  - start to run testcase:oe_test_hwloc_base_hwloc-distrib_01.
Thu Jun 29 14:24:52 2023 - INFO  - The case exit by code 0.
Thu Jun 29 14:24:52 2023 - INFO  - End to run testcase:oe_test_hwloc_base_hwloc-distrib_01.
Thu Jun 29 14:24:52 2023 - INFO  - A total of 1 use cases were executed, with 1 successes and 0 failures.
Thu Jun 29 14:24:52 2023 - INFO  - start to run testcase:oe_test_hwloc_base_hwloc-distrib_02.
Thu Jun 29 14:24:53 2023 - INFO  - The case exit by code 0.
Thu Jun 29 14:24:53 2023 - INFO  - End to run testcase:oe_test_hwloc_base_hwloc-distrib_02.
Thu Jun 29 14:24:53 2023 - INFO  - A total of 1 use cases were executed, with 1 successes and 0 failures.
Thu Jun 29 14:24:53 2023 - INFO  - start to run testcase:oe_test_hwloc_base_hwloc-bind_01.
Thu Jun 29 14:24:55 2023 - INFO  - The case exit by code 0.
Thu Jun 29 14:24:55 2023 - INFO  - End to run testcase:oe_test_hwloc_base_hwloc-bind_01.
Thu Jun 29 14:24:55 2023 - INFO  - A total of 1 use cases were executed, with 1 successes and 0 failures.
Thu Jun 29 14:24:55 2023 - INFO  - start to run testcase:oe_test_hwloc_base_hwloc-bind_02.
Thu Jun 29 14:24:56 2023 - INFO  - The case exit by code 0.
Thu Jun 29 14:24:56 2023 - INFO  - End to run testcase:oe_test_hwloc_base_hwloc-bind_02.
Thu Jun 29 14:24:56 2023 - INFO  - A total of 1 use cases were executed, with 1 successes and 0 failures.
Thu Jun 29 14:24:56 2023 - INFO  - start to run testcase:oe_test_hwloc_base_hwloc-bind_03.
Thu Jun 29 14:24:57 2023 - INFO  - The case exit by code 0.
Thu Jun 29 14:24:57 2023 - INFO  - End to run testcase:oe_test_hwloc_base_hwloc-bind_03.
Thu Jun 29 14:24:57 2023 - INFO  - A total of 1 use cases were executed, with 1 successes and 0 failures.
Thu Jun 29 14:24:57 2023 - INFO  - start to run testcase:oe_test_hwloc_base_lstopo-no-graphics_01.
Thu Jun 29 14:24:58 2023 - INFO  - The case exit by code 0.
Thu Jun 29 14:24:58 2023 - INFO  - End to run testcase:oe_test_hwloc_base_lstopo-no-graphics_01.
Thu Jun 29 14:24:58 2023 - INFO  - A total of 1 use cases were executed, with 1 successes and 0 failures.
Thu Jun 29 14:24:59 2023 - INFO  - start to run testcase:oe_test_hwloc_base_lstopo-no-graphics_02.
Thu Jun 29 14:25:00 2023 - INFO  - The case exit by code 0.
Thu Jun 29 14:25:00 2023 - INFO  - End to run testcase:oe_test_hwloc_base_lstopo-no-graphics_02.
Thu Jun 29 14:25:00 2023 - INFO  - A total of 1 use cases were executed, with 1 successes and 0 failures.
Thu Jun 29 14:25:00 2023 - INFO  - start to run testcase:oe_test_hwloc_base_lstopo-no-graphics_03.
Thu Jun 29 14:25:01 2023 - INFO  - The case exit by code 0.
Thu Jun 29 14:25:01 2023 - INFO  - End to run testcase:oe_test_hwloc_base_lstopo-no-graphics_03.
Thu Jun 29 14:25:01 2023 - INFO  - A total of 1 use cases were executed, with 1 successes and 0 failures.
Thu Jun 29 14:25:01 2023 - INFO  - start to run testcase:oe_test_hwloc_base_lstopo-no-graphics_04.
Thu Jun 29 14:25:02 2023 - INFO  - The case exit by code 0.
Thu Jun 29 14:25:02 2023 - INFO  - End to run testcase:oe_test_hwloc_base_lstopo-no-graphics_04.
Thu Jun 29 14:25:02 2023 - INFO  - A total of 1 use cases were executed, with 1 successes and 0 failures.
Thu Jun 29 14:25:02 2023 - INFO  - start to run testcase:oe_test_hwloc_base_lstopo-no-graphics_05.
Thu Jun 29 14:25:03 2023 - INFO  - The case exit by code 0.
Thu Jun 29 14:25:03 2023 - INFO  - End to run testcase:oe_test_hwloc_base_lstopo-no-graphics_05.
Thu Jun 29 14:25:03 2023 - INFO  - A total of 1 use cases were executed, with 1 successes and 0 failures.
Thu Jun 29 14:25:04 2023 - INFO  - start to run testcase:oe_test_hwloc_base_lstopo_01.
Thu Jun 29 14:25:05 2023 - INFO  - The case exit by code 0.
Thu Jun 29 14:25:05 2023 - INFO  - End to run testcase:oe_test_hwloc_base_lstopo_01.
Thu Jun 29 14:25:05 2023 - INFO  - A total of 1 use cases were executed, with 1 successes and 0 failures.
Thu Jun 29 14:25:05 2023 - INFO  - start to run testcase:oe_test_hwloc_base_lstopo_02.
Thu Jun 29 14:25:06 2023 - INFO  - The case exit by code 0.
Thu Jun 29 14:25:06 2023 - INFO  - End to run testcase:oe_test_hwloc_base_lstopo_02.
Thu Jun 29 14:25:06 2023 - INFO  - A total of 1 use cases were executed, with 1 successes and 0 failures.
Thu Jun 29 14:25:06 2023 - INFO  - start to run testcase:oe_test_hwloc_base_lstopo_03.
Thu Jun 29 14:25:07 2023 - INFO  - The case exit by code 0.
Thu Jun 29 14:25:07 2023 - INFO  - End to run testcase:oe_test_hwloc_base_lstopo_03.
Thu Jun 29 14:25:07 2023 - INFO  - A total of 1 use cases were executed, with 1 successes and 0 failures.
Thu Jun 29 14:25:07 2023 - INFO  - start to run testcase:oe_test_hwloc_base_lstopo_04.
Thu Jun 29 14:25:08 2023 - INFO  - The case exit by code 0.
Thu Jun 29 14:25:08 2023 - INFO  - End to run testcase:oe_test_hwloc_base_lstopo_04.
Thu Jun 29 14:25:08 2023 - INFO  - A total of 1 use cases were executed, with 1 successes and 0 failures.
Thu Jun 29 14:25:09 2023 - INFO  - start to run testcase:oe_test_hwloc_base_lstopo_05.
Thu Jun 29 14:25:10 2023 - INFO  - The case exit by code 0.
Thu Jun 29 14:25:10 2023 - INFO  - End to run testcase:oe_test_hwloc_base_lstopo_05.
Thu Jun 29 14:25:10 2023 - INFO  - A total of 1 use cases were executed, with 1 successes and 0 failures.
Thu Jun 29 14:25:10 2023 - INFO  - start to run testcase:oe_test_hwloc_base_hwloc-calc_01.
Thu Jun 29 14:25:11 2023 - INFO  - The case exit by code 0.
Thu Jun 29 14:25:11 2023 - INFO  - End to run testcase:oe_test_hwloc_base_hwloc-calc_01.
Thu Jun 29 14:25:11 2023 - INFO  - A total of 1 use cases were executed, with 1 successes and 0 failures.
Thu Jun 29 14:25:11 2023 - INFO  - start to run testcase:oe_test_hwloc_base_hwloc-calc_02.
Thu Jun 29 14:25:12 2023 - INFO  - The case exit by code 0.
Thu Jun 29 14:25:12 2023 - INFO  - End to run testcase:oe_test_hwloc_base_hwloc-calc_02.
Thu Jun 29 14:25:12 2023 - INFO  - A total of 1 use cases were executed, with 1 successes and 0 failures.
Thu Jun 29 14:25:12 2023 - INFO  - start to run testcase:oe_test_hwloc_base_hwloc-calc_03.
Thu Jun 29 14:25:13 2023 - INFO  - The case exit by code 0.
Thu Jun 29 14:25:13 2023 - INFO  - End to run testcase:oe_test_hwloc_base_hwloc-calc_03.
Thu Jun 29 14:25:13 2023 - INFO  - A total of 1 use cases were executed, with 1 successes and 0 failures.
Thu Jun 29 14:25:13 2023 - INFO  - start to run testcase:oe_test_hwloc_base_hwloc-calc_04.
Thu Jun 29 14:25:14 2023 - INFO  - The case exit by code 0.
Thu Jun 29 14:25:14 2023 - INFO  - End to run testcase:oe_test_hwloc_base_hwloc-calc_04.
Thu Jun 29 14:25:14 2023 - INFO  - A total of 1 use cases were executed, with 1 successes and 0 failures.
Thu Jun 29 14:25:14 2023 - INFO  - start to run testcase:oe_test_hwloc_base_hwloc-annotate.
Thu Jun 29 14:25:15 2023 - INFO  - The case exit by code 0.
Thu Jun 29 14:25:15 2023 - INFO  - End to run testcase:oe_test_hwloc_base_hwloc-annotate.
Thu Jun 29 14:25:15 2023 - INFO  - A total of 1 use cases were executed, with 1 successes and 0 failures.
Thu Jun 29 14:25:15 2023 - INFO  - start to run testcase:oe_test_hwloc_base_hwloc-ls_01.
Thu Jun 29 14:25:17 2023 - INFO  - The case exit by code 0.
Thu Jun 29 14:25:17 2023 - INFO  - End to run testcase:oe_test_hwloc_base_hwloc-ls_01.
Thu Jun 29 14:25:17 2023 - INFO  - A total of 1 use cases were executed, with 1 successes and 0 failures.
Thu Jun 29 14:25:17 2023 - INFO  - start to run testcase:oe_test_hwloc_base_hwloc-ls_02.
Thu Jun 29 14:25:18 2023 - INFO  - The case exit by code 0.
Thu Jun 29 14:25:18 2023 - INFO  - End to run testcase:oe_test_hwloc_base_hwloc-ls_02.
Thu Jun 29 14:25:18 2023 - INFO  - A total of 1 use cases were executed, with 1 successes and 0 failures.
Thu Jun 29 14:25:18 2023 - INFO  - start to run testcase:oe_test_hwloc_base_hwloc-ls_03.
Thu Jun 29 14:25:19 2023 - INFO  - The case exit by code 0.
Thu Jun 29 14:25:19 2023 - INFO  - End to run testcase:oe_test_hwloc_base_hwloc-ls_03.
Thu Jun 29 14:25:19 2023 - INFO  - A total of 1 use cases were executed, with 1 successes and 0 failures.
Thu Jun 29 14:25:20 2023 - INFO  - start to run testcase:oe_test_hwloc_base_hwloc-ls_04.
Thu Jun 29 14:25:21 2023 - INFO  - The case exit by code 0.
Thu Jun 29 14:25:21 2023 - INFO  - End to run testcase:oe_test_hwloc_base_hwloc-ls_04.
Thu Jun 29 14:25:21 2023 - INFO  - A total of 1 use cases were executed, with 1 successes and 0 failures.
Thu Jun 29 14:25:21 2023 - INFO  - start to run testcase:oe_test_hwloc_base_hwloc-ls_05.
Thu Jun 29 14:25:22 2023 - INFO  - The case exit by code 0.
Thu Jun 29 14:25:22 2023 - INFO  - End to run testcase:oe_test_hwloc_base_hwloc-ls_05.
Thu Jun 29 14:25:22 2023 - INFO  - A total of 1 use cases were executed, with 1 successes and 0 failures.
Thu Jun 29 14:25:22 2023 - INFO  - start to run testcase:oe_test_hwloc_base_others.
Thu Jun 29 14:25:32 2023 - INFO  - The case exit by code 0.
Thu Jun 29 14:25:32 2023 - INFO  - End to run testcase:oe_test_hwloc_base_others.
Thu Jun 29 14:25:32 2023 - INFO  - A total of 1 use cases were executed, with 1 successes and 0 failures.
Thu Jun 29 14:25:32 2023 - INFO  - start to run testcase:oe_test_hwloc_base_hwloc-patch.
Thu Jun 29 14:25:33 2023 - INFO  - The case exit by code 0.
Thu Jun 29 14:25:33 2023 - INFO  - End to run testcase:oe_test_hwloc_base_hwloc-patch.
Thu Jun 29 14:25:33 2023 - INFO  - A total of 1 use cases were executed, with 1 successes and 0 failures.
Thu Jun 29 14:25:33 2023 - INFO  - start to run testcase:oe_test_hwloc_2.7.1_hwloc-annotate.
Thu Jun 29 14:25:34 2023 - INFO  - The case exit by code 0.
Thu Jun 29 14:25:34 2023 - INFO  - End to run testcase:oe_test_hwloc_2.7.1_hwloc-annotate.
Thu Jun 29 14:25:34 2023 - INFO  - A total of 1 use cases were executed, with 1 successes and 0 failures.
Thu Jun 29 14:25:34 2023 - INFO  - start to run testcase:oe_test_hwloc_2.7.1_hwloc-bind.
Thu Jun 29 14:25:35 2023 - INFO  - The case exit by code 0.
Thu Jun 29 14:25:35 2023 - INFO  - End to run testcase:oe_test_hwloc_2.7.1_hwloc-bind.
Thu Jun 29 14:25:35 2023 - INFO  - A total of 1 use cases were executed, with 1 successes and 0 failures.
Thu Jun 29 14:25:35 2023 - INFO  - start to run testcase:oe_test_hwloc_2.7.1_hwloc-calc_01.
Thu Jun 29 14:25:37 2023 - INFO  - The case exit by code 0.
Thu Jun 29 14:25:37 2023 - INFO  - End to run testcase:oe_test_hwloc_2.7.1_hwloc-calc_01.
Thu Jun 29 14:25:37 2023 - INFO  - A total of 1 use cases were executed, with 1 successes and 0 failures.
Thu Jun 29 14:25:37 2023 - INFO  - start to run testcase:oe_test_hwloc_2.7.1_hwloc-calc_02.
Thu Jun 29 14:25:38 2023 - INFO  - The case exit by code 0.
Thu Jun 29 14:25:38 2023 - INFO  - End to run testcase:oe_test_hwloc_2.7.1_hwloc-calc_02.
Thu Jun 29 14:25:38 2023 - INFO  - A total of 1 use cases were executed, with 1 successes and 0 failures.
Thu Jun 29 14:25:38 2023 - INFO  - start to run testcase:oe_test_hwloc_2.7.1_hwloc-compress-dir.
Thu Jun 29 14:25:39 2023 - INFO  - The case exit by code 0.
Thu Jun 29 14:25:39 2023 - INFO  - End to run testcase:oe_test_hwloc_2.7.1_hwloc-compress-dir.
Thu Jun 29 14:25:39 2023 - INFO  - A total of 1 use cases were executed, with 1 successes and 0 failures.
Thu Jun 29 14:25:39 2023 - INFO  - start to run testcase:oe_test_hwloc_2.7.1_hwloc-distrib.
Thu Jun 29 14:25:40 2023 - INFO  - The case exit by code 0.
Thu Jun 29 14:25:40 2023 - INFO  - End to run testcase:oe_test_hwloc_2.7.1_hwloc-distrib.
Thu Jun 29 14:25:40 2023 - INFO  - A total of 1 use cases were executed, with 1 successes and 0 failures.
Thu Jun 29 14:25:40 2023 - INFO  - start to run testcase:oe_test_hwloc_2.7.1_hwloc-info.
Thu Jun 29 14:25:41 2023 - INFO  - The case exit by code 0.
Thu Jun 29 14:25:41 2023 - INFO  - End to run testcase:oe_test_hwloc_2.7.1_hwloc-info.
Thu Jun 29 14:25:41 2023 - INFO  - A total of 1 use cases were executed, with 1 successes and 0 failures.
Thu Jun 29 14:25:41 2023 - INFO  - start to run testcase:oe_test_hwloc_2.7.1_hwloc-ls_01.
Thu Jun 29 14:25:42 2023 - INFO  - The case exit by code 0.
Thu Jun 29 14:25:42 2023 - INFO  - End to run testcase:oe_test_hwloc_2.7.1_hwloc-ls_01.
Thu Jun 29 14:25:42 2023 - INFO  - A total of 1 use cases were executed, with 1 successes and 0 failures.
Thu Jun 29 14:25:42 2023 - INFO  - start to run testcase:oe_test_hwloc_2.7.1_others.
Thu Jun 29 14:25:43 2023 - INFO  - The case exit by code 0.
Thu Jun 29 14:25:43 2023 - INFO  - End to run testcase:oe_test_hwloc_2.7.1_others.
Thu Jun 29 14:25:43 2023 - INFO  - A total of 1 use cases were executed, with 1 successes and 0 failures.
Thu Jun 29 14:25:43 2023 - INFO  - start to run testcase:oe_test_hwloc_2.7.1_hwloc-ps.
Thu Jun 29 14:25:44 2023 - INFO  - The case exit by code 0.
Thu Jun 29 14:25:44 2023 - INFO  - End to run testcase:oe_test_hwloc_2.7.1_hwloc-ps.
Thu Jun 29 14:25:44 2023 - INFO  - A total of 1 use cases were executed, with 1 successes and 0 failures.
Thu Jun 29 14:25:44 2023 - INFO  - start to run testcase:oe_test_hwloc_2.7.1_lstopo_01.
Thu Jun 29 14:25:46 2023 - INFO  - The case exit by code 0.
Thu Jun 29 14:25:46 2023 - INFO  - End to run testcase:oe_test_hwloc_2.7.1_lstopo_01.
Thu Jun 29 14:25:46 2023 - INFO  - A total of 1 use cases were executed, with 1 successes and 0 failures.
Thu Jun 29 14:25:46 2023 - INFO  - start to run testcase:oe_test_hwloc_2.7.1_lstopo-no-graphics_01.
Thu Jun 29 14:25:47 2023 - INFO  - The case exit by code 0.
Thu Jun 29 14:25:47 2023 - INFO  - End to run testcase:oe_test_hwloc_2.7.1_lstopo-no-graphics_01.
Thu Jun 29 14:25:47 2023 - INFO  - A total of 1 use cases were executed, with 1 successes and 0 failures.
Thu Jun 29 14:25:47 2023 - INFO  - start to run testcase:oe_test_hwloc_2.7.1_hwloc-gather-topology.
Thu Jun 29 14:25:51 2023 - INFO  - The case exit by code 0.
Thu Jun 29 14:25:51 2023 - INFO  - End to run testcase:oe_test_hwloc_2.7.1_hwloc-gather-topology.
Thu Jun 29 14:25:51 2023 - INFO  - A total of 1 use cases were executed, with 1 successes and 0 failures.
