Tue Aug  8 20:16:23 2023 - INFO  - start to run testcase:oe_test_mtx_loaderinfo.
Tue Aug  8 20:17:41 2023 - ERROR - The case exit by code 3.
Tue Aug  8 20:17:42 2023 - INFO  - End to run testcase:oe_test_mtx_loaderinfo.
Tue Aug  8 20:17:42 2023 - INFO  - A total of 1 use cases were executed, with 0 successes and 1 failures.
Tue Aug  8 20:17:45 2023 - INFO  - start to run testcase:oe_test_mtx_tapeinfo.
Tue Aug  8 20:19:01 2023 - ERROR - The case exit by code 3.
Tue Aug  8 20:19:01 2023 - INFO  - End to run testcase:oe_test_mtx_tapeinfo.
Tue Aug  8 20:19:02 2023 - INFO  - A total of 1 use cases were executed, with 0 successes and 1 failures.
Tue Aug  8 20:19:05 2023 - INFO  - start to run testcase:oe_test_mtx_mtx.
Tue Aug  8 20:20:35 2023 - ERROR - The case exit by code 12.
Tue Aug  8 20:20:35 2023 - INFO  - End to run testcase:oe_test_mtx_mtx.
Tue Aug  8 20:20:36 2023 - INFO  - A total of 1 use cases were executed, with 0 successes and 1 failures.
Tue Aug  8 20:20:39 2023 - INFO  - start to run testcase:oe_test_mtx_scsieject.
Tue Aug  8 20:21:57 2023 - ERROR - The case exit by code 5.
Tue Aug  8 20:21:57 2023 - INFO  - End to run testcase:oe_test_mtx_scsieject.
Tue Aug  8 20:21:58 2023 - INFO  - A total of 1 use cases were executed, with 0 successes and 1 failures.
Tue Aug  8 20:22:01 2023 - INFO  - start to run testcase:oe_test_mtx_scsitape.
Tue Aug  8 20:23:30 2023 - ERROR - The case exit by code 10.
Tue Aug  8 20:23:30 2023 - INFO  - End to run testcase:oe_test_mtx_scsitape.
Tue Aug  8 20:23:31 2023 - INFO  - A total of 1 use cases were executed, with 0 successes and 1 failures.
