Thu Jun 22 17:00:13 2023 - INFO  - start to run testcase:oe_test_birdcl_01.
Thu Jun 22 17:01:16 2023 - ERROR - The case exit by code 1.
Thu Jun 22 17:01:16 2023 - INFO  - End to run testcase:oe_test_birdcl_01.
Thu Jun 22 17:01:17 2023 - INFO  - A total of 1 use cases were executed, with 0 successes and 1 failures.
Thu Jun 22 17:01:19 2023 - INFO  - start to run testcase:oe_test_birdcl_02.
Thu Jun 22 17:02:06 2023 - INFO  - The case exit by code 0.
Thu Jun 22 17:02:07 2023 - INFO  - End to run testcase:oe_test_birdcl_02.
Thu Jun 22 17:02:07 2023 - INFO  - A total of 1 use cases were executed, with 1 successes and 0 failures.
Thu Jun 22 17:02:10 2023 - INFO  - start to run testcase:oe_test_birdcl_03.
Thu Jun 22 17:03:00 2023 - ERROR - The case exit by code 3.
Thu Jun 22 17:03:00 2023 - INFO  - End to run testcase:oe_test_birdcl_03.
Thu Jun 22 17:03:01 2023 - INFO  - A total of 1 use cases were executed, with 0 successes and 1 failures.
Thu Jun 22 17:03:03 2023 - INFO  - start to run testcase:oe_test_birdc_01.
Thu Jun 22 17:03:53 2023 - ERROR - The case exit by code 2.
Thu Jun 22 17:03:53 2023 - INFO  - End to run testcase:oe_test_birdc_01.
Thu Jun 22 17:03:54 2023 - INFO  - A total of 1 use cases were executed, with 0 successes and 1 failures.
Thu Jun 22 17:03:56 2023 - INFO  - start to run testcase:oe_test_birdc_02.
Thu Jun 22 17:04:45 2023 - INFO  - The case exit by code 0.
Thu Jun 22 17:04:45 2023 - INFO  - End to run testcase:oe_test_birdc_02.
Thu Jun 22 17:04:46 2023 - INFO  - A total of 1 use cases were executed, with 1 successes and 0 failures.
Thu Jun 22 17:04:48 2023 - INFO  - start to run testcase:oe_test_birdc_03.
Thu Jun 22 17:05:38 2023 - ERROR - The case exit by code 3.
Thu Jun 22 17:05:39 2023 - INFO  - End to run testcase:oe_test_birdc_03.
Thu Jun 22 17:05:39 2023 - INFO  - A total of 1 use cases were executed, with 0 successes and 1 failures.
Thu Jun 22 17:05:41 2023 - INFO  - start to run testcase:oe_test_bird_01.
Thu Jun 22 17:06:47 2023 - ERROR - The case exit by code 2.
Thu Jun 22 17:06:47 2023 - INFO  - End to run testcase:oe_test_bird_01.
Thu Jun 22 17:06:48 2023 - INFO  - A total of 1 use cases were executed, with 0 successes and 1 failures.
Thu Jun 22 17:06:50 2023 - INFO  - start to run testcase:oe_test_bird_02.
Thu Jun 22 17:07:46 2023 - ERROR - The case exit by code 1.
Thu Jun 22 17:07:47 2023 - INFO  - End to run testcase:oe_test_bird_02.
Thu Jun 22 17:07:47 2023 - INFO  - A total of 1 use cases were executed, with 0 successes and 1 failures.
Thu Jun 22 17:07:49 2023 - INFO  - start to run testcase:oe_test_service_bird.
Thu Jun 22 17:09:12 2023 - ERROR - The case exit by code 6.
Thu Jun 22 17:09:13 2023 - INFO  - End to run testcase:oe_test_service_bird.
Thu Jun 22 17:09:13 2023 - INFO  - A total of 1 use cases were executed, with 0 successes and 1 failures.
