Thu May 25 21:58:33 2023 - INFO  - start to run testcase:oe_test_service_atuned.
Thu May 25 22:06:10 2023 - ERROR - The case exit by code 6.
Thu May 25 22:06:10 2023 - INFO  - End to run testcase:oe_test_service_atuned.
Thu May 25 22:06:11 2023 - INFO  - A total of 1 use cases were executed, with 0 successes and 1 failures.
Thu May 25 22:06:15 2023 - INFO  - start to run testcase:oe_test_service_atune-engine.
Thu May 25 22:14:44 2023 - INFO  - The case exit by code 0.
Thu May 25 22:14:45 2023 - INFO  - End to run testcase:oe_test_service_atune-engine.
Thu May 25 22:14:45 2023 - INFO  - A total of 1 use cases were executed, with 1 successes and 0 failures.
Thu May 25 22:14:49 2023 - INFO  - start to run testcase:oe_test_service_atuned_01.
Thu May 25 22:22:46 2023 - ERROR - The case exit by code 47.
Thu May 25 22:22:47 2023 - INFO  - End to run testcase:oe_test_service_atuned_01.
Thu May 25 22:22:47 2023 - INFO  - A total of 1 use cases were executed, with 0 successes and 1 failures.
Thu May 25 22:22:51 2023 - INFO  - start to run testcase:oe_test_service_atuned_02.
Thu May 25 22:28:45 2023 - ERROR - The case exit by code 14.
Thu May 25 22:28:45 2023 - INFO  - End to run testcase:oe_test_service_atuned_02.
Thu May 25 22:28:46 2023 - INFO  - A total of 1 use cases were executed, with 0 successes and 1 failures.
Thu May 25 22:28:50 2023 - INFO  - start to run testcase:oe_test_service_atuned_03.
Thu May 25 22:35:30 2023 - ERROR - The case exit by code 28.
Thu May 25 22:35:31 2023 - INFO  - End to run testcase:oe_test_service_atuned_03.
Thu May 25 22:35:31 2023 - INFO  - A total of 1 use cases were executed, with 0 successes and 1 failures.
Thu May 25 22:35:35 2023 - INFO  - start to run testcase:oe_test_service_atuned_04.
Thu May 25 22:42:42 2023 - ERROR - The case exit by code 97.
Thu May 25 22:42:42 2023 - INFO  - End to run testcase:oe_test_service_atuned_04.
Thu May 25 22:42:43 2023 - INFO  - A total of 1 use cases were executed, with 0 successes and 1 failures.
Thu May 25 22:42:47 2023 - INFO  - start to run testcase:oe_test_service_atuned_05.
Thu May 25 22:47:52 2023 - ERROR - The case exit by code 1.
Thu May 25 22:47:52 2023 - INFO  - End to run testcase:oe_test_service_atuned_05.
Thu May 25 22:47:53 2023 - INFO  - A total of 1 use cases were executed, with 0 successes and 1 failures.
Thu May 25 22:47:57 2023 - INFO  - start to run testcase:oe_test_service_atuned_06.
Thu May 25 22:53:03 2023 - ERROR - The case exit by code 2.
Thu May 25 22:53:04 2023 - INFO  - End to run testcase:oe_test_service_atuned_06.
Thu May 25 22:53:04 2023 - INFO  - A total of 1 use cases were executed, with 0 successes and 1 failures.
Thu May 25 22:53:08 2023 - INFO  - start to run testcase:oe_test_service_atuned_07.
Thu May 25 22:58:16 2023 - ERROR - The case exit by code 5.
Thu May 25 22:58:16 2023 - INFO  - End to run testcase:oe_test_service_atuned_07.
Thu May 25 22:58:17 2023 - INFO  - A total of 1 use cases were executed, with 0 successes and 1 failures.
Thu May 25 22:58:21 2023 - INFO  - start to run testcase:oe_test_service_atuned_08.
Thu May 25 23:03:17 2023 - ERROR - The case exit by code 2.
Thu May 25 23:03:17 2023 - INFO  - End to run testcase:oe_test_service_atuned_08.
Thu May 25 23:03:18 2023 - INFO  - A total of 1 use cases were executed, with 0 successes and 1 failures.
Thu May 25 23:03:22 2023 - INFO  - start to run testcase:oe_test_service_atuned_09.
Thu May 25 23:10:49 2023 - ERROR - The case exit by code 95.
Thu May 25 23:10:50 2023 - INFO  - End to run testcase:oe_test_service_atuned_09.
Thu May 25 23:10:50 2023 - INFO  - A total of 1 use cases were executed, with 0 successes and 1 failures.
