Thu Jun 22 17:47:29 2023 - INFO  - start to run testcase:oe_test_jq_errorjson.
Thu Jun 22 17:48:26 2023 - INFO  - The case exit by code 0.
Thu Jun 22 17:48:27 2023 - INFO  - End to run testcase:oe_test_jq_errorjson.
Thu Jun 22 17:48:27 2023 - INFO  - A total of 1 use cases were executed, with 1 successes and 0 failures.
Thu Jun 22 17:48:30 2023 - INFO  - start to run testcase:oe_test_jq_inputline_4095.
Thu Jun 22 17:49:10 2023 - INFO  - The case exit by code 0.
Thu Jun 22 17:49:10 2023 - INFO  - End to run testcase:oe_test_jq_inputline_4095.
Thu Jun 22 17:49:11 2023 - INFO  - A total of 1 use cases were executed, with 1 successes and 0 failures.
Thu Jun 22 17:49:13 2023 - INFO  - start to run testcase:oe_test_jq_inputline_file.
Thu Jun 22 17:49:55 2023 - INFO  - The case exit by code 0.
Thu Jun 22 17:49:56 2023 - INFO  - End to run testcase:oe_test_jq_inputline_file.
Thu Jun 22 17:49:56 2023 - INFO  - A total of 1 use cases were executed, with 1 successes and 0 failures.
Thu Jun 22 17:49:59 2023 - INFO  - start to run testcase:oe_test_jq_teshu.
Thu Jun 22 17:50:39 2023 - INFO  - The case exit by code 0.
Thu Jun 22 17:50:40 2023 - INFO  - End to run testcase:oe_test_jq_teshu.
Thu Jun 22 17:50:40 2023 - INFO  - A total of 1 use cases were executed, with 1 successes and 0 failures.
Thu Jun 22 17:50:42 2023 - INFO  - start to run testcase:oe_test_jq_try_cache.
Thu Jun 22 17:51:21 2023 - INFO  - The case exit by code 0.
Thu Jun 22 17:51:22 2023 - INFO  - End to run testcase:oe_test_jq_try_cache.
Thu Jun 22 17:51:22 2023 - INFO  - A total of 1 use cases were executed, with 1 successes and 0 failures.
