Thu May 25 16:57:07 2023 - INFO  - start to run testcase:oe_test_openssh_cipher.
Thu May 25 16:57:47 2023 - ERROR - The case exit by code 2.
Thu May 25 16:57:47 2023 - INFO  - End to run testcase:oe_test_openssh_cipher.
Thu May 25 16:57:48 2023 - INFO  - A total of 1 use cases were executed, with 0 successes and 1 failures.
Thu May 25 16:57:51 2023 - INFO  - start to run testcase:oe_test_service_sshd.
Thu May 25 16:58:29 2023 - INFO  - The case exit by code 0.
Thu May 25 16:58:30 2023 - INFO  - End to run testcase:oe_test_service_sshd.
Thu May 25 16:58:30 2023 - INFO  - A total of 1 use cases were executed, with 1 successes and 0 failures.
Thu May 25 16:58:33 2023 - INFO  - start to run testcase:oe_test_socket_sshd.
Thu May 25 16:59:05 2023 - INFO  - The case exit by code 0.
Thu May 25 16:59:05 2023 - INFO  - End to run testcase:oe_test_socket_sshd.
Thu May 25 16:59:06 2023 - INFO  - A total of 1 use cases were executed, with 1 successes and 0 failures.
Thu May 25 16:59:09 2023 - INFO  - start to run testcase:oe_test_target_sshd-keygen.
Thu May 25 16:59:32 2023 - INFO  - The case exit by code 0.
Thu May 25 16:59:33 2023 - INFO  - End to run testcase:oe_test_target_sshd-keygen.
Thu May 25 16:59:33 2023 - INFO  - A total of 1 use cases were executed, with 1 successes and 0 failures.
Thu May 25 16:59:36 2023 - INFO  - start to run testcase:oe_test_start_ssh.
Thu May 25 16:59:48 2023 - INFO  - The case exit by code 0.
Thu May 25 16:59:49 2023 - INFO  - End to run testcase:oe_test_start_ssh.
Thu May 25 16:59:50 2023 - INFO  - A total of 1 use cases were executed, with 1 successes and 0 failures.
Thu May 25 16:59:53 2023 - INFO  - start to run testcase:oe_test_sec_ssh.
Thu May 25 17:01:06 2023 - ERROR - The case exit by code 4.
Thu May 25 17:01:07 2023 - INFO  - End to run testcase:oe_test_sec_ssh.
Thu May 25 17:01:07 2023 - INFO  - A total of 1 use cases were executed, with 0 successes and 1 failures.
Thu May 25 17:01:11 2023 - INFO  - start to run testcase:oe_test_sec_jump_login.
Thu May 25 17:01:18 2023 - ERROR - The case exit by code 2.
Thu May 25 17:01:18 2023 - INFO  - End to run testcase:oe_test_sec_jump_login.
Thu May 25 17:01:19 2023 - INFO  - A total of 1 use cases were executed, with 0 successes and 1 failures.
