Thu Jun 22 16:30:57 2023 - INFO  - start to run testcase:oe_test_selinux_listuser.
Thu Jun 22 16:32:01 2023 - ERROR - The case exit by code 3.
Thu Jun 22 16:32:01 2023 - INFO  - End to run testcase:oe_test_selinux_listuser.
Thu Jun 22 16:32:02 2023 - INFO  - A total of 1 use cases were executed, with 0 successes and 1 failures.
Thu Jun 22 16:32:04 2023 - INFO  - start to run testcase:oe_test_selinux_adduser.
Thu Jun 22 16:32:59 2023 - ERROR - The case exit by code 3.
Thu Jun 22 16:32:59 2023 - INFO  - End to run testcase:oe_test_selinux_adduser.
Thu Jun 22 16:33:00 2023 - INFO  - A total of 1 use cases were executed, with 0 successes and 1 failures.
Thu Jun 22 16:33:03 2023 - INFO  - start to run testcase:oe_test_selinux_confining_regular_user.
Thu Jun 22 16:33:35 2023 - ERROR - The case exit by code 2.
Thu Jun 22 16:33:35 2023 - INFO  - End to run testcase:oe_test_selinux_confining_regular_user.
Thu Jun 22 16:33:36 2023 - INFO  - A total of 1 use cases were executed, with 0 successes and 1 failures.
Thu Jun 22 16:33:38 2023 - INFO  - start to run testcase:oe_test_selinux_confining_admin_using_role.
Thu Jun 22 16:34:10 2023 - ERROR - The case exit by code 2.
Thu Jun 22 16:34:11 2023 - INFO  - End to run testcase:oe_test_selinux_confining_admin_using_role.
Thu Jun 22 16:34:11 2023 - INFO  - A total of 1 use cases were executed, with 0 successes and 1 failures.
Thu Jun 22 16:34:14 2023 - INFO  - start to run testcase:oe_test_selinux_confining_admin_to_sysadm_u.
Thu Jun 22 16:34:46 2023 - ERROR - The case exit by code 3.
Thu Jun 22 16:34:47 2023 - INFO  - End to run testcase:oe_test_selinux_confining_admin_to_sysadm_u.
Thu Jun 22 16:34:47 2023 - INFO  - A total of 1 use cases were executed, with 0 successes and 1 failures.
Thu Jun 22 16:34:50 2023 - INFO  - start to run testcase:oe_test_selinux_http.
Thu Jun 22 16:36:33 2023 - ERROR - The case exit by code 1.
Thu Jun 22 16:36:34 2023 - INFO  - End to run testcase:oe_test_selinux_http.
Thu Jun 22 16:36:34 2023 - INFO  - A total of 1 use cases were executed, with 0 successes and 1 failures.
Thu Jun 22 16:36:37 2023 - INFO  - start to run testcase:oe_test_selinux_sharing_nfs_cifs_using_booleans.
Thu Jun 22 16:37:59 2023 - ERROR - The case exit by code 6.
Thu Jun 22 16:38:00 2023 - INFO  - End to run testcase:oe_test_selinux_sharing_nfs_cifs_using_booleans.
Thu Jun 22 16:38:00 2023 - INFO  - A total of 1 use cases were executed, with 0 successes and 1 failures.
Thu Jun 22 16:38:03 2023 - INFO  - start to run testcase:oe_test_selinux_sec_status_mode.
Thu Jun 22 16:39:21 2023 - ERROR - The case exit by code 5.
Thu Jun 22 16:39:21 2023 - INFO  - End to run testcase:oe_test_selinux_sec_status_mode.
Thu Jun 22 16:39:22 2023 - INFO  - A total of 1 use cases were executed, with 0 successes and 1 failures.
Thu Jun 22 16:39:24 2023 - INFO  - start to run testcase:oe_test_selinux_sec_sestatus.
Thu Jun 22 16:39:34 2023 - ERROR - The case exit by code 10.
Thu Jun 22 16:39:35 2023 - INFO  - End to run testcase:oe_test_selinux_sec_sestatus.
Thu Jun 22 16:39:35 2023 - INFO  - A total of 1 use cases were executed, with 0 successes and 1 failures.
Thu Jun 22 16:39:38 2023 - INFO  - start to run testcase:oe_test_selinux_change_permissive.
Thu Jun 22 16:39:54 2023 - ERROR - The case exit by code 1.
Thu Jun 22 16:39:55 2023 - INFO  - End to run testcase:oe_test_selinux_change_permissive.
Thu Jun 22 16:39:55 2023 - INFO  - A total of 1 use cases were executed, with 0 successes and 1 failures.
Thu Jun 22 16:39:57 2023 - INFO  - start to run testcase:oe_test_selinux_change_enforcing.
Thu Jun 22 16:40:27 2023 - ERROR - The case exit by code 3.
Thu Jun 22 16:40:28 2023 - INFO  - End to run testcase:oe_test_selinux_change_enforcing.
Thu Jun 22 16:40:28 2023 - INFO  - A total of 1 use cases were executed, with 0 successes and 1 failures.
Thu Jun 22 16:40:30 2023 - INFO  - start to run testcase:oe_test_selinux_disable.
Thu Jun 22 16:40:57 2023 - ERROR - The case exit by code 1.
Thu Jun 22 16:40:57 2023 - INFO  - End to run testcase:oe_test_selinux_disable.
Thu Jun 22 16:40:58 2023 - INFO  - A total of 1 use cases were executed, with 0 successes and 1 failures.
Thu Jun 22 16:41:00 2023 - INFO  - start to run testcase:oe_test_selinux_booleands.
Thu Jun 22 16:42:29 2023 - ERROR - The case exit by code 8.
Thu Jun 22 16:42:30 2023 - INFO  - End to run testcase:oe_test_selinux_booleands.
Thu Jun 22 16:42:30 2023 - INFO  - A total of 1 use cases were executed, with 0 successes and 1 failures.
Thu Jun 22 16:42:33 2023 - INFO  - start to run testcase:oe_test_identify_selinux_rejects.
pgrep: pattern that searches for process name longer than 15 characters will result in zero matches
Try `pgrep -f' option to match against the complete command line.
Thu Jun 22 17:12:34 2023 - WARN  - The case execution timeout.
Thu Jun 22 17:12:35 2023 - ERROR - The case exit by code 143.
Thu Jun 22 17:12:35 2023 - INFO  - End to run testcase:oe_test_identify_selinux_rejects.
Thu Jun 22 17:12:36 2023 - INFO  - A total of 1 use cases were executed, with 0 successes and 1 failures.
Thu Jun 22 17:12:38 2023 - INFO  - start to run testcase:oe_test_fix_selinux_reject_messages.
Thu Jun 22 17:14:05 2023 - ERROR - The case exit by code 1.
Thu Jun 22 17:14:06 2023 - INFO  - End to run testcase:oe_test_fix_selinux_reject_messages.
Thu Jun 22 17:14:06 2023 - INFO  - A total of 1 use cases were executed, with 0 successes and 1 failures.
Thu Jun 22 17:14:09 2023 - INFO  - start to run testcase:oe_test_selinux_semanage_httpd.
Thu Jun 22 17:15:44 2023 - ERROR - The case exit by code 6.
Thu Jun 22 17:15:45 2023 - INFO  - End to run testcase:oe_test_selinux_semanage_httpd.
Thu Jun 22 17:15:45 2023 - INFO  - A total of 1 use cases were executed, with 0 successes and 1 failures.
Thu Jun 22 17:15:48 2023 - INFO  - start to run testcase:oe_test_selinux_audit.
pgrep: pattern that searches for process name longer than 15 characters will result in zero matches
Try `pgrep -f' option to match against the complete command line.
Thu Jun 22 17:45:49 2023 - WARN  - The case execution timeout.
Thu Jun 22 17:45:50 2023 - ERROR - The case exit by code 143.
Thu Jun 22 17:45:50 2023 - INFO  - End to run testcase:oe_test_selinux_audit.
Thu Jun 22 17:45:51 2023 - INFO  - A total of 1 use cases were executed, with 0 successes and 1 failures.
