Sun Jun  4 11:24:31 2023 - INFO  - start to run testcase:oe_test_audit_monitor_file_access.
pgrep: pattern that searches for process name longer than 15 characters will result in zero matches
Try `pgrep -f' option to match against the complete command line.
Sun Jun  4 11:54:33 2023 - WARN  - The case execution timeout.
Sun Jun  4 11:54:33 2023 - ERROR - The case exit by code 143.
Sun Jun  4 11:54:34 2023 - INFO  - End to run testcase:oe_test_audit_monitor_file_access.
Sun Jun  4 11:54:34 2023 - INFO  - A total of 1 use cases were executed, with 0 successes and 1 failures.
Sun Jun  4 11:54:38 2023 - INFO  - start to run testcase:oe_test_audit_monitor_dictionary_access.
pgrep: pattern that searches for process name longer than 15 characters will result in zero matches
Try `pgrep -f' option to match against the complete command line.
Sun Jun  4 12:24:39 2023 - WARN  - The case execution timeout.
Sun Jun  4 12:24:39 2023 - ERROR - The case exit by code 143.
Sun Jun  4 12:24:40 2023 - INFO  - End to run testcase:oe_test_audit_monitor_dictionary_access.
Sun Jun  4 12:24:41 2023 - INFO  - A total of 1 use cases were executed, with 0 successes and 1 failures.
Sun Jun  4 12:24:44 2023 - INFO  - start to run testcase:oe_test_audit_monitor_system_use.
pgrep: pattern that searches for process name longer than 15 characters will result in zero matches
Try `pgrep -f' option to match against the complete command line.
Sun Jun  4 12:54:45 2023 - WARN  - The case execution timeout.
Sun Jun  4 12:54:46 2023 - ERROR - The case exit by code 143.
Sun Jun  4 12:54:47 2023 - INFO  - End to run testcase:oe_test_audit_monitor_system_use.
Sun Jun  4 12:54:47 2023 - INFO  - A total of 1 use cases were executed, with 0 successes and 1 failures.
Sun Jun  4 12:54:51 2023 - INFO  - start to run testcase:oe_test_audit_monitor_do_command.
pgrep: pattern that searches for process name longer than 15 characters will result in zero matches
Try `pgrep -f' option to match against the complete command line.
Sun Jun  4 13:24:53 2023 - WARN  - The case execution timeout.
Sun Jun  4 13:24:54 2023 - ERROR - The case exit by code 143.
Sun Jun  4 13:24:54 2023 - INFO  - End to run testcase:oe_test_audit_monitor_do_command.
Sun Jun  4 13:24:55 2023 - INFO  - A total of 1 use cases were executed, with 0 successes and 1 failures.
Sun Jun  4 13:24:59 2023 - INFO  - start to run testcase:oe_test_audit_monitor_security_event.
pgrep: pattern that searches for process name longer than 15 characters will result in zero matches
Try `pgrep -f' option to match against the complete command line.
Sun Jun  4 13:55:00 2023 - WARN  - The case execution timeout.
Sun Jun  4 13:55:01 2023 - ERROR - The case exit by code 143.
Sun Jun  4 13:55:01 2023 - INFO  - End to run testcase:oe_test_audit_monitor_security_event.
Sun Jun  4 13:55:02 2023 - INFO  - A total of 1 use cases were executed, with 0 successes and 1 failures.
Sun Jun  4 13:55:05 2023 - INFO  - start to run testcase:oe_test_audit_monitor_network_visit.
pgrep: pattern that searches for process name longer than 15 characters will result in zero matches
Try `pgrep -f' option to match against the complete command line.
Sun Jun  4 14:25:07 2023 - WARN  - The case execution timeout.
Sun Jun  4 14:25:07 2023 - ERROR - The case exit by code 143.
Sun Jun  4 14:25:08 2023 - INFO  - End to run testcase:oe_test_audit_monitor_network_visit.
Sun Jun  4 14:25:08 2023 - INFO  - A total of 1 use cases were executed, with 0 successes and 1 failures.
Sun Jun  4 14:25:11 2023 - INFO  - start to run testcase:oe_test_audit_track_designated_access.
pgrep: pattern that searches for process name longer than 15 characters will result in zero matches
Try `pgrep -f' option to match against the complete command line.
Sun Jun  4 14:55:13 2023 - WARN  - The case execution timeout.
Sun Jun  4 14:55:13 2023 - ERROR - The case exit by code 143.
Sun Jun  4 14:55:14 2023 - INFO  - End to run testcase:oe_test_audit_track_designated_access.
Sun Jun  4 14:55:14 2023 - INFO  - A total of 1 use cases were executed, with 0 successes and 1 failures.
Sun Jun  4 14:55:17 2023 - INFO  - start to run testcase:oe_test_audit_use_d_audit.
Sun Jun  4 14:55:28 2023 - ERROR - The case exit by code 3.
Sun Jun  4 14:55:28 2023 - INFO  - End to run testcase:oe_test_audit_use_d_audit.
Sun Jun  4 14:55:29 2023 - INFO  - A total of 1 use cases were executed, with 0 successes and 1 failures.
Sun Jun  4 14:55:32 2023 - INFO  - start to run testcase:oe_test_audit_use_w_audit.
Sun Jun  4 14:55:40 2023 - INFO  - The case exit by code 0.
Sun Jun  4 14:55:40 2023 - INFO  - End to run testcase:oe_test_audit_use_w_audit.
Sun Jun  4 14:55:41 2023 - INFO  - A total of 1 use cases were executed, with 1 successes and 0 failures.
Sun Jun  4 14:55:44 2023 - INFO  - start to run testcase:oe_test_audit_rule_contact_strategy.
pgrep: pattern that searches for process name longer than 15 characters will result in zero matches
Try `pgrep -f' option to match against the complete command line.
Sun Jun  4 15:25:45 2023 - WARN  - The case execution timeout.
Sun Jun  4 15:25:46 2023 - ERROR - The case exit by code 143.
Sun Jun  4 15:25:46 2023 - INFO  - End to run testcase:oe_test_audit_rule_contact_strategy.
Sun Jun  4 15:25:47 2023 - INFO  - A total of 1 use cases were executed, with 0 successes and 1 failures.
Sun Jun  4 15:25:50 2023 - INFO  - start to run testcase:oe_test_audit_rule_conflict_strategy.
pgrep: pattern that searches for process name longer than 15 characters will result in zero matches
Try `pgrep -f' option to match against the complete command line.
Sun Jun  4 15:55:51 2023 - WARN  - The case execution timeout.
Sun Jun  4 15:55:52 2023 - ERROR - The case exit by code 143.
Sun Jun  4 15:55:53 2023 - INFO  - End to run testcase:oe_test_audit_rule_conflict_strategy.
Sun Jun  4 15:55:53 2023 - INFO  - A total of 1 use cases were executed, with 0 successes and 1 failures.
Sun Jun  4 15:55:56 2023 - INFO  - start to run testcase:oe_test_audit_rule_fetch_from_rule.
Sun Jun  4 15:56:06 2023 - INFO  - The case exit by code 0.
Sun Jun  4 15:56:07 2023 - INFO  - End to run testcase:oe_test_audit_rule_fetch_from_rule.
Sun Jun  4 15:56:07 2023 - INFO  - A total of 1 use cases were executed, with 1 successes and 0 failures.
Sun Jun  4 15:56:10 2023 - INFO  - start to run testcase:oe_test_audit_fetch_file_in_order.
Sun Jun  4 15:56:52 2023 - ERROR - The case exit by code 2.
Sun Jun  4 15:56:53 2023 - INFO  - End to run testcase:oe_test_audit_fetch_file_in_order.
Sun Jun  4 15:56:54 2023 - INFO  - A total of 1 use cases were executed, with 0 successes and 1 failures.
Sun Jun  4 15:56:57 2023 - INFO  - start to run testcase:oe_test_audit_count_time.
pgrep: pattern that searches for process name longer than 15 characters will result in zero matches
Try `pgrep -f' option to match against the complete command line.
Sun Jun  4 16:26:58 2023 - WARN  - The case execution timeout.
Sun Jun  4 16:26:59 2023 - ERROR - The case exit by code 143.
Sun Jun  4 16:26:59 2023 - INFO  - End to run testcase:oe_test_audit_count_time.
Sun Jun  4 16:27:00 2023 - INFO  - A total of 1 use cases were executed, with 0 successes and 1 failures.
Sun Jun  4 16:27:03 2023 - INFO  - start to run testcase:oe_test_audit_count_number_of_event.
pgrep: pattern that searches for process name longer than 15 characters will result in zero matches
Try `pgrep -f' option to match against the complete command line.
Sun Jun  4 16:57:04 2023 - WARN  - The case execution timeout.
Sun Jun  4 16:57:05 2023 - ERROR - The case exit by code 143.
Sun Jun  4 16:57:05 2023 - INFO  - End to run testcase:oe_test_audit_count_number_of_event.
Sun Jun  4 16:57:06 2023 - INFO  - A total of 1 use cases were executed, with 0 successes and 1 failures.
Sun Jun  4 16:57:09 2023 - INFO  - start to run testcase:oe_test_audit_show_event_list.
pgrep: pattern that searches for process name longer than 15 characters will result in zero matches
Try `pgrep -f' option to match against the complete command line.
Sun Jun  4 17:27:10 2023 - WARN  - The case execution timeout.
Sun Jun  4 17:27:11 2023 - ERROR - The case exit by code 143.
Sun Jun  4 17:27:12 2023 - INFO  - End to run testcase:oe_test_audit_show_event_list.
Sun Jun  4 17:27:12 2023 - INFO  - A total of 1 use cases were executed, with 0 successes and 1 failures.
Sun Jun  4 17:27:15 2023 - INFO  - start to run testcase:oe_test_audit_user_build_connection.
Sun Jun  4 17:29:26 2023 - ERROR - The case exit by code 2.
Sun Jun  4 17:29:27 2023 - INFO  - End to run testcase:oe_test_audit_user_build_connection.
Sun Jun  4 17:29:27 2023 - INFO  - A total of 1 use cases were executed, with 0 successes and 1 failures.
Sun Jun  4 17:29:31 2023 - INFO  - start to run testcase:oe_test_audit_max_log_file_rotate.
Sun Jun  4 17:31:56 2023 - INFO  - The case exit by code 0.
Sun Jun  4 17:31:57 2023 - INFO  - End to run testcase:oe_test_audit_max_log_file_rotate.
Sun Jun  4 17:31:57 2023 - INFO  - A total of 1 use cases were executed, with 1 successes and 0 failures.
Sun Jun  4 17:32:00 2023 - INFO  - start to run testcase:oe_test_audit_max_log_file_ignore.
Sun Jun  4 17:32:59 2023 - INFO  - The case exit by code 0.
Sun Jun  4 17:32:59 2023 - INFO  - End to run testcase:oe_test_audit_max_log_file_ignore.
Sun Jun  4 17:33:00 2023 - INFO  - A total of 1 use cases were executed, with 1 successes and 0 failures.
Sun Jun  4 17:33:03 2023 - INFO  - start to run testcase:oe_test_audit_max_log_file_syslog.
pgrep: pattern that searches for process name longer than 15 characters will result in zero matches
Try `pgrep -f' option to match against the complete command line.
Sun Jun  4 18:03:04 2023 - WARN  - The case execution timeout.
Sun Jun  4 18:03:05 2023 - ERROR - The case exit by code 143.
Sun Jun  4 18:03:06 2023 - INFO  - End to run testcase:oe_test_audit_max_log_file_syslog.
Sun Jun  4 18:03:06 2023 - INFO  - A total of 1 use cases were executed, with 0 successes and 1 failures.
Sun Jun  4 18:03:10 2023 - INFO  - start to run testcase:oe_test_audit_max_log_file_suspend.
pgrep: pattern that searches for process name longer than 15 characters will result in zero matches
Try `pgrep -f' option to match against the complete command line.
Sun Jun  4 18:33:11 2023 - WARN  - The case execution timeout.
Sun Jun  4 18:33:12 2023 - ERROR - The case exit by code 143.
Sun Jun  4 18:33:12 2023 - INFO  - End to run testcase:oe_test_audit_max_log_file_suspend.
Sun Jun  4 18:33:13 2023 - INFO  - A total of 1 use cases were executed, with 0 successes and 1 failures.
Sun Jun  4 18:33:16 2023 - INFO  - start to run testcase:oe_test_audit_max_log_file_keep_logs.
Sun Jun  4 18:40:48 2023 - ERROR - The case exit by code 1.
Sun Jun  4 18:40:49 2023 - INFO  - End to run testcase:oe_test_audit_max_log_file_keep_logs.
Sun Jun  4 18:40:49 2023 - INFO  - A total of 1 use cases were executed, with 0 successes and 1 failures.
Sun Jun  4 18:40:53 2023 - INFO  - start to run testcase:oe_test_audit_available_disk_space.
pgrep: pattern that searches for process name longer than 15 characters will result in zero matches
Try `pgrep -f' option to match against the complete command line.
Sun Jun  4 19:10:54 2023 - WARN  - The case execution timeout.
Sun Jun  4 19:10:55 2023 - ERROR - The case exit by code 143.
Sun Jun  4 19:10:55 2023 - INFO  - End to run testcase:oe_test_audit_available_disk_space.
Sun Jun  4 19:10:56 2023 - INFO  - A total of 1 use cases were executed, with 0 successes and 1 failures.
Sun Jun  4 19:10:59 2023 - INFO  - start to run testcase:oe_test_inject_time_fault.
pgrep: pattern that searches for process name longer than 15 characters will result in zero matches
Try `pgrep -f' option to match against the complete command line.
Sun Jun  4 19:41:00 2023 - WARN  - The case execution timeout.
Sun Jun  4 19:41:01 2023 - ERROR - The case exit by code 143.
Sun Jun  4 19:41:01 2023 - INFO  - End to run testcase:oe_test_inject_time_fault.
Sun Jun  4 19:41:02 2023 - INFO  - A total of 1 use cases were executed, with 0 successes and 1 failures.
Sun Jun  4 19:41:05 2023 - INFO  - start to run testcase:oe_test_service_auditd.
Sun Jun  4 19:41:47 2023 - ERROR - The case exit by code 1.
Sun Jun  4 19:41:47 2023 - INFO  - End to run testcase:oe_test_service_auditd.
Sun Jun  4 19:41:48 2023 - INFO  - A total of 1 use cases were executed, with 0 successes and 1 failures.
Sun Jun  4 19:41:51 2023 - INFO  - start to run testcase:oe_test_audit_event_log.
Sun Jun  4 19:42:05 2023 - ERROR - The case exit by code 1.
Sun Jun  4 19:42:06 2023 - INFO  - End to run testcase:oe_test_audit_event_log.
Sun Jun  4 19:42:06 2023 - INFO  - A total of 1 use cases were executed, with 0 successes and 1 failures.
Sun Jun  4 19:42:09 2023 - INFO  - start to run testcase:oe_test_audit_other.
Sun Jun  4 19:42:20 2023 - INFO  - The case exit by code 0.
Sun Jun  4 19:42:21 2023 - INFO  - End to run testcase:oe_test_audit_other.
Sun Jun  4 19:42:21 2023 - INFO  - A total of 1 use cases were executed, with 1 successes and 0 failures.
Sun Jun  4 19:42:24 2023 - INFO  - start to run testcase:oe_test_start_audit.
Sun Jun  4 19:42:35 2023 - INFO  - The case exit by code 0.
Sun Jun  4 19:42:36 2023 - INFO  - End to run testcase:oe_test_start_audit.
Sun Jun  4 19:42:36 2023 - INFO  - A total of 1 use cases were executed, with 1 successes and 0 failures.
Sun Jun  4 19:42:39 2023 - INFO  - start to run testcase:oe_test_audit_ausearch.
pgrep: pattern that searches for process name longer than 15 characters will result in zero matches
Try `pgrep -f' option to match against the complete command line.
Sun Jun  4 20:12:41 2023 - WARN  - The case execution timeout.
Sun Jun  4 20:12:41 2023 - ERROR - The case exit by code 143.
Sun Jun  4 20:12:42 2023 - INFO  - End to run testcase:oe_test_audit_ausearch.
Sun Jun  4 20:12:42 2023 - INFO  - A total of 1 use cases were executed, with 0 successes and 1 failures.
Sun Jun  4 20:12:45 2023 - INFO  - start to run testcase:oe_test_aulastlog.
Sun Jun  4 20:13:06 2023 - INFO  - The case exit by code 0.
Sun Jun  4 20:13:06 2023 - INFO  - End to run testcase:oe_test_aulastlog.
Sun Jun  4 20:13:07 2023 - INFO  - A total of 1 use cases were executed, with 1 successes and 0 failures.
